#
# There is insufficient memory for the Java Runtime Environment to continue.
# Native memory allocation (malloc) failed to allocate 1048576 bytes for AllocateHeap
# Possible reasons:
#   The system is out of physical RAM or swap space
#   The process is running with CompressedOops enabled, and the Java Heap may be blocking the growth of the native heap
# Possible solutions:
#   Reduce memory load on the system
#   Increase physical memory or swap space
#   Check if swap backing store is full
#   Decrease Java heap size (-Xmx/-Xms)
#   Decrease number of Java threads
#   Decrease Java thread stack sizes (-Xss)
#   Set larger code cache with -XX:ReservedCodeCacheSize=
#   JVM is running with Zero Based Compressed Oops mode in which the Java heap is
#     placed in the first 32GB address space. The Java Heap base address is the
#     maximum limit for the native heap growth. Please use -XX:HeapBaseMinAddress
#     to set the Java Heap base and to place the Java Heap above 32GB virtual address.
# This output file may be truncated or incomplete.
#
#  Out of Memory Error (allocation.cpp:44), pid=17980, tid=9316
#
# JRE version:  (21.0.7+8) (build )
# Java VM: Java HotSpot(TM) 64-Bit Server VM (21.0.7+8-LTS-245, mixed mode, sharing, tiered, compressed oops, compressed class ptrs, g1 gc, windows-amd64)
# No core dump will be written. Minidumps are not enabled by default on client versions of Windows
#

---------------  S U M M A R Y ------------

Command Line: 

Host: Intel(R) Core(TM) i7-8650U CPU @ 1.90GHz, 8 cores, 15G,  Windows 10 , 64 bit Build 19041 (10.0.19041.5915)
Time: Sat Jan 10 07:21:07 2026 Pakistan Standard Time elapsed time: 0.057316 seconds (0d 0h 0m 0s)

---------------  T H R E A D  ---------------

Current thread (0x000002002776e5c0):  JavaThread "Unknown thread" [_thread_in_vm, id=9316, stack(0x000000a086a00000,0x000000a086b00000) (1024K)]

Stack: [0x000000a086a00000,0x000000a086b00000]
Native frames: (J=compiled Java code, j=interpreted, Vv=VM code, C=native code)
V  [jvm.dll+0x6cae19]
V  [jvm.dll+0x855741]
V  [jvm.dll+0x857c6e]
V  [jvm.dll+0x858343]
V  [jvm.dll+0x27e0b6]
V  [jvm.dll+0xbfa77]
V  [jvm.dll+0x3307a5]
V  [jvm.dll+0x328cf1]
V  [jvm.dll+0x81eaf9]
V  [jvm.dll+0x3bb211]
V  [jvm.dll+0x807d78]
V  [jvm.dll+0x4503ee]
V  [jvm.dll+0x451fe1]
C  [jli.dll+0x52a3]
C  [ucrtbase.dll+0x21bb2]
C  [KERNEL32.DLL+0x17374]
C  [ntdll.dll+0x4cc91]


---------------  P R O C E S S  ---------------

Threads class SMR info:
_java_thread_list=0x00007ffc6924cc48, length=0, elements={
}

Java Threads: ( => current thread )
Total: 0

Other Threads:
  0x00000200278cdab0 WorkerThread "GC Thread#0"                     [id=2396, stack(0x000000a086b00000,0x000000a086c00000) (1024K)]

[error occurred during error reporting (printing all threads), id 0xc0000005, EXCEPTION_ACCESS_VIOLATION (0xc0000005) at pc=0x00007ffc689b5260]
VM state: not at safepoint (not fully initialized)

VM Mutex/Monitor currently owned by a thread:  ([mutex/lock_event])
[0x00007ffc692bdf50] Heap_lock - owner thread: 0x000002002776e5c0

Heap address: 0x0000000702800000, size: 4056 MB, Compressed Oops mode: Zero based, Oop shift amount: 3

CDS archive(s) mapped at: [0x0000000000000000-0x0000000000000000-0x0000000000000000), size 0, SharedBaseAddress: 0x0000000800000000, ArchiveRelocationMode: 1.
Narrow klass base: 0x0000000000000000, Narrow klass shift: 0, Narrow klass range: 0x0

GC Precious Log:
 CardTable entry size: 512
 Card Set container configuration: InlinePtr #cards 4 size 8 Array Of Cards #cards 16 size 48 Howl #buckets 8 coarsen threshold 3686 Howl Bitmap #cards 512 size 80 coarsen threshold 460 Card regions per heap region 1 cards per card region 4096

Heap:
 garbage-first heap   total 0K, used 0K [0x0000000702800000, 0x0000000800000000)
  region size 2048K, 0 young (0K), 0 survivors (0K)

[error occurred during error reporting (printing heap information), id 0xc0000005, EXCEPTION_ACCESS_VIOLATION (0xc0000005) at pc=0x00007ffc68da3e79]
GC Heap History (0 events):
No events

Dll operation events (1 events):
Event: 0.017 Loaded shared library C:\Program Files\Java\jdk-21\bin\java.dll

Deoptimization events (0 events):
No events

Classes loaded (0 events):
No events

Classes unloaded (0 events):
No events

Classes redefined (0 events):
No events

Internal exceptions (0 events):
No events

ZGC Phase Switch (0 events):
No events

VM Operations (0 events):
No events

Events (0 events):
No events


Dynamic libraries:
0x00007ff6c3b60000 - 0x00007ff6c3b70000 	C:\Program Files\Java\jdk-21\bin\java.EXE
0x00007ffcf0ad0000 - 0x00007ffcf0cc8000 	C:\Windows\SYSTEM32\ntdll.dll
0x00007ffceffc0000 - 0x00007ffcf0082000 	C:\Windows\System32\KERNEL32.DLL
0x00007ffcee5f0000 - 0x00007ffcee8e6000 	C:\Windows\System32\KERNELBASE.dll
0x00007ffcee300000 - 0x00007ffcee400000 	C:\Windows\System32\ucrtbase.dll
0x00007ffcaf6e0000 - 0x00007ffcaf6f9000 	C:\Program Files\Java\jdk-21\bin\jli.dll
0x00007ffcf0340000 - 0x00007ffcf03f1000 	C:\Windows\System32\ADVAPI32.dll
0x00007ffcf0440000 - 0x00007ffcf04de000 	C:\Windows\System32\msvcrt.dll
0x00007ffceff20000 - 0x00007ffceffbf000 	C:\Windows\System32\sechost.dll
0x00007ffcf0910000 - 0x00007ffcf0a30000 	C:\Windows\System32\RPCRT4.dll
0x00007ffceea20000 - 0x00007ffceea47000 	C:\Windows\System32\bcrypt.dll
0x00007ffcf0180000 - 0x00007ffcf0321000 	C:\Windows\System32\USER32.dll
0x00007ffcee940000 - 0x00007ffcee962000 	C:\Windows\System32\win32u.dll
0x00007ffcf0400000 - 0x00007ffcf042b000 	C:\Windows\System32\GDI32.dll
0x00007ffcee1e0000 - 0x00007ffcee2f9000 	C:\Windows\System32\gdi32full.dll
0x00007ffceea50000 - 0x00007ffceeaed000 	C:\Windows\System32\msvcp_win.dll
0x00007ffcd86b0000 - 0x00007ffcd894b000 	C:\Windows\WinSxS\amd64_microsoft.windows.common-controls_6595b64144ccf1df_6.0.19041.6456_none_60b8a6cb71f64256\COMCTL32.dll
0x00007ffcae720000 - 0x00007ffcae73b000 	C:\Program Files\Java\jdk-21\bin\VCRUNTIME140.dll
0x00007ffce5120000 - 0x00007ffce512a000 	C:\Windows\SYSTEM32\VERSION.dll
0x00007ffcefb90000 - 0x00007ffcefbbf000 	C:\Windows\System32\IMM32.DLL
0x00007ffcc8a30000 - 0x00007ffcc8a3c000 	C:\Program Files\Java\jdk-21\bin\vcruntime140_1.dll
0x00007ffca48c0000 - 0x00007ffca494e000 	C:\Program Files\Java\jdk-21\bin\msvcp140.dll
0x00007ffc68680000 - 0x00007ffc6939a000 	C:\Program Files\Java\jdk-21\bin\server\jvm.dll
0x00007ffcf00f0000 - 0x00007ffcf015b000 	C:\Windows\System32\WS2_32.dll
0x00007ffced6a0000 - 0x00007ffced6eb000 	C:\Windows\SYSTEM32\POWRPROF.dll
0x00007ffcd8a20000 - 0x00007ffcd8a47000 	C:\Windows\SYSTEM32\WINMM.dll
0x00007ffced560000 - 0x00007ffced572000 	C:\Windows\SYSTEM32\UMPDC.dll
0x00007ffcec970000 - 0x00007ffcec982000 	C:\Windows\SYSTEM32\kernel.appcore.dll
0x00007ffcc46c0000 - 0x00007ffcc46ca000 	C:\Program Files\Java\jdk-21\bin\jimage.dll
0x00007ffceb030000 - 0x00007ffceb231000 	C:\Windows\SYSTEM32\DBGHELP.DLL
0x00007ffcda540000 - 0x00007ffcda574000 	C:\Windows\SYSTEM32\dbgcore.DLL
0x00007ffcee400000 - 0x00007ffcee482000 	C:\Windows\System32\bcryptPrimitives.dll
0x00007ffca8890000 - 0x00007ffca88af000 	C:\Program Files\Java\jdk-21\bin\java.dll

dbghelp: loaded successfully - version: 4.0.5 - missing functions: none
symbol engine: initialized successfully - sym options: 0x614 - pdb path: .;C:\Program Files\Java\jdk-21\bin;C:\Windows\SYSTEM32;C:\Windows\WinSxS\amd64_microsoft.windows.common-controls_6595b64144ccf1df_6.0.19041.6456_none_60b8a6cb71f64256;C:\Program Files\Java\jdk-21\bin\server

VM Arguments:
java_command: <unknown>
java_class_path (initial): <not set>
Launcher Type: SUN_STANDARD

[Global flags]
     intx CICompilerCount                          = 4                                         {product} {ergonomic}
     uint ConcGCThreads                            = 2                                         {product} {ergonomic}
     uint G1ConcRefinementThreads                  = 8                                         {product} {ergonomic}
   size_t G1HeapRegionSize                         = 2097152                                   {product} {ergonomic}
    uintx GCDrainStackTargetSize                   = 64                                        {product} {ergonomic}
   size_t InitialHeapSize                          = 266338304                                 {product} {ergonomic}
   size_t MarkStackSize                            = 4194304                                   {product} {ergonomic}
   size_t MaxHeapSize                              = 4253024256                                {product} {ergonomic}
   size_t MinHeapDeltaBytes                        = 2097152                                   {product} {ergonomic}
   size_t MinHeapSize                              = 8388608                                   {product} {ergonomic}
    uintx NonNMethodCodeHeapSize                   = 5839372                                {pd product} {ergonomic}
    uintx NonProfiledCodeHeapSize                  = 122909434                              {pd product} {ergonomic}
    uintx ProfiledCodeHeapSize                     = 122909434                              {pd product} {ergonomic}
    uintx ReservedCodeCacheSize                    = 251658240                              {pd product} {ergonomic}
     bool SegmentedCodeCache                       = true                                      {product} {ergonomic}
   size_t SoftMaxHeapSize                          = 4253024256                             {manageable} {ergonomic}
     bool UseCompressedOops                        = true                           {product lp64_product} {ergonomic}
     bool UseG1GC                                  = true                                      {product} {ergonomic}
     bool UseLargePagesIndividualAllocation        = false                                  {pd product} {ergonomic}

Logging:
Log output configuration:
 #0: stdout all=warning uptime,level,tags foldmultilines=false
 #1: stderr all=off uptime,level,tags foldmultilines=false

Environment Variables:
JAVA_HOME=C:\Program Files\Java\jdk-21
PATH=C:\Users\AHSAN\Desktop\digango\venv\Scripts;C:\Program Files\Common Files\Oracle\Java\javapath;C:\Windows\system32;C:\Windows;C:\Windows\System32\Wbem;C:\Windows\System32\WindowsPowerShell\v1.0\;C:\Windows\System32\OpenSSH\;C:\Program Files\nodejs\;C:\Program Files\Java\jdk-21\bin;C:\Program Files\Intel\WiFi\bin\;C:\Program Files\Common Files\Intel\WirelessCommon\;C:\Users\AHSAN\AppData\Local\Programs\Python\Python314\Scripts\;C:\Users\AHSAN\AppData\Local\Programs\Python\Python314\;C:\Users\AHSAN\AppData\Local\Microsoft\WindowsApps;C:\Users\AHSAN\AppData\Local\Programs\Microsoft VS Code\bin;C:\Users\AHSAN\AppData\Roaming\npm;C:\Users\AHSAN\AppData\Local\Programs\Windsurf\bin
USERNAME=AHSAN
LANG=en_US.UTF-8
OS=Windows_NT
PROCESSOR_IDENTIFIER=Intel64 Family 6 Model 142 Stepping 10, GenuineIntel
TMP=C:\Users\AHSAN\AppData\Local\Temp
TEMP=C:\Users\AHSAN\AppData\Local\Temp




Periodic native trim disabled

---------------  S Y S T E M  ---------------

OS:
 Windows 10 , 64 bit Build 19041 (10.0.19041.5915)
OS uptime: 17 days 21:44 hours

CPU: total 8 (initial active 8) (4 cores per cpu, 2 threads per core) family 6 model 142 stepping 10 microcode 0xf0, cx8, cmov, fxsr, ht, mmx, 3dnowpref, sse, sse2, sse3, ssse3, sse4.1, sse4.2, popcnt, lzcnt, tsc, tscinvbit, avx, avx2, aes, erms, clmul, bmi1, bmi2, rtm, adx, fma, vzeroupper, clflush, clflushopt, rdtscp, f16c
Processor Information for all 8 processors :
  Max Mhz: 2112, Current Mhz: 1910, Mhz Limit: 1900

Memory: 4k page, system-wide physical 16217M (2136M free)
TotalPageFile size 29014M (AvailPageFile size 3M)
current process WorkingSet (physical memory assigned to process): 10M, peak: 10M
current process commit charge ("private bytes"): 58M, peak: 59M

vm_info: Java HotSpot(TM) 64-Bit Server VM (21.0.7+8-LTS-245) for windows-amd64 JRE (21.0.7+8-LTS-245), built on 2025-02-21T05:11:27Z by "mach5one" with MS VC++ 17.6 (VS2022)

END.
