#
# There is insufficient memory for the Java Runtime Environment to continue.
# Native memory allocation (mmap) failed to map 199229440 bytes for G1 virtual space
# Possible reasons:
#   The system is out of physical RAM or swap space
#   The process is running with CompressedOops enabled, and the Java Heap may be blocking the growth of the native heap
# Possible solutions:
#   Reduce memory load on the system
#   Increase physical memory or swap space
#   Check if swap backing store is full
#   Decrease Java heap size (-Xmx/-Xms)
#   Decrease number of Java threads
#   Decrease Java thread stack sizes (-Xss)
#   Set larger code cache with -XX:ReservedCodeCacheSize=
#   JVM is running with Zero Based Compressed Oops mode in which the Java heap is
#     placed in the first 32GB address space. The Java Heap base address is the
#     maximum limit for the native heap growth. Please use -XX:HeapBaseMinAddress
#     to set the Java Heap base and to place the Java Heap above 32GB virtual address.
# This output file may be truncated or incomplete.
#
#  Out of Memory Error (os_windows.cpp:3603), pid=22508, tid=12768
#
# JRE version: Java(TM) SE Runtime Environment (21.0.7+8) (build 21.0.7+8-LTS-245)
# Java VM: Java HotSpot(TM) 64-Bit Server VM (21.0.7+8-LTS-245, mixed mode, sharing, tiered, compressed oops, compressed class ptrs, g1 gc, windows-amd64)
# No core dump will be written. Minidumps are not enabled by default on client versions of Windows
#

---------------  S U M M A R Y ------------

Command Line: org.languagetool.server.HTTPServer -p 8532

Host: Intel(R) Core(TM) i7-8650U CPU @ 1.90GHz, 8 cores, 15G,  Windows 10 , 64 bit Build 19041 (10.0.19041.5915)
Time: Sat Jan 10 07:21:16 2026 Pakistan Standard Time elapsed time: 4.077045 seconds (0d 0h 0m 4s)

---------------  T H R E A D  ---------------

Current thread (0x0000016a2ed6e320):  VMThread "VM Thread"          [id=12768, stack(0x000000594d200000,0x000000594d300000) (1024K)]

Stack: [0x000000594d200000,0x000000594d300000]
Native frames: (J=compiled Java code, j=interpreted, Vv=VM code, C=native code)
V  [jvm.dll+0x6cae19]
V  [jvm.dll+0x855741]
V  [jvm.dll+0x857c6e]
V  [jvm.dll+0x858343]
V  [jvm.dll+0x27e0b6]
V  [jvm.dll+0x6c7595]
V  [jvm.dll+0x6bc0fa]
V  [jvm.dll+0x353eaa]
V  [jvm.dll+0x35bb26]
V  [jvm.dll+0x3ae52e]
V  [jvm.dll+0x3ae7d8]
V  [jvm.dll+0x3281bc]
V  [jvm.dll+0x328247]
V  [jvm.dll+0x36cbcc]
V  [jvm.dll+0x36b41e]
V  [jvm.dll+0x327981]
V  [jvm.dll+0x36ab3a]
V  [jvm.dll+0x85e110]
V  [jvm.dll+0x85f494]
V  [jvm.dll+0x85f9d0]
V  [jvm.dll+0x85fc73]
V  [jvm.dll+0x7ffa1b]
V  [jvm.dll+0x6c94fd]
C  [ucrtbase.dll+0x21bb2]
C  [KERNEL32.DLL+0x17374]
C  [ntdll.dll+0x4cc91]

VM_Operation (0x000000594cbfd400): G1CollectForAllocation, mode: safepoint, requested by thread 0x0000016a0da3cc10


---------------  P R O C E S S  ---------------

Threads class SMR info:
_java_thread_list=0x0000016a74ef8f70, length=15, elements={
0x0000016a0da3cc10, 0x0000016a2ed90a10, 0x0000016a2ed93730, 0x0000016a2ed95e30,
0x0000016a2ed96880, 0x0000016a2ed972d0, 0x0000016a2ed97d20, 0x0000016a2eda6000,
0x0000016a2edcaac0, 0x0000016a74117070, 0x0000016a74119cb0, 0x0000016a74e79660,
0x0000016a74e68c40, 0x0000016a759a47c0, 0x0000016a7532bd70
}

Java Threads: ( => current thread )
  0x0000016a0da3cc10 JavaThread "main"                              [_thread_blocked, id=12744, stack(0x000000594cb00000,0x000000594cc00000) (1024K)]
  0x0000016a2ed90a10 JavaThread "Reference Handler"          daemon [_thread_blocked, id=24288, stack(0x000000594d300000,0x000000594d400000) (1024K)]
  0x0000016a2ed93730 JavaThread "Finalizer"                  daemon [_thread_blocked, id=15380, stack(0x000000594d400000,0x000000594d500000) (1024K)]
  0x0000016a2ed95e30 JavaThread "Signal Dispatcher"          daemon [_thread_blocked, id=12848, stack(0x000000594d500000,0x000000594d600000) (1024K)]
  0x0000016a2ed96880 JavaThread "Attach Listener"            daemon [_thread_blocked, id=16736, stack(0x000000594d600000,0x000000594d700000) (1024K)]
  0x0000016a2ed972d0 JavaThread "Service Thread"             daemon [_thread_blocked, id=14456, stack(0x000000594d700000,0x000000594d800000) (1024K)]
  0x0000016a2ed97d20 JavaThread "Monitor Deflation Thread"   daemon [_thread_blocked, id=6196, stack(0x000000594d800000,0x000000594d900000) (1024K)]
  0x0000016a2eda6000 JavaThread "C2 CompilerThread0"         daemon [_thread_blocked, id=16876, stack(0x000000594d900000,0x000000594da00000) (1024K)]
  0x0000016a2edcaac0 JavaThread "C1 CompilerThread0"         daemon [_thread_blocked, id=2144, stack(0x000000594da00000,0x000000594db00000) (1024K)]
  0x0000016a74117070 JavaThread "Notification Thread"        daemon [_thread_blocked, id=15704, stack(0x000000594db00000,0x000000594dc00000) (1024K)]
  0x0000016a74119cb0 JavaThread "Common-Cleaner"             daemon [_thread_blocked, id=13976, stack(0x000000594dc00000,0x000000594dd00000) (1024K)]
  0x0000016a74e79660 JavaThread "LtThreadPoolMonitor"        daemon [_thread_blocked, id=1304, stack(0x000000594e500000,0x000000594e600000) (1024K)]
  0x0000016a74e68c40 JavaThread "LtThreadPoolExecutorMonitor" daemon [_thread_blocked, id=15716, stack(0x000000594e600000,0x000000594e700000) (1024K)]
  0x0000016a759a47c0 JavaThread "C2 CompilerThread1"         daemon [_thread_blocked, id=12252, stack(0x000000594dd00000,0x000000594de00000) (1024K)]
  0x0000016a7532bd70 JavaThread "C2 CompilerThread2"         daemon [_thread_blocked, id=16652, stack(0x000000594e700000,0x000000594e800000) (1024K)]
Total: 15

Other Threads:
=>0x0000016a2ed6e320 VMThread "VM Thread"                           [id=12768, stack(0x000000594d200000,0x000000594d300000) (1024K)]
  0x0000016a2ed60140 WatcherThread "VM Periodic Task Thread"        [id=23604, stack(0x000000594d100000,0x000000594d200000) (1024K)]
  0x0000016a0dd0eef0 WorkerThread "GC Thread#0"                     [id=16088, stack(0x000000594cc00000,0x000000594cd00000) (1024K)]
  0x0000016a74cf9990 WorkerThread "GC Thread#1"                     [id=14492, stack(0x000000594de00000,0x000000594df00000) (1024K)]
  0x0000016a74cf9d30 WorkerThread "GC Thread#2"                     [id=6920, stack(0x000000594df00000,0x000000594e000000) (1024K)]
  0x0000016a74dc62f0 WorkerThread "GC Thread#3"                     [id=15980, stack(0x000000594e000000,0x000000594e100000) (1024K)]
  0x0000016a74dc6690 WorkerThread "GC Thread#4"                     [id=18240, stack(0x000000594e100000,0x000000594e200000) (1024K)]
  0x0000016a74dc6a30 WorkerThread "GC Thread#5"                     [id=15824, stack(0x000000594e200000,0x000000594e300000) (1024K)]
  0x0000016a74e11160 WorkerThread "GC Thread#6"                     [id=1272, stack(0x000000594e300000,0x000000594e400000) (1024K)]
  0x0000016a74e67160 WorkerThread "GC Thread#7"                     [id=19876, stack(0x000000594e400000,0x000000594e500000) (1024K)]
  0x0000016a0dd20d20 ConcurrentGCThread "G1 Main Marker"            [id=21744, stack(0x000000594cd00000,0x000000594ce00000) (1024K)]
  0x0000016a0dd22ee0 WorkerThread "G1 Conc#0"                       [id=2084, stack(0x000000594ce00000,0x000000594cf00000) (1024K)]
  0x0000016a2ec2d530 ConcurrentGCThread "G1 Refine#0"               [id=19144, stack(0x000000594cf00000,0x000000594d000000) (1024K)]
  0x0000016a2ec2deb0 ConcurrentGCThread "G1 Service"                [id=20264, stack(0x000000594d000000,0x000000594d100000) (1024K)]
Total: 14

Threads with active compile tasks:
C2 CompilerThread0     4125 1795 % !   4       org.languagetool.language.identifier.detector.CommonWordsDetector::<init> @ 217 (438 bytes)
C2 CompilerThread1     4125 1898       4       java.lang.String::trim (35 bytes)
C2 CompilerThread2     4125 1893       4       java.lang.String::split (242 bytes)
Total: 3

VM state: at safepoint (normal execution)

VM Mutex/Monitor currently owned by a thread:  ([mutex/lock_event])
[0x00007ffc692bde50] Threads_lock - owner thread: 0x0000016a2ed6e320
[0x00007ffc692bdf50] Heap_lock - owner thread: 0x0000016a0da3cc10

Heap address: 0x0000000702800000, size: 4056 MB, Compressed Oops mode: Zero based, Oop shift amount: 3

CDS archive(s) mapped at: [0x0000016a2f000000-0x0000016a2fc90000-0x0000016a2fc90000), size 13172736, SharedBaseAddress: 0x0000016a2f000000, ArchiveRelocationMode: 1.
Compressed class space mapped at: 0x0000016a30000000-0x0000016a70000000, reserved size: 1073741824
Narrow klass base: 0x0000016a2f000000, Narrow klass shift: 0, Narrow klass range: 0x100000000

GC Precious Log:
 CardTable entry size: 512
 Card Set container configuration: InlinePtr #cards 4 size 8 Array Of Cards #cards 16 size 48 Howl #buckets 8 coarsen threshold 3686 Howl Bitmap #cards 512 size 80 coarsen threshold 460 Card regions per heap region 1 cards per card region 4096
 CPUs: 8 total, 8 available
 Memory: 16217M
 Large Page Support: Disabled
 NUMA Support: Disabled
 Compressed Oops: Enabled (Zero based)
 Heap Region Size: 2M
 Heap Min Capacity: 8M
 Heap Initial Capacity: 254M
 Heap Max Capacity: 4056M
 Pre-touch: Disabled
 Parallel Workers: 8
 Concurrent Workers: 2
 Concurrent Refinement Workers: 8
 Periodic GC: Disabled

Heap:
 garbage-first heap   total 260096K, used 55828K [0x0000000702800000, 0x0000000800000000)
  region size 2048K, 3 young (6144K), 3 survivors (6144K)
 Metaspace       used 10550K, committed 10752K, reserved 1114112K
  class space    used 1194K, committed 1280K, reserved 1048576K

Heap Regions: E=young(eden), S=young(survivor), O=old, HS=humongous(starts), HC=humongous(continues), CS=collection set, F=free, TAMS=top-at-mark-start, PB=parsable bottom
|   0|0x0000000702800000, 0x0000000702a00000, 0x0000000702a00000|100%| O|  |TAMS 0x0000000702800000| PB 0x0000000702800000| Untracked 
|   1|0x0000000702a00000, 0x0000000702c00000, 0x0000000702c00000|100%| O|  |TAMS 0x0000000702a00000| PB 0x0000000702a00000| Untracked 
|   2|0x0000000702c00000, 0x0000000702e00000, 0x0000000702e00000|100%| O|  |TAMS 0x0000000702c00000| PB 0x0000000702c00000| Untracked 
|   3|0x0000000702e00000, 0x0000000703000000, 0x0000000703000000|100%| O|  |TAMS 0x0000000702e00000| PB 0x0000000702e00000| Untracked 
|   4|0x0000000703000000, 0x0000000703200000, 0x0000000703200000|100%| O|  |TAMS 0x0000000703000000| PB 0x0000000703000000| Untracked 
|   5|0x0000000703200000, 0x0000000703400000, 0x0000000703400000|100%| O|  |TAMS 0x0000000703200000| PB 0x0000000703200000| Untracked 
|   6|0x0000000703400000, 0x0000000703600000, 0x0000000703600000|100%| O|  |TAMS 0x0000000703400000| PB 0x0000000703400000| Untracked 
|   7|0x0000000703600000, 0x0000000703800000, 0x0000000703800000|100%| O|  |TAMS 0x0000000703600000| PB 0x0000000703600000| Untracked 
|   8|0x0000000703800000, 0x0000000703a00000, 0x0000000703a00000|100%|HS|  |TAMS 0x0000000703800000| PB 0x0000000703800000| Complete 
|   9|0x0000000703a00000, 0x0000000703c00000, 0x0000000703c00000|100%| O|  |TAMS 0x0000000703a00000| PB 0x0000000703a00000| Untracked 
|  10|0x0000000703c00000, 0x0000000703e00000, 0x0000000703e00000|100%| O|  |TAMS 0x0000000703c00000| PB 0x0000000703c00000| Untracked 
|  11|0x0000000703e00000, 0x0000000704000000, 0x0000000704000000|100%| O|  |TAMS 0x0000000703e00000| PB 0x0000000703e00000| Untracked 
|  12|0x0000000704000000, 0x0000000704200000, 0x0000000704200000|100%| O|  |TAMS 0x0000000704000000| PB 0x0000000704000000| Untracked 
|  13|0x0000000704200000, 0x0000000704400000, 0x0000000704400000|100%| O|  |TAMS 0x0000000704200000| PB 0x0000000704200000| Untracked 
|  14|0x0000000704400000, 0x0000000704600000, 0x0000000704600000|100%| O|  |TAMS 0x0000000704400000| PB 0x0000000704400000| Untracked 
|  15|0x0000000704600000, 0x0000000704800000, 0x0000000704800000|100%| O|  |TAMS 0x0000000704600000| PB 0x0000000704600000| Untracked 
|  16|0x0000000704800000, 0x0000000704a00000, 0x0000000704a00000|100%| O|  |TAMS 0x0000000704800000| PB 0x0000000704800000| Untracked 
|  17|0x0000000704a00000, 0x0000000704c00000, 0x0000000704c00000|100%| O|  |TAMS 0x0000000704a00000| PB 0x0000000704a00000| Untracked 
|  18|0x0000000704c00000, 0x0000000704e00000, 0x0000000704e00000|100%|HS|  |TAMS 0x0000000704c00000| PB 0x0000000704c00000| Complete 
|  19|0x0000000704e00000, 0x0000000705000000, 0x0000000705000000|100%|HC|  |TAMS 0x0000000704e00000| PB 0x0000000704e00000| Complete 
|  20|0x0000000705000000, 0x0000000705200000, 0x0000000705200000|100%| O|  |TAMS 0x0000000705000000| PB 0x0000000705000000| Untracked 
|  21|0x0000000705200000, 0x0000000705400000, 0x0000000705400000|100%| O|  |TAMS 0x0000000705200000| PB 0x0000000705200000| Untracked 
|  22|0x0000000705400000, 0x0000000705600000, 0x0000000705600000|100%| O|  |TAMS 0x0000000705400000| PB 0x0000000705400000| Untracked 
|  23|0x0000000705600000, 0x0000000705800000, 0x0000000705800000|100%| O|  |TAMS 0x0000000705600000| PB 0x0000000705600000| Untracked 
|  24|0x0000000705800000, 0x00000007058853e0, 0x0000000705a00000| 26%| O|  |TAMS 0x0000000705800000| PB 0x0000000705800000| Untracked 
|  25|0x0000000705a00000, 0x0000000705a00000, 0x0000000705c00000|  0%| F|  |TAMS 0x0000000705a00000| PB 0x0000000705a00000| Untracked 
|  26|0x0000000705c00000, 0x0000000705c00000, 0x0000000705e00000|  0%| F|  |TAMS 0x0000000705c00000| PB 0x0000000705c00000| Untracked 
|  27|0x0000000705e00000, 0x0000000705e00000, 0x0000000706000000|  0%| F|  |TAMS 0x0000000705e00000| PB 0x0000000705e00000| Untracked 
|  28|0x0000000706000000, 0x0000000706000000, 0x0000000706200000|  0%| F|  |TAMS 0x0000000706000000| PB 0x0000000706000000| Untracked 
|  29|0x0000000706200000, 0x0000000706200000, 0x0000000706400000|  0%| F|  |TAMS 0x0000000706200000| PB 0x0000000706200000| Untracked 
|  30|0x0000000706400000, 0x0000000706400000, 0x0000000706600000|  0%| F|  |TAMS 0x0000000706400000| PB 0x0000000706400000| Untracked 
|  31|0x0000000706600000, 0x0000000706600000, 0x0000000706800000|  0%| F|  |TAMS 0x0000000706600000| PB 0x0000000706600000| Untracked 
|  32|0x0000000706800000, 0x0000000706800000, 0x0000000706a00000|  0%| F|  |TAMS 0x0000000706800000| PB 0x0000000706800000| Untracked 
|  33|0x0000000706a00000, 0x0000000706a00000, 0x0000000706c00000|  0%| F|  |TAMS 0x0000000706a00000| PB 0x0000000706a00000| Untracked 
|  34|0x0000000706c00000, 0x0000000706c00000, 0x0000000706e00000|  0%| F|  |TAMS 0x0000000706c00000| PB 0x0000000706c00000| Untracked 
|  35|0x0000000706e00000, 0x0000000706e00000, 0x0000000707000000|  0%| F|  |TAMS 0x0000000706e00000| PB 0x0000000706e00000| Untracked 
|  36|0x0000000707000000, 0x0000000707000000, 0x0000000707200000|  0%| F|  |TAMS 0x0000000707000000| PB 0x0000000707000000| Untracked 
|  37|0x0000000707200000, 0x0000000707200000, 0x0000000707400000|  0%| F|  |TAMS 0x0000000707200000| PB 0x0000000707200000| Untracked 
|  38|0x0000000707400000, 0x0000000707400000, 0x0000000707600000|  0%| F|  |TAMS 0x0000000707400000| PB 0x0000000707400000| Untracked 
|  39|0x0000000707600000, 0x0000000707600000, 0x0000000707800000|  0%| F|  |TAMS 0x0000000707600000| PB 0x0000000707600000| Untracked 
|  40|0x0000000707800000, 0x0000000707800000, 0x0000000707a00000|  0%| F|  |TAMS 0x0000000707800000| PB 0x0000000707800000| Untracked 
|  41|0x0000000707a00000, 0x0000000707a00000, 0x0000000707c00000|  0%| F|  |TAMS 0x0000000707a00000| PB 0x0000000707a00000| Untracked 
|  42|0x0000000707c00000, 0x0000000707c00000, 0x0000000707e00000|  0%| F|  |TAMS 0x0000000707c00000| PB 0x0000000707c00000| Untracked 
|  43|0x0000000707e00000, 0x0000000707e00000, 0x0000000708000000|  0%| F|  |TAMS 0x0000000707e00000| PB 0x0000000707e00000| Untracked 
|  44|0x0000000708000000, 0x0000000708000000, 0x0000000708200000|  0%| F|  |TAMS 0x0000000708000000| PB 0x0000000708000000| Untracked 
|  45|0x0000000708200000, 0x0000000708200000, 0x0000000708400000|  0%| F|  |TAMS 0x0000000708200000| PB 0x0000000708200000| Untracked 
|  46|0x0000000708400000, 0x0000000708400000, 0x0000000708600000|  0%| F|  |TAMS 0x0000000708400000| PB 0x0000000708400000| Untracked 
|  47|0x0000000708600000, 0x0000000708600000, 0x0000000708800000|  0%| F|  |TAMS 0x0000000708600000| PB 0x0000000708600000| Untracked 
|  48|0x0000000708800000, 0x0000000708800000, 0x0000000708a00000|  0%| F|  |TAMS 0x0000000708800000| PB 0x0000000708800000| Untracked 
|  49|0x0000000708a00000, 0x0000000708a00000, 0x0000000708c00000|  0%| F|  |TAMS 0x0000000708a00000| PB 0x0000000708a00000| Untracked 
|  50|0x0000000708c00000, 0x0000000708c00000, 0x0000000708e00000|  0%| F|  |TAMS 0x0000000708c00000| PB 0x0000000708c00000| Untracked 
|  51|0x0000000708e00000, 0x0000000708e00000, 0x0000000709000000|  0%| F|  |TAMS 0x0000000708e00000| PB 0x0000000708e00000| Untracked 
|  52|0x0000000709000000, 0x0000000709000000, 0x0000000709200000|  0%| F|  |TAMS 0x0000000709000000| PB 0x0000000709000000| Untracked 
|  53|0x0000000709200000, 0x0000000709200000, 0x0000000709400000|  0%| F|  |TAMS 0x0000000709200000| PB 0x0000000709200000| Untracked 
|  54|0x0000000709400000, 0x0000000709400000, 0x0000000709600000|  0%| F|  |TAMS 0x0000000709400000| PB 0x0000000709400000| Untracked 
|  55|0x0000000709600000, 0x0000000709600000, 0x0000000709800000|  0%| F|  |TAMS 0x0000000709600000| PB 0x0000000709600000| Untracked 
|  56|0x0000000709800000, 0x0000000709800000, 0x0000000709a00000|  0%| F|  |TAMS 0x0000000709800000| PB 0x0000000709800000| Untracked 
|  57|0x0000000709a00000, 0x0000000709a00000, 0x0000000709c00000|  0%| F|  |TAMS 0x0000000709a00000| PB 0x0000000709a00000| Untracked 
|  58|0x0000000709c00000, 0x0000000709c00000, 0x0000000709e00000|  0%| F|  |TAMS 0x0000000709c00000| PB 0x0000000709c00000| Untracked 
|  59|0x0000000709e00000, 0x0000000709e00000, 0x000000070a000000|  0%| F|  |TAMS 0x0000000709e00000| PB 0x0000000709e00000| Untracked 
|  60|0x000000070a000000, 0x000000070a000000, 0x000000070a200000|  0%| F|  |TAMS 0x000000070a000000| PB 0x000000070a000000| Untracked 
|  61|0x000000070a200000, 0x000000070a200000, 0x000000070a400000|  0%| F|  |TAMS 0x000000070a200000| PB 0x000000070a200000| Untracked 
|  62|0x000000070a400000, 0x000000070a400000, 0x000000070a600000|  0%| F|  |TAMS 0x000000070a400000| PB 0x000000070a400000| Untracked 
|  63|0x000000070a600000, 0x000000070a600000, 0x000000070a800000|  0%| F|  |TAMS 0x000000070a600000| PB 0x000000070a600000| Untracked 
|  64|0x000000070a800000, 0x000000070a800000, 0x000000070aa00000|  0%| F|  |TAMS 0x000000070a800000| PB 0x000000070a800000| Untracked 
|  65|0x000000070aa00000, 0x000000070aa00000, 0x000000070ac00000|  0%| F|  |TAMS 0x000000070aa00000| PB 0x000000070aa00000| Untracked 
|  66|0x000000070ac00000, 0x000000070ac00000, 0x000000070ae00000|  0%| F|  |TAMS 0x000000070ac00000| PB 0x000000070ac00000| Untracked 
|  67|0x000000070ae00000, 0x000000070ae00000, 0x000000070b000000|  0%| F|  |TAMS 0x000000070ae00000| PB 0x000000070ae00000| Untracked 
|  68|0x000000070b000000, 0x000000070b000000, 0x000000070b200000|  0%| F|  |TAMS 0x000000070b000000| PB 0x000000070b000000| Untracked 
|  69|0x000000070b200000, 0x000000070b200000, 0x000000070b400000|  0%| F|  |TAMS 0x000000070b200000| PB 0x000000070b200000| Untracked 
|  70|0x000000070b400000, 0x000000070b400000, 0x000000070b600000|  0%| F|  |TAMS 0x000000070b400000| PB 0x000000070b400000| Untracked 
|  71|0x000000070b600000, 0x000000070b600000, 0x000000070b800000|  0%| F|  |TAMS 0x000000070b600000| PB 0x000000070b600000| Untracked 
|  72|0x000000070b800000, 0x000000070b800000, 0x000000070ba00000|  0%| F|  |TAMS 0x000000070b800000| PB 0x000000070b800000| Untracked 
|  73|0x000000070ba00000, 0x000000070ba00000, 0x000000070bc00000|  0%| F|  |TAMS 0x000000070ba00000| PB 0x000000070ba00000| Untracked 
|  74|0x000000070bc00000, 0x000000070bc00000, 0x000000070be00000|  0%| F|  |TAMS 0x000000070bc00000| PB 0x000000070bc00000| Untracked 
|  75|0x000000070be00000, 0x000000070be00000, 0x000000070c000000|  0%| F|  |TAMS 0x000000070be00000| PB 0x000000070be00000| Untracked 
|  76|0x000000070c000000, 0x000000070c000000, 0x000000070c200000|  0%| F|  |TAMS 0x000000070c000000| PB 0x000000070c000000| Untracked 
|  77|0x000000070c200000, 0x000000070c200000, 0x000000070c400000|  0%| F|  |TAMS 0x000000070c200000| PB 0x000000070c200000| Untracked 
|  78|0x000000070c400000, 0x000000070c400000, 0x000000070c600000|  0%| F|  |TAMS 0x000000070c400000| PB 0x000000070c400000| Untracked 
|  79|0x000000070c600000, 0x000000070c600000, 0x000000070c800000|  0%| F|  |TAMS 0x000000070c600000| PB 0x000000070c600000| Untracked 
|  80|0x000000070c800000, 0x000000070c800000, 0x000000070ca00000|  0%| F|  |TAMS 0x000000070c800000| PB 0x000000070c800000| Untracked 
|  81|0x000000070ca00000, 0x000000070ca00000, 0x000000070cc00000|  0%| F|  |TAMS 0x000000070ca00000| PB 0x000000070ca00000| Untracked 
|  82|0x000000070cc00000, 0x000000070cc00000, 0x000000070ce00000|  0%| F|  |TAMS 0x000000070cc00000| PB 0x000000070cc00000| Untracked 
|  83|0x000000070ce00000, 0x000000070ce00000, 0x000000070d000000|  0%| F|  |TAMS 0x000000070ce00000| PB 0x000000070ce00000| Untracked 
|  84|0x000000070d000000, 0x000000070d000000, 0x000000070d200000|  0%| F|  |TAMS 0x000000070d000000| PB 0x000000070d000000| Untracked 
|  85|0x000000070d200000, 0x000000070d200000, 0x000000070d400000|  0%| F|  |TAMS 0x000000070d200000| PB 0x000000070d200000| Untracked 
|  86|0x000000070d400000, 0x000000070d400000, 0x000000070d600000|  0%| F|  |TAMS 0x000000070d400000| PB 0x000000070d400000| Untracked 
|  87|0x000000070d600000, 0x000000070d600000, 0x000000070d800000|  0%| F|  |TAMS 0x000000070d600000| PB 0x000000070d600000| Untracked 
|  88|0x000000070d800000, 0x000000070d800000, 0x000000070da00000|  0%| F|  |TAMS 0x000000070d800000| PB 0x000000070d800000| Untracked 
|  89|0x000000070da00000, 0x000000070da00000, 0x000000070dc00000|  0%| F|  |TAMS 0x000000070da00000| PB 0x000000070da00000| Untracked 
|  90|0x000000070dc00000, 0x000000070dc00000, 0x000000070de00000|  0%| F|  |TAMS 0x000000070dc00000| PB 0x000000070dc00000| Untracked 
|  91|0x000000070de00000, 0x000000070de00000, 0x000000070e000000|  0%| F|  |TAMS 0x000000070de00000| PB 0x000000070de00000| Untracked 
|  92|0x000000070e000000, 0x000000070e000000, 0x000000070e200000|  0%| F|  |TAMS 0x000000070e000000| PB 0x000000070e000000| Untracked 
|  93|0x000000070e200000, 0x000000070e200000, 0x000000070e400000|  0%| F|  |TAMS 0x000000070e200000| PB 0x000000070e200000| Untracked 
|  94|0x000000070e400000, 0x000000070e400000, 0x000000070e600000|  0%| F|  |TAMS 0x000000070e400000| PB 0x000000070e400000| Untracked 
|  95|0x000000070e600000, 0x000000070e600000, 0x000000070e800000|  0%| F|  |TAMS 0x000000070e600000| PB 0x000000070e600000| Untracked 
|  96|0x000000070e800000, 0x000000070e800000, 0x000000070ea00000|  0%| F|  |TAMS 0x000000070e800000| PB 0x000000070e800000| Untracked 
|  97|0x000000070ea00000, 0x000000070ea00000, 0x000000070ec00000|  0%| F|  |TAMS 0x000000070ea00000| PB 0x000000070ea00000| Untracked 
|  98|0x000000070ec00000, 0x000000070ec00000, 0x000000070ee00000|  0%| F|  |TAMS 0x000000070ec00000| PB 0x000000070ec00000| Untracked 
|  99|0x000000070ee00000, 0x000000070ee00000, 0x000000070f000000|  0%| F|  |TAMS 0x000000070ee00000| PB 0x000000070ee00000| Untracked 
| 100|0x000000070f000000, 0x000000070f000000, 0x000000070f200000|  0%| F|  |TAMS 0x000000070f000000| PB 0x000000070f000000| Untracked 
| 101|0x000000070f200000, 0x000000070f200000, 0x000000070f400000|  0%| F|  |TAMS 0x000000070f200000| PB 0x000000070f200000| Untracked 
| 102|0x000000070f400000, 0x000000070f400000, 0x000000070f600000|  0%| F|  |TAMS 0x000000070f400000| PB 0x000000070f400000| Untracked 
| 103|0x000000070f600000, 0x000000070f600000, 0x000000070f800000|  0%| F|  |TAMS 0x000000070f600000| PB 0x000000070f600000| Untracked 
| 104|0x000000070f800000, 0x000000070f800000, 0x000000070fa00000|  0%| F|  |TAMS 0x000000070f800000| PB 0x000000070f800000| Untracked 
| 105|0x000000070fa00000, 0x000000070fa00000, 0x000000070fc00000|  0%| F|  |TAMS 0x000000070fa00000| PB 0x000000070fa00000| Untracked 
| 106|0x000000070fc00000, 0x000000070fe00000, 0x000000070fe00000|100%| S|CS|TAMS 0x000000070fc00000| PB 0x000000070fc00000| Complete 
| 107|0x000000070fe00000, 0x0000000710000000, 0x0000000710000000|100%| S|CS|TAMS 0x000000070fe00000| PB 0x000000070fe00000| Complete 
| 108|0x0000000710000000, 0x0000000710200000, 0x0000000710200000|100%| S|CS|TAMS 0x0000000710000000| PB 0x0000000710000000| Complete 
| 109|0x0000000710200000, 0x0000000710200000, 0x0000000710400000|  0%| F|  |TAMS 0x0000000710200000| PB 0x0000000710200000| Untracked 
| 110|0x0000000710400000, 0x0000000710400000, 0x0000000710600000|  0%| F|  |TAMS 0x0000000710400000| PB 0x0000000710400000| Untracked 
| 111|0x0000000710600000, 0x0000000710600000, 0x0000000710800000|  0%| F|  |TAMS 0x0000000710600000| PB 0x0000000710600000| Untracked 
| 112|0x0000000710800000, 0x0000000710800000, 0x0000000710a00000|  0%| F|  |TAMS 0x0000000710800000| PB 0x0000000710800000| Untracked 
| 113|0x0000000710a00000, 0x0000000710a00000, 0x0000000710c00000|  0%| F|  |TAMS 0x0000000710a00000| PB 0x0000000710a00000| Untracked 
| 114|0x0000000710c00000, 0x0000000710c00000, 0x0000000710e00000|  0%| F|  |TAMS 0x0000000710c00000| PB 0x0000000710c00000| Untracked 
| 115|0x0000000710e00000, 0x0000000710e00000, 0x0000000711000000|  0%| F|  |TAMS 0x0000000710e00000| PB 0x0000000710e00000| Untracked 
| 116|0x0000000711000000, 0x0000000711000000, 0x0000000711200000|  0%| F|  |TAMS 0x0000000711000000| PB 0x0000000711000000| Untracked 
| 117|0x0000000711200000, 0x0000000711200000, 0x0000000711400000|  0%| F|  |TAMS 0x0000000711200000| PB 0x0000000711200000| Untracked 
| 118|0x0000000711400000, 0x0000000711400000, 0x0000000711600000|  0%| F|  |TAMS 0x0000000711400000| PB 0x0000000711400000| Untracked 
| 119|0x0000000711600000, 0x0000000711600000, 0x0000000711800000|  0%| F|  |TAMS 0x0000000711600000| PB 0x0000000711600000| Untracked 
| 120|0x0000000711800000, 0x0000000711800000, 0x0000000711a00000|  0%| F|  |TAMS 0x0000000711800000| PB 0x0000000711800000| Untracked 
| 121|0x0000000711a00000, 0x0000000711a00000, 0x0000000711c00000|  0%| F|  |TAMS 0x0000000711a00000| PB 0x0000000711a00000| Untracked 
| 122|0x0000000711c00000, 0x0000000711c00000, 0x0000000711e00000|  0%| F|  |TAMS 0x0000000711c00000| PB 0x0000000711c00000| Untracked 
| 123|0x0000000711e00000, 0x0000000711e00000, 0x0000000712000000|  0%| F|  |TAMS 0x0000000711e00000| PB 0x0000000711e00000| Untracked 
| 124|0x0000000712000000, 0x0000000712000000, 0x0000000712200000|  0%| F|  |TAMS 0x0000000712000000| PB 0x0000000712000000| Untracked 
| 125|0x0000000712200000, 0x0000000712200000, 0x0000000712400000|  0%| F|  |TAMS 0x0000000712200000| PB 0x0000000712200000| Untracked 
| 126|0x0000000712400000, 0x0000000712400000, 0x0000000712600000|  0%| F|  |TAMS 0x0000000712400000| PB 0x0000000712400000| Untracked 

Card table byte_map: [0x0000016a27b80000,0x0000016a28370000] _byte_map_base: 0x0000016a2436c000

Marking Bits: (CMBitMap*) 0x0000016a0dd10510
 Bits: [0x0000016a28370000, 0x0000016a2c2d0000)

Polling page: 0x0000016a17900000

Metaspace:

Usage:
  Non-class:      9.14 MB used.
      Class:      1.17 MB used.
       Both:     10.30 MB used.

Virtual space:
  Non-class space:       64.00 MB reserved,       9.25 MB ( 14%) committed,  1 nodes.
      Class space:        1.00 GB reserved,       1.25 MB ( <1%) committed,  1 nodes.
             Both:        1.06 GB reserved,      10.50 MB ( <1%) committed. 

Chunk freelists:
   Non-Class:  6.02 MB
       Class:  14.78 MB
        Both:  20.80 MB

MaxMetaspaceSize: unlimited
CompressedClassSpaceSize: 1.00 GB
Initial GC threshold: 21.00 MB
Current GC threshold: 21.00 MB
CDS: on
 - commit_granule_bytes: 65536.
 - commit_granule_words: 8192.
 - virtual_space_node_default_size: 8388608.
 - enlarge_chunks_in_place: 1.
 - use_allocation_guard: 0.


Internal statistics:

num_allocs_failed_limit: 0.
num_arena_births: 134.
num_arena_deaths: 0.
num_vsnodes_births: 2.
num_vsnodes_deaths: 0.
num_space_committed: 167.
num_space_uncommitted: 0.
num_chunks_returned_to_freelist: 0.
num_chunks_taken_from_freelist: 352.
num_chunk_merges: 0.
num_chunk_splits: 233.
num_chunks_enlarged: 172.
num_inconsistent_stats: 0.

CodeHeap 'non-profiled nmethods': size=120000Kb used=956Kb max_used=956Kb free=119044Kb
 bounds [0x0000016a1f3f0000, 0x0000016a1f660000, 0x0000016a26920000]
CodeHeap 'profiled nmethods': size=120000Kb used=3638Kb max_used=3638Kb free=116361Kb
 bounds [0x0000016a17920000, 0x0000016a17cb0000, 0x0000016a1ee50000]
CodeHeap 'non-nmethods': size=5760Kb used=1439Kb max_used=1498Kb free=4320Kb
 bounds [0x0000016a1ee50000, 0x0000016a1f0c0000, 0x0000016a1f3f0000]
 total_blobs=2423 nmethods=1894 adapters=434
 compilation: enabled
              stopped_count=0, restarted_count=0
 full_count=0

Compilation events (20 events):
Event: 4.015 Thread 0x0000016a2edcaac0 1887       3       java.util.regex.Pattern$Curly::match1 (63 bytes)
Event: 4.015 Thread 0x0000016a2edcaac0 nmethod 1887 0x0000016a17cacb90 code [0x0000016a17cacd80, 0x0000016a17cad278]
Event: 4.020 Thread 0x0000016a759a47c0 1888       4       java.lang.StringUTF16::indexOfLatin1Unsafe (212 bytes)
Event: 4.020 Thread 0x0000016a7532bd70 1889       4       java.lang.StringUTF16::indexOfLatin1 (24 bytes)
Event: 4.024 Thread 0x0000016a759a47c0 nmethod 1888 0x0000016a1f4db190 code [0x0000016a1f4db320, 0x0000016a1f4db548]
Event: 4.024 Thread 0x0000016a759a47c0 1890       4       java.lang.StringUTF16::checkBoundsBeginEnd (10 bytes)
Event: 4.025 Thread 0x0000016a759a47c0 nmethod 1890 0x0000016a1f4db710 code [0x0000016a1f4db8a0, 0x0000016a1f4db998]
Event: 4.025 Thread 0x0000016a759a47c0 1891   !   4       java.lang.StringUTF16::replace (620 bytes)
Event: 4.026 Thread 0x0000016a7532bd70 nmethod 1889 0x0000016a1f4dbb10 code [0x0000016a1f4dbcc0, 0x0000016a1f4dbfe8]
Event: 4.026 Thread 0x0000016a7532bd70 1892       4       java.util.ArrayList::grow (60 bytes)
Event: 4.036 Thread 0x0000016a7532bd70 nmethod 1892 0x0000016a1f4dc310 code [0x0000016a1f4dc4c0, 0x0000016a1f4dcba0]
Event: 4.036 Thread 0x0000016a7532bd70 1894       4       java.lang.Integer::parseInt (264 bytes)
Event: 4.045 Thread 0x0000016a7532bd70 nmethod 1894 0x0000016a1f4dcd90 code [0x0000016a1f4dcf60, 0x0000016a1f4dd3b0]
Event: 4.045 Thread 0x0000016a7532bd70 1893       4       java.lang.String::split (242 bytes)
Event: 4.048 Thread 0x0000016a2edcaac0 1903       3       java.lang.Long::valueOf (40 bytes)
Event: 4.049 Thread 0x0000016a2edcaac0 nmethod 1903 0x0000016a17cad410 code [0x0000016a17cad5e0, 0x0000016a17cad930]
Event: 4.050 Thread 0x0000016a759a47c0 nmethod 1891 0x0000016a1f4dd890 code [0x0000016a1f4dda80, 0x0000016a1f4de720]
Event: 4.051 Thread 0x0000016a759a47c0 1902       4       java.lang.Integer::hashCode (8 bytes)
Event: 4.051 Thread 0x0000016a759a47c0 nmethod 1902 0x0000016a1f4ded10 code [0x0000016a1f4deea0, 0x0000016a1f4def28]
Event: 4.051 Thread 0x0000016a759a47c0 1898       4       java.lang.String::trim (35 bytes)

GC Heap History (11 events):
Event: 1.498 GC heap before
{Heap before GC invocations=0 (full 0):
 garbage-first heap   total 260096K, used 20480K [0x0000000702800000, 0x0000000800000000)
  region size 2048K, 11 young (22528K), 0 survivors (0K)
 Metaspace       used 5695K, committed 5824K, reserved 1114112K
  class space    used 717K, committed 768K, reserved 1048576K
}
Event: 1.580 GC heap after
{Heap after GC invocations=1 (full 0):
 garbage-first heap   total 260096K, used 8001K [0x0000000702800000, 0x0000000800000000)
  region size 2048K, 2 young (4096K), 2 survivors (4096K)
 Metaspace       used 5695K, committed 5824K, reserved 1114112K
  class space    used 717K, committed 768K, reserved 1048576K
}
Event: 2.767 GC heap before
{Heap before GC invocations=1 (full 0):
 garbage-first heap   total 260096K, used 28481K [0x0000000702800000, 0x0000000800000000)
  region size 2048K, 13 young (26624K), 2 survivors (4096K)
 Metaspace       used 9996K, committed 10176K, reserved 1114112K
  class space    used 1133K, committed 1216K, reserved 1048576K
}
Event: 2.776 GC heap after
{Heap after GC invocations=2 (full 0):
 garbage-first heap   total 260096K, used 12073K [0x0000000702800000, 0x0000000800000000)
  region size 2048K, 2 young (4096K), 2 survivors (4096K)
 Metaspace       used 9996K, committed 10176K, reserved 1114112K
  class space    used 1133K, committed 1216K, reserved 1048576K
}
Event: 3.255 GC heap before
{Heap before GC invocations=2 (full 0):
 garbage-first heap   total 260096K, used 59177K [0x0000000702800000, 0x0000000800000000)
  region size 2048K, 25 young (51200K), 2 survivors (4096K)
 Metaspace       used 10146K, committed 10304K, reserved 1114112K
  class space    used 1143K, committed 1216K, reserved 1048576K
}
Event: 3.281 GC heap after
{Heap after GC invocations=3 (full 0):
 garbage-first heap   total 260096K, used 24427K [0x0000000702800000, 0x0000000800000000)
  region size 2048K, 4 young (8192K), 4 survivors (8192K)
 Metaspace       used 10146K, committed 10304K, reserved 1114112K
  class space    used 1143K, committed 1216K, reserved 1048576K
}
Event: 3.497 GC heap before
{Heap before GC invocations=3 (full 0):
 garbage-first heap   total 260096K, used 46955K [0x0000000702800000, 0x0000000800000000)
  region size 2048K, 14 young (28672K), 4 survivors (8192K)
 Metaspace       used 10149K, committed 10304K, reserved 1114112K
  class space    used 1144K, committed 1216K, reserved 1048576K
}
Event: 3.517 GC heap after
{Heap after GC invocations=4 (full 0):
 garbage-first heap   total 260096K, used 31984K [0x0000000702800000, 0x0000000800000000)
  region size 2048K, 2 young (4096K), 2 survivors (4096K)
 Metaspace       used 10149K, committed 10304K, reserved 1114112K
  class space    used 1144K, committed 1216K, reserved 1048576K
}
Event: 3.735 GC heap before
{Heap before GC invocations=4 (full 0):
 garbage-first heap   total 260096K, used 72944K [0x0000000702800000, 0x0000000800000000)
  region size 2048K, 22 young (45056K), 2 survivors (4096K)
 Metaspace       used 10160K, committed 10304K, reserved 1114112K
  class space    used 1144K, committed 1216K, reserved 1048576K
}
Event: 3.755 GC heap after
{Heap after GC invocations=5 (full 0):
 garbage-first heap   total 260096K, used 42829K [0x0000000702800000, 0x0000000800000000)
  region size 2048K, 3 young (6144K), 3 survivors (6144K)
 Metaspace       used 10160K, committed 10304K, reserved 1114112K
  class space    used 1144K, committed 1216K, reserved 1048576K
}
Event: 4.053 GC heap before
{Heap before GC invocations=5 (full 0):
 garbage-first heap   total 260096K, used 83789K [0x0000000702800000, 0x0000000800000000)
  region size 2048K, 21 young (43008K), 3 survivors (6144K)
 Metaspace       used 10550K, committed 10752K, reserved 1114112K
  class space    used 1194K, committed 1280K, reserved 1048576K
}

Dll operation events (6 events):
Event: 0.011 Loaded shared library C:\Program Files\Java\jdk-21\bin\java.dll
Event: 0.068 Loaded shared library C:\Program Files\Java\jdk-21\bin\jsvml.dll
Event: 0.112 Loaded shared library C:\Program Files\Java\jdk-21\bin\net.dll
Event: 0.115 Loaded shared library C:\Program Files\Java\jdk-21\bin\nio.dll
Event: 0.121 Loaded shared library C:\Program Files\Java\jdk-21\bin\zip.dll
Event: 0.154 Loaded shared library C:\Program Files\Java\jdk-21\bin\jimage.dll

Deoptimization events (20 events):
Event: 4.019 Thread 0x0000016a0da3cc10 Uncommon trap: trap_request=0xffffff6e fr.pc=0x0000016a1f4d8fd4 relative=0x0000000000000294
Event: 4.020 Thread 0x0000016a0da3cc10 Uncommon trap: reason=loop_limit_check action=maybe_recompile pc=0x0000016a1f4d8fd4 method=java.lang.StringUTF16.indexOfLatin1Unsafe([BI[BII)I @ 120 c2
Event: 4.020 Thread 0x0000016a0da3cc10 DEOPT PACKING pc=0x0000016a1f4d8fd4 sp=0x000000594cbfea00
Event: 4.020 Thread 0x0000016a0da3cc10 DEOPT UNPACKING pc=0x0000016a1eea46a2 sp=0x000000594cbfe8e0 mode 2
Event: 4.020 Thread 0x0000016a0da3cc10 Uncommon trap: trap_request=0xffffff6e fr.pc=0x0000016a1f4d8824 relative=0x0000000000000164
Event: 4.020 Thread 0x0000016a0da3cc10 Uncommon trap: reason=loop_limit_check action=maybe_recompile pc=0x0000016a1f4d8824 method=java.lang.StringUTF16.indexOfLatin1Unsafe([BI[BII)I @ 120 c2
Event: 4.020 Thread 0x0000016a0da3cc10 DEOPT PACKING pc=0x0000016a1f4d8824 sp=0x000000594cbfe950
Event: 4.020 Thread 0x0000016a0da3cc10 DEOPT UNPACKING pc=0x0000016a1eea46a2 sp=0x000000594cbfe8d8 mode 2
Event: 4.040 Thread 0x0000016a0da3cc10 Uncommon trap: trap_request=0xffffffde fr.pc=0x0000016a1f47c9d4 relative=0x00000000000003d4
Event: 4.040 Thread 0x0000016a0da3cc10 Uncommon trap: reason=class_check action=maybe_recompile pc=0x0000016a1f47c9d4 method=java.util.regex.Matcher.search(I)Z @ 121 c2
Event: 4.040 Thread 0x0000016a0da3cc10 DEOPT PACKING pc=0x0000016a1f47c9d4 sp=0x000000594cbfeba0
Event: 4.040 Thread 0x0000016a0da3cc10 DEOPT UNPACKING pc=0x0000016a1eea46a2 sp=0x000000594cbfeb60 mode 2
Event: 4.044 Thread 0x0000016a0da3cc10 Uncommon trap: trap_request=0xffffffc6 fr.pc=0x0000016a1f48df94 relative=0x0000000000000914
Event: 4.044 Thread 0x0000016a0da3cc10 Uncommon trap: reason=bimorphic_or_optimized_type_check action=maybe_recompile pc=0x0000016a1f48df94 method=java.util.regex.Pattern$BmpCharProperty.match(Ljava/util/regex/Matcher;ILjava/lang/CharSequence;)Z @ 19 c2
Event: 4.044 Thread 0x0000016a0da3cc10 DEOPT PACKING pc=0x0000016a1f48df94 sp=0x000000594cbfe920
Event: 4.044 Thread 0x0000016a0da3cc10 DEOPT UNPACKING pc=0x0000016a1eea46a2 sp=0x000000594cbfe8f8 mode 2
Event: 4.044 Thread 0x0000016a0da3cc10 Uncommon trap: trap_request=0xffffffc6 fr.pc=0x0000016a1f48df94 relative=0x0000000000000914
Event: 4.044 Thread 0x0000016a0da3cc10 Uncommon trap: reason=bimorphic_or_optimized_type_check action=maybe_recompile pc=0x0000016a1f48df94 method=java.util.regex.Pattern$BmpCharProperty.match(Ljava/util/regex/Matcher;ILjava/lang/CharSequence;)Z @ 19 c2
Event: 4.044 Thread 0x0000016a0da3cc10 DEOPT PACKING pc=0x0000016a1f48df94 sp=0x000000594cbfe920
Event: 4.044 Thread 0x0000016a0da3cc10 DEOPT UNPACKING pc=0x0000016a1eea46a2 sp=0x000000594cbfe8f8 mode 2

Classes loaded (20 events):
Event: 3.032 Loading class sun/text/resources/BreakIteratorResources_en
Event: 3.032 Loading class sun/text/resources/BreakIteratorResources_en done
Event: 3.032 Loading class sun/text/resources/BreakIteratorResources_en_US
Event: 3.032 Loading class sun/text/resources/BreakIteratorResources_en_US done
Event: 3.033 Loading class sun/text/RuleBasedBreakIterator
Event: 3.033 Loading class sun/text/RuleBasedBreakIterator done
Event: 3.036 Loading class sun/text/CompactByteArray
Event: 3.036 Loading class sun/text/CompactByteArray done
Event: 3.037 Loading class sun/text/SupplementaryCharacterData
Event: 3.037 Loading class sun/text/SupplementaryCharacterData done
Event: 3.037 Loading class java/text/BreakIterator$BreakIteratorCache
Event: 3.037 Loading class java/text/BreakIterator$BreakIteratorCache done
Event: 3.038 Loading class java/text/StringCharacterIterator
Event: 3.038 Loading class java/text/CharacterIterator
Event: 3.038 Loading class java/text/CharacterIterator done
Event: 3.038 Loading class java/text/StringCharacterIterator done
Event: 3.898 Loading class java/io/FileFilter
Event: 3.898 Loading class java/io/FileFilter done
Event: 3.967 Loading class java/util/NoSuchElementException
Event: 3.967 Loading class java/util/NoSuchElementException done

Classes unloaded (0 events):
No events

Classes redefined (0 events):
No events

Internal exceptions (10 events):
Event: 0.621 Thread 0x0000016a0da3cc10 Exception <a 'java/lang/NoSuchMethodError'{0x0000000711af9b60}: 'void java.lang.invoke.DirectMethodHandle$Holder.invokeStatic(java.lang.Object, java.lang.Object, java.lang.Object)'> (0x0000000711af9b60) 
thrown [s\open\src\hotspot\share\interpreter\linkResolver.cpp, line 773]
Event: 0.816 Thread 0x0000016a0da3cc10 Exception <a 'java/lang/NoSuchMethodError'{0x000000071184b090}: 'void java.lang.invoke.DirectMethodHandle$Holder.invokeSpecialIFC(java.lang.Object, java.lang.Object, java.lang.Object, java.lang.Object, java.lang.Object)'> (0x000000071184b090) 
thrown [s\open\src\hotspot\share\interpreter\linkResolver.cpp, line 773]
Event: 0.818 Thread 0x0000016a0da3cc10 Exception <a 'java/lang/NoSuchMethodError'{0x0000000711853100}: 'void java.lang.invoke.DirectMethodHandle$Holder.invokeStatic(java.lang.Object, java.lang.Object, java.lang.Object, java.lang.Object)'> (0x0000000711853100) 
thrown [s\open\src\hotspot\share\interpreter\linkResolver.cpp, line 773]
Event: 0.820 Thread 0x0000016a0da3cc10 Exception <a 'java/lang/NoSuchMethodError'{0x000000071185b5d0}: 'int java.lang.invoke.DirectMethodHandle$Holder.invokeSpecial(java.lang.Object, java.lang.Object, java.lang.Object)'> (0x000000071185b5d0) 
thrown [s\open\src\hotspot\share\interpreter\linkResolver.cpp, line 773]
Event: 0.860 Thread 0x0000016a0da3cc10 Exception <a 'java/lang/NoSuchMethodError'{0x0000000711909f90}: 'java.lang.Object java.lang.invoke.DirectMethodHandle$Holder.invokeStaticInit(java.lang.Object, java.lang.Object, java.lang.Object)'> (0x0000000711909f90) 
thrown [s\open\src\hotspot\share\interpreter\linkResolver.cpp, line 773]
Event: 1.183 Thread 0x0000016a0da3cc10 Exception <a 'java/lang/NoSuchMethodError'{0x00000007115abe40}: 'java.lang.Object java.lang.invoke.DirectMethodHandle$Holder.invokeSpecial(java.lang.Object, java.lang.Object, java.lang.Object, long, java.lang.Object)'> (0x00000007115abe40) 
thrown [s\open\src\hotspot\share\interpreter\linkResolver.cpp, line 773]
Event: 1.184 Thread 0x0000016a0da3cc10 Exception <a 'java/lang/NoSuchMethodError'{0x00000007115af7a0}: 'java.lang.Object java.lang.invoke.Invokers$Holder.linkToTargetMethod(java.lang.Object, long, java.lang.Object, java.lang.Object)'> (0x00000007115af7a0) 
thrown [s\open\src\hotspot\share\interpreter\linkResolver.cpp, line 773]
Event: 1.766 Thread 0x0000016a0da3cc10 Exception <a 'java/lang/ClassNotFoundException'{0x00000007123673f0}: com/sun/org/apache/xerces/internal/impl/xpath/regex/spi/messageProvider> (0x00000007123673f0) 
thrown [s\open\src\hotspot\share\classfile\systemDictionary.cpp, line 312]
Event: 2.436 Thread 0x0000016a0da3cc10 Exception <a 'java/lang/NoSuchMethodError'{0x0000000711c6a8f0}: 'java.lang.Object java.lang.invoke.DirectMethodHandle$Holder.invokeInterface(java.lang.Object, java.lang.Object)'> (0x0000000711c6a8f0) 
thrown [s\open\src\hotspot\share\interpreter\linkResolver.cpp, line 773]
Event: 2.437 Thread 0x0000016a0da3cc10 Exception <a 'java/lang/IncompatibleClassChangeError'{0x0000000711c6db68}: Found class java.lang.Object, but interface was expected> (0x0000000711c6db68) 
thrown [s\open\src\hotspot\share\interpreter\linkResolver.cpp, line 840]

ZGC Phase Switch (0 events):
No events

VM Operations (20 events):
Event: 1.836 Executing VM operation: HandshakeAllThreads (Deoptimize) done
Event: 1.903 Executing VM operation: HandshakeAllThreads (Deoptimize)
Event: 1.903 Executing VM operation: HandshakeAllThreads (Deoptimize) done
Event: 1.904 Executing VM operation: HandshakeAllThreads (Deoptimize)
Event: 1.904 Executing VM operation: HandshakeAllThreads (Deoptimize) done
Event: 2.448 Executing VM operation: HandshakeAllThreads (Deoptimize)
Event: 2.448 Executing VM operation: HandshakeAllThreads (Deoptimize) done
Event: 2.621 Executing VM operation: ThreadDump
Event: 2.622 Executing VM operation: ThreadDump done
Event: 2.767 Executing VM operation: G1CollectForAllocation (G1 Evacuation Pause)
Event: 2.776 Executing VM operation: G1CollectForAllocation (G1 Evacuation Pause) done
Event: 3.255 Executing VM operation: G1CollectForAllocation (G1 Evacuation Pause)
Event: 3.283 Executing VM operation: G1CollectForAllocation (G1 Evacuation Pause) done
Event: 3.497 Executing VM operation: G1CollectForAllocation (G1 Evacuation Pause)
Event: 3.517 Executing VM operation: G1CollectForAllocation (G1 Evacuation Pause) done
Event: 3.609 Executing VM operation: ThreadDump
Event: 3.609 Executing VM operation: ThreadDump done
Event: 3.735 Executing VM operation: G1CollectForAllocation (G1 Evacuation Pause)
Event: 3.755 Executing VM operation: G1CollectForAllocation (G1 Evacuation Pause) done
Event: 4.053 Executing VM operation: G1CollectForAllocation (G1 Evacuation Pause)

Events (20 events):
Event: 0.064 Thread 0x0000016a2ed90a10 Thread added: 0x0000016a2ed90a10
Event: 0.064 Thread 0x0000016a2ed93730 Thread added: 0x0000016a2ed93730
Event: 0.065 Thread 0x0000016a2ed95e30 Thread added: 0x0000016a2ed95e30
Event: 0.065 Thread 0x0000016a2ed96880 Thread added: 0x0000016a2ed96880
Event: 0.065 Thread 0x0000016a2ed972d0 Thread added: 0x0000016a2ed972d0
Event: 0.065 Thread 0x0000016a2ed97d20 Thread added: 0x0000016a2ed97d20
Event: 0.065 Thread 0x0000016a2eda6000 Thread added: 0x0000016a2eda6000
Event: 0.066 Thread 0x0000016a2edcaac0 Thread added: 0x0000016a2edcaac0
Event: 0.103 Thread 0x0000016a74117070 Thread added: 0x0000016a74117070
Event: 0.107 Thread 0x0000016a74119cb0 Thread added: 0x0000016a74119cb0
Event: 0.233 Thread 0x0000016a74335ec0 Thread added: 0x0000016a74335ec0
Event: 1.608 Thread 0x0000016a74e79660 Thread added: 0x0000016a74e79660
Event: 1.617 Thread 0x0000016a74e68c40 Thread added: 0x0000016a74e68c40
Event: 1.842 Thread 0x0000016a74335ec0 Thread exited: 0x0000016a74335ec0
Event: 2.509 Thread 0x0000016a74f30c40 Thread added: 0x0000016a74f30c40
Event: 2.509 Thread 0x0000016a74f2a8c0 Thread added: 0x0000016a74f2a8c0
Event: 3.322 Thread 0x0000016a74f2a8c0 Thread exited: 0x0000016a74f2a8c0
Event: 3.322 Thread 0x0000016a74f30c40 Thread exited: 0x0000016a74f30c40
Event: 3.911 Thread 0x0000016a759a47c0 Thread added: 0x0000016a759a47c0
Event: 3.914 Thread 0x0000016a7532bd70 Thread added: 0x0000016a7532bd70


Dynamic libraries:
0x00007ff6c3b60000 - 0x00007ff6c3b70000 	C:\Program Files\Java\jdk-21\bin\java.EXE
0x00007ffcf0ad0000 - 0x00007ffcf0cc8000 	C:\Windows\SYSTEM32\ntdll.dll
0x00007ffceffc0000 - 0x00007ffcf0082000 	C:\Windows\System32\KERNEL32.DLL
0x00007ffcee5f0000 - 0x00007ffcee8e6000 	C:\Windows\System32\KERNELBASE.dll
0x00007ffcee300000 - 0x00007ffcee400000 	C:\Windows\System32\ucrtbase.dll
0x00007ffcaf6e0000 - 0x00007ffcaf6f9000 	C:\Program Files\Java\jdk-21\bin\jli.dll
0x00007ffcf0340000 - 0x00007ffcf03f1000 	C:\Windows\System32\ADVAPI32.dll
0x00007ffcf0440000 - 0x00007ffcf04de000 	C:\Windows\System32\msvcrt.dll
0x00007ffceff20000 - 0x00007ffceffbf000 	C:\Windows\System32\sechost.dll
0x00007ffcf0910000 - 0x00007ffcf0a30000 	C:\Windows\System32\RPCRT4.dll
0x00007ffceea20000 - 0x00007ffceea47000 	C:\Windows\System32\bcrypt.dll
0x00007ffcf0180000 - 0x00007ffcf0321000 	C:\Windows\System32\USER32.dll
0x00007ffcee940000 - 0x00007ffcee962000 	C:\Windows\System32\win32u.dll
0x00007ffcf0400000 - 0x00007ffcf042b000 	C:\Windows\System32\GDI32.dll
0x00007ffcee1e0000 - 0x00007ffcee2f9000 	C:\Windows\System32\gdi32full.dll
0x00007ffceea50000 - 0x00007ffceeaed000 	C:\Windows\System32\msvcp_win.dll
0x00007ffcae720000 - 0x00007ffcae73b000 	C:\Program Files\Java\jdk-21\bin\VCRUNTIME140.dll
0x00007ffcd86b0000 - 0x00007ffcd894b000 	C:\Windows\WinSxS\amd64_microsoft.windows.common-controls_6595b64144ccf1df_6.0.19041.6456_none_60b8a6cb71f64256\COMCTL32.dll
0x00007ffce5120000 - 0x00007ffce512a000 	C:\Windows\SYSTEM32\VERSION.dll
0x00007ffcefb90000 - 0x00007ffcefbbf000 	C:\Windows\System32\IMM32.DLL
0x00007ffcc8a30000 - 0x00007ffcc8a3c000 	C:\Program Files\Java\jdk-21\bin\vcruntime140_1.dll
0x00007ffca48c0000 - 0x00007ffca494e000 	C:\Program Files\Java\jdk-21\bin\msvcp140.dll
0x00007ffc68680000 - 0x00007ffc6939a000 	C:\Program Files\Java\jdk-21\bin\server\jvm.dll
0x00007ffcf00f0000 - 0x00007ffcf015b000 	C:\Windows\System32\WS2_32.dll
0x00007ffced6a0000 - 0x00007ffced6eb000 	C:\Windows\SYSTEM32\POWRPROF.dll
0x00007ffcd8a20000 - 0x00007ffcd8a47000 	C:\Windows\SYSTEM32\WINMM.dll
0x00007ffced560000 - 0x00007ffced572000 	C:\Windows\SYSTEM32\UMPDC.dll
0x00007ffcec970000 - 0x00007ffcec982000 	C:\Windows\SYSTEM32\kernel.appcore.dll
0x00007ffcc46c0000 - 0x00007ffcc46ca000 	C:\Program Files\Java\jdk-21\bin\jimage.dll
0x00007ffceb030000 - 0x00007ffceb231000 	C:\Windows\SYSTEM32\DBGHELP.DLL
0x00007ffcda540000 - 0x00007ffcda574000 	C:\Windows\SYSTEM32\dbgcore.DLL
0x00007ffcee400000 - 0x00007ffcee482000 	C:\Windows\System32\bcryptPrimitives.dll
0x00007ffca8890000 - 0x00007ffca88af000 	C:\Program Files\Java\jdk-21\bin\java.dll
0x00007ffceefc0000 - 0x00007ffcef730000 	C:\Windows\System32\SHELL32.dll
0x00007ffcec180000 - 0x00007ffcec925000 	C:\Windows\SYSTEM32\windows.storage.dll
0x00007ffcefbc0000 - 0x00007ffceff14000 	C:\Windows\System32\combase.dll
0x00007ffcedb90000 - 0x00007ffcedbbb000 	C:\Windows\SYSTEM32\Wldp.dll
0x00007ffcef730000 - 0x00007ffcef7fd000 	C:\Windows\System32\OLEAUT32.dll
0x00007ffcf0740000 - 0x00007ffcf07ed000 	C:\Windows\System32\SHCORE.dll
0x00007ffcf0090000 - 0x00007ffcf00eb000 	C:\Windows\System32\shlwapi.dll
0x00007ffcee090000 - 0x00007ffcee0b4000 	C:\Windows\SYSTEM32\profapi.dll
0x00007ffca2dd0000 - 0x00007ffca2ea7000 	C:\Program Files\Java\jdk-21\bin\jsvml.dll
0x00007ffcc4130000 - 0x00007ffcc4140000 	C:\Program Files\Java\jdk-21\bin\net.dll
0x00007ffceb6c0000 - 0x00007ffceb7ca000 	C:\Windows\SYSTEM32\WINHTTP.dll
0x00007ffced8f0000 - 0x00007ffced95a000 	C:\Windows\system32\mswsock.dll
0x00007ffca6ee0000 - 0x00007ffca6ef6000 	C:\Program Files\Java\jdk-21\bin\nio.dll
0x00007ffca5260000 - 0x00007ffca5278000 	C:\Program Files\Java\jdk-21\bin\zip.dll

dbghelp: loaded successfully - version: 4.0.5 - missing functions: none
symbol engine: initialized successfully - sym options: 0x614 - pdb path: .;C:\Program Files\Java\jdk-21\bin;C:\Windows\SYSTEM32;C:\Windows\WinSxS\amd64_microsoft.windows.common-controls_6595b64144ccf1df_6.0.19041.6456_none_60b8a6cb71f64256;C:\Program Files\Java\jdk-21\bin\server

VM Arguments:
java_command: org.languagetool.server.HTTPServer -p 8532
java_class_path (initial): C:\Users\AHSAN\.cache\language_tool_python\LanguageTool-6.8-SNAPSHOT\languagetool-server.jar
Launcher Type: SUN_STANDARD

[Global flags]
     intx CICompilerCount                          = 4                                         {product} {ergonomic}
     uint ConcGCThreads                            = 2                                         {product} {ergonomic}
     uint G1ConcRefinementThreads                  = 8                                         {product} {ergonomic}
   size_t G1HeapRegionSize                         = 2097152                                   {product} {ergonomic}
    uintx GCDrainStackTargetSize                   = 64                                        {product} {ergonomic}
   size_t InitialHeapSize                          = 266338304                                 {product} {ergonomic}
   size_t MarkStackSize                            = 4194304                                   {product} {ergonomic}
   size_t MaxHeapSize                              = 4253024256                                {product} {ergonomic}
   size_t MaxNewSize                               = 2550136832                                {product} {ergonomic}
   size_t MinHeapDeltaBytes                        = 2097152                                   {product} {ergonomic}
   size_t MinHeapSize                              = 8388608                                   {product} {ergonomic}
    uintx NonNMethodCodeHeapSize                   = 5839372                                {pd product} {ergonomic}
    uintx NonProfiledCodeHeapSize                  = 122909434                              {pd product} {ergonomic}
    uintx ProfiledCodeHeapSize                     = 122909434                              {pd product} {ergonomic}
    uintx ReservedCodeCacheSize                    = 251658240                              {pd product} {ergonomic}
     bool SegmentedCodeCache                       = true                                      {product} {ergonomic}
   size_t SoftMaxHeapSize                          = 4253024256                             {manageable} {ergonomic}
     bool UseCompressedOops                        = true                           {product lp64_product} {ergonomic}
     bool UseG1GC                                  = true                                      {product} {ergonomic}
     bool UseLargePagesIndividualAllocation        = false                                  {pd product} {ergonomic}

Logging:
Log output configuration:
 #0: stdout all=warning uptime,level,tags foldmultilines=false
 #1: stderr all=off uptime,level,tags foldmultilines=false

Environment Variables:
JAVA_HOME=C:\Program Files\Java\jdk-21
PATH=C:\Users\AHSAN\Desktop\digango\venv\Scripts;C:\Program Files\Common Files\Oracle\Java\javapath;C:\Windows\system32;C:\Windows;C:\Windows\System32\Wbem;C:\Windows\System32\WindowsPowerShell\v1.0\;C:\Windows\System32\OpenSSH\;C:\Program Files\nodejs\;C:\Program Files\Java\jdk-21\bin;C:\Program Files\Intel\WiFi\bin\;C:\Program Files\Common Files\Intel\WirelessCommon\;C:\Users\AHSAN\AppData\Local\Programs\Python\Python314\Scripts\;C:\Users\AHSAN\AppData\Local\Programs\Python\Python314\;C:\Users\AHSAN\AppData\Local\Microsoft\WindowsApps;C:\Users\AHSAN\AppData\Local\Programs\Microsoft VS Code\bin;C:\Users\AHSAN\AppData\Roaming\npm;C:\Users\AHSAN\AppData\Local\Programs\Windsurf\bin
USERNAME=AHSAN
LANG=en_US.UTF-8
OS=Windows_NT
PROCESSOR_IDENTIFIER=Intel64 Family 6 Model 142 Stepping 10, GenuineIntel
TMP=C:\Users\AHSAN\AppData\Local\Temp
TEMP=C:\Users\AHSAN\AppData\Local\Temp




Periodic native trim disabled

---------------  S Y S T E M  ---------------

OS:
 Windows 10 , 64 bit Build 19041 (10.0.19041.5915)
OS uptime: 17 days 21:44 hours

CPU: total 8 (initial active 8) (4 cores per cpu, 2 threads per core) family 6 model 142 stepping 10 microcode 0xf0, cx8, cmov, fxsr, ht, mmx, 3dnowpref, sse, sse2, sse3, ssse3, sse4.1, sse4.2, popcnt, lzcnt, tsc, tscinvbit, avx, avx2, aes, erms, clmul, bmi1, bmi2, rtm, adx, fma, vzeroupper, clflush, clflushopt, rdtscp, f16c
Processor Information for all 8 processors :
  Max Mhz: 2112, Current Mhz: 1910, Mhz Limit: 1900

Memory: 4k page, system-wide physical 16217M (1744M free)
TotalPageFile size 29014M (AvailPageFile size 25M)
current process WorkingSet (physical memory assigned to process): 178M, peak: 178M
current process commit charge ("private bytes"): 377M, peak: 567M

vm_info: Java HotSpot(TM) 64-Bit Server VM (21.0.7+8-LTS-245) for windows-amd64 JRE (21.0.7+8-LTS-245), built on 2025-02-21T05:11:27Z by "mach5one" with MS VC++ 17.6 (VS2022)

END.
