#
# There is insufficient memory for the Java Runtime Environment to continue.
# Native memory allocation (mmap) failed to map 213909504 bytes for G1 virtual space
# Possible reasons:
#   The system is out of physical RAM or swap space
#   The process is running with CompressedOops enabled, and the Java Heap may be blocking the growth of the native heap
# Possible solutions:
#   Reduce memory load on the system
#   Increase physical memory or swap space
#   Check if swap backing store is full
#   Decrease Java heap size (-Xmx/-Xms)
#   Decrease number of Java threads
#   Decrease Java thread stack sizes (-Xss)
#   Set larger code cache with -XX:ReservedCodeCacheSize=
#   JVM is running with Zero Based Compressed Oops mode in which the Java heap is
#     placed in the first 32GB address space. The Java Heap base address is the
#     maximum limit for the native heap growth. Please use -XX:HeapBaseMinAddress
#     to set the Java Heap base and to place the Java Heap above 32GB virtual address.
# This output file may be truncated or incomplete.
#
#  Out of Memory Error (os_windows.cpp:3603), pid=21224, tid=22672
#
# JRE version: Java(TM) SE Runtime Environment (21.0.7+8) (build 21.0.7+8-LTS-245)
# Java VM: Java HotSpot(TM) 64-Bit Server VM (21.0.7+8-LTS-245, mixed mode, sharing, tiered, compressed oops, compressed class ptrs, g1 gc, windows-amd64)
# No core dump will be written. Minidumps are not enabled by default on client versions of Windows
#

---------------  S U M M A R Y ------------

Command Line: org.languagetool.server.HTTPServer -p 8507

Host: Intel(R) Core(TM) i7-8650U CPU @ 1.90GHz, 8 cores, 15G,  Windows 10 , 64 bit Build 19041 (10.0.19041.5915)
Time: Sat Jan 10 07:20:24 2026 Pakistan Standard Time elapsed time: 2.581346 seconds (0d 0h 0m 2s)

---------------  T H R E A D  ---------------

Current thread (0x000002451180bed0):  VMThread "VM Thread"          [id=22672, stack(0x0000006d87800000,0x0000006d87900000) (1024K)]

Stack: [0x0000006d87800000,0x0000006d87900000]
Native frames: (J=compiled Java code, j=interpreted, Vv=VM code, C=native code)
V  [jvm.dll+0x6cae19]
V  [jvm.dll+0x855741]
V  [jvm.dll+0x857c6e]
V  [jvm.dll+0x858343]
V  [jvm.dll+0x27e0b6]
V  [jvm.dll+0x6c7595]
V  [jvm.dll+0x6bc0fa]
V  [jvm.dll+0x353eaa]
V  [jvm.dll+0x35bb26]
V  [jvm.dll+0x3ae52e]
V  [jvm.dll+0x3ae7d8]
V  [jvm.dll+0x3281bc]
V  [jvm.dll+0x328247]
V  [jvm.dll+0x36cbcc]
V  [jvm.dll+0x36b41e]
V  [jvm.dll+0x327981]
V  [jvm.dll+0x36ab3a]
V  [jvm.dll+0x85e110]
V  [jvm.dll+0x85f494]
V  [jvm.dll+0x85f9d0]
V  [jvm.dll+0x85fc73]
V  [jvm.dll+0x7ffa1b]
V  [jvm.dll+0x6c94fd]
C  [ucrtbase.dll+0x21bb2]
C  [KERNEL32.DLL+0x17374]
C  [ntdll.dll+0x4cc91]

VM_Operation (0x0000006d871febe0): G1CollectForAllocation, mode: safepoint, requested by thread 0x0000024570500cc0


---------------  P R O C E S S  ---------------

Threads class SMR info:
_java_thread_list=0x0000024557bcc210, length=15, elements={
0x0000024570500cc0, 0x000002451182c060, 0x000002451182cd70, 0x000002451182e7d0,
0x000002451182f580, 0x000002451182ffd0, 0x0000024511830a20, 0x000002451183b7c0,
0x000002451183f050, 0x0000024511ab9da0, 0x0000024511abec30, 0x000002451183f720,
0x00000245574a08a0, 0x0000024557a70dd0, 0x000002451183e2b0
}

Java Threads: ( => current thread )
  0x0000024570500cc0 JavaThread "main"                              [_thread_blocked, id=16876, stack(0x0000006d87100000,0x0000006d87200000) (1024K)]
  0x000002451182c060 JavaThread "Reference Handler"          daemon [_thread_blocked, id=11768, stack(0x0000006d87900000,0x0000006d87a00000) (1024K)]
  0x000002451182cd70 JavaThread "Finalizer"                  daemon [_thread_blocked, id=7692, stack(0x0000006d87a00000,0x0000006d87b00000) (1024K)]
  0x000002451182e7d0 JavaThread "Signal Dispatcher"          daemon [_thread_blocked, id=20772, stack(0x0000006d87b00000,0x0000006d87c00000) (1024K)]
  0x000002451182f580 JavaThread "Attach Listener"            daemon [_thread_blocked, id=24668, stack(0x0000006d87c00000,0x0000006d87d00000) (1024K)]
  0x000002451182ffd0 JavaThread "Service Thread"             daemon [_thread_blocked, id=24460, stack(0x0000006d87d00000,0x0000006d87e00000) (1024K)]
  0x0000024511830a20 JavaThread "Monitor Deflation Thread"   daemon [_thread_blocked, id=20192, stack(0x0000006d87e00000,0x0000006d87f00000) (1024K)]
  0x000002451183b7c0 JavaThread "C2 CompilerThread0"         daemon [_thread_blocked, id=22736, stack(0x0000006d87f00000,0x0000006d88000000) (1024K)]
  0x000002451183f050 JavaThread "C1 CompilerThread0"         daemon [_thread_blocked, id=10016, stack(0x0000006d88000000,0x0000006d88100000) (1024K)]
  0x0000024511ab9da0 JavaThread "Notification Thread"        daemon [_thread_blocked, id=2576, stack(0x0000006d88100000,0x0000006d88200000) (1024K)]
  0x0000024511abec30 JavaThread "Common-Cleaner"             daemon [_thread_blocked, id=6696, stack(0x0000006d88200000,0x0000006d88300000) (1024K)]
  0x000002451183f720 JavaThread "C2 CompilerThread1"         daemon [_thread_blocked, id=21236, stack(0x0000006d88300000,0x0000006d88400000) (1024K)]
  0x00000245574a08a0 JavaThread "LtThreadPoolMonitor"        daemon [_thread_blocked, id=23788, stack(0x0000006d88400000,0x0000006d88500000) (1024K)]
  0x0000024557a70dd0 JavaThread "LtThreadPoolExecutorMonitor" daemon [_thread_blocked, id=3444, stack(0x0000006d88c00000,0x0000006d88d00000) (1024K)]
  0x000002451183e2b0 JavaThread "C2 CompilerThread2"         daemon [_thread_blocked, id=23400, stack(0x0000006d88d00000,0x0000006d88e00000) (1024K)]
Total: 15

Other Threads:
=>0x000002451180bed0 VMThread "VM Thread"                           [id=22672, stack(0x0000006d87800000,0x0000006d87900000) (1024K)]
  0x00000245117fcb10 WatcherThread "VM Periodic Task Thread"        [id=13976, stack(0x0000006d87700000,0x0000006d87800000) (1024K)]
  0x0000024572702880 WorkerThread "GC Thread#0"                     [id=2144, stack(0x0000006d87200000,0x0000006d87300000) (1024K)]
  0x000002455751d330 WorkerThread "GC Thread#1"                     [id=22920, stack(0x0000006d88500000,0x0000006d88600000) (1024K)]
  0x000002455751d6d0 WorkerThread "GC Thread#2"                     [id=22236, stack(0x0000006d88600000,0x0000006d88700000) (1024K)]
  0x00000245579e0c90 WorkerThread "GC Thread#3"                     [id=12092, stack(0x0000006d88700000,0x0000006d88800000) (1024K)]
  0x00000245579e1030 WorkerThread "GC Thread#4"                     [id=24232, stack(0x0000006d88800000,0x0000006d88900000) (1024K)]
  0x00000245579e33e0 WorkerThread "GC Thread#5"                     [id=9024, stack(0x0000006d88900000,0x0000006d88a00000) (1024K)]
  0x0000024557a39f20 WorkerThread "GC Thread#6"                     [id=4292, stack(0x0000006d88a00000,0x0000006d88b00000) (1024K)]
  0x0000024557a3a6d0 WorkerThread "GC Thread#7"                     [id=8120, stack(0x0000006d88b00000,0x0000006d88c00000) (1024K)]
  0x00000245727134e0 ConcurrentGCThread "G1 Main Marker"            [id=14204, stack(0x0000006d87300000,0x0000006d87400000) (1024K)]
  0x0000024572714830 WorkerThread "G1 Conc#0"                       [id=16984, stack(0x0000006d87400000,0x0000006d87500000) (1024K)]
  0x00000245116cdcd0 ConcurrentGCThread "G1 Refine#0"               [id=15136, stack(0x0000006d87500000,0x0000006d87600000) (1024K)]
  0x00000245116ce4f0 ConcurrentGCThread "G1 Service"                [id=15704, stack(0x0000006d87600000,0x0000006d87700000) (1024K)]
Total: 14

Threads with active compile tasks:
C2 CompilerThread0     2617 1887       4       java.util.regex.Pattern$BmpCharProperty::match (55 bytes)
C1 CompilerThread0     2617 1904       3       java.io.BufferedReader::implReadLine (301 bytes)
C2 CompilerThread1     2617 1901       4       java.util.HashMap$HashIterator::nextNode (100 bytes)
C2 CompilerThread2     2617 1897   !   4       java.util.concurrent.ConcurrentHashMap::transfer (849 bytes)
Total: 4

VM state: at safepoint (normal execution)

VM Mutex/Monitor currently owned by a thread:  ([mutex/lock_event])
[0x00007ffc692bde50] Threads_lock - owner thread: 0x000002451180bed0
[0x00007ffc692bdf50] Heap_lock - owner thread: 0x0000024570500cc0

Heap address: 0x0000000702800000, size: 4056 MB, Compressed Oops mode: Zero based, Oop shift amount: 3

CDS archive(s) mapped at: [0x0000024512000000-0x0000024512c90000-0x0000024512c90000), size 13172736, SharedBaseAddress: 0x0000024512000000, ArchiveRelocationMode: 1.
Compressed class space mapped at: 0x0000024513000000-0x0000024553000000, reserved size: 1073741824
Narrow klass base: 0x0000024512000000, Narrow klass shift: 0, Narrow klass range: 0x100000000

GC Precious Log:
 CardTable entry size: 512
 Card Set container configuration: InlinePtr #cards 4 size 8 Array Of Cards #cards 16 size 48 Howl #buckets 8 coarsen threshold 3686 Howl Bitmap #cards 512 size 80 coarsen threshold 460 Card regions per heap region 1 cards per card region 4096
 CPUs: 8 total, 8 available
 Memory: 16217M
 Large Page Support: Disabled
 NUMA Support: Disabled
 Compressed Oops: Enabled (Zero based)
 Heap Region Size: 2M
 Heap Min Capacity: 8M
 Heap Initial Capacity: 254M
 Heap Max Capacity: 4056M
 Pre-touch: Disabled
 Parallel Workers: 8
 Concurrent Workers: 2
 Concurrent Refinement Workers: 8
 Periodic GC: Disabled

Heap:
 garbage-first heap   total 260096K, used 54679K [0x0000000702800000, 0x0000000800000000)
  region size 2048K, 3 young (6144K), 3 survivors (6144K)
 Metaspace       used 10521K, committed 10688K, reserved 1114112K
  class space    used 1194K, committed 1280K, reserved 1048576K

Heap Regions: E=young(eden), S=young(survivor), O=old, HS=humongous(starts), HC=humongous(continues), CS=collection set, F=free, TAMS=top-at-mark-start, PB=parsable bottom
|   0|0x0000000702800000, 0x0000000702a00000, 0x0000000702a00000|100%| O|  |TAMS 0x0000000702800000| PB 0x0000000702800000| Untracked 
|   1|0x0000000702a00000, 0x0000000702c00000, 0x0000000702c00000|100%| O|  |TAMS 0x0000000702a00000| PB 0x0000000702a00000| Untracked 
|   2|0x0000000702c00000, 0x0000000702e00000, 0x0000000702e00000|100%| O|  |TAMS 0x0000000702c00000| PB 0x0000000702c00000| Untracked 
|   3|0x0000000702e00000, 0x0000000703000000, 0x0000000703000000|100%| O|  |TAMS 0x0000000702e00000| PB 0x0000000702e00000| Untracked 
|   4|0x0000000703000000, 0x0000000703200000, 0x0000000703200000|100%| O|  |TAMS 0x0000000703000000| PB 0x0000000703000000| Untracked 
|   5|0x0000000703200000, 0x0000000703400000, 0x0000000703400000|100%| O|  |TAMS 0x0000000703200000| PB 0x0000000703200000| Untracked 
|   6|0x0000000703400000, 0x0000000703600000, 0x0000000703600000|100%| O|  |TAMS 0x0000000703400000| PB 0x0000000703400000| Untracked 
|   7|0x0000000703600000, 0x0000000703800000, 0x0000000703800000|100%| O|  |TAMS 0x0000000703600000| PB 0x0000000703600000| Untracked 
|   8|0x0000000703800000, 0x0000000703a00000, 0x0000000703a00000|100%|HS|  |TAMS 0x0000000703800000| PB 0x0000000703800000| Complete 
|   9|0x0000000703a00000, 0x0000000703c00000, 0x0000000703c00000|100%| O|  |TAMS 0x0000000703a00000| PB 0x0000000703a00000| Untracked 
|  10|0x0000000703c00000, 0x0000000703e00000, 0x0000000703e00000|100%| O|  |TAMS 0x0000000703c00000| PB 0x0000000703c00000| Untracked 
|  11|0x0000000703e00000, 0x0000000704000000, 0x0000000704000000|100%| O|  |TAMS 0x0000000703e00000| PB 0x0000000703e00000| Untracked 
|  12|0x0000000704000000, 0x0000000704200000, 0x0000000704200000|100%| O|  |TAMS 0x0000000704000000| PB 0x0000000704000000| Untracked 
|  13|0x0000000704200000, 0x0000000704400000, 0x0000000704400000|100%| O|  |TAMS 0x0000000704200000| PB 0x0000000704200000| Untracked 
|  14|0x0000000704400000, 0x0000000704600000, 0x0000000704600000|100%| O|  |TAMS 0x0000000704400000| PB 0x0000000704400000| Untracked 
|  15|0x0000000704600000, 0x0000000704800000, 0x0000000704800000|100%| O|  |TAMS 0x0000000704600000| PB 0x0000000704600000| Untracked 
|  16|0x0000000704800000, 0x0000000704a00000, 0x0000000704a00000|100%| O|  |TAMS 0x0000000704800000| PB 0x0000000704800000| Untracked 
|  17|0x0000000704a00000, 0x0000000704c00000, 0x0000000704c00000|100%| O|  |TAMS 0x0000000704a00000| PB 0x0000000704a00000| Untracked 
|  18|0x0000000704c00000, 0x0000000704e00000, 0x0000000704e00000|100%|HS|  |TAMS 0x0000000704c00000| PB 0x0000000704c00000| Complete 
|  19|0x0000000704e00000, 0x0000000705000000, 0x0000000705000000|100%|HC|  |TAMS 0x0000000704e00000| PB 0x0000000704e00000| Complete 
|  20|0x0000000705000000, 0x0000000705200000, 0x0000000705200000|100%| O|  |TAMS 0x0000000705000000| PB 0x0000000705000000| Untracked 
|  21|0x0000000705200000, 0x0000000705400000, 0x0000000705400000|100%| O|  |TAMS 0x0000000705200000| PB 0x0000000705200000| Untracked 
|  22|0x0000000705400000, 0x0000000705600000, 0x0000000705600000|100%| O|  |TAMS 0x0000000705400000| PB 0x0000000705400000| Untracked 
|  23|0x0000000705600000, 0x0000000705765f80, 0x0000000705800000| 69%| O|  |TAMS 0x0000000705600000| PB 0x0000000705600000| Untracked 
|  24|0x0000000705800000, 0x0000000705800000, 0x0000000705a00000|  0%| F|  |TAMS 0x0000000705800000| PB 0x0000000705800000| Untracked 
|  25|0x0000000705a00000, 0x0000000705a00000, 0x0000000705c00000|  0%| F|  |TAMS 0x0000000705a00000| PB 0x0000000705a00000| Untracked 
|  26|0x0000000705c00000, 0x0000000705c00000, 0x0000000705e00000|  0%| F|  |TAMS 0x0000000705c00000| PB 0x0000000705c00000| Untracked 
|  27|0x0000000705e00000, 0x0000000705e00000, 0x0000000706000000|  0%| F|  |TAMS 0x0000000705e00000| PB 0x0000000705e00000| Untracked 
|  28|0x0000000706000000, 0x0000000706000000, 0x0000000706200000|  0%| F|  |TAMS 0x0000000706000000| PB 0x0000000706000000| Untracked 
|  29|0x0000000706200000, 0x0000000706200000, 0x0000000706400000|  0%| F|  |TAMS 0x0000000706200000| PB 0x0000000706200000| Untracked 
|  30|0x0000000706400000, 0x0000000706400000, 0x0000000706600000|  0%| F|  |TAMS 0x0000000706400000| PB 0x0000000706400000| Untracked 
|  31|0x0000000706600000, 0x0000000706600000, 0x0000000706800000|  0%| F|  |TAMS 0x0000000706600000| PB 0x0000000706600000| Untracked 
|  32|0x0000000706800000, 0x0000000706800000, 0x0000000706a00000|  0%| F|  |TAMS 0x0000000706800000| PB 0x0000000706800000| Untracked 
|  33|0x0000000706a00000, 0x0000000706a00000, 0x0000000706c00000|  0%| F|  |TAMS 0x0000000706a00000| PB 0x0000000706a00000| Untracked 
|  34|0x0000000706c00000, 0x0000000706c00000, 0x0000000706e00000|  0%| F|  |TAMS 0x0000000706c00000| PB 0x0000000706c00000| Untracked 
|  35|0x0000000706e00000, 0x0000000706e00000, 0x0000000707000000|  0%| F|  |TAMS 0x0000000706e00000| PB 0x0000000706e00000| Untracked 
|  36|0x0000000707000000, 0x0000000707000000, 0x0000000707200000|  0%| F|  |TAMS 0x0000000707000000| PB 0x0000000707000000| Untracked 
|  37|0x0000000707200000, 0x0000000707200000, 0x0000000707400000|  0%| F|  |TAMS 0x0000000707200000| PB 0x0000000707200000| Untracked 
|  38|0x0000000707400000, 0x0000000707400000, 0x0000000707600000|  0%| F|  |TAMS 0x0000000707400000| PB 0x0000000707400000| Untracked 
|  39|0x0000000707600000, 0x0000000707600000, 0x0000000707800000|  0%| F|  |TAMS 0x0000000707600000| PB 0x0000000707600000| Untracked 
|  40|0x0000000707800000, 0x0000000707800000, 0x0000000707a00000|  0%| F|  |TAMS 0x0000000707800000| PB 0x0000000707800000| Untracked 
|  41|0x0000000707a00000, 0x0000000707a00000, 0x0000000707c00000|  0%| F|  |TAMS 0x0000000707a00000| PB 0x0000000707a00000| Untracked 
|  42|0x0000000707c00000, 0x0000000707c00000, 0x0000000707e00000|  0%| F|  |TAMS 0x0000000707c00000| PB 0x0000000707c00000| Untracked 
|  43|0x0000000707e00000, 0x0000000707e00000, 0x0000000708000000|  0%| F|  |TAMS 0x0000000707e00000| PB 0x0000000707e00000| Untracked 
|  44|0x0000000708000000, 0x0000000708000000, 0x0000000708200000|  0%| F|  |TAMS 0x0000000708000000| PB 0x0000000708000000| Untracked 
|  45|0x0000000708200000, 0x0000000708200000, 0x0000000708400000|  0%| F|  |TAMS 0x0000000708200000| PB 0x0000000708200000| Untracked 
|  46|0x0000000708400000, 0x0000000708400000, 0x0000000708600000|  0%| F|  |TAMS 0x0000000708400000| PB 0x0000000708400000| Untracked 
|  47|0x0000000708600000, 0x0000000708600000, 0x0000000708800000|  0%| F|  |TAMS 0x0000000708600000| PB 0x0000000708600000| Untracked 
|  48|0x0000000708800000, 0x0000000708800000, 0x0000000708a00000|  0%| F|  |TAMS 0x0000000708800000| PB 0x0000000708800000| Untracked 
|  49|0x0000000708a00000, 0x0000000708a00000, 0x0000000708c00000|  0%| F|  |TAMS 0x0000000708a00000| PB 0x0000000708a00000| Untracked 
|  50|0x0000000708c00000, 0x0000000708c00000, 0x0000000708e00000|  0%| F|  |TAMS 0x0000000708c00000| PB 0x0000000708c00000| Untracked 
|  51|0x0000000708e00000, 0x0000000708e00000, 0x0000000709000000|  0%| F|  |TAMS 0x0000000708e00000| PB 0x0000000708e00000| Untracked 
|  52|0x0000000709000000, 0x0000000709000000, 0x0000000709200000|  0%| F|  |TAMS 0x0000000709000000| PB 0x0000000709000000| Untracked 
|  53|0x0000000709200000, 0x0000000709200000, 0x0000000709400000|  0%| F|  |TAMS 0x0000000709200000| PB 0x0000000709200000| Untracked 
|  54|0x0000000709400000, 0x0000000709400000, 0x0000000709600000|  0%| F|  |TAMS 0x0000000709400000| PB 0x0000000709400000| Untracked 
|  55|0x0000000709600000, 0x0000000709600000, 0x0000000709800000|  0%| F|  |TAMS 0x0000000709600000| PB 0x0000000709600000| Untracked 
|  56|0x0000000709800000, 0x0000000709800000, 0x0000000709a00000|  0%| F|  |TAMS 0x0000000709800000| PB 0x0000000709800000| Untracked 
|  57|0x0000000709a00000, 0x0000000709a00000, 0x0000000709c00000|  0%| F|  |TAMS 0x0000000709a00000| PB 0x0000000709a00000| Untracked 
|  58|0x0000000709c00000, 0x0000000709c00000, 0x0000000709e00000|  0%| F|  |TAMS 0x0000000709c00000| PB 0x0000000709c00000| Untracked 
|  59|0x0000000709e00000, 0x0000000709e00000, 0x000000070a000000|  0%| F|  |TAMS 0x0000000709e00000| PB 0x0000000709e00000| Untracked 
|  60|0x000000070a000000, 0x000000070a000000, 0x000000070a200000|  0%| F|  |TAMS 0x000000070a000000| PB 0x000000070a000000| Untracked 
|  61|0x000000070a200000, 0x000000070a200000, 0x000000070a400000|  0%| F|  |TAMS 0x000000070a200000| PB 0x000000070a200000| Untracked 
|  62|0x000000070a400000, 0x000000070a400000, 0x000000070a600000|  0%| F|  |TAMS 0x000000070a400000| PB 0x000000070a400000| Untracked 
|  63|0x000000070a600000, 0x000000070a600000, 0x000000070a800000|  0%| F|  |TAMS 0x000000070a600000| PB 0x000000070a600000| Untracked 
|  64|0x000000070a800000, 0x000000070a800000, 0x000000070aa00000|  0%| F|  |TAMS 0x000000070a800000| PB 0x000000070a800000| Untracked 
|  65|0x000000070aa00000, 0x000000070aa00000, 0x000000070ac00000|  0%| F|  |TAMS 0x000000070aa00000| PB 0x000000070aa00000| Untracked 
|  66|0x000000070ac00000, 0x000000070ac00000, 0x000000070ae00000|  0%| F|  |TAMS 0x000000070ac00000| PB 0x000000070ac00000| Untracked 
|  67|0x000000070ae00000, 0x000000070ae00000, 0x000000070b000000|  0%| F|  |TAMS 0x000000070ae00000| PB 0x000000070ae00000| Untracked 
|  68|0x000000070b000000, 0x000000070b000000, 0x000000070b200000|  0%| F|  |TAMS 0x000000070b000000| PB 0x000000070b000000| Untracked 
|  69|0x000000070b200000, 0x000000070b200000, 0x000000070b400000|  0%| F|  |TAMS 0x000000070b200000| PB 0x000000070b200000| Untracked 
|  70|0x000000070b400000, 0x000000070b400000, 0x000000070b600000|  0%| F|  |TAMS 0x000000070b400000| PB 0x000000070b400000| Untracked 
|  71|0x000000070b600000, 0x000000070b600000, 0x000000070b800000|  0%| F|  |TAMS 0x000000070b600000| PB 0x000000070b600000| Untracked 
|  72|0x000000070b800000, 0x000000070b800000, 0x000000070ba00000|  0%| F|  |TAMS 0x000000070b800000| PB 0x000000070b800000| Untracked 
|  73|0x000000070ba00000, 0x000000070ba00000, 0x000000070bc00000|  0%| F|  |TAMS 0x000000070ba00000| PB 0x000000070ba00000| Untracked 
|  74|0x000000070bc00000, 0x000000070bc00000, 0x000000070be00000|  0%| F|  |TAMS 0x000000070bc00000| PB 0x000000070bc00000| Untracked 
|  75|0x000000070be00000, 0x000000070be00000, 0x000000070c000000|  0%| F|  |TAMS 0x000000070be00000| PB 0x000000070be00000| Untracked 
|  76|0x000000070c000000, 0x000000070c000000, 0x000000070c200000|  0%| F|  |TAMS 0x000000070c000000| PB 0x000000070c000000| Untracked 
|  77|0x000000070c200000, 0x000000070c200000, 0x000000070c400000|  0%| F|  |TAMS 0x000000070c200000| PB 0x000000070c200000| Untracked 
|  78|0x000000070c400000, 0x000000070c400000, 0x000000070c600000|  0%| F|  |TAMS 0x000000070c400000| PB 0x000000070c400000| Untracked 
|  79|0x000000070c600000, 0x000000070c600000, 0x000000070c800000|  0%| F|  |TAMS 0x000000070c600000| PB 0x000000070c600000| Untracked 
|  80|0x000000070c800000, 0x000000070c800000, 0x000000070ca00000|  0%| F|  |TAMS 0x000000070c800000| PB 0x000000070c800000| Untracked 
|  81|0x000000070ca00000, 0x000000070ca00000, 0x000000070cc00000|  0%| F|  |TAMS 0x000000070ca00000| PB 0x000000070ca00000| Untracked 
|  82|0x000000070cc00000, 0x000000070cc00000, 0x000000070ce00000|  0%| F|  |TAMS 0x000000070cc00000| PB 0x000000070cc00000| Untracked 
|  83|0x000000070ce00000, 0x000000070ce00000, 0x000000070d000000|  0%| F|  |TAMS 0x000000070ce00000| PB 0x000000070ce00000| Untracked 
|  84|0x000000070d000000, 0x000000070d000000, 0x000000070d200000|  0%| F|  |TAMS 0x000000070d000000| PB 0x000000070d000000| Untracked 
|  85|0x000000070d200000, 0x000000070d200000, 0x000000070d400000|  0%| F|  |TAMS 0x000000070d200000| PB 0x000000070d200000| Untracked 
|  86|0x000000070d400000, 0x000000070d400000, 0x000000070d600000|  0%| F|  |TAMS 0x000000070d400000| PB 0x000000070d400000| Untracked 
|  87|0x000000070d600000, 0x000000070d600000, 0x000000070d800000|  0%| F|  |TAMS 0x000000070d600000| PB 0x000000070d600000| Untracked 
|  88|0x000000070d800000, 0x000000070d800000, 0x000000070da00000|  0%| F|  |TAMS 0x000000070d800000| PB 0x000000070d800000| Untracked 
|  89|0x000000070da00000, 0x000000070da00000, 0x000000070dc00000|  0%| F|  |TAMS 0x000000070da00000| PB 0x000000070da00000| Untracked 
|  90|0x000000070dc00000, 0x000000070dc00000, 0x000000070de00000|  0%| F|  |TAMS 0x000000070dc00000| PB 0x000000070dc00000| Untracked 
|  91|0x000000070de00000, 0x000000070de00000, 0x000000070e000000|  0%| F|  |TAMS 0x000000070de00000| PB 0x000000070de00000| Untracked 
|  92|0x000000070e000000, 0x000000070e000000, 0x000000070e200000|  0%| F|  |TAMS 0x000000070e000000| PB 0x000000070e000000| Untracked 
|  93|0x000000070e200000, 0x000000070e200000, 0x000000070e400000|  0%| F|  |TAMS 0x000000070e200000| PB 0x000000070e200000| Untracked 
|  94|0x000000070e400000, 0x000000070e400000, 0x000000070e600000|  0%| F|  |TAMS 0x000000070e400000| PB 0x000000070e400000| Untracked 
|  95|0x000000070e600000, 0x000000070e600000, 0x000000070e800000|  0%| F|  |TAMS 0x000000070e600000| PB 0x000000070e600000| Untracked 
|  96|0x000000070e800000, 0x000000070e800000, 0x000000070ea00000|  0%| F|  |TAMS 0x000000070e800000| PB 0x000000070e800000| Untracked 
|  97|0x000000070ea00000, 0x000000070ea00000, 0x000000070ec00000|  0%| F|  |TAMS 0x000000070ea00000| PB 0x000000070ea00000| Untracked 
|  98|0x000000070ec00000, 0x000000070ec00000, 0x000000070ee00000|  0%| F|  |TAMS 0x000000070ec00000| PB 0x000000070ec00000| Untracked 
|  99|0x000000070ee00000, 0x000000070ee00000, 0x000000070f000000|  0%| F|  |TAMS 0x000000070ee00000| PB 0x000000070ee00000| Untracked 
| 100|0x000000070f000000, 0x000000070f000000, 0x000000070f200000|  0%| F|  |TAMS 0x000000070f000000| PB 0x000000070f000000| Untracked 
| 101|0x000000070f200000, 0x000000070f200000, 0x000000070f400000|  0%| F|  |TAMS 0x000000070f200000| PB 0x000000070f200000| Untracked 
| 102|0x000000070f400000, 0x000000070f400000, 0x000000070f600000|  0%| F|  |TAMS 0x000000070f400000| PB 0x000000070f400000| Untracked 
| 103|0x000000070f600000, 0x000000070f600000, 0x000000070f800000|  0%| F|  |TAMS 0x000000070f600000| PB 0x000000070f600000| Untracked 
| 104|0x000000070f800000, 0x000000070f800000, 0x000000070fa00000|  0%| F|  |TAMS 0x000000070f800000| PB 0x000000070f800000| Untracked 
| 105|0x000000070fa00000, 0x000000070fa00000, 0x000000070fc00000|  0%| F|  |TAMS 0x000000070fa00000| PB 0x000000070fa00000| Untracked 
| 106|0x000000070fc00000, 0x000000070fc00000, 0x000000070fe00000|  0%| F|  |TAMS 0x000000070fc00000| PB 0x000000070fc00000| Untracked 
| 107|0x000000070fe00000, 0x0000000710000000, 0x0000000710000000|100%| S|CS|TAMS 0x000000070fe00000| PB 0x000000070fe00000| Complete 
| 108|0x0000000710000000, 0x0000000710200000, 0x0000000710200000|100%| S|CS|TAMS 0x0000000710000000| PB 0x0000000710000000| Complete 
| 109|0x0000000710200000, 0x0000000710400000, 0x0000000710400000|100%| S|CS|TAMS 0x0000000710200000| PB 0x0000000710200000| Complete 
| 110|0x0000000710400000, 0x0000000710400000, 0x0000000710600000|  0%| F|  |TAMS 0x0000000710400000| PB 0x0000000710400000| Untracked 
| 111|0x0000000710600000, 0x0000000710600000, 0x0000000710800000|  0%| F|  |TAMS 0x0000000710600000| PB 0x0000000710600000| Untracked 
| 112|0x0000000710800000, 0x0000000710800000, 0x0000000710a00000|  0%| F|  |TAMS 0x0000000710800000| PB 0x0000000710800000| Untracked 
| 113|0x0000000710a00000, 0x0000000710a00000, 0x0000000710c00000|  0%| F|  |TAMS 0x0000000710a00000| PB 0x0000000710a00000| Untracked 
| 114|0x0000000710c00000, 0x0000000710c00000, 0x0000000710e00000|  0%| F|  |TAMS 0x0000000710c00000| PB 0x0000000710c00000| Untracked 
| 115|0x0000000710e00000, 0x0000000710e00000, 0x0000000711000000|  0%| F|  |TAMS 0x0000000710e00000| PB 0x0000000710e00000| Untracked 
| 116|0x0000000711000000, 0x0000000711000000, 0x0000000711200000|  0%| F|  |TAMS 0x0000000711000000| PB 0x0000000711000000| Untracked 
| 117|0x0000000711200000, 0x0000000711200000, 0x0000000711400000|  0%| F|  |TAMS 0x0000000711200000| PB 0x0000000711200000| Untracked 
| 118|0x0000000711400000, 0x0000000711400000, 0x0000000711600000|  0%| F|  |TAMS 0x0000000711400000| PB 0x0000000711400000| Untracked 
| 119|0x0000000711600000, 0x0000000711600000, 0x0000000711800000|  0%| F|  |TAMS 0x0000000711600000| PB 0x0000000711600000| Untracked 
| 120|0x0000000711800000, 0x0000000711800000, 0x0000000711a00000|  0%| F|  |TAMS 0x0000000711800000| PB 0x0000000711800000| Untracked 
| 121|0x0000000711a00000, 0x0000000711a00000, 0x0000000711c00000|  0%| F|  |TAMS 0x0000000711a00000| PB 0x0000000711a00000| Untracked 
| 122|0x0000000711c00000, 0x0000000711c00000, 0x0000000711e00000|  0%| F|  |TAMS 0x0000000711c00000| PB 0x0000000711c00000| Untracked 
| 123|0x0000000711e00000, 0x0000000711e00000, 0x0000000712000000|  0%| F|  |TAMS 0x0000000711e00000| PB 0x0000000711e00000| Untracked 
| 124|0x0000000712000000, 0x0000000712000000, 0x0000000712200000|  0%| F|  |TAMS 0x0000000712000000| PB 0x0000000712000000| Untracked 
| 125|0x0000000712200000, 0x0000000712200000, 0x0000000712400000|  0%| F|  |TAMS 0x0000000712200000| PB 0x0000000712200000| Untracked 
| 126|0x0000000712400000, 0x0000000712400000, 0x0000000712600000|  0%| F|  |TAMS 0x0000000712400000| PB 0x0000000712400000| Untracked 

Card table byte_map: [0x000002457b670000,0x000002457be60000] _byte_map_base: 0x0000024577e5c000

Marking Bits: (CMBitMap*) 0x0000024572702e80
 Bits: [0x000002457be60000, 0x000002457fdc0000)

Polling page: 0x00000245705e0000

Metaspace:

Usage:
  Non-class:      9.11 MB used.
      Class:      1.17 MB used.
       Both:     10.27 MB used.

Virtual space:
  Non-class space:       64.00 MB reserved,       9.19 MB ( 14%) committed,  1 nodes.
      Class space:        1.00 GB reserved,       1.25 MB ( <1%) committed,  1 nodes.
             Both:        1.06 GB reserved,      10.44 MB ( <1%) committed. 

Chunk freelists:
   Non-Class:  6.02 MB
       Class:  14.78 MB
        Both:  20.80 MB

MaxMetaspaceSize: unlimited
CompressedClassSpaceSize: 1.00 GB
Initial GC threshold: 21.00 MB
Current GC threshold: 21.00 MB
CDS: on
 - commit_granule_bytes: 65536.
 - commit_granule_words: 8192.
 - virtual_space_node_default_size: 8388608.
 - enlarge_chunks_in_place: 1.
 - use_allocation_guard: 0.


Internal statistics:

num_allocs_failed_limit: 0.
num_arena_births: 134.
num_arena_deaths: 0.
num_vsnodes_births: 2.
num_vsnodes_deaths: 0.
num_space_committed: 166.
num_space_uncommitted: 0.
num_chunks_returned_to_freelist: 0.
num_chunks_taken_from_freelist: 351.
num_chunk_merges: 0.
num_chunk_splits: 234.
num_chunks_enlarged: 173.
num_inconsistent_stats: 0.

CodeHeap 'non-profiled nmethods': size=120000Kb used=1061Kb max_used=1061Kb free=118939Kb
 bounds [0x0000024507ad0000, 0x0000024507d40000, 0x000002450f000000]
CodeHeap 'profiled nmethods': size=120000Kb used=3511Kb max_used=3511Kb free=116488Kb
 bounds [0x0000024500000000, 0x0000024500370000, 0x0000024507530000]
CodeHeap 'non-nmethods': size=5760Kb used=1440Kb max_used=1518Kb free=4319Kb
 bounds [0x0000024507530000, 0x00000245077a0000, 0x0000024507ad0000]
 total_blobs=2428 nmethods=1899 adapters=434
 compilation: enabled
              stopped_count=0, restarted_count=0
 full_count=0

Compilation events (20 events):
Event: 2.523 Thread 0x000002451183f050 1893       3       java.util.HashMap$EntryIterator::next (5 bytes)
Event: 2.523 Thread 0x000002451183f050 nmethod 1893 0x0000024500369610 code [0x00000245003697c0, 0x00000245003698f8]
Event: 2.523 Thread 0x000002451183f050 1894       3       com.optimaize.langdetect.profiles.LanguageProfileBuilder::addGram (97 bytes)
Event: 2.523 Thread 0x000002451183e2b0 1895       4       java.lang.Integer::valueOf (32 bytes)
Event: 2.525 Thread 0x000002451183f050 nmethod 1894 0x0000024500369990 code [0x0000024500369c80, 0x000002450036af00]
Event: 2.525 Thread 0x000002451183f050 1896       3       java.lang.Integer::hashCode (8 bytes)
Event: 2.525 Thread 0x000002451183f050 nmethod 1896 0x000002450036b510 code [0x000002450036b6c0, 0x000002450036b828]
Event: 2.525 Thread 0x000002451183e2b0 nmethod 1895 0x0000024507bd8110 code [0x0000024507bd82a0, 0x0000024507bd83a0]
Event: 2.534 Thread 0x000002451183e2b0 1897   !   4       java.util.concurrent.ConcurrentHashMap::transfer (849 bytes)
Event: 2.540 Thread 0x000002451183f050 1898       1       java.lang.Long::longValue (5 bytes)
Event: 2.540 Thread 0x000002451183f050 nmethod 1898 0x0000024507bd8490 code [0x0000024507bd8620, 0x0000024507bd86e8]
Event: 2.540 Thread 0x000002451183f050 1899       3       java.util.HashMap$ValueIterator::next (8 bytes)
Event: 2.540 Thread 0x000002451183f050 nmethod 1899 0x000002450036b910 code [0x000002450036bac0, 0x000002450036bc00]
Event: 2.546 Thread 0x000002451183f720 nmethod 1891 0x0000024507bd8790 code [0x0000024507bd8960, 0x0000024507bd90b0]
Event: 2.546 Thread 0x000002451183f720 1901       4       java.util.HashMap$HashIterator::nextNode (100 bytes)
Event: 2.549 Thread 0x000002451183f050 1902 %     3       java.io.BufferedReader::implReadLine @ 125 (301 bytes)
Event: 2.551 Thread 0x000002451183f050 nmethod 1902% 0x000002450036bd10 code [0x000002450036c020, 0x000002450036d220]
Event: 2.551 Thread 0x000002451183f050 1903 %     3       java.lang.StringUTF16::putChars @ 0 (24 bytes)
Event: 2.551 Thread 0x000002451183f050 nmethod 1903% 0x000002450036d910 code [0x000002450036dac0, 0x000002450036dd40]
Event: 2.552 Thread 0x000002451183f050 1904       3       java.io.BufferedReader::implReadLine (301 bytes)

GC Heap History (11 events):
Event: 0.918 GC heap before
{Heap before GC invocations=0 (full 0):
 garbage-first heap   total 260096K, used 20480K [0x0000000702800000, 0x0000000800000000)
  region size 2048K, 11 young (22528K), 0 survivors (0K)
 Metaspace       used 5799K, committed 5952K, reserved 1114112K
  class space    used 729K, committed 832K, reserved 1048576K
}
Event: 0.924 GC heap after
{Heap after GC invocations=1 (full 0):
 garbage-first heap   total 260096K, used 8062K [0x0000000702800000, 0x0000000800000000)
  region size 2048K, 2 young (4096K), 2 survivors (4096K)
 Metaspace       used 5799K, committed 5952K, reserved 1114112K
  class space    used 729K, committed 832K, reserved 1048576K
}
Event: 1.400 GC heap before
{Heap before GC invocations=1 (full 0):
 garbage-first heap   total 260096K, used 30590K [0x0000000702800000, 0x0000000800000000)
  region size 2048K, 13 young (26624K), 2 survivors (4096K)
 Metaspace       used 9970K, committed 10176K, reserved 1114112K
  class space    used 1133K, committed 1216K, reserved 1048576K
}
Event: 1.407 GC heap after
{Heap after GC invocations=2 (full 0):
 garbage-first heap   total 260096K, used 12333K [0x0000000702800000, 0x0000000800000000)
  region size 2048K, 2 young (4096K), 2 survivors (4096K)
 Metaspace       used 9970K, committed 10176K, reserved 1114112K
  class space    used 1133K, committed 1216K, reserved 1048576K
}
Event: 1.948 GC heap before
{Heap before GC invocations=2 (full 0):
 garbage-first heap   total 260096K, used 61485K [0x0000000702800000, 0x0000000800000000)
  region size 2048K, 26 young (53248K), 2 survivors (4096K)
 Metaspace       used 10121K, committed 10304K, reserved 1114112K
  class space    used 1143K, committed 1216K, reserved 1048576K
}
Event: 1.968 GC heap after
{Heap after GC invocations=3 (full 0):
 garbage-first heap   total 260096K, used 23147K [0x0000000702800000, 0x0000000800000000)
  region size 2048K, 4 young (8192K), 4 survivors (8192K)
 Metaspace       used 10121K, committed 10304K, reserved 1114112K
  class space    used 1143K, committed 1216K, reserved 1048576K
}
Event: 2.118 GC heap before
{Heap before GC invocations=3 (full 0):
 garbage-first heap   total 260096K, used 53867K [0x0000000702800000, 0x0000000800000000)
  region size 2048K, 18 young (36864K), 4 survivors (8192K)
 Metaspace       used 10123K, committed 10304K, reserved 1114112K
  class space    used 1143K, committed 1216K, reserved 1048576K
}
Event: 2.138 GC heap after
{Heap after GC invocations=4 (full 0):
 garbage-first heap   total 260096K, used 32091K [0x0000000702800000, 0x0000000800000000)
  region size 2048K, 3 young (6144K), 3 survivors (6144K)
 Metaspace       used 10123K, committed 10304K, reserved 1114112K
  class space    used 1143K, committed 1216K, reserved 1048576K
}
Event: 2.311 GC heap before
{Heap before GC invocations=4 (full 0):
 garbage-first heap   total 260096K, used 68955K [0x0000000702800000, 0x0000000800000000)
  region size 2048K, 21 young (43008K), 3 survivors (6144K)
 Metaspace       used 10132K, committed 10304K, reserved 1114112K
  class space    used 1144K, committed 1216K, reserved 1048576K
}
Event: 2.334 GC heap after
{Heap after GC invocations=5 (full 0):
 garbage-first heap   total 260096K, used 41714K [0x0000000702800000, 0x0000000800000000)
  region size 2048K, 3 young (6144K), 3 survivors (6144K)
 Metaspace       used 10132K, committed 10304K, reserved 1114112K
  class space    used 1144K, committed 1216K, reserved 1048576K
}
Event: 2.553 GC heap before
{Heap before GC invocations=5 (full 0):
 garbage-first heap   total 260096K, used 78578K [0x0000000702800000, 0x0000000800000000)
  region size 2048K, 20 young (40960K), 3 survivors (6144K)
 Metaspace       used 10521K, committed 10688K, reserved 1114112K
  class space    used 1194K, committed 1280K, reserved 1048576K
}

Dll operation events (6 events):
Event: 0.008 Loaded shared library C:\Program Files\Java\jdk-21\bin\java.dll
Event: 0.044 Loaded shared library C:\Program Files\Java\jdk-21\bin\jsvml.dll
Event: 0.068 Loaded shared library C:\Program Files\Java\jdk-21\bin\net.dll
Event: 0.070 Loaded shared library C:\Program Files\Java\jdk-21\bin\nio.dll
Event: 0.073 Loaded shared library C:\Program Files\Java\jdk-21\bin\zip.dll
Event: 0.087 Loaded shared library C:\Program Files\Java\jdk-21\bin\jimage.dll

Deoptimization events (20 events):
Event: 2.503 Thread 0x0000024570500cc0 Uncommon trap: trap_request=0xffffffde fr.pc=0x0000024507bc8584 relative=0x0000000000000244
Event: 2.503 Thread 0x0000024570500cc0 Uncommon trap: reason=class_check action=maybe_recompile pc=0x0000024507bc8584 method=java.util.regex.Pattern$GroupHead.match(Ljava/util/regex/Matcher;ILjava/lang/CharSequence;)Z @ 28 c2
Event: 2.503 Thread 0x0000024570500cc0 DEOPT PACKING pc=0x0000024507bc8584 sp=0x0000006d871fec80
Event: 2.503 Thread 0x0000024570500cc0 DEOPT UNPACKING pc=0x00000245075846a2 sp=0x0000006d871fec28 mode 2
Event: 2.504 Thread 0x0000024570500cc0 Uncommon trap: trap_request=0xffffffde fr.pc=0x0000024507b95910 relative=0x0000000000000750
Event: 2.504 Thread 0x0000024570500cc0 Uncommon trap: reason=class_check action=maybe_recompile pc=0x0000024507b95910 method=java.util.regex.Matcher.getSubSequence(II)Ljava/lang/CharSequence; @ 6 c2
Event: 2.504 Thread 0x0000024570500cc0 DEOPT PACKING pc=0x0000024507b95910 sp=0x0000006d871fefd0
Event: 2.504 Thread 0x0000024570500cc0 DEOPT UNPACKING pc=0x00000245075846a2 sp=0x0000006d871fef40 mode 2
Event: 2.504 Thread 0x0000024570500cc0 Uncommon trap: trap_request=0xffffffde fr.pc=0x0000024507b8e924 relative=0x0000000000000244
Event: 2.504 Thread 0x0000024570500cc0 Uncommon trap: reason=class_check action=maybe_recompile pc=0x0000024507b8e924 method=java.util.regex.Matcher.search(I)Z @ 121 c2
Event: 2.504 Thread 0x0000024570500cc0 DEOPT PACKING pc=0x0000024507b8e924 sp=0x0000006d871ff020
Event: 2.504 Thread 0x0000024570500cc0 DEOPT UNPACKING pc=0x00000245075846a2 sp=0x0000006d871fef38 mode 2
Event: 2.504 Thread 0x0000024570500cc0 Uncommon trap: trap_request=0xffffffde fr.pc=0x0000024507bc8584 relative=0x0000000000000244
Event: 2.504 Thread 0x0000024570500cc0 Uncommon trap: reason=class_check action=maybe_recompile pc=0x0000024507bc8584 method=java.util.regex.Pattern$GroupHead.match(Ljava/util/regex/Matcher;ILjava/lang/CharSequence;)Z @ 28 c2
Event: 2.504 Thread 0x0000024570500cc0 DEOPT PACKING pc=0x0000024507bc8584 sp=0x0000006d871fec80
Event: 2.504 Thread 0x0000024570500cc0 DEOPT UNPACKING pc=0x00000245075846a2 sp=0x0000006d871fec28 mode 2
Event: 2.504 Thread 0x0000024570500cc0 Uncommon trap: trap_request=0xffffffde fr.pc=0x0000024507b95910 relative=0x0000000000000750
Event: 2.504 Thread 0x0000024570500cc0 Uncommon trap: reason=class_check action=maybe_recompile pc=0x0000024507b95910 method=java.util.regex.Matcher.getSubSequence(II)Ljava/lang/CharSequence; @ 6 c2
Event: 2.504 Thread 0x0000024570500cc0 DEOPT PACKING pc=0x0000024507b95910 sp=0x0000006d871fefd0
Event: 2.504 Thread 0x0000024570500cc0 DEOPT UNPACKING pc=0x00000245075846a2 sp=0x0000006d871fef40 mode 2

Classes loaded (20 events):
Event: 1.720 Loading class sun/text/resources/BreakIteratorResources_en
Event: 1.720 Loading class sun/text/resources/BreakIteratorResources_en done
Event: 1.720 Loading class sun/text/resources/BreakIteratorResources_en_US
Event: 1.720 Loading class sun/text/resources/BreakIteratorResources_en_US done
Event: 1.721 Loading class sun/text/RuleBasedBreakIterator
Event: 1.721 Loading class sun/text/RuleBasedBreakIterator done
Event: 1.723 Loading class sun/text/CompactByteArray
Event: 1.723 Loading class sun/text/CompactByteArray done
Event: 1.724 Loading class sun/text/SupplementaryCharacterData
Event: 1.724 Loading class sun/text/SupplementaryCharacterData done
Event: 1.724 Loading class java/text/BreakIterator$BreakIteratorCache
Event: 1.724 Loading class java/text/BreakIterator$BreakIteratorCache done
Event: 1.725 Loading class java/text/StringCharacterIterator
Event: 1.725 Loading class java/text/CharacterIterator
Event: 1.725 Loading class java/text/CharacterIterator done
Event: 1.725 Loading class java/text/StringCharacterIterator done
Event: 2.460 Loading class java/io/FileFilter
Event: 2.460 Loading class java/io/FileFilter done
Event: 2.517 Loading class java/util/NoSuchElementException
Event: 2.517 Loading class java/util/NoSuchElementException done

Classes unloaded (0 events):
No events

Classes redefined (0 events):
No events

Internal exceptions (10 events):
Event: 0.341 Thread 0x0000024570500cc0 Exception <a 'java/lang/NoSuchMethodError'{0x0000000711af9fc8}: 'void java.lang.invoke.DirectMethodHandle$Holder.invokeStatic(java.lang.Object, java.lang.Object, java.lang.Object)'> (0x0000000711af9fc8) 
thrown [s\open\src\hotspot\share\interpreter\linkResolver.cpp, line 773]
Event: 0.452 Thread 0x0000024570500cc0 Exception <a 'java/lang/NoSuchMethodError'{0x000000071184be68}: 'void java.lang.invoke.DirectMethodHandle$Holder.invokeSpecialIFC(java.lang.Object, java.lang.Object, java.lang.Object, java.lang.Object, java.lang.Object)'> (0x000000071184be68) 
thrown [s\open\src\hotspot\share\interpreter\linkResolver.cpp, line 773]
Event: 0.455 Thread 0x0000024570500cc0 Exception <a 'java/lang/NoSuchMethodError'{0x0000000711853ed8}: 'void java.lang.invoke.DirectMethodHandle$Holder.invokeStatic(java.lang.Object, java.lang.Object, java.lang.Object, java.lang.Object)'> (0x0000000711853ed8) 
thrown [s\open\src\hotspot\share\interpreter\linkResolver.cpp, line 773]
Event: 0.457 Thread 0x0000024570500cc0 Exception <a 'java/lang/NoSuchMethodError'{0x000000071185c3a8}: 'int java.lang.invoke.DirectMethodHandle$Holder.invokeSpecial(java.lang.Object, java.lang.Object, java.lang.Object)'> (0x000000071185c3a8) 
thrown [s\open\src\hotspot\share\interpreter\linkResolver.cpp, line 773]
Event: 0.485 Thread 0x0000024570500cc0 Exception <a 'java/lang/NoSuchMethodError'{0x00000007119097c8}: 'java.lang.Object java.lang.invoke.DirectMethodHandle$Holder.invokeStaticInit(java.lang.Object, java.lang.Object, java.lang.Object)'> (0x00000007119097c8) 
thrown [s\open\src\hotspot\share\interpreter\linkResolver.cpp, line 773]
Event: 0.729 Thread 0x0000024570500cc0 Exception <a 'java/lang/NoSuchMethodError'{0x0000000711536a30}: 'java.lang.Object java.lang.invoke.DirectMethodHandle$Holder.invokeSpecial(java.lang.Object, java.lang.Object, java.lang.Object, long, java.lang.Object)'> (0x0000000711536a30) 
thrown [s\open\src\hotspot\share\interpreter\linkResolver.cpp, line 773]
Event: 0.730 Thread 0x0000024570500cc0 Exception <a 'java/lang/NoSuchMethodError'{0x000000071153a390}: 'java.lang.Object java.lang.invoke.Invokers$Holder.linkToTargetMethod(java.lang.Object, long, java.lang.Object, java.lang.Object)'> (0x000000071153a390) 
thrown [s\open\src\hotspot\share\interpreter\linkResolver.cpp, line 773]
Event: 1.017 Thread 0x0000024570500cc0 Exception <a 'java/lang/ClassNotFoundException'{0x000000071235c898}: com/sun/org/apache/xerces/internal/impl/xpath/regex/spi/messageProvider> (0x000000071235c898) 
thrown [s\open\src\hotspot\share\classfile\systemDictionary.cpp, line 312]
Event: 1.231 Thread 0x0000024570500cc0 Exception <a 'java/lang/NoSuchMethodError'{0x0000000711c6f750}: 'java.lang.Object java.lang.invoke.DirectMethodHandle$Holder.invokeInterface(java.lang.Object, java.lang.Object)'> (0x0000000711c6f750) 
thrown [s\open\src\hotspot\share\interpreter\linkResolver.cpp, line 773]
Event: 1.232 Thread 0x0000024570500cc0 Exception <a 'java/lang/IncompatibleClassChangeError'{0x0000000711c729c8}: Found class java.lang.Object, but interface was expected> (0x0000000711c729c8) 
thrown [s\open\src\hotspot\share\interpreter\linkResolver.cpp, line 840]

ZGC Phase Switch (0 events):
No events

VM Operations (20 events):
Event: 0.945 Executing VM operation: HandshakeAllThreads (Deoptimize) done
Event: 1.049 Executing VM operation: HandshakeAllThreads (Deoptimize)
Event: 1.049 Executing VM operation: HandshakeAllThreads (Deoptimize) done
Event: 1.079 Executing VM operation: HandshakeAllThreads (Deoptimize)
Event: 1.079 Executing VM operation: HandshakeAllThreads (Deoptimize) done
Event: 1.080 Executing VM operation: HandshakeAllThreads (Deoptimize)
Event: 1.080 Executing VM operation: HandshakeAllThreads (Deoptimize) done
Event: 1.236 Executing VM operation: HandshakeAllThreads (Deoptimize)
Event: 1.236 Executing VM operation: HandshakeAllThreads (Deoptimize) done
Event: 1.400 Executing VM operation: G1CollectForAllocation (G1 Evacuation Pause)
Event: 1.407 Executing VM operation: G1CollectForAllocation (G1 Evacuation Pause) done
Event: 1.919 Executing VM operation: ThreadDump
Event: 1.920 Executing VM operation: ThreadDump done
Event: 1.948 Executing VM operation: G1CollectForAllocation (G1 Evacuation Pause)
Event: 1.968 Executing VM operation: G1CollectForAllocation (G1 Evacuation Pause) done
Event: 2.118 Executing VM operation: G1CollectForAllocation (G1 Evacuation Pause)
Event: 2.138 Executing VM operation: G1CollectForAllocation (G1 Evacuation Pause) done
Event: 2.311 Executing VM operation: G1CollectForAllocation (G1 Evacuation Pause)
Event: 2.334 Executing VM operation: G1CollectForAllocation (G1 Evacuation Pause) done
Event: 2.553 Executing VM operation: G1CollectForAllocation (G1 Evacuation Pause)

Events (17 events):
Event: 0.025 Thread 0x0000024570500cc0 Thread added: 0x0000024570500cc0
Event: 0.041 Thread 0x000002451182c060 Thread added: 0x000002451182c060
Event: 0.041 Thread 0x000002451182cd70 Thread added: 0x000002451182cd70
Event: 0.042 Thread 0x000002451182e7d0 Thread added: 0x000002451182e7d0
Event: 0.042 Thread 0x000002451182f580 Thread added: 0x000002451182f580
Event: 0.042 Thread 0x000002451182ffd0 Thread added: 0x000002451182ffd0
Event: 0.042 Thread 0x0000024511830a20 Thread added: 0x0000024511830a20
Event: 0.042 Thread 0x000002451183b7c0 Thread added: 0x000002451183b7c0
Event: 0.042 Thread 0x000002451183f050 Thread added: 0x000002451183f050
Event: 0.062 Thread 0x0000024511ab9da0 Thread added: 0x0000024511ab9da0
Event: 0.065 Thread 0x0000024511abec30 Thread added: 0x0000024511abec30
Event: 0.148 Thread 0x000002451183f720 Thread added: 0x000002451183f720
Event: 0.153 Thread 0x0000024511841260 Thread added: 0x0000024511841260
Event: 0.292 Thread 0x0000024511841260 Thread exited: 0x0000024511841260
Event: 0.917 Thread 0x00000245574a08a0 Thread added: 0x00000245574a08a0
Event: 0.933 Thread 0x0000024557a70dd0 Thread added: 0x0000024557a70dd0
Event: 1.291 Thread 0x000002451183e2b0 Thread added: 0x000002451183e2b0


Dynamic libraries:
0x00007ff6c3b60000 - 0x00007ff6c3b70000 	C:\Program Files\Java\jdk-21\bin\java.EXE
0x00007ffcf0ad0000 - 0x00007ffcf0cc8000 	C:\Windows\SYSTEM32\ntdll.dll
0x00007ffceffc0000 - 0x00007ffcf0082000 	C:\Windows\System32\KERNEL32.DLL
0x00007ffcee5f0000 - 0x00007ffcee8e6000 	C:\Windows\System32\KERNELBASE.dll
0x00007ffcee300000 - 0x00007ffcee400000 	C:\Windows\System32\ucrtbase.dll
0x00007ffcae720000 - 0x00007ffcae73b000 	C:\Program Files\Java\jdk-21\bin\VCRUNTIME140.dll
0x00007ffcaf6e0000 - 0x00007ffcaf6f9000 	C:\Program Files\Java\jdk-21\bin\jli.dll
0x00007ffcf0340000 - 0x00007ffcf03f1000 	C:\Windows\System32\ADVAPI32.dll
0x00007ffcf0440000 - 0x00007ffcf04de000 	C:\Windows\System32\msvcrt.dll
0x00007ffceff20000 - 0x00007ffceffbf000 	C:\Windows\System32\sechost.dll
0x00007ffcf0910000 - 0x00007ffcf0a30000 	C:\Windows\System32\RPCRT4.dll
0x00007ffceea20000 - 0x00007ffceea47000 	C:\Windows\System32\bcrypt.dll
0x00007ffcf0180000 - 0x00007ffcf0321000 	C:\Windows\System32\USER32.dll
0x00007ffcee940000 - 0x00007ffcee962000 	C:\Windows\System32\win32u.dll
0x00007ffcd86b0000 - 0x00007ffcd894b000 	C:\Windows\WinSxS\amd64_microsoft.windows.common-controls_6595b64144ccf1df_6.0.19041.6456_none_60b8a6cb71f64256\COMCTL32.dll
0x00007ffcf0400000 - 0x00007ffcf042b000 	C:\Windows\System32\GDI32.dll
0x00007ffcee1e0000 - 0x00007ffcee2f9000 	C:\Windows\System32\gdi32full.dll
0x00007ffceea50000 - 0x00007ffceeaed000 	C:\Windows\System32\msvcp_win.dll
0x00007ffce5120000 - 0x00007ffce512a000 	C:\Windows\SYSTEM32\VERSION.dll
0x00007ffcefb90000 - 0x00007ffcefbbf000 	C:\Windows\System32\IMM32.DLL
0x00007ffcc8a30000 - 0x00007ffcc8a3c000 	C:\Program Files\Java\jdk-21\bin\vcruntime140_1.dll
0x00007ffca48c0000 - 0x00007ffca494e000 	C:\Program Files\Java\jdk-21\bin\msvcp140.dll
0x00007ffc68680000 - 0x00007ffc6939a000 	C:\Program Files\Java\jdk-21\bin\server\jvm.dll
0x00007ffcf00f0000 - 0x00007ffcf015b000 	C:\Windows\System32\WS2_32.dll
0x00007ffcd8a20000 - 0x00007ffcd8a47000 	C:\Windows\SYSTEM32\WINMM.dll
0x00007ffced6a0000 - 0x00007ffced6eb000 	C:\Windows\SYSTEM32\POWRPROF.dll
0x00007ffced560000 - 0x00007ffced572000 	C:\Windows\SYSTEM32\UMPDC.dll
0x00007ffcec970000 - 0x00007ffcec982000 	C:\Windows\SYSTEM32\kernel.appcore.dll
0x00007ffcc46c0000 - 0x00007ffcc46ca000 	C:\Program Files\Java\jdk-21\bin\jimage.dll
0x00007ffceb030000 - 0x00007ffceb231000 	C:\Windows\SYSTEM32\DBGHELP.DLL
0x00007ffcda540000 - 0x00007ffcda574000 	C:\Windows\SYSTEM32\dbgcore.DLL
0x00007ffcee400000 - 0x00007ffcee482000 	C:\Windows\System32\bcryptPrimitives.dll
0x00007ffca8890000 - 0x00007ffca88af000 	C:\Program Files\Java\jdk-21\bin\java.dll
0x00007ffceefc0000 - 0x00007ffcef730000 	C:\Windows\System32\SHELL32.dll
0x00007ffcec180000 - 0x00007ffcec925000 	C:\Windows\SYSTEM32\windows.storage.dll
0x00007ffcefbc0000 - 0x00007ffceff14000 	C:\Windows\System32\combase.dll
0x00007ffcedb90000 - 0x00007ffcedbbb000 	C:\Windows\SYSTEM32\Wldp.dll
0x00007ffcef730000 - 0x00007ffcef7fd000 	C:\Windows\System32\OLEAUT32.dll
0x00007ffcf0740000 - 0x00007ffcf07ed000 	C:\Windows\System32\SHCORE.dll
0x00007ffcf0090000 - 0x00007ffcf00eb000 	C:\Windows\System32\shlwapi.dll
0x00007ffcee090000 - 0x00007ffcee0b4000 	C:\Windows\SYSTEM32\profapi.dll
0x00007ffca2dd0000 - 0x00007ffca2ea7000 	C:\Program Files\Java\jdk-21\bin\jsvml.dll
0x00007ffcc4130000 - 0x00007ffcc4140000 	C:\Program Files\Java\jdk-21\bin\net.dll
0x00007ffceb6c0000 - 0x00007ffceb7ca000 	C:\Windows\SYSTEM32\WINHTTP.dll
0x00007ffced8f0000 - 0x00007ffced95a000 	C:\Windows\system32\mswsock.dll
0x00007ffca6ee0000 - 0x00007ffca6ef6000 	C:\Program Files\Java\jdk-21\bin\nio.dll
0x00007ffca5260000 - 0x00007ffca5278000 	C:\Program Files\Java\jdk-21\bin\zip.dll

dbghelp: loaded successfully - version: 4.0.5 - missing functions: none
symbol engine: initialized successfully - sym options: 0x614 - pdb path: .;C:\Program Files\Java\jdk-21\bin;C:\Windows\SYSTEM32;C:\Windows\WinSxS\amd64_microsoft.windows.common-controls_6595b64144ccf1df_6.0.19041.6456_none_60b8a6cb71f64256;C:\Program Files\Java\jdk-21\bin\server

VM Arguments:
java_command: org.languagetool.server.HTTPServer -p 8507
java_class_path (initial): C:\Users\AHSAN\.cache\language_tool_python\LanguageTool-6.8-SNAPSHOT\languagetool-server.jar
Launcher Type: SUN_STANDARD

[Global flags]
     intx CICompilerCount                          = 4                                         {product} {ergonomic}
     uint ConcGCThreads                            = 2                                         {product} {ergonomic}
     uint G1ConcRefinementThreads                  = 8                                         {product} {ergonomic}
   size_t G1HeapRegionSize                         = 2097152                                   {product} {ergonomic}
    uintx GCDrainStackTargetSize                   = 64                                        {product} {ergonomic}
   size_t InitialHeapSize                          = 266338304                                 {product} {ergonomic}
   size_t MarkStackSize                            = 4194304                                   {product} {ergonomic}
   size_t MaxHeapSize                              = 4253024256                                {product} {ergonomic}
   size_t MaxNewSize                               = 2550136832                                {product} {ergonomic}
   size_t MinHeapDeltaBytes                        = 2097152                                   {product} {ergonomic}
   size_t MinHeapSize                              = 8388608                                   {product} {ergonomic}
    uintx NonNMethodCodeHeapSize                   = 5839372                                {pd product} {ergonomic}
    uintx NonProfiledCodeHeapSize                  = 122909434                              {pd product} {ergonomic}
    uintx ProfiledCodeHeapSize                     = 122909434                              {pd product} {ergonomic}
    uintx ReservedCodeCacheSize                    = 251658240                              {pd product} {ergonomic}
     bool SegmentedCodeCache                       = true                                      {product} {ergonomic}
   size_t SoftMaxHeapSize                          = 4253024256                             {manageable} {ergonomic}
     bool UseCompressedOops                        = true                           {product lp64_product} {ergonomic}
     bool UseG1GC                                  = true                                      {product} {ergonomic}
     bool UseLargePagesIndividualAllocation        = false                                  {pd product} {ergonomic}

Logging:
Log output configuration:
 #0: stdout all=warning uptime,level,tags foldmultilines=false
 #1: stderr all=off uptime,level,tags foldmultilines=false

Environment Variables:
JAVA_HOME=C:\Program Files\Java\jdk-21
PATH=C:\Users\AHSAN\Desktop\digango\venv\Scripts;C:\Users\AHSAN\Desktop\digango\venv\Scripts;C:\Program Files\Common Files\Oracle\Java\javapath;C:\Windows\system32;C:\Windows;C:\Windows\System32\Wbem;C:\Windows\System32\WindowsPowerShell\v1.0\;C:\Windows\System32\OpenSSH\;C:\Program Files\nodejs\;C:\Program Files\Java\jdk-21\bin;C:\Program Files\Intel\WiFi\bin\;C:\Program Files\Common Files\Intel\WirelessCommon\;C:\Users\AHSAN\AppData\Local\Programs\Python\Python314\Scripts\;C:\Users\AHSAN\AppData\Local\Programs\Python\Python314\;C:\Users\AHSAN\AppData\Local\Microsoft\WindowsApps;C:\Users\AHSAN\AppData\Local\Programs\Microsoft VS Code\bin;C:\Users\AHSAN\AppData\Roaming\npm;C:\Users\AHSAN\AppData\Local\Programs\Windsurf\bin
USERNAME=AHSAN
LANG=en_US.UTF-8
OS=Windows_NT
PROCESSOR_IDENTIFIER=Intel64 Family 6 Model 142 Stepping 10, GenuineIntel
TMP=C:\Users\AHSAN\AppData\Local\Temp
TEMP=C:\Users\AHSAN\AppData\Local\Temp




Periodic native trim disabled

---------------  S Y S T E M  ---------------

OS:
 Windows 10 , 64 bit Build 19041 (10.0.19041.5915)
OS uptime: 17 days 21:43 hours

CPU: total 8 (initial active 8) (4 cores per cpu, 2 threads per core) family 6 model 142 stepping 10 microcode 0xf0, cx8, cmov, fxsr, ht, mmx, 3dnowpref, sse, sse2, sse3, ssse3, sse4.1, sse4.2, popcnt, lzcnt, tsc, tscinvbit, avx, avx2, aes, erms, clmul, bmi1, bmi2, rtm, adx, fma, vzeroupper, clflush, clflushopt, rdtscp, f16c
Processor Information for all 8 processors :
  Max Mhz: 2112, Current Mhz: 1910, Mhz Limit: 1900

Memory: 4k page, system-wide physical 16217M (1885M free)
TotalPageFile size 29014M (AvailPageFile size 129M)
current process WorkingSet (physical memory assigned to process): 191M, peak: 191M
current process commit charge ("private bytes"): 389M, peak: 593M

vm_info: Java HotSpot(TM) 64-Bit Server VM (21.0.7+8-LTS-245) for windows-amd64 JRE (21.0.7+8-LTS-245), built on 2025-02-21T05:11:27Z by "mach5one" with MS VC++ 17.6 (VS2022)

END.
