#
# There is insufficient memory for the Java Runtime Environment to continue.
# Native memory allocation (malloc) failed to allocate 334736 bytes for Chunk::new
# Possible reasons:
#   The system is out of physical RAM or swap space
#   The process is running with CompressedOops enabled, and the Java Heap may be blocking the growth of the native heap
# Possible solutions:
#   Reduce memory load on the system
#   Increase physical memory or swap space
#   Check if swap backing store is full
#   Decrease Java heap size (-Xmx/-Xms)
#   Decrease number of Java threads
#   Decrease Java thread stack sizes (-Xss)
#   Set larger code cache with -XX:ReservedCodeCacheSize=
#   JVM is running with Zero Based Compressed Oops mode in which the Java heap is
#     placed in the first 32GB address space. The Java Heap base address is the
#     maximum limit for the native heap growth. Please use -XX:HeapBaseMinAddress
#     to set the Java Heap base and to place the Java Heap above 32GB virtual address.
# This output file may be truncated or incomplete.
#
#  Out of Memory Error (arena.cpp:168), pid=4960, tid=21124
#
# JRE version: Java(TM) SE Runtime Environment (21.0.7+8) (build 21.0.7+8-LTS-245)
# Java VM: Java HotSpot(TM) 64-Bit Server VM (21.0.7+8-LTS-245, mixed mode, sharing, tiered, compressed oops, compressed class ptrs, g1 gc, windows-amd64)
# No core dump will be written. Minidumps are not enabled by default on client versions of Windows
#

---------------  S U M M A R Y ------------

Command Line: org.languagetool.server.HTTPServer -p 8949

Host: Intel(R) Core(TM) i7-8650U CPU @ 1.90GHz, 8 cores, 15G,  Windows 10 , 64 bit Build 19041 (10.0.19041.5915)
Time: Sat Jan 10 07:21:07 2026 Pakistan Standard Time elapsed time: 2.079337 seconds (0d 0h 0m 2s)

---------------  T H R E A D  ---------------

Current thread (0x000001922755ba10):  JavaThread "C2 CompilerThread0" daemon [_thread_in_native, id=21124, stack(0x0000000efe500000,0x0000000efe600000) (1024K)]


Current CompileTask:
C2:   2079 1442       4       jdk.internal.loader.URLClassPath::getResource (74 bytes)

Stack: [0x0000000efe500000,0x0000000efe600000]
Native frames: (J=compiled Java code, j=interpreted, Vv=VM code, C=native code)
V  [jvm.dll+0x6cae19]
V  [jvm.dll+0x855741]
V  [jvm.dll+0x857c6e]
V  [jvm.dll+0x858343]
V  [jvm.dll+0x27e0b6]
V  [jvm.dll+0xc4ecd]
V  [jvm.dll+0xc5403]
V  [jvm.dll+0x3b5752]
V  [jvm.dll+0x381e25]
V  [jvm.dll+0x38129a]
V  [jvm.dll+0x246b30]
V  [jvm.dll+0x24610f]
V  [jvm.dll+0x1c6efe]
V  [jvm.dll+0x255819]
V  [jvm.dll+0x253daa]
V  [jvm.dll+0x3eebb6]
V  [jvm.dll+0x7ffa1b]
V  [jvm.dll+0x6c94fd]
C  [ucrtbase.dll+0x21bb2]
C  [KERNEL32.DLL+0x17374]
C  [ntdll.dll+0x4cc91]


---------------  P R O C E S S  ---------------

Threads class SMR info:
_java_thread_list=0x0000019227a9e220, length=13, elements={
0x00000192061e2750, 0x000001922753ff80, 0x0000019227540c90, 0x0000019227543120,
0x0000019227543ed0, 0x000001922754cd40, 0x000001922754e1b0, 0x000001922755ba10,
0x00000192275652f0, 0x00000192277aad20, 0x00000192277b0190, 0x000001926d9c9480,
0x000001926d9c2340
}

Java Threads: ( => current thread )
  0x00000192061e2750 JavaThread "main"                              [_thread_in_native, id=4620, stack(0x0000000efd700000,0x0000000efd800000) (1024K)]
  0x000001922753ff80 JavaThread "Reference Handler"          daemon [_thread_blocked, id=24384, stack(0x0000000efdf00000,0x0000000efe000000) (1024K)]
  0x0000019227540c90 JavaThread "Finalizer"                  daemon [_thread_blocked, id=19736, stack(0x0000000efe000000,0x0000000efe100000) (1024K)]
  0x0000019227543120 JavaThread "Signal Dispatcher"          daemon [_thread_blocked, id=16836, stack(0x0000000efe100000,0x0000000efe200000) (1024K)]
  0x0000019227543ed0 JavaThread "Attach Listener"            daemon [_thread_blocked, id=1932, stack(0x0000000efe200000,0x0000000efe300000) (1024K)]
  0x000001922754cd40 JavaThread "Service Thread"             daemon [_thread_blocked, id=12652, stack(0x0000000efe300000,0x0000000efe400000) (1024K)]
  0x000001922754e1b0 JavaThread "Monitor Deflation Thread"   daemon [_thread_blocked, id=15512, stack(0x0000000efe400000,0x0000000efe500000) (1024K)]
=>0x000001922755ba10 JavaThread "C2 CompilerThread0"         daemon [_thread_in_native, id=21124, stack(0x0000000efe500000,0x0000000efe600000) (1024K)]
  0x00000192275652f0 JavaThread "C1 CompilerThread0"         daemon [_thread_blocked, id=25524, stack(0x0000000efe600000,0x0000000efe700000) (1024K)]
  0x00000192277aad20 JavaThread "Notification Thread"        daemon [_thread_blocked, id=23532, stack(0x0000000efe700000,0x0000000efe800000) (1024K)]
  0x00000192277b0190 JavaThread "Common-Cleaner"             daemon [_thread_blocked, id=24436, stack(0x0000000efe800000,0x0000000efe900000) (1024K)]
  0x000001926d9c9480 JavaThread "LtThreadPoolMonitor"        daemon [_thread_blocked, id=24820, stack(0x0000000efea00000,0x0000000efeb00000) (1024K)]
  0x000001926d9c2340 JavaThread "LtThreadPoolExecutorMonitor" daemon [_thread_blocked, id=16632, stack(0x0000000eff200000,0x0000000eff300000) (1024K)]
Total: 13

Other Threads:
  0x000001922751fbb0 VMThread "VM Thread"                           [id=24172, stack(0x0000000efde00000,0x0000000efdf00000) (1024K)]
  0x0000019227511ad0 WatcherThread "VM Periodic Task Thread"        [id=4376, stack(0x0000000efdd00000,0x0000000efde00000) (1024K)]
  0x00000192084715b0 WorkerThread "GC Thread#0"                     [id=18008, stack(0x0000000efd800000,0x0000000efd900000) (1024K)]
  0x000001926d96fe80 WorkerThread "GC Thread#1"                     [id=15876, stack(0x0000000efeb00000,0x0000000efec00000) (1024K)]
  0x000001926d970220 WorkerThread "GC Thread#2"                     [id=24284, stack(0x0000000efec00000,0x0000000efed00000) (1024K)]
  0x000001926d9705c0 WorkerThread "GC Thread#3"                     [id=24068, stack(0x0000000efed00000,0x0000000efee00000) (1024K)]
  0x000001926d970960 WorkerThread "GC Thread#4"                     [id=14060, stack(0x0000000efee00000,0x0000000efef00000) (1024K)]
  0x000001926d9c7aa0 WorkerThread "GC Thread#5"                     [id=5760, stack(0x0000000efef00000,0x0000000eff000000) (1024K)]
  0x000001926d9e34d0 WorkerThread "GC Thread#6"                     [id=16636, stack(0x0000000eff000000,0x0000000eff100000) (1024K)]
  0x000001926d9e3870 WorkerThread "GC Thread#7"                     [id=24312, stack(0x0000000eff100000,0x0000000eff200000) (1024K)]
  0x0000019208483130 ConcurrentGCThread "G1 Main Marker"            [id=17484, stack(0x0000000efd900000,0x0000000efda00000) (1024K)]
  0x0000019208483a40 WorkerThread "G1 Conc#0"                       [id=18080, stack(0x0000000efda00000,0x0000000efdb00000) (1024K)]
  0x00000192273e4580 ConcurrentGCThread "G1 Refine#0"               [id=2392, stack(0x0000000efdb00000,0x0000000efdc00000) (1024K)]
  0x00000192273e4da0 ConcurrentGCThread "G1 Service"                [id=1500, stack(0x0000000efdc00000,0x0000000efdd00000) (1024K)]
Total: 14

Threads with active compile tasks:
C2 CompilerThread0     2121 1442       4       jdk.internal.loader.URLClassPath::getResource (74 bytes)
Total: 1

VM state: not at safepoint (normal execution)

VM Mutex/Monitor currently owned by a thread: None

Heap address: 0x0000000702800000, size: 4056 MB, Compressed Oops mode: Zero based, Oop shift amount: 3

CDS archive(s) mapped at: [0x0000019228000000-0x0000019228c90000-0x0000019228c90000), size 13172736, SharedBaseAddress: 0x0000019228000000, ArchiveRelocationMode: 1.
Compressed class space mapped at: 0x0000019229000000-0x0000019269000000, reserved size: 1073741824
Narrow klass base: 0x0000019228000000, Narrow klass shift: 0, Narrow klass range: 0x100000000

GC Precious Log:
 CardTable entry size: 512
 Card Set container configuration: InlinePtr #cards 4 size 8 Array Of Cards #cards 16 size 48 Howl #buckets 8 coarsen threshold 3686 Howl Bitmap #cards 512 size 80 coarsen threshold 460 Card regions per heap region 1 cards per card region 4096
 CPUs: 8 total, 8 available
 Memory: 16217M
 Large Page Support: Disabled
 NUMA Support: Disabled
 Compressed Oops: Enabled (Zero based)
 Heap Region Size: 2M
 Heap Min Capacity: 8M
 Heap Initial Capacity: 254M
 Heap Max Capacity: 4056M
 Pre-touch: Disabled
 Parallel Workers: 8
 Concurrent Workers: 2
 Concurrent Refinement Workers: 8
 Periodic GC: Disabled

Heap:
 garbage-first heap   total 260096K, used 14506K [0x0000000702800000, 0x0000000800000000)
  region size 2048K, 6 young (12288K), 2 survivors (4096K)
 Metaspace       used 9519K, committed 9792K, reserved 1114112K
  class space    used 1093K, committed 1216K, reserved 1048576K

Heap Regions: E=young(eden), S=young(survivor), O=old, HS=humongous(starts), HC=humongous(continues), CS=collection set, F=free, TAMS=top-at-mark-start, PB=parsable bottom
|   0|0x0000000702800000, 0x0000000702a00000, 0x0000000702a00000|100%| O|  |TAMS 0x0000000702800000| PB 0x0000000702800000| Untracked 
|   1|0x0000000702a00000, 0x0000000702c00000, 0x0000000702c00000|100%| O|  |TAMS 0x0000000702a00000| PB 0x0000000702a00000| Untracked 
|   2|0x0000000702c00000, 0x0000000702c2aa80, 0x0000000702e00000|  8%| O|  |TAMS 0x0000000702c00000| PB 0x0000000702c00000| Untracked 
|   3|0x0000000702e00000, 0x0000000702e00000, 0x0000000703000000|  0%| F|  |TAMS 0x0000000702e00000| PB 0x0000000702e00000| Untracked 
|   4|0x0000000703000000, 0x0000000703000000, 0x0000000703200000|  0%| F|  |TAMS 0x0000000703000000| PB 0x0000000703000000| Untracked 
|   5|0x0000000703200000, 0x0000000703200000, 0x0000000703400000|  0%| F|  |TAMS 0x0000000703200000| PB 0x0000000703200000| Untracked 
|   6|0x0000000703400000, 0x0000000703400000, 0x0000000703600000|  0%| F|  |TAMS 0x0000000703400000| PB 0x0000000703400000| Untracked 
|   7|0x0000000703600000, 0x0000000703600000, 0x0000000703800000|  0%| F|  |TAMS 0x0000000703600000| PB 0x0000000703600000| Untracked 
|   8|0x0000000703800000, 0x0000000703800000, 0x0000000703a00000|  0%| F|  |TAMS 0x0000000703800000| PB 0x0000000703800000| Untracked 
|   9|0x0000000703a00000, 0x0000000703a00000, 0x0000000703c00000|  0%| F|  |TAMS 0x0000000703a00000| PB 0x0000000703a00000| Untracked 
|  10|0x0000000703c00000, 0x0000000703c00000, 0x0000000703e00000|  0%| F|  |TAMS 0x0000000703c00000| PB 0x0000000703c00000| Untracked 
|  11|0x0000000703e00000, 0x0000000703e00000, 0x0000000704000000|  0%| F|  |TAMS 0x0000000703e00000| PB 0x0000000703e00000| Untracked 
|  12|0x0000000704000000, 0x0000000704000000, 0x0000000704200000|  0%| F|  |TAMS 0x0000000704000000| PB 0x0000000704000000| Untracked 
|  13|0x0000000704200000, 0x0000000704200000, 0x0000000704400000|  0%| F|  |TAMS 0x0000000704200000| PB 0x0000000704200000| Untracked 
|  14|0x0000000704400000, 0x0000000704400000, 0x0000000704600000|  0%| F|  |TAMS 0x0000000704400000| PB 0x0000000704400000| Untracked 
|  15|0x0000000704600000, 0x0000000704600000, 0x0000000704800000|  0%| F|  |TAMS 0x0000000704600000| PB 0x0000000704600000| Untracked 
|  16|0x0000000704800000, 0x0000000704800000, 0x0000000704a00000|  0%| F|  |TAMS 0x0000000704800000| PB 0x0000000704800000| Untracked 
|  17|0x0000000704a00000, 0x0000000704a00000, 0x0000000704c00000|  0%| F|  |TAMS 0x0000000704a00000| PB 0x0000000704a00000| Untracked 
|  18|0x0000000704c00000, 0x0000000704c00000, 0x0000000704e00000|  0%| F|  |TAMS 0x0000000704c00000| PB 0x0000000704c00000| Untracked 
|  19|0x0000000704e00000, 0x0000000704e00000, 0x0000000705000000|  0%| F|  |TAMS 0x0000000704e00000| PB 0x0000000704e00000| Untracked 
|  20|0x0000000705000000, 0x0000000705000000, 0x0000000705200000|  0%| F|  |TAMS 0x0000000705000000| PB 0x0000000705000000| Untracked 
|  21|0x0000000705200000, 0x0000000705200000, 0x0000000705400000|  0%| F|  |TAMS 0x0000000705200000| PB 0x0000000705200000| Untracked 
|  22|0x0000000705400000, 0x0000000705400000, 0x0000000705600000|  0%| F|  |TAMS 0x0000000705400000| PB 0x0000000705400000| Untracked 
|  23|0x0000000705600000, 0x0000000705600000, 0x0000000705800000|  0%| F|  |TAMS 0x0000000705600000| PB 0x0000000705600000| Untracked 
|  24|0x0000000705800000, 0x0000000705800000, 0x0000000705a00000|  0%| F|  |TAMS 0x0000000705800000| PB 0x0000000705800000| Untracked 
|  25|0x0000000705a00000, 0x0000000705a00000, 0x0000000705c00000|  0%| F|  |TAMS 0x0000000705a00000| PB 0x0000000705a00000| Untracked 
|  26|0x0000000705c00000, 0x0000000705c00000, 0x0000000705e00000|  0%| F|  |TAMS 0x0000000705c00000| PB 0x0000000705c00000| Untracked 
|  27|0x0000000705e00000, 0x0000000705e00000, 0x0000000706000000|  0%| F|  |TAMS 0x0000000705e00000| PB 0x0000000705e00000| Untracked 
|  28|0x0000000706000000, 0x0000000706000000, 0x0000000706200000|  0%| F|  |TAMS 0x0000000706000000| PB 0x0000000706000000| Untracked 
|  29|0x0000000706200000, 0x0000000706200000, 0x0000000706400000|  0%| F|  |TAMS 0x0000000706200000| PB 0x0000000706200000| Untracked 
|  30|0x0000000706400000, 0x0000000706400000, 0x0000000706600000|  0%| F|  |TAMS 0x0000000706400000| PB 0x0000000706400000| Untracked 
|  31|0x0000000706600000, 0x0000000706600000, 0x0000000706800000|  0%| F|  |TAMS 0x0000000706600000| PB 0x0000000706600000| Untracked 
|  32|0x0000000706800000, 0x0000000706800000, 0x0000000706a00000|  0%| F|  |TAMS 0x0000000706800000| PB 0x0000000706800000| Untracked 
|  33|0x0000000706a00000, 0x0000000706a00000, 0x0000000706c00000|  0%| F|  |TAMS 0x0000000706a00000| PB 0x0000000706a00000| Untracked 
|  34|0x0000000706c00000, 0x0000000706c00000, 0x0000000706e00000|  0%| F|  |TAMS 0x0000000706c00000| PB 0x0000000706c00000| Untracked 
|  35|0x0000000706e00000, 0x0000000706e00000, 0x0000000707000000|  0%| F|  |TAMS 0x0000000706e00000| PB 0x0000000706e00000| Untracked 
|  36|0x0000000707000000, 0x0000000707000000, 0x0000000707200000|  0%| F|  |TAMS 0x0000000707000000| PB 0x0000000707000000| Untracked 
|  37|0x0000000707200000, 0x0000000707200000, 0x0000000707400000|  0%| F|  |TAMS 0x0000000707200000| PB 0x0000000707200000| Untracked 
|  38|0x0000000707400000, 0x0000000707400000, 0x0000000707600000|  0%| F|  |TAMS 0x0000000707400000| PB 0x0000000707400000| Untracked 
|  39|0x0000000707600000, 0x0000000707600000, 0x0000000707800000|  0%| F|  |TAMS 0x0000000707600000| PB 0x0000000707600000| Untracked 
|  40|0x0000000707800000, 0x0000000707800000, 0x0000000707a00000|  0%| F|  |TAMS 0x0000000707800000| PB 0x0000000707800000| Untracked 
|  41|0x0000000707a00000, 0x0000000707a00000, 0x0000000707c00000|  0%| F|  |TAMS 0x0000000707a00000| PB 0x0000000707a00000| Untracked 
|  42|0x0000000707c00000, 0x0000000707c00000, 0x0000000707e00000|  0%| F|  |TAMS 0x0000000707c00000| PB 0x0000000707c00000| Untracked 
|  43|0x0000000707e00000, 0x0000000707e00000, 0x0000000708000000|  0%| F|  |TAMS 0x0000000707e00000| PB 0x0000000707e00000| Untracked 
|  44|0x0000000708000000, 0x0000000708000000, 0x0000000708200000|  0%| F|  |TAMS 0x0000000708000000| PB 0x0000000708000000| Untracked 
|  45|0x0000000708200000, 0x0000000708200000, 0x0000000708400000|  0%| F|  |TAMS 0x0000000708200000| PB 0x0000000708200000| Untracked 
|  46|0x0000000708400000, 0x0000000708400000, 0x0000000708600000|  0%| F|  |TAMS 0x0000000708400000| PB 0x0000000708400000| Untracked 
|  47|0x0000000708600000, 0x0000000708600000, 0x0000000708800000|  0%| F|  |TAMS 0x0000000708600000| PB 0x0000000708600000| Untracked 
|  48|0x0000000708800000, 0x0000000708800000, 0x0000000708a00000|  0%| F|  |TAMS 0x0000000708800000| PB 0x0000000708800000| Untracked 
|  49|0x0000000708a00000, 0x0000000708a00000, 0x0000000708c00000|  0%| F|  |TAMS 0x0000000708a00000| PB 0x0000000708a00000| Untracked 
|  50|0x0000000708c00000, 0x0000000708c00000, 0x0000000708e00000|  0%| F|  |TAMS 0x0000000708c00000| PB 0x0000000708c00000| Untracked 
|  51|0x0000000708e00000, 0x0000000708e00000, 0x0000000709000000|  0%| F|  |TAMS 0x0000000708e00000| PB 0x0000000708e00000| Untracked 
|  52|0x0000000709000000, 0x0000000709000000, 0x0000000709200000|  0%| F|  |TAMS 0x0000000709000000| PB 0x0000000709000000| Untracked 
|  53|0x0000000709200000, 0x0000000709200000, 0x0000000709400000|  0%| F|  |TAMS 0x0000000709200000| PB 0x0000000709200000| Untracked 
|  54|0x0000000709400000, 0x0000000709400000, 0x0000000709600000|  0%| F|  |TAMS 0x0000000709400000| PB 0x0000000709400000| Untracked 
|  55|0x0000000709600000, 0x0000000709600000, 0x0000000709800000|  0%| F|  |TAMS 0x0000000709600000| PB 0x0000000709600000| Untracked 
|  56|0x0000000709800000, 0x0000000709800000, 0x0000000709a00000|  0%| F|  |TAMS 0x0000000709800000| PB 0x0000000709800000| Untracked 
|  57|0x0000000709a00000, 0x0000000709a00000, 0x0000000709c00000|  0%| F|  |TAMS 0x0000000709a00000| PB 0x0000000709a00000| Untracked 
|  58|0x0000000709c00000, 0x0000000709c00000, 0x0000000709e00000|  0%| F|  |TAMS 0x0000000709c00000| PB 0x0000000709c00000| Untracked 
|  59|0x0000000709e00000, 0x0000000709e00000, 0x000000070a000000|  0%| F|  |TAMS 0x0000000709e00000| PB 0x0000000709e00000| Untracked 
|  60|0x000000070a000000, 0x000000070a000000, 0x000000070a200000|  0%| F|  |TAMS 0x000000070a000000| PB 0x000000070a000000| Untracked 
|  61|0x000000070a200000, 0x000000070a200000, 0x000000070a400000|  0%| F|  |TAMS 0x000000070a200000| PB 0x000000070a200000| Untracked 
|  62|0x000000070a400000, 0x000000070a400000, 0x000000070a600000|  0%| F|  |TAMS 0x000000070a400000| PB 0x000000070a400000| Untracked 
|  63|0x000000070a600000, 0x000000070a600000, 0x000000070a800000|  0%| F|  |TAMS 0x000000070a600000| PB 0x000000070a600000| Untracked 
|  64|0x000000070a800000, 0x000000070a800000, 0x000000070aa00000|  0%| F|  |TAMS 0x000000070a800000| PB 0x000000070a800000| Untracked 
|  65|0x000000070aa00000, 0x000000070aa00000, 0x000000070ac00000|  0%| F|  |TAMS 0x000000070aa00000| PB 0x000000070aa00000| Untracked 
|  66|0x000000070ac00000, 0x000000070ac00000, 0x000000070ae00000|  0%| F|  |TAMS 0x000000070ac00000| PB 0x000000070ac00000| Untracked 
|  67|0x000000070ae00000, 0x000000070ae00000, 0x000000070b000000|  0%| F|  |TAMS 0x000000070ae00000| PB 0x000000070ae00000| Untracked 
|  68|0x000000070b000000, 0x000000070b000000, 0x000000070b200000|  0%| F|  |TAMS 0x000000070b000000| PB 0x000000070b000000| Untracked 
|  69|0x000000070b200000, 0x000000070b200000, 0x000000070b400000|  0%| F|  |TAMS 0x000000070b200000| PB 0x000000070b200000| Untracked 
|  70|0x000000070b400000, 0x000000070b400000, 0x000000070b600000|  0%| F|  |TAMS 0x000000070b400000| PB 0x000000070b400000| Untracked 
|  71|0x000000070b600000, 0x000000070b600000, 0x000000070b800000|  0%| F|  |TAMS 0x000000070b600000| PB 0x000000070b600000| Untracked 
|  72|0x000000070b800000, 0x000000070b800000, 0x000000070ba00000|  0%| F|  |TAMS 0x000000070b800000| PB 0x000000070b800000| Untracked 
|  73|0x000000070ba00000, 0x000000070ba00000, 0x000000070bc00000|  0%| F|  |TAMS 0x000000070ba00000| PB 0x000000070ba00000| Untracked 
|  74|0x000000070bc00000, 0x000000070bc00000, 0x000000070be00000|  0%| F|  |TAMS 0x000000070bc00000| PB 0x000000070bc00000| Untracked 
|  75|0x000000070be00000, 0x000000070be00000, 0x000000070c000000|  0%| F|  |TAMS 0x000000070be00000| PB 0x000000070be00000| Untracked 
|  76|0x000000070c000000, 0x000000070c000000, 0x000000070c200000|  0%| F|  |TAMS 0x000000070c000000| PB 0x000000070c000000| Untracked 
|  77|0x000000070c200000, 0x000000070c200000, 0x000000070c400000|  0%| F|  |TAMS 0x000000070c200000| PB 0x000000070c200000| Untracked 
|  78|0x000000070c400000, 0x000000070c400000, 0x000000070c600000|  0%| F|  |TAMS 0x000000070c400000| PB 0x000000070c400000| Untracked 
|  79|0x000000070c600000, 0x000000070c600000, 0x000000070c800000|  0%| F|  |TAMS 0x000000070c600000| PB 0x000000070c600000| Untracked 
|  80|0x000000070c800000, 0x000000070c800000, 0x000000070ca00000|  0%| F|  |TAMS 0x000000070c800000| PB 0x000000070c800000| Untracked 
|  81|0x000000070ca00000, 0x000000070ca00000, 0x000000070cc00000|  0%| F|  |TAMS 0x000000070ca00000| PB 0x000000070ca00000| Untracked 
|  82|0x000000070cc00000, 0x000000070cc00000, 0x000000070ce00000|  0%| F|  |TAMS 0x000000070cc00000| PB 0x000000070cc00000| Untracked 
|  83|0x000000070ce00000, 0x000000070ce00000, 0x000000070d000000|  0%| F|  |TAMS 0x000000070ce00000| PB 0x000000070ce00000| Untracked 
|  84|0x000000070d000000, 0x000000070d000000, 0x000000070d200000|  0%| F|  |TAMS 0x000000070d000000| PB 0x000000070d000000| Untracked 
|  85|0x000000070d200000, 0x000000070d200000, 0x000000070d400000|  0%| F|  |TAMS 0x000000070d200000| PB 0x000000070d200000| Untracked 
|  86|0x000000070d400000, 0x000000070d400000, 0x000000070d600000|  0%| F|  |TAMS 0x000000070d400000| PB 0x000000070d400000| Untracked 
|  87|0x000000070d600000, 0x000000070d600000, 0x000000070d800000|  0%| F|  |TAMS 0x000000070d600000| PB 0x000000070d600000| Untracked 
|  88|0x000000070d800000, 0x000000070d800000, 0x000000070da00000|  0%| F|  |TAMS 0x000000070d800000| PB 0x000000070d800000| Untracked 
|  89|0x000000070da00000, 0x000000070da00000, 0x000000070dc00000|  0%| F|  |TAMS 0x000000070da00000| PB 0x000000070da00000| Untracked 
|  90|0x000000070dc00000, 0x000000070dc00000, 0x000000070de00000|  0%| F|  |TAMS 0x000000070dc00000| PB 0x000000070dc00000| Untracked 
|  91|0x000000070de00000, 0x000000070de00000, 0x000000070e000000|  0%| F|  |TAMS 0x000000070de00000| PB 0x000000070de00000| Untracked 
|  92|0x000000070e000000, 0x000000070e000000, 0x000000070e200000|  0%| F|  |TAMS 0x000000070e000000| PB 0x000000070e000000| Untracked 
|  93|0x000000070e200000, 0x000000070e200000, 0x000000070e400000|  0%| F|  |TAMS 0x000000070e200000| PB 0x000000070e200000| Untracked 
|  94|0x000000070e400000, 0x000000070e400000, 0x000000070e600000|  0%| F|  |TAMS 0x000000070e400000| PB 0x000000070e400000| Untracked 
|  95|0x000000070e600000, 0x000000070e600000, 0x000000070e800000|  0%| F|  |TAMS 0x000000070e600000| PB 0x000000070e600000| Untracked 
|  96|0x000000070e800000, 0x000000070e800000, 0x000000070ea00000|  0%| F|  |TAMS 0x000000070e800000| PB 0x000000070e800000| Untracked 
|  97|0x000000070ea00000, 0x000000070ea00000, 0x000000070ec00000|  0%| F|  |TAMS 0x000000070ea00000| PB 0x000000070ea00000| Untracked 
|  98|0x000000070ec00000, 0x000000070ec00000, 0x000000070ee00000|  0%| F|  |TAMS 0x000000070ec00000| PB 0x000000070ec00000| Untracked 
|  99|0x000000070ee00000, 0x000000070ee00000, 0x000000070f000000|  0%| F|  |TAMS 0x000000070ee00000| PB 0x000000070ee00000| Untracked 
| 100|0x000000070f000000, 0x000000070f000000, 0x000000070f200000|  0%| F|  |TAMS 0x000000070f000000| PB 0x000000070f000000| Untracked 
| 101|0x000000070f200000, 0x000000070f200000, 0x000000070f400000|  0%| F|  |TAMS 0x000000070f200000| PB 0x000000070f200000| Untracked 
| 102|0x000000070f400000, 0x000000070f400000, 0x000000070f600000|  0%| F|  |TAMS 0x000000070f400000| PB 0x000000070f400000| Untracked 
| 103|0x000000070f600000, 0x000000070f600000, 0x000000070f800000|  0%| F|  |TAMS 0x000000070f600000| PB 0x000000070f600000| Untracked 
| 104|0x000000070f800000, 0x000000070f800000, 0x000000070fa00000|  0%| F|  |TAMS 0x000000070f800000| PB 0x000000070f800000| Untracked 
| 105|0x000000070fa00000, 0x000000070fa00000, 0x000000070fc00000|  0%| F|  |TAMS 0x000000070fa00000| PB 0x000000070fa00000| Untracked 
| 106|0x000000070fc00000, 0x000000070fc00000, 0x000000070fe00000|  0%| F|  |TAMS 0x000000070fc00000| PB 0x000000070fc00000| Untracked 
| 107|0x000000070fe00000, 0x000000070fe00000, 0x0000000710000000|  0%| F|  |TAMS 0x000000070fe00000| PB 0x000000070fe00000| Untracked 
| 108|0x0000000710000000, 0x0000000710000000, 0x0000000710200000|  0%| F|  |TAMS 0x0000000710000000| PB 0x0000000710000000| Untracked 
| 109|0x0000000710200000, 0x0000000710200000, 0x0000000710400000|  0%| F|  |TAMS 0x0000000710200000| PB 0x0000000710200000| Untracked 
| 110|0x0000000710400000, 0x0000000710400000, 0x0000000710600000|  0%| F|  |TAMS 0x0000000710400000| PB 0x0000000710400000| Untracked 
| 111|0x0000000710600000, 0x0000000710600000, 0x0000000710800000|  0%| F|  |TAMS 0x0000000710600000| PB 0x0000000710600000| Untracked 
| 112|0x0000000710800000, 0x0000000710800000, 0x0000000710a00000|  0%| F|  |TAMS 0x0000000710800000| PB 0x0000000710800000| Untracked 
| 113|0x0000000710a00000, 0x0000000710a00000, 0x0000000710c00000|  0%| F|  |TAMS 0x0000000710a00000| PB 0x0000000710a00000| Untracked 
| 114|0x0000000710c00000, 0x0000000710e00000, 0x0000000710e00000|100%| S|CS|TAMS 0x0000000710c00000| PB 0x0000000710c00000| Complete 
| 115|0x0000000710e00000, 0x0000000711000000, 0x0000000711000000|100%| S|CS|TAMS 0x0000000710e00000| PB 0x0000000710e00000| Complete 
| 116|0x0000000711000000, 0x0000000711000000, 0x0000000711200000|  0%| F|  |TAMS 0x0000000711000000| PB 0x0000000711000000| Untracked 
| 117|0x0000000711200000, 0x0000000711200000, 0x0000000711400000|  0%| F|  |TAMS 0x0000000711200000| PB 0x0000000711200000| Untracked 
| 118|0x0000000711400000, 0x0000000711400000, 0x0000000711600000|  0%| F|  |TAMS 0x0000000711400000| PB 0x0000000711400000| Untracked 
| 119|0x0000000711600000, 0x0000000711600000, 0x0000000711800000|  0%| F|  |TAMS 0x0000000711600000| PB 0x0000000711600000| Untracked 
| 120|0x0000000711800000, 0x0000000711800000, 0x0000000711a00000|  0%| F|  |TAMS 0x0000000711800000| PB 0x0000000711800000| Untracked 
| 121|0x0000000711a00000, 0x0000000711a00000, 0x0000000711c00000|  0%| F|  |TAMS 0x0000000711a00000| PB 0x0000000711a00000| Untracked 
| 122|0x0000000711c00000, 0x0000000711c00000, 0x0000000711e00000|  0%| F|  |TAMS 0x0000000711c00000| PB 0x0000000711c00000| Untracked 
| 123|0x0000000711e00000, 0x0000000711f62078, 0x0000000712000000| 69%| E|  |TAMS 0x0000000711e00000| PB 0x0000000711e00000| Complete 
| 124|0x0000000712000000, 0x0000000712200000, 0x0000000712200000|100%| E|CS|TAMS 0x0000000712000000| PB 0x0000000712000000| Complete 
| 125|0x0000000712200000, 0x0000000712400000, 0x0000000712400000|100%| E|CS|TAMS 0x0000000712200000| PB 0x0000000712200000| Complete 
| 126|0x0000000712400000, 0x0000000712600000, 0x0000000712600000|100%| E|CS|TAMS 0x0000000712400000| PB 0x0000000712400000| Complete 

Card table byte_map: [0x00000192203d0000,0x0000019220bc0000] _byte_map_base: 0x000001921cbbc000

Marking Bits: (CMBitMap*) 0x0000019208472ad0
 Bits: [0x0000019220bc0000, 0x0000019224b20000)

Polling page: 0x0000019207be0000

Metaspace:

Usage:
  Non-class:      8.23 MB used.
      Class:      1.07 MB used.
       Both:      9.30 MB used.

Virtual space:
  Non-class space:       64.00 MB reserved,       8.38 MB ( 13%) committed,  1 nodes.
      Class space:        1.00 GB reserved,       1.19 MB ( <1%) committed,  1 nodes.
             Both:        1.06 GB reserved,       9.56 MB ( <1%) committed. 

Chunk freelists:
   Non-Class:  7.55 MB
       Class:  14.86 MB
        Both:  22.41 MB

MaxMetaspaceSize: unlimited
CompressedClassSpaceSize: 1.00 GB
Initial GC threshold: 21.00 MB
Current GC threshold: 21.00 MB
CDS: on
 - commit_granule_bytes: 65536.
 - commit_granule_words: 8192.
 - virtual_space_node_default_size: 8388608.
 - enlarge_chunks_in_place: 1.
 - use_allocation_guard: 0.


Internal statistics:

num_allocs_failed_limit: 0.
num_arena_births: 132.
num_arena_deaths: 0.
num_vsnodes_births: 2.
num_vsnodes_deaths: 0.
num_space_committed: 152.
num_space_uncommitted: 0.
num_chunks_returned_to_freelist: 0.
num_chunks_taken_from_freelist: 322.
num_chunk_merges: 0.
num_chunk_splits: 214.
num_chunks_enlarged: 154.
num_inconsistent_stats: 0.

CodeHeap 'non-profiled nmethods': size=120000Kb used=524Kb max_used=524Kb free=119475Kb
 bounds [0x0000019218380000, 0x00000192185f0000, 0x000001921f8b0000]
CodeHeap 'profiled nmethods': size=120000Kb used=2804Kb max_used=2804Kb free=117195Kb
 bounds [0x00000192108b0000, 0x0000019210b70000, 0x0000019217de0000]
CodeHeap 'non-nmethods': size=5760Kb used=1436Kb max_used=1460Kb free=4323Kb
 bounds [0x0000019217de0000, 0x0000019218050000, 0x0000019218380000]
 total_blobs=1967 nmethods=1441 adapters=431
 compilation: enabled
              stopped_count=0, restarted_count=0
 full_count=0

Compilation events (20 events):
Event: 1.902 Thread 0x000001922755ba10 nmethod 1431 0x0000019218400710 code [0x00000192184008a0, 0x00000192184009d0]
Event: 1.902 Thread 0x00000192275652f0 1432   !   3       jdk.internal.loader.BuiltinClassLoader::defineOrCheckPackage (94 bytes)
Event: 1.903 Thread 0x00000192275652f0 nmethod 1432 0x0000019210b69c10 code [0x0000019210b69e80, 0x0000019210b6a760]
Event: 1.905 Thread 0x00000192275652f0 1433       3       jdk.internal.loader.Resource::<init> (5 bytes)
Event: 1.905 Thread 0x00000192275652f0 nmethod 1433 0x0000019210b6aa90 code [0x0000019210b6ac40, 0x0000019210b6ada8]
Event: 1.936 Thread 0x000001922755ba10 1434 % !   4       java.util.concurrent.ConcurrentHashMap::transfer @ 96 (849 bytes)
Event: 1.955 Thread 0x00000192275652f0 1435       1       java.lang.reflect.Constructor::getModifiers (5 bytes)
Event: 1.955 Thread 0x00000192275652f0 nmethod 1435 0x0000019218400a90 code [0x0000019218400c20, 0x0000019218400ce8]
Event: 1.955 Thread 0x00000192275652f0 1436       3       java.util.regex.Pattern$CharProperty::study (29 bytes)
Event: 1.955 Thread 0x00000192275652f0 nmethod 1436 0x0000019210b6ae90 code [0x0000019210b6b040, 0x0000019210b6b238]
Event: 1.956 Thread 0x00000192275652f0 1437       3       java.util.HashMap::containsKey (14 bytes)
Event: 1.956 Thread 0x00000192275652f0 nmethod 1437 0x0000019210b6b310 code [0x0000019210b6b4c0, 0x0000019210b6b650]
Event: 1.982 Thread 0x00000192275652f0 1439       3       java.lang.invoke.Invokers$Holder::linkToTargetMethod (9 bytes)
Event: 1.983 Thread 0x00000192275652f0 nmethod 1439 0x0000019210b6b710 code [0x0000019210b6b8e0, 0x0000019210b6bbe8]
Event: 1.985 Thread 0x00000192275652f0 1440       3       java.lang.invoke.DirectMethodHandle$Holder::newInvokeSpecial (21 bytes)
Event: 1.985 Thread 0x00000192275652f0 nmethod 1440 0x0000019210b6bd10 code [0x0000019210b6bf00, 0x0000019210b6c5d8]
Event: 1.992 Thread 0x000001922755ba10 nmethod 1434% 0x0000019218401410 code [0x0000019218401620, 0x0000019218402b10]
Event: 2.035 Thread 0x00000192275652f0 1441       3       java.lang.invoke.DirectMethodHandle::makeAllocator (137 bytes)
Event: 2.036 Thread 0x00000192275652f0 nmethod 1441 0x0000019210b6c790 code [0x0000019210b6c9a0, 0x0000019210b6ce38]
Event: 2.047 Thread 0x000001922755ba10 1442       4       jdk.internal.loader.URLClassPath::getResource (74 bytes)

GC Heap History (2 events):
Event: 1.295 GC heap before
{Heap before GC invocations=0 (full 0):
 garbage-first heap   total 260096K, used 20480K [0x0000000702800000, 0x0000000800000000)
  region size 2048K, 11 young (22528K), 0 survivors (0K)
 Metaspace       used 5828K, committed 6080K, reserved 1114112K
  class space    used 730K, committed 832K, reserved 1048576K
}
Event: 1.341 GC heap after
{Heap after GC invocations=1 (full 0):
 garbage-first heap   total 260096K, used 8362K [0x0000000702800000, 0x0000000800000000)
  region size 2048K, 2 young (4096K), 2 survivors (4096K)
 Metaspace       used 5828K, committed 6080K, reserved 1114112K
  class space    used 730K, committed 832K, reserved 1048576K
}

Dll operation events (6 events):
Event: 0.009 Loaded shared library C:\Program Files\Java\jdk-21\bin\java.dll
Event: 0.055 Loaded shared library C:\Program Files\Java\jdk-21\bin\jsvml.dll
Event: 0.086 Loaded shared library C:\Program Files\Java\jdk-21\bin\net.dll
Event: 0.088 Loaded shared library C:\Program Files\Java\jdk-21\bin\nio.dll
Event: 0.091 Loaded shared library C:\Program Files\Java\jdk-21\bin\zip.dll
Event: 0.110 Loaded shared library C:\Program Files\Java\jdk-21\bin\jimage.dll

Deoptimization events (20 events):
Event: 1.665 Thread 0x00000192061e2750 Uncommon trap: trap_request=0xffffff45 fr.pc=0x00000192183bdb4c relative=0x000000000000056c
Event: 1.665 Thread 0x00000192061e2750 Uncommon trap: reason=unstable_if action=reinterpret pc=0x00000192183bdb4c method=java.lang.AbstractStringBuilder.inflateIfNeededFor(Ljava/lang/String;)V @ 14 c2
Event: 1.665 Thread 0x00000192061e2750 DEOPT PACKING pc=0x00000192183bdb4c sp=0x0000000efd7fbfe0
Event: 1.665 Thread 0x00000192061e2750 DEOPT UNPACKING pc=0x0000019217e346a2 sp=0x0000000efd7fbe90 mode 2
Event: 1.665 Thread 0x00000192061e2750 Uncommon trap: trap_request=0xffffff45 fr.pc=0x00000192183a83d0 relative=0x0000000000000570
Event: 1.665 Thread 0x00000192061e2750 Uncommon trap: reason=unstable_if action=reinterpret pc=0x00000192183a83d0 method=java.lang.AbstractStringBuilder.inflateIfNeededFor(Ljava/lang/String;)V @ 14 c2
Event: 1.665 Thread 0x00000192061e2750 DEOPT PACKING pc=0x00000192183a83d0 sp=0x0000000efd7fbf90
Event: 1.665 Thread 0x00000192061e2750 DEOPT UNPACKING pc=0x0000019217e346a2 sp=0x0000000efd7fbe98 mode 2
Event: 1.665 Thread 0x00000192061e2750 Uncommon trap: trap_request=0xffffff45 fr.pc=0x00000192183a1518 relative=0x00000000000000f8
Event: 1.665 Thread 0x00000192061e2750 Uncommon trap: reason=unstable_if action=reinterpret pc=0x00000192183a1518 method=java.lang.String.getBytes([BIB)V @ 5 c2
Event: 1.665 Thread 0x00000192061e2750 DEOPT PACKING pc=0x00000192183a1518 sp=0x0000000efd7fbec0
Event: 1.665 Thread 0x00000192061e2750 DEOPT UNPACKING pc=0x0000019217e346a2 sp=0x0000000efd7fbe88 mode 2
Event: 1.680 Thread 0x00000192061e2750 Uncommon trap: trap_request=0xffffff45 fr.pc=0x00000192183ea120 relative=0x00000000000007e0
Event: 1.680 Thread 0x00000192061e2750 Uncommon trap: reason=unstable_if action=reinterpret pc=0x00000192183ea120 method=java.util.regex.Pattern$Start.match(Ljava/util/regex/Matcher;ILjava/lang/CharSequence;)Z @ 10 c2
Event: 1.680 Thread 0x00000192061e2750 DEOPT PACKING pc=0x00000192183ea120 sp=0x0000000efd7fd1f0
Event: 1.680 Thread 0x00000192061e2750 DEOPT UNPACKING pc=0x0000019217e346a2 sp=0x0000000efd7fd150 mode 2
Event: 1.726 Thread 0x00000192061e2750 Uncommon trap: trap_request=0xffffff45 fr.pc=0x0000019218391fa8 relative=0x0000000000000088
Event: 1.726 Thread 0x00000192061e2750 Uncommon trap: reason=unstable_if action=reinterpret pc=0x0000019218391fa8 method=java.lang.CharacterDataLatin1.toLowerCase(I)I @ 23 c2
Event: 1.726 Thread 0x00000192061e2750 DEOPT PACKING pc=0x0000019218391fa8 sp=0x0000000efd7fc370
Event: 1.726 Thread 0x00000192061e2750 DEOPT UNPACKING pc=0x0000019217e346a2 sp=0x0000000efd7fc300 mode 2

Classes loaded (20 events):
Event: 1.650 Loading class com/sun/org/apache/xerces/internal/impl/xs/AttributePSVImpl
Event: 1.650 Loading class com/sun/org/apache/xerces/internal/xs/AttributePSVI
Event: 1.650 Loading class com/sun/org/apache/xerces/internal/xs/AttributePSVI done
Event: 1.650 Loading class com/sun/org/apache/xerces/internal/impl/xs/AttributePSVImpl done
Event: 1.664 Loading class java/util/regex/Pattern$Bound
Event: 1.664 Loading class java/util/regex/Pattern$Bound done
Event: 1.665 Loading class java/util/regex/Pattern$Loop
Event: 1.665 Loading class java/util/regex/Pattern$Loop done
Event: 1.665 Loading class java/util/regex/Pattern$Prolog
Event: 1.665 Loading class java/util/regex/Pattern$Prolog done
Event: 1.668 Loading class jdk/internal/loader/URLClassPath$FileLoader$1
Event: 1.669 Loading class jdk/internal/loader/URLClassPath$FileLoader$1 done
Event: 1.673 Loading class java/util/Scanner
Event: 1.674 Loading class java/util/Scanner done
Event: 1.677 Loading class java/util/Scanner$PatternLRUCache
Event: 1.677 Loading class java/util/Scanner$PatternLRUCache done
Event: 1.681 Loading class java/util/regex/Matcher$ImmutableMatchResult
Event: 1.681 Loading class java/util/regex/Matcher$ImmutableMatchResult done
Event: 1.726 Loading class java/util/regex/Pattern$SliceU
Event: 1.726 Loading class java/util/regex/Pattern$SliceU done

Classes unloaded (0 events):
No events

Classes redefined (0 events):
No events

Internal exceptions (8 events):
Event: 0.403 Thread 0x00000192061e2750 Exception <a 'java/lang/NoSuchMethodError'{0x0000000711af9fd0}: 'void java.lang.invoke.DirectMethodHandle$Holder.invokeStatic(java.lang.Object, java.lang.Object, java.lang.Object)'> (0x0000000711af9fd0) 
thrown [s\open\src\hotspot\share\interpreter\linkResolver.cpp, line 773]
Event: 0.535 Thread 0x00000192061e2750 Exception <a 'java/lang/NoSuchMethodError'{0x000000071184b9c8}: 'void java.lang.invoke.DirectMethodHandle$Holder.invokeSpecialIFC(java.lang.Object, java.lang.Object, java.lang.Object, java.lang.Object, java.lang.Object)'> (0x000000071184b9c8) 
thrown [s\open\src\hotspot\share\interpreter\linkResolver.cpp, line 773]
Event: 0.537 Thread 0x00000192061e2750 Exception <a 'java/lang/NoSuchMethodError'{0x0000000711853a70}: 'void java.lang.invoke.DirectMethodHandle$Holder.invokeStatic(java.lang.Object, java.lang.Object, java.lang.Object, java.lang.Object)'> (0x0000000711853a70) 
thrown [s\open\src\hotspot\share\interpreter\linkResolver.cpp, line 773]
Event: 0.539 Thread 0x00000192061e2750 Exception <a 'java/lang/NoSuchMethodError'{0x000000071185bf40}: 'int java.lang.invoke.DirectMethodHandle$Holder.invokeSpecial(java.lang.Object, java.lang.Object, java.lang.Object)'> (0x000000071185bf40) 
thrown [s\open\src\hotspot\share\interpreter\linkResolver.cpp, line 773]
Event: 0.574 Thread 0x00000192061e2750 Exception <a 'java/lang/NoSuchMethodError'{0x000000071190a140}: 'java.lang.Object java.lang.invoke.DirectMethodHandle$Holder.invokeStaticInit(java.lang.Object, java.lang.Object, java.lang.Object)'> (0x000000071190a140) 
thrown [s\open\src\hotspot\share\interpreter\linkResolver.cpp, line 773]
Event: 0.923 Thread 0x00000192061e2750 Exception <a 'java/lang/NoSuchMethodError'{0x0000000711539920}: 'java.lang.Object java.lang.invoke.DirectMethodHandle$Holder.invokeSpecial(java.lang.Object, java.lang.Object, java.lang.Object, long, java.lang.Object)'> (0x0000000711539920) 
thrown [s\open\src\hotspot\share\interpreter\linkResolver.cpp, line 773]
Event: 0.924 Thread 0x00000192061e2750 Exception <a 'java/lang/NoSuchMethodError'{0x000000071153d280}: 'java.lang.Object java.lang.invoke.Invokers$Holder.linkToTargetMethod(java.lang.Object, long, java.lang.Object, java.lang.Object)'> (0x000000071153d280) 
thrown [s\open\src\hotspot\share\interpreter\linkResolver.cpp, line 773]
Event: 1.524 Thread 0x00000192061e2750 Exception <a 'java/lang/ClassNotFoundException'{0x0000000712340f68}: com/sun/org/apache/xerces/internal/impl/xpath/regex/spi/messageProvider> (0x0000000712340f68) 
thrown [s\open\src\hotspot\share\classfile\systemDictionary.cpp, line 312]

ZGC Phase Switch (0 events):
No events

VM Operations (20 events):
Event: 0.294 Executing VM operation: HandshakeAllThreads (Deoptimize)
Event: 0.294 Executing VM operation: HandshakeAllThreads (Deoptimize) done
Event: 0.317 Executing VM operation: HandshakeAllThreads (Deoptimize)
Event: 0.317 Executing VM operation: HandshakeAllThreads (Deoptimize) done
Event: 0.824 Executing VM operation: HandshakeAllThreads (Deoptimize)
Event: 0.824 Executing VM operation: HandshakeAllThreads (Deoptimize) done
Event: 0.831 Executing VM operation: HandshakeAllThreads (Deoptimize)
Event: 0.831 Executing VM operation: HandshakeAllThreads (Deoptimize) done
Event: 1.275 Executing VM operation: G1CollectForAllocation (G1 Evacuation Pause)
Event: 1.341 Executing VM operation: G1CollectForAllocation (G1 Evacuation Pause) done
Event: 1.341 Executing VM operation: ThreadDump
Event: 1.342 Executing VM operation: ThreadDump done
Event: 1.384 Executing VM operation: HandshakeAllThreads (Deoptimize)
Event: 1.384 Executing VM operation: HandshakeAllThreads (Deoptimize) done
Event: 1.607 Executing VM operation: HandshakeAllThreads (Deoptimize)
Event: 1.607 Executing VM operation: HandshakeAllThreads (Deoptimize) done
Event: 1.669 Executing VM operation: HandshakeAllThreads (Deoptimize)
Event: 1.669 Executing VM operation: HandshakeAllThreads (Deoptimize) done
Event: 1.670 Executing VM operation: HandshakeAllThreads (Deoptimize)
Event: 1.670 Executing VM operation: HandshakeAllThreads (Deoptimize) done

Events (19 events):
Event: 0.027 Thread 0x00000192061e2750 Thread added: 0x00000192061e2750
Event: 0.051 Thread 0x000001922753ff80 Thread added: 0x000001922753ff80
Event: 0.052 Thread 0x0000019227540c90 Thread added: 0x0000019227540c90
Event: 0.052 Thread 0x0000019227543120 Thread added: 0x0000019227543120
Event: 0.052 Thread 0x0000019227543ed0 Thread added: 0x0000019227543ed0
Event: 0.052 Thread 0x000001922754cd40 Thread added: 0x000001922754cd40
Event: 0.052 Thread 0x000001922754e1b0 Thread added: 0x000001922754e1b0
Event: 0.052 Thread 0x000001922755ba10 Thread added: 0x000001922755ba10
Event: 0.053 Thread 0x00000192275652f0 Thread added: 0x00000192275652f0
Event: 0.079 Thread 0x00000192277aad20 Thread added: 0x00000192277aad20
Event: 0.083 Thread 0x00000192277b0190 Thread added: 0x00000192277b0190
Event: 0.162 Thread 0x0000019227564c20 Thread added: 0x0000019227564c20
Event: 0.167 Thread 0x00000192275630e0 Thread added: 0x00000192275630e0
Event: 0.292 Thread 0x00000192275630e0 Thread exited: 0x00000192275630e0
Event: 0.302 Thread 0x0000019227564c20 Thread exited: 0x0000019227564c20
Event: 0.942 Thread 0x00000192275630e0 Thread added: 0x00000192275630e0
Event: 1.273 Thread 0x000001926d9c9480 Thread added: 0x000001926d9c9480
Event: 1.366 Thread 0x000001926d9c2340 Thread added: 0x000001926d9c2340
Event: 1.555 Thread 0x00000192275630e0 Thread exited: 0x00000192275630e0


Dynamic libraries:
0x00007ff6c3b60000 - 0x00007ff6c3b70000 	C:\Program Files\Java\jdk-21\bin\java.EXE
0x00007ffcf0ad0000 - 0x00007ffcf0cc8000 	C:\Windows\SYSTEM32\ntdll.dll
0x00007ffceffc0000 - 0x00007ffcf0082000 	C:\Windows\System32\KERNEL32.DLL
0x00007ffcee5f0000 - 0x00007ffcee8e6000 	C:\Windows\System32\KERNELBASE.dll
0x00007ffcee300000 - 0x00007ffcee400000 	C:\Windows\System32\ucrtbase.dll
0x00007ffcaf6e0000 - 0x00007ffcaf6f9000 	C:\Program Files\Java\jdk-21\bin\jli.dll
0x00007ffcf0340000 - 0x00007ffcf03f1000 	C:\Windows\System32\ADVAPI32.dll
0x00007ffcae720000 - 0x00007ffcae73b000 	C:\Program Files\Java\jdk-21\bin\VCRUNTIME140.dll
0x00007ffcf0440000 - 0x00007ffcf04de000 	C:\Windows\System32\msvcrt.dll
0x00007ffceff20000 - 0x00007ffceffbf000 	C:\Windows\System32\sechost.dll
0x00007ffcf0910000 - 0x00007ffcf0a30000 	C:\Windows\System32\RPCRT4.dll
0x00007ffceea20000 - 0x00007ffceea47000 	C:\Windows\System32\bcrypt.dll
0x00007ffcf0180000 - 0x00007ffcf0321000 	C:\Windows\System32\USER32.dll
0x00007ffcee940000 - 0x00007ffcee962000 	C:\Windows\System32\win32u.dll
0x00007ffcf0400000 - 0x00007ffcf042b000 	C:\Windows\System32\GDI32.dll
0x00007ffcee1e0000 - 0x00007ffcee2f9000 	C:\Windows\System32\gdi32full.dll
0x00007ffceea50000 - 0x00007ffceeaed000 	C:\Windows\System32\msvcp_win.dll
0x00007ffcd86b0000 - 0x00007ffcd894b000 	C:\Windows\WinSxS\amd64_microsoft.windows.common-controls_6595b64144ccf1df_6.0.19041.6456_none_60b8a6cb71f64256\COMCTL32.dll
0x00007ffce5120000 - 0x00007ffce512a000 	C:\Windows\SYSTEM32\VERSION.dll
0x00007ffcefb90000 - 0x00007ffcefbbf000 	C:\Windows\System32\IMM32.DLL
0x00007ffcc8a30000 - 0x00007ffcc8a3c000 	C:\Program Files\Java\jdk-21\bin\vcruntime140_1.dll
0x00007ffca48c0000 - 0x00007ffca494e000 	C:\Program Files\Java\jdk-21\bin\msvcp140.dll
0x00007ffc68680000 - 0x00007ffc6939a000 	C:\Program Files\Java\jdk-21\bin\server\jvm.dll
0x00007ffcf00f0000 - 0x00007ffcf015b000 	C:\Windows\System32\WS2_32.dll
0x00007ffced6a0000 - 0x00007ffced6eb000 	C:\Windows\SYSTEM32\POWRPROF.dll
0x00007ffcd8a20000 - 0x00007ffcd8a47000 	C:\Windows\SYSTEM32\WINMM.dll
0x00007ffced560000 - 0x00007ffced572000 	C:\Windows\SYSTEM32\UMPDC.dll
0x00007ffcec970000 - 0x00007ffcec982000 	C:\Windows\SYSTEM32\kernel.appcore.dll
0x00007ffcc46c0000 - 0x00007ffcc46ca000 	C:\Program Files\Java\jdk-21\bin\jimage.dll
0x00007ffceb030000 - 0x00007ffceb231000 	C:\Windows\SYSTEM32\DBGHELP.DLL
0x00007ffcda540000 - 0x00007ffcda574000 	C:\Windows\SYSTEM32\dbgcore.DLL
0x00007ffcee400000 - 0x00007ffcee482000 	C:\Windows\System32\bcryptPrimitives.dll
0x00007ffca8890000 - 0x00007ffca88af000 	C:\Program Files\Java\jdk-21\bin\java.dll
0x00007ffceefc0000 - 0x00007ffcef730000 	C:\Windows\System32\SHELL32.dll
0x00007ffcec180000 - 0x00007ffcec925000 	C:\Windows\SYSTEM32\windows.storage.dll
0x00007ffcefbc0000 - 0x00007ffceff14000 	C:\Windows\System32\combase.dll
0x00007ffcedb90000 - 0x00007ffcedbbb000 	C:\Windows\SYSTEM32\Wldp.dll
0x00007ffcef730000 - 0x00007ffcef7fd000 	C:\Windows\System32\OLEAUT32.dll
0x00007ffcf0740000 - 0x00007ffcf07ed000 	C:\Windows\System32\SHCORE.dll
0x00007ffcf0090000 - 0x00007ffcf00eb000 	C:\Windows\System32\shlwapi.dll
0x00007ffcee090000 - 0x00007ffcee0b4000 	C:\Windows\SYSTEM32\profapi.dll
0x00007ffca2dd0000 - 0x00007ffca2ea7000 	C:\Program Files\Java\jdk-21\bin\jsvml.dll
0x00007ffcc4130000 - 0x00007ffcc4140000 	C:\Program Files\Java\jdk-21\bin\net.dll
0x00007ffceb6c0000 - 0x00007ffceb7ca000 	C:\Windows\SYSTEM32\WINHTTP.dll
0x00007ffced8f0000 - 0x00007ffced95a000 	C:\Windows\system32\mswsock.dll
0x00007ffca6ee0000 - 0x00007ffca6ef6000 	C:\Program Files\Java\jdk-21\bin\nio.dll
0x00007ffca5260000 - 0x00007ffca5278000 	C:\Program Files\Java\jdk-21\bin\zip.dll

dbghelp: loaded successfully - version: 4.0.5 - missing functions: none
symbol engine: initialized successfully - sym options: 0x614 - pdb path: .;C:\Program Files\Java\jdk-21\bin;C:\Windows\SYSTEM32;C:\Windows\WinSxS\amd64_microsoft.windows.common-controls_6595b64144ccf1df_6.0.19041.6456_none_60b8a6cb71f64256;C:\Program Files\Java\jdk-21\bin\server

VM Arguments:
java_command: org.languagetool.server.HTTPServer -p 8949
java_class_path (initial): C:\Users\AHSAN\.cache\language_tool_python\LanguageTool-6.8-SNAPSHOT\languagetool-server.jar
Launcher Type: SUN_STANDARD

[Global flags]
     intx CICompilerCount                          = 4                                         {product} {ergonomic}
     uint ConcGCThreads                            = 2                                         {product} {ergonomic}
     uint G1ConcRefinementThreads                  = 8                                         {product} {ergonomic}
   size_t G1HeapRegionSize                         = 2097152                                   {product} {ergonomic}
    uintx GCDrainStackTargetSize                   = 64                                        {product} {ergonomic}
   size_t InitialHeapSize                          = 266338304                                 {product} {ergonomic}
   size_t MarkStackSize                            = 4194304                                   {product} {ergonomic}
   size_t MaxHeapSize                              = 4253024256                                {product} {ergonomic}
   size_t MaxNewSize                               = 2550136832                                {product} {ergonomic}
   size_t MinHeapDeltaBytes                        = 2097152                                   {product} {ergonomic}
   size_t MinHeapSize                              = 8388608                                   {product} {ergonomic}
    uintx NonNMethodCodeHeapSize                   = 5839372                                {pd product} {ergonomic}
    uintx NonProfiledCodeHeapSize                  = 122909434                              {pd product} {ergonomic}
    uintx ProfiledCodeHeapSize                     = 122909434                              {pd product} {ergonomic}
    uintx ReservedCodeCacheSize                    = 251658240                              {pd product} {ergonomic}
     bool SegmentedCodeCache                       = true                                      {product} {ergonomic}
   size_t SoftMaxHeapSize                          = 4253024256                             {manageable} {ergonomic}
     bool UseCompressedOops                        = true                           {product lp64_product} {ergonomic}
     bool UseG1GC                                  = true                                      {product} {ergonomic}
     bool UseLargePagesIndividualAllocation        = false                                  {pd product} {ergonomic}

Logging:
Log output configuration:
 #0: stdout all=warning uptime,level,tags foldmultilines=false
 #1: stderr all=off uptime,level,tags foldmultilines=false

Environment Variables:
JAVA_HOME=C:\Program Files\Java\jdk-21
PATH=C:\Users\AHSAN\Desktop\digango\venv\Scripts;C:\Program Files\Common Files\Oracle\Java\javapath;C:\Windows\system32;C:\Windows;C:\Windows\System32\Wbem;C:\Windows\System32\WindowsPowerShell\v1.0\;C:\Windows\System32\OpenSSH\;C:\Program Files\nodejs\;C:\Program Files\Java\jdk-21\bin;C:\Program Files\Intel\WiFi\bin\;C:\Program Files\Common Files\Intel\WirelessCommon\;C:\Users\AHSAN\AppData\Local\Programs\Python\Python314\Scripts\;C:\Users\AHSAN\AppData\Local\Programs\Python\Python314\;C:\Users\AHSAN\AppData\Local\Microsoft\WindowsApps;C:\Users\AHSAN\AppData\Local\Programs\Microsoft VS Code\bin;C:\Users\AHSAN\AppData\Roaming\npm;C:\Users\AHSAN\AppData\Local\Programs\Windsurf\bin
USERNAME=AHSAN
LANG=en_US.UTF-8
OS=Windows_NT
PROCESSOR_IDENTIFIER=Intel64 Family 6 Model 142 Stepping 10, GenuineIntel
TMP=C:\Users\AHSAN\AppData\Local\Temp
TEMP=C:\Users\AHSAN\AppData\Local\Temp




Periodic native trim disabled

---------------  S Y S T E M  ---------------

OS:
 Windows 10 , 64 bit Build 19041 (10.0.19041.5915)
OS uptime: 17 days 21:44 hours

CPU: total 8 (initial active 8) (4 cores per cpu, 2 threads per core) family 6 model 142 stepping 10 microcode 0xf0, cx8, cmov, fxsr, ht, mmx, 3dnowpref, sse, sse2, sse3, ssse3, sse4.1, sse4.2, popcnt, lzcnt, tsc, tscinvbit, avx, avx2, aes, erms, clmul, bmi1, bmi2, rtm, adx, fma, vzeroupper, clflush, clflushopt, rdtscp, f16c
Processor Information for all 8 processors :
  Max Mhz: 2112, Current Mhz: 1910, Mhz Limit: 1900

Memory: 4k page, system-wide physical 16217M (2139M free)
TotalPageFile size 29014M (AvailPageFile size 5M)
current process WorkingSet (physical memory assigned to process): 91M, peak: 91M
current process commit charge ("private bytes"): 362M, peak: 363M

vm_info: Java HotSpot(TM) 64-Bit Server VM (21.0.7+8-LTS-245) for windows-amd64 JRE (21.0.7+8-LTS-245), built on 2025-02-21T05:11:27Z by "mach5one" with MS VC++ 17.6 (VS2022)

END.
