#
# There is insufficient memory for the Java Runtime Environment to continue.
# Native memory allocation (mmap) failed to map 234881024 bytes for G1 virtual space
# Possible reasons:
#   The system is out of physical RAM or swap space
#   The process is running with CompressedOops enabled, and the Java Heap may be blocking the growth of the native heap
# Possible solutions:
#   Reduce memory load on the system
#   Increase physical memory or swap space
#   Check if swap backing store is full
#   Decrease Java heap size (-Xmx/-Xms)
#   Decrease number of Java threads
#   Decrease Java thread stack sizes (-Xss)
#   Set larger code cache with -XX:ReservedCodeCacheSize=
#   JVM is running with Zero Based Compressed Oops mode in which the Java heap is
#     placed in the first 32GB address space. The Java Heap base address is the
#     maximum limit for the native heap growth. Please use -XX:HeapBaseMinAddress
#     to set the Java Heap base and to place the Java Heap above 32GB virtual address.
# This output file may be truncated or incomplete.
#
#  Out of Memory Error (os_windows.cpp:3603), pid=25312, tid=1592
#
# JRE version: Java(TM) SE Runtime Environment (21.0.7+8) (build 21.0.7+8-LTS-245)
# Java VM: Java HotSpot(TM) 64-Bit Server VM (21.0.7+8-LTS-245, mixed mode, sharing, tiered, compressed oops, compressed class ptrs, g1 gc, windows-amd64)
# No core dump will be written. Minidumps are not enabled by default on client versions of Windows
#

---------------  S U M M A R Y ------------

Command Line: org.languagetool.server.HTTPServer -p 8653

Host: Intel(R) Core(TM) i7-8650U CPU @ 1.90GHz, 8 cores, 15G,  Windows 10 , 64 bit Build 19041 (10.0.19041.5915)
Time: Sat Jan 10 07:21:40 2026 Pakistan Standard Time elapsed time: 2.645629 seconds (0d 0h 0m 2s)

---------------  T H R E A D  ---------------

Current thread (0x00000152d9a7ea70):  VMThread "VM Thread"          [id=1592, stack(0x0000000e03800000,0x0000000e03900000) (1024K)]

Stack: [0x0000000e03800000,0x0000000e03900000]
Native frames: (J=compiled Java code, j=interpreted, Vv=VM code, C=native code)
V  [jvm.dll+0x6cae19]
V  [jvm.dll+0x855741]
V  [jvm.dll+0x857c6e]
V  [jvm.dll+0x858343]
V  [jvm.dll+0x27e0b6]
V  [jvm.dll+0x6c7595]
V  [jvm.dll+0x6bc0fa]
V  [jvm.dll+0x353eaa]
V  [jvm.dll+0x35bb26]
V  [jvm.dll+0x3ae52e]
V  [jvm.dll+0x3ae7d8]
V  [jvm.dll+0x3281bc]
V  [jvm.dll+0x328247]
V  [jvm.dll+0x36cbcc]
V  [jvm.dll+0x36b41e]
V  [jvm.dll+0x327981]
V  [jvm.dll+0x36ab3a]
V  [jvm.dll+0x85e110]
V  [jvm.dll+0x85f494]
V  [jvm.dll+0x85f9d0]
V  [jvm.dll+0x85fc73]
V  [jvm.dll+0x7ffa1b]
V  [jvm.dll+0x6c94fd]
C  [ucrtbase.dll+0x21bb2]
C  [KERNEL32.DLL+0x17374]
C  [ntdll.dll+0x4cc91]

VM_Operation (0x0000000e031fe960): G1CollectForAllocation, mode: safepoint, requested by thread 0x00000152b87a0de0


---------------  P R O C E S S  ---------------

Threads class SMR info:
_java_thread_list=0x000001531fb76a50, length=15, elements={
0x00000152b87a0de0, 0x00000152d9aa0f10, 0x00000152d9aa1c20, 0x00000152d9aa3680,
0x00000152d9aa4350, 0x00000152d9aa4da0, 0x00000152d9aaf850, 0x00000152d9ab2050,
0x00000152d9ab8720, 0x00000152d9d4ef40, 0x00000152d9d57ab0, 0x00000152d9f09d20,
0x000001531f983f60, 0x000001531f9de990, 0x000001531fc195b0
}

Java Threads: ( => current thread )
  0x00000152b87a0de0 JavaThread "main"                              [_thread_blocked, id=16244, stack(0x0000000e03100000,0x0000000e03200000) (1024K)]
  0x00000152d9aa0f10 JavaThread "Reference Handler"          daemon [_thread_blocked, id=15524, stack(0x0000000e03900000,0x0000000e03a00000) (1024K)]
  0x00000152d9aa1c20 JavaThread "Finalizer"                  daemon [_thread_blocked, id=14368, stack(0x0000000e03a00000,0x0000000e03b00000) (1024K)]
  0x00000152d9aa3680 JavaThread "Signal Dispatcher"          daemon [_thread_blocked, id=12320, stack(0x0000000e03b00000,0x0000000e03c00000) (1024K)]
  0x00000152d9aa4350 JavaThread "Attach Listener"            daemon [_thread_blocked, id=22932, stack(0x0000000e03c00000,0x0000000e03d00000) (1024K)]
  0x00000152d9aa4da0 JavaThread "Service Thread"             daemon [_thread_blocked, id=24628, stack(0x0000000e03d00000,0x0000000e03e00000) (1024K)]
  0x00000152d9aaf850 JavaThread "Monitor Deflation Thread"   daemon [_thread_blocked, id=9620, stack(0x0000000e03e00000,0x0000000e03f00000) (1024K)]
  0x00000152d9ab2050 JavaThread "C2 CompilerThread0"         daemon [_thread_blocked, id=25548, stack(0x0000000e03f00000,0x0000000e04000000) (1024K)]
  0x00000152d9ab8720 JavaThread "C1 CompilerThread0"         daemon [_thread_blocked, id=14224, stack(0x0000000e04000000,0x0000000e04100000) (1024K)]
  0x00000152d9d4ef40 JavaThread "Notification Thread"        daemon [_thread_blocked, id=13468, stack(0x0000000e04100000,0x0000000e04200000) (1024K)]
  0x00000152d9d57ab0 JavaThread "Common-Cleaner"             daemon [_thread_blocked, id=8940, stack(0x0000000e04200000,0x0000000e04300000) (1024K)]
  0x00000152d9f09d20 JavaThread "C2 CompilerThread1"         daemon [_thread_blocked, id=20220, stack(0x0000000e04300000,0x0000000e04400000) (1024K)]
  0x000001531f983f60 JavaThread "LtThreadPoolMonitor"        daemon [_thread_blocked, id=17492, stack(0x0000000e04b00000,0x0000000e04c00000) (1024K)]
  0x000001531f9de990 JavaThread "LtThreadPoolExecutorMonitor" daemon [_thread_blocked, id=3384, stack(0x0000000e04c00000,0x0000000e04d00000) (1024K)]
  0x000001531fc195b0 JavaThread "C2 CompilerThread2"         daemon [_thread_blocked, id=24008, stack(0x0000000e04d00000,0x0000000e04e00000) (1024K)]
Total: 15

Other Threads:
=>0x00000152d9a7ea70 VMThread "VM Thread"                           [id=1592, stack(0x0000000e03800000,0x0000000e03900000) (1024K)]
  0x00000152d9a70990 WatcherThread "VM Periodic Task Thread"        [id=6336, stack(0x0000000e03700000,0x0000000e03800000) (1024K)]
  0x00000152ba9c0cb0 WorkerThread "GC Thread#0"                     [id=21048, stack(0x0000000e03200000,0x0000000e03300000) (1024K)]
  0x000001531f9fd5e0 WorkerThread "GC Thread#1"                     [id=10912, stack(0x0000000e04400000,0x0000000e04500000) (1024K)]
  0x000001531f9fd980 WorkerThread "GC Thread#2"                     [id=3448, stack(0x0000000e04500000,0x0000000e04600000) (1024K)]
  0x000001531f9fdd20 WorkerThread "GC Thread#3"                     [id=21352, stack(0x0000000e04600000,0x0000000e04700000) (1024K)]
  0x000001531f681cf0 WorkerThread "GC Thread#4"                     [id=6408, stack(0x0000000e04700000,0x0000000e04800000) (1024K)]
  0x000001531f682090 WorkerThread "GC Thread#5"                     [id=20664, stack(0x0000000e04800000,0x0000000e04900000) (1024K)]
  0x000001531f682c30 WorkerThread "GC Thread#6"                     [id=16956, stack(0x0000000e04900000,0x0000000e04a00000) (1024K)]
  0x000001531fa35220 WorkerThread "GC Thread#7"                     [id=21156, stack(0x0000000e04a00000,0x0000000e04b00000) (1024K)]
  0x00000152ba9d2830 ConcurrentGCThread "G1 Main Marker"            [id=14548, stack(0x0000000e03300000,0x0000000e03400000) (1024K)]
  0x00000152ba9d32f0 WorkerThread "G1 Conc#0"                       [id=9700, stack(0x0000000e03400000,0x0000000e03500000) (1024K)]
  0x00000152d9942170 ConcurrentGCThread "G1 Refine#0"               [id=11240, stack(0x0000000e03500000,0x0000000e03600000) (1024K)]
  0x00000152d9942af0 ConcurrentGCThread "G1 Service"                [id=3124, stack(0x0000000e03600000,0x0000000e03700000) (1024K)]
Total: 14

Threads with active compile tasks:
C2 CompilerThread0     2690 1928       4       java.lang.String::split (8 bytes)
C2 CompilerThread1     2690 1929       4       java.lang.String::split (148 bytes)
C2 CompilerThread2     2690 1935       4       java.util.regex.Pattern$BmpCharProperty::match (55 bytes)
Total: 3

VM state: at safepoint (normal execution)

VM Mutex/Monitor currently owned by a thread:  ([mutex/lock_event])
[0x00007ffc692bde50] Threads_lock - owner thread: 0x00000152d9a7ea70
[0x00007ffc692bdf50] Heap_lock - owner thread: 0x00000152b87a0de0

Heap address: 0x0000000702800000, size: 4056 MB, Compressed Oops mode: Zero based, Oop shift amount: 3

CDS archive(s) mapped at: [0x00000152da000000-0x00000152dac90000-0x00000152dac90000), size 13172736, SharedBaseAddress: 0x00000152da000000, ArchiveRelocationMode: 1.
Compressed class space mapped at: 0x00000152db000000-0x000001531b000000, reserved size: 1073741824
Narrow klass base: 0x00000152da000000, Narrow klass shift: 0, Narrow klass range: 0x100000000

GC Precious Log:
 CardTable entry size: 512
 Card Set container configuration: InlinePtr #cards 4 size 8 Array Of Cards #cards 16 size 48 Howl #buckets 8 coarsen threshold 3686 Howl Bitmap #cards 512 size 80 coarsen threshold 460 Card regions per heap region 1 cards per card region 4096
 CPUs: 8 total, 8 available
 Memory: 16217M
 Large Page Support: Disabled
 NUMA Support: Disabled
 Compressed Oops: Enabled (Zero based)
 Heap Region Size: 2M
 Heap Min Capacity: 8M
 Heap Initial Capacity: 254M
 Heap Max Capacity: 4056M
 Pre-touch: Disabled
 Parallel Workers: 8
 Concurrent Workers: 2
 Concurrent Refinement Workers: 8
 Periodic GC: Disabled

Heap:
 garbage-first heap   total 260096K, used 56116K [0x0000000702800000, 0x0000000800000000)
  region size 2048K, 3 young (6144K), 3 survivors (6144K)
 Metaspace       used 10532K, committed 10752K, reserved 1114112K
  class space    used 1194K, committed 1280K, reserved 1048576K

Heap Regions: E=young(eden), S=young(survivor), O=old, HS=humongous(starts), HC=humongous(continues), CS=collection set, F=free, TAMS=top-at-mark-start, PB=parsable bottom
|   0|0x0000000702800000, 0x0000000702a00000, 0x0000000702a00000|100%| O|  |TAMS 0x0000000702800000| PB 0x0000000702800000| Untracked 
|   1|0x0000000702a00000, 0x0000000702c00000, 0x0000000702c00000|100%| O|  |TAMS 0x0000000702a00000| PB 0x0000000702a00000| Untracked 
|   2|0x0000000702c00000, 0x0000000702e00000, 0x0000000702e00000|100%| O|  |TAMS 0x0000000702c00000| PB 0x0000000702c00000| Untracked 
|   3|0x0000000702e00000, 0x0000000703000000, 0x0000000703000000|100%| O|  |TAMS 0x0000000702e00000| PB 0x0000000702e00000| Untracked 
|   4|0x0000000703000000, 0x0000000703200000, 0x0000000703200000|100%| O|  |TAMS 0x0000000703000000| PB 0x0000000703000000| Untracked 
|   5|0x0000000703200000, 0x0000000703400000, 0x0000000703400000|100%| O|  |TAMS 0x0000000703200000| PB 0x0000000703200000| Untracked 
|   6|0x0000000703400000, 0x0000000703600000, 0x0000000703600000|100%| O|  |TAMS 0x0000000703400000| PB 0x0000000703400000| Untracked 
|   7|0x0000000703600000, 0x0000000703800000, 0x0000000703800000|100%| O|  |TAMS 0x0000000703600000| PB 0x0000000703600000| Untracked 
|   8|0x0000000703800000, 0x0000000703a00000, 0x0000000703a00000|100%|HS|  |TAMS 0x0000000703800000| PB 0x0000000703800000| Complete 
|   9|0x0000000703a00000, 0x0000000703c00000, 0x0000000703c00000|100%| O|  |TAMS 0x0000000703a00000| PB 0x0000000703a00000| Untracked 
|  10|0x0000000703c00000, 0x0000000703e00000, 0x0000000703e00000|100%| O|  |TAMS 0x0000000703c00000| PB 0x0000000703c00000| Untracked 
|  11|0x0000000703e00000, 0x0000000704000000, 0x0000000704000000|100%| O|  |TAMS 0x0000000703e00000| PB 0x0000000703e00000| Untracked 
|  12|0x0000000704000000, 0x0000000704200000, 0x0000000704200000|100%| O|  |TAMS 0x0000000704000000| PB 0x0000000704000000| Untracked 
|  13|0x0000000704200000, 0x0000000704400000, 0x0000000704400000|100%| O|  |TAMS 0x0000000704200000| PB 0x0000000704200000| Untracked 
|  14|0x0000000704400000, 0x0000000704600000, 0x0000000704600000|100%| O|  |TAMS 0x0000000704400000| PB 0x0000000704400000| Untracked 
|  15|0x0000000704600000, 0x0000000704800000, 0x0000000704800000|100%| O|  |TAMS 0x0000000704600000| PB 0x0000000704600000| Untracked 
|  16|0x0000000704800000, 0x0000000704a00000, 0x0000000704a00000|100%| O|  |TAMS 0x0000000704800000| PB 0x0000000704800000| Untracked 
|  17|0x0000000704a00000, 0x0000000704c00000, 0x0000000704c00000|100%| O|  |TAMS 0x0000000704a00000| PB 0x0000000704a00000| Untracked 
|  18|0x0000000704c00000, 0x0000000704e00000, 0x0000000704e00000|100%|HS|  |TAMS 0x0000000704c00000| PB 0x0000000704c00000| Complete 
|  19|0x0000000704e00000, 0x0000000705000000, 0x0000000705000000|100%|HC|  |TAMS 0x0000000704e00000| PB 0x0000000704e00000| Complete 
|  20|0x0000000705000000, 0x0000000705200000, 0x0000000705200000|100%| O|  |TAMS 0x0000000705000000| PB 0x0000000705000000| Untracked 
|  21|0x0000000705200000, 0x0000000705400000, 0x0000000705400000|100%| O|  |TAMS 0x0000000705200000| PB 0x0000000705200000| Untracked 
|  22|0x0000000705400000, 0x0000000705600000, 0x0000000705600000|100%| O|  |TAMS 0x0000000705400000| PB 0x0000000705400000| Untracked 
|  23|0x0000000705600000, 0x0000000705800000, 0x0000000705800000|100%| O|  |TAMS 0x0000000705600000| PB 0x0000000705600000| Untracked 
|  24|0x0000000705800000, 0x00000007058cd2f0, 0x0000000705a00000| 40%| O|  |TAMS 0x0000000705800000| PB 0x0000000705800000| Untracked 
|  25|0x0000000705a00000, 0x0000000705a00000, 0x0000000705c00000|  0%| F|  |TAMS 0x0000000705a00000| PB 0x0000000705a00000| Untracked 
|  26|0x0000000705c00000, 0x0000000705c00000, 0x0000000705e00000|  0%| F|  |TAMS 0x0000000705c00000| PB 0x0000000705c00000| Untracked 
|  27|0x0000000705e00000, 0x0000000705e00000, 0x0000000706000000|  0%| F|  |TAMS 0x0000000705e00000| PB 0x0000000705e00000| Untracked 
|  28|0x0000000706000000, 0x0000000706000000, 0x0000000706200000|  0%| F|  |TAMS 0x0000000706000000| PB 0x0000000706000000| Untracked 
|  29|0x0000000706200000, 0x0000000706200000, 0x0000000706400000|  0%| F|  |TAMS 0x0000000706200000| PB 0x0000000706200000| Untracked 
|  30|0x0000000706400000, 0x0000000706400000, 0x0000000706600000|  0%| F|  |TAMS 0x0000000706400000| PB 0x0000000706400000| Untracked 
|  31|0x0000000706600000, 0x0000000706600000, 0x0000000706800000|  0%| F|  |TAMS 0x0000000706600000| PB 0x0000000706600000| Untracked 
|  32|0x0000000706800000, 0x0000000706800000, 0x0000000706a00000|  0%| F|  |TAMS 0x0000000706800000| PB 0x0000000706800000| Untracked 
|  33|0x0000000706a00000, 0x0000000706a00000, 0x0000000706c00000|  0%| F|  |TAMS 0x0000000706a00000| PB 0x0000000706a00000| Untracked 
|  34|0x0000000706c00000, 0x0000000706c00000, 0x0000000706e00000|  0%| F|  |TAMS 0x0000000706c00000| PB 0x0000000706c00000| Untracked 
|  35|0x0000000706e00000, 0x0000000706e00000, 0x0000000707000000|  0%| F|  |TAMS 0x0000000706e00000| PB 0x0000000706e00000| Untracked 
|  36|0x0000000707000000, 0x0000000707000000, 0x0000000707200000|  0%| F|  |TAMS 0x0000000707000000| PB 0x0000000707000000| Untracked 
|  37|0x0000000707200000, 0x0000000707200000, 0x0000000707400000|  0%| F|  |TAMS 0x0000000707200000| PB 0x0000000707200000| Untracked 
|  38|0x0000000707400000, 0x0000000707400000, 0x0000000707600000|  0%| F|  |TAMS 0x0000000707400000| PB 0x0000000707400000| Untracked 
|  39|0x0000000707600000, 0x0000000707600000, 0x0000000707800000|  0%| F|  |TAMS 0x0000000707600000| PB 0x0000000707600000| Untracked 
|  40|0x0000000707800000, 0x0000000707800000, 0x0000000707a00000|  0%| F|  |TAMS 0x0000000707800000| PB 0x0000000707800000| Untracked 
|  41|0x0000000707a00000, 0x0000000707a00000, 0x0000000707c00000|  0%| F|  |TAMS 0x0000000707a00000| PB 0x0000000707a00000| Untracked 
|  42|0x0000000707c00000, 0x0000000707c00000, 0x0000000707e00000|  0%| F|  |TAMS 0x0000000707c00000| PB 0x0000000707c00000| Untracked 
|  43|0x0000000707e00000, 0x0000000707e00000, 0x0000000708000000|  0%| F|  |TAMS 0x0000000707e00000| PB 0x0000000707e00000| Untracked 
|  44|0x0000000708000000, 0x0000000708000000, 0x0000000708200000|  0%| F|  |TAMS 0x0000000708000000| PB 0x0000000708000000| Untracked 
|  45|0x0000000708200000, 0x0000000708200000, 0x0000000708400000|  0%| F|  |TAMS 0x0000000708200000| PB 0x0000000708200000| Untracked 
|  46|0x0000000708400000, 0x0000000708400000, 0x0000000708600000|  0%| F|  |TAMS 0x0000000708400000| PB 0x0000000708400000| Untracked 
|  47|0x0000000708600000, 0x0000000708600000, 0x0000000708800000|  0%| F|  |TAMS 0x0000000708600000| PB 0x0000000708600000| Untracked 
|  48|0x0000000708800000, 0x0000000708800000, 0x0000000708a00000|  0%| F|  |TAMS 0x0000000708800000| PB 0x0000000708800000| Untracked 
|  49|0x0000000708a00000, 0x0000000708a00000, 0x0000000708c00000|  0%| F|  |TAMS 0x0000000708a00000| PB 0x0000000708a00000| Untracked 
|  50|0x0000000708c00000, 0x0000000708c00000, 0x0000000708e00000|  0%| F|  |TAMS 0x0000000708c00000| PB 0x0000000708c00000| Untracked 
|  51|0x0000000708e00000, 0x0000000708e00000, 0x0000000709000000|  0%| F|  |TAMS 0x0000000708e00000| PB 0x0000000708e00000| Untracked 
|  52|0x0000000709000000, 0x0000000709000000, 0x0000000709200000|  0%| F|  |TAMS 0x0000000709000000| PB 0x0000000709000000| Untracked 
|  53|0x0000000709200000, 0x0000000709200000, 0x0000000709400000|  0%| F|  |TAMS 0x0000000709200000| PB 0x0000000709200000| Untracked 
|  54|0x0000000709400000, 0x0000000709400000, 0x0000000709600000|  0%| F|  |TAMS 0x0000000709400000| PB 0x0000000709400000| Untracked 
|  55|0x0000000709600000, 0x0000000709600000, 0x0000000709800000|  0%| F|  |TAMS 0x0000000709600000| PB 0x0000000709600000| Untracked 
|  56|0x0000000709800000, 0x0000000709800000, 0x0000000709a00000|  0%| F|  |TAMS 0x0000000709800000| PB 0x0000000709800000| Untracked 
|  57|0x0000000709a00000, 0x0000000709a00000, 0x0000000709c00000|  0%| F|  |TAMS 0x0000000709a00000| PB 0x0000000709a00000| Untracked 
|  58|0x0000000709c00000, 0x0000000709c00000, 0x0000000709e00000|  0%| F|  |TAMS 0x0000000709c00000| PB 0x0000000709c00000| Untracked 
|  59|0x0000000709e00000, 0x0000000709e00000, 0x000000070a000000|  0%| F|  |TAMS 0x0000000709e00000| PB 0x0000000709e00000| Untracked 
|  60|0x000000070a000000, 0x000000070a000000, 0x000000070a200000|  0%| F|  |TAMS 0x000000070a000000| PB 0x000000070a000000| Untracked 
|  61|0x000000070a200000, 0x000000070a200000, 0x000000070a400000|  0%| F|  |TAMS 0x000000070a200000| PB 0x000000070a200000| Untracked 
|  62|0x000000070a400000, 0x000000070a400000, 0x000000070a600000|  0%| F|  |TAMS 0x000000070a400000| PB 0x000000070a400000| Untracked 
|  63|0x000000070a600000, 0x000000070a600000, 0x000000070a800000|  0%| F|  |TAMS 0x000000070a600000| PB 0x000000070a600000| Untracked 
|  64|0x000000070a800000, 0x000000070a800000, 0x000000070aa00000|  0%| F|  |TAMS 0x000000070a800000| PB 0x000000070a800000| Untracked 
|  65|0x000000070aa00000, 0x000000070aa00000, 0x000000070ac00000|  0%| F|  |TAMS 0x000000070aa00000| PB 0x000000070aa00000| Untracked 
|  66|0x000000070ac00000, 0x000000070ac00000, 0x000000070ae00000|  0%| F|  |TAMS 0x000000070ac00000| PB 0x000000070ac00000| Untracked 
|  67|0x000000070ae00000, 0x000000070ae00000, 0x000000070b000000|  0%| F|  |TAMS 0x000000070ae00000| PB 0x000000070ae00000| Untracked 
|  68|0x000000070b000000, 0x000000070b000000, 0x000000070b200000|  0%| F|  |TAMS 0x000000070b000000| PB 0x000000070b000000| Untracked 
|  69|0x000000070b200000, 0x000000070b200000, 0x000000070b400000|  0%| F|  |TAMS 0x000000070b200000| PB 0x000000070b200000| Untracked 
|  70|0x000000070b400000, 0x000000070b400000, 0x000000070b600000|  0%| F|  |TAMS 0x000000070b400000| PB 0x000000070b400000| Untracked 
|  71|0x000000070b600000, 0x000000070b600000, 0x000000070b800000|  0%| F|  |TAMS 0x000000070b600000| PB 0x000000070b600000| Untracked 
|  72|0x000000070b800000, 0x000000070b800000, 0x000000070ba00000|  0%| F|  |TAMS 0x000000070b800000| PB 0x000000070b800000| Untracked 
|  73|0x000000070ba00000, 0x000000070ba00000, 0x000000070bc00000|  0%| F|  |TAMS 0x000000070ba00000| PB 0x000000070ba00000| Untracked 
|  74|0x000000070bc00000, 0x000000070bc00000, 0x000000070be00000|  0%| F|  |TAMS 0x000000070bc00000| PB 0x000000070bc00000| Untracked 
|  75|0x000000070be00000, 0x000000070be00000, 0x000000070c000000|  0%| F|  |TAMS 0x000000070be00000| PB 0x000000070be00000| Untracked 
|  76|0x000000070c000000, 0x000000070c000000, 0x000000070c200000|  0%| F|  |TAMS 0x000000070c000000| PB 0x000000070c000000| Untracked 
|  77|0x000000070c200000, 0x000000070c200000, 0x000000070c400000|  0%| F|  |TAMS 0x000000070c200000| PB 0x000000070c200000| Untracked 
|  78|0x000000070c400000, 0x000000070c400000, 0x000000070c600000|  0%| F|  |TAMS 0x000000070c400000| PB 0x000000070c400000| Untracked 
|  79|0x000000070c600000, 0x000000070c600000, 0x000000070c800000|  0%| F|  |TAMS 0x000000070c600000| PB 0x000000070c600000| Untracked 
|  80|0x000000070c800000, 0x000000070c800000, 0x000000070ca00000|  0%| F|  |TAMS 0x000000070c800000| PB 0x000000070c800000| Untracked 
|  81|0x000000070ca00000, 0x000000070ca00000, 0x000000070cc00000|  0%| F|  |TAMS 0x000000070ca00000| PB 0x000000070ca00000| Untracked 
|  82|0x000000070cc00000, 0x000000070cc00000, 0x000000070ce00000|  0%| F|  |TAMS 0x000000070cc00000| PB 0x000000070cc00000| Untracked 
|  83|0x000000070ce00000, 0x000000070ce00000, 0x000000070d000000|  0%| F|  |TAMS 0x000000070ce00000| PB 0x000000070ce00000| Untracked 
|  84|0x000000070d000000, 0x000000070d000000, 0x000000070d200000|  0%| F|  |TAMS 0x000000070d000000| PB 0x000000070d000000| Untracked 
|  85|0x000000070d200000, 0x000000070d200000, 0x000000070d400000|  0%| F|  |TAMS 0x000000070d200000| PB 0x000000070d200000| Untracked 
|  86|0x000000070d400000, 0x000000070d400000, 0x000000070d600000|  0%| F|  |TAMS 0x000000070d400000| PB 0x000000070d400000| Untracked 
|  87|0x000000070d600000, 0x000000070d600000, 0x000000070d800000|  0%| F|  |TAMS 0x000000070d600000| PB 0x000000070d600000| Untracked 
|  88|0x000000070d800000, 0x000000070d800000, 0x000000070da00000|  0%| F|  |TAMS 0x000000070d800000| PB 0x000000070d800000| Untracked 
|  89|0x000000070da00000, 0x000000070da00000, 0x000000070dc00000|  0%| F|  |TAMS 0x000000070da00000| PB 0x000000070da00000| Untracked 
|  90|0x000000070dc00000, 0x000000070dc00000, 0x000000070de00000|  0%| F|  |TAMS 0x000000070dc00000| PB 0x000000070dc00000| Untracked 
|  91|0x000000070de00000, 0x000000070de00000, 0x000000070e000000|  0%| F|  |TAMS 0x000000070de00000| PB 0x000000070de00000| Untracked 
|  92|0x000000070e000000, 0x000000070e000000, 0x000000070e200000|  0%| F|  |TAMS 0x000000070e000000| PB 0x000000070e000000| Untracked 
|  93|0x000000070e200000, 0x000000070e200000, 0x000000070e400000|  0%| F|  |TAMS 0x000000070e200000| PB 0x000000070e200000| Untracked 
|  94|0x000000070e400000, 0x000000070e400000, 0x000000070e600000|  0%| F|  |TAMS 0x000000070e400000| PB 0x000000070e400000| Untracked 
|  95|0x000000070e600000, 0x000000070e600000, 0x000000070e800000|  0%| F|  |TAMS 0x000000070e600000| PB 0x000000070e600000| Untracked 
|  96|0x000000070e800000, 0x000000070e800000, 0x000000070ea00000|  0%| F|  |TAMS 0x000000070e800000| PB 0x000000070e800000| Untracked 
|  97|0x000000070ea00000, 0x000000070ea00000, 0x000000070ec00000|  0%| F|  |TAMS 0x000000070ea00000| PB 0x000000070ea00000| Untracked 
|  98|0x000000070ec00000, 0x000000070ec00000, 0x000000070ee00000|  0%| F|  |TAMS 0x000000070ec00000| PB 0x000000070ec00000| Untracked 
|  99|0x000000070ee00000, 0x000000070ee00000, 0x000000070f000000|  0%| F|  |TAMS 0x000000070ee00000| PB 0x000000070ee00000| Untracked 
| 100|0x000000070f000000, 0x000000070f000000, 0x000000070f200000|  0%| F|  |TAMS 0x000000070f000000| PB 0x000000070f000000| Untracked 
| 101|0x000000070f200000, 0x000000070f200000, 0x000000070f400000|  0%| F|  |TAMS 0x000000070f200000| PB 0x000000070f200000| Untracked 
| 102|0x000000070f400000, 0x000000070f400000, 0x000000070f600000|  0%| F|  |TAMS 0x000000070f400000| PB 0x000000070f400000| Untracked 
| 103|0x000000070f600000, 0x000000070f600000, 0x000000070f800000|  0%| F|  |TAMS 0x000000070f600000| PB 0x000000070f600000| Untracked 
| 104|0x000000070f800000, 0x000000070f800000, 0x000000070fa00000|  0%| F|  |TAMS 0x000000070f800000| PB 0x000000070f800000| Untracked 
| 105|0x000000070fa00000, 0x000000070fc00000, 0x000000070fc00000|100%| S|CS|TAMS 0x000000070fa00000| PB 0x000000070fa00000| Complete 
| 106|0x000000070fc00000, 0x000000070fe00000, 0x000000070fe00000|100%| S|CS|TAMS 0x000000070fc00000| PB 0x000000070fc00000| Complete 
| 107|0x000000070fe00000, 0x0000000710000000, 0x0000000710000000|100%| S|CS|TAMS 0x000000070fe00000| PB 0x000000070fe00000| Complete 
| 108|0x0000000710000000, 0x0000000710000000, 0x0000000710200000|  0%| F|  |TAMS 0x0000000710000000| PB 0x0000000710000000| Untracked 
| 109|0x0000000710200000, 0x0000000710200000, 0x0000000710400000|  0%| F|  |TAMS 0x0000000710200000| PB 0x0000000710200000| Untracked 
| 110|0x0000000710400000, 0x0000000710400000, 0x0000000710600000|  0%| F|  |TAMS 0x0000000710400000| PB 0x0000000710400000| Untracked 
| 111|0x0000000710600000, 0x0000000710600000, 0x0000000710800000|  0%| F|  |TAMS 0x0000000710600000| PB 0x0000000710600000| Untracked 
| 112|0x0000000710800000, 0x0000000710800000, 0x0000000710a00000|  0%| F|  |TAMS 0x0000000710800000| PB 0x0000000710800000| Untracked 
| 113|0x0000000710a00000, 0x0000000710a00000, 0x0000000710c00000|  0%| F|  |TAMS 0x0000000710a00000| PB 0x0000000710a00000| Untracked 
| 114|0x0000000710c00000, 0x0000000710c00000, 0x0000000710e00000|  0%| F|  |TAMS 0x0000000710c00000| PB 0x0000000710c00000| Untracked 
| 115|0x0000000710e00000, 0x0000000710e00000, 0x0000000711000000|  0%| F|  |TAMS 0x0000000710e00000| PB 0x0000000710e00000| Untracked 
| 116|0x0000000711000000, 0x0000000711000000, 0x0000000711200000|  0%| F|  |TAMS 0x0000000711000000| PB 0x0000000711000000| Untracked 
| 117|0x0000000711200000, 0x0000000711200000, 0x0000000711400000|  0%| F|  |TAMS 0x0000000711200000| PB 0x0000000711200000| Untracked 
| 118|0x0000000711400000, 0x0000000711400000, 0x0000000711600000|  0%| F|  |TAMS 0x0000000711400000| PB 0x0000000711400000| Untracked 
| 119|0x0000000711600000, 0x0000000711600000, 0x0000000711800000|  0%| F|  |TAMS 0x0000000711600000| PB 0x0000000711600000| Untracked 
| 120|0x0000000711800000, 0x0000000711800000, 0x0000000711a00000|  0%| F|  |TAMS 0x0000000711800000| PB 0x0000000711800000| Untracked 
| 121|0x0000000711a00000, 0x0000000711a00000, 0x0000000711c00000|  0%| F|  |TAMS 0x0000000711a00000| PB 0x0000000711a00000| Untracked 
| 122|0x0000000711c00000, 0x0000000711c00000, 0x0000000711e00000|  0%| F|  |TAMS 0x0000000711c00000| PB 0x0000000711c00000| Untracked 
| 123|0x0000000711e00000, 0x0000000711e00000, 0x0000000712000000|  0%| F|  |TAMS 0x0000000711e00000| PB 0x0000000711e00000| Untracked 
| 124|0x0000000712000000, 0x0000000712000000, 0x0000000712200000|  0%| F|  |TAMS 0x0000000712000000| PB 0x0000000712000000| Untracked 
| 125|0x0000000712200000, 0x0000000712200000, 0x0000000712400000|  0%| F|  |TAMS 0x0000000712200000| PB 0x0000000712200000| Untracked 
| 126|0x0000000712400000, 0x0000000712400000, 0x0000000712600000|  0%| F|  |TAMS 0x0000000712400000| PB 0x0000000712400000| Untracked 

Card table byte_map: [0x00000152d2930000,0x00000152d3120000] _byte_map_base: 0x00000152cf11c000

Marking Bits: (CMBitMap*) 0x00000152ba9c21d0
 Bits: [0x00000152d3120000, 0x00000152d7080000)

Polling page: 0x00000152b8af0000

Metaspace:

Usage:
  Non-class:      9.12 MB used.
      Class:      1.17 MB used.
       Both:     10.29 MB used.

Virtual space:
  Non-class space:       64.00 MB reserved,       9.25 MB ( 14%) committed,  1 nodes.
      Class space:        1.00 GB reserved,       1.25 MB ( <1%) committed,  1 nodes.
             Both:        1.06 GB reserved,      10.50 MB ( <1%) committed. 

Chunk freelists:
   Non-Class:  6.02 MB
       Class:  14.78 MB
        Both:  20.80 MB

MaxMetaspaceSize: unlimited
CompressedClassSpaceSize: 1.00 GB
Initial GC threshold: 21.00 MB
Current GC threshold: 21.00 MB
CDS: on
 - commit_granule_bytes: 65536.
 - commit_granule_words: 8192.
 - virtual_space_node_default_size: 8388608.
 - enlarge_chunks_in_place: 1.
 - use_allocation_guard: 0.


Internal statistics:

num_allocs_failed_limit: 0.
num_arena_births: 134.
num_arena_deaths: 0.
num_vsnodes_births: 2.
num_vsnodes_deaths: 0.
num_space_committed: 167.
num_space_uncommitted: 0.
num_chunks_returned_to_freelist: 0.
num_chunks_taken_from_freelist: 351.
num_chunk_merges: 0.
num_chunk_splits: 234.
num_chunks_enlarged: 173.
num_inconsistent_stats: 0.

CodeHeap 'non-profiled nmethods': size=120000Kb used=991Kb max_used=991Kb free=119008Kb
 bounds [0x00000152ca8d0000, 0x00000152cab40000, 0x00000152d1e00000]
CodeHeap 'profiled nmethods': size=120000Kb used=3584Kb max_used=3584Kb free=116415Kb
 bounds [0x00000152c2e00000, 0x00000152c3190000, 0x00000152ca330000]
CodeHeap 'non-nmethods': size=5760Kb used=1440Kb max_used=1513Kb free=4319Kb
 bounds [0x00000152ca330000, 0x00000152ca5a0000, 0x00000152ca8d0000]
 total_blobs=2455 nmethods=1926 adapters=434
 compilation: enabled
              stopped_count=0, restarted_count=0
 full_count=0

Compilation events (20 events):
Event: 2.557 Thread 0x000001531fc195b0 nmethod 1916 0x00000152ca9c1190 code [0x00000152ca9c1320, 0x00000152ca9c1548]
Event: 2.558 Thread 0x00000152d9ab2050 nmethod 1917 0x00000152ca9c1710 code [0x00000152ca9c18c0, 0x00000152ca9c1be8]
Event: 2.559 Thread 0x00000152d9ab2050 1920       4       java.util.ArrayList::grow (60 bytes)
Event: 2.559 Thread 0x000001531fc195b0 1921       4       java.lang.String::split (242 bytes)
Event: 2.568 Thread 0x00000152d9ab2050 nmethod 1920 0x00000152ca9c1f10 code [0x00000152ca9c20c0, 0x00000152ca9c27a0]
Event: 2.568 Thread 0x00000152d9ab2050 1922       4       java.lang.Integer::parseInt (264 bytes)
Event: 2.577 Thread 0x00000152d9ab2050 nmethod 1922 0x00000152ca9c2990 code [0x00000152ca9c2b60, 0x00000152ca9c2fb0]
Event: 2.577 Thread 0x00000152d9ab2050 1927       4       java.lang.String::trim (35 bytes)
Event: 2.579 Thread 0x00000152d9ab2050 nmethod 1927 0x00000152ca9c3490 code [0x00000152ca9c3640, 0x00000152ca9c37d8]
Event: 2.579 Thread 0x00000152d9ab2050 1928       4       java.lang.String::split (8 bytes)
Event: 2.581 Thread 0x00000152d9f09d20 nmethod 1919 0x00000152ca9c3990 code [0x00000152ca9c3b80, 0x00000152ca9c4820]
Event: 2.581 Thread 0x00000152d9f09d20 1929       4       java.lang.String::split (148 bytes)
Event: 2.586 Thread 0x00000152d9ab8720 1932       3       java.lang.Long::valueOf (40 bytes)
Event: 2.586 Thread 0x00000152d9ab8720 nmethod 1932 0x00000152c317d790 code [0x00000152c317d960, 0x00000152c317dcb0]
Event: 2.610 Thread 0x00000152d9ab8720 1937       3       java.lang.StringLatin1::trim (76 bytes)
Event: 2.611 Thread 0x00000152d9ab8720 nmethod 1937 0x00000152c317de10 code [0x00000152c317dfe0, 0x00000152c317e3b8]
Event: 2.611 Thread 0x00000152d9ab8720 1938   !   3       java.lang.StringLatin1::replace (291 bytes)
Event: 2.613 Thread 0x00000152d9ab8720 nmethod 1938 0x00000152c317e510 code [0x00000152c317e840, 0x00000152c317fa30]
Event: 2.619 Thread 0x000001531fc195b0 nmethod 1921 0x00000152ca9c4e10 code [0x00000152ca9c50a0, 0x00000152ca9c6bc8]
Event: 2.619 Thread 0x000001531fc195b0 1935       4       java.util.regex.Pattern$BmpCharProperty::match (55 bytes)

GC Heap History (11 events):
Event: 1.013 GC heap before
{Heap before GC invocations=0 (full 0):
 garbage-first heap   total 260096K, used 20480K [0x0000000702800000, 0x0000000800000000)
  region size 2048K, 11 young (22528K), 0 survivors (0K)
 Metaspace       used 5696K, committed 5824K, reserved 1114112K
  class space    used 717K, committed 768K, reserved 1048576K
}
Event: 1.022 GC heap after
{Heap after GC invocations=1 (full 0):
 garbage-first heap   total 260096K, used 7833K [0x0000000702800000, 0x0000000800000000)
  region size 2048K, 2 young (4096K), 2 survivors (4096K)
 Metaspace       used 5696K, committed 5824K, reserved 1114112K
  class space    used 717K, committed 768K, reserved 1048576K
}
Event: 1.605 GC heap before
{Heap before GC invocations=1 (full 0):
 garbage-first heap   total 260096K, used 30361K [0x0000000702800000, 0x0000000800000000)
  region size 2048K, 13 young (26624K), 2 survivors (4096K)
 Metaspace       used 9980K, committed 10176K, reserved 1114112K
  class space    used 1133K, committed 1216K, reserved 1048576K
}
Event: 1.614 GC heap after
{Heap after GC invocations=2 (full 0):
 garbage-first heap   total 260096K, used 12067K [0x0000000702800000, 0x0000000800000000)
  region size 2048K, 2 young (4096K), 2 survivors (4096K)
 Metaspace       used 9980K, committed 10176K, reserved 1114112K
  class space    used 1133K, committed 1216K, reserved 1048576K
}
Event: 1.959 GC heap before
{Heap before GC invocations=2 (full 0):
 garbage-first heap   total 260096K, used 57123K [0x0000000702800000, 0x0000000800000000)
  region size 2048K, 25 young (51200K), 2 survivors (4096K)
 Metaspace       used 10130K, committed 10304K, reserved 1114112K
  class space    used 1143K, committed 1216K, reserved 1048576K
}
Event: 1.976 GC heap after
{Heap after GC invocations=3 (full 0):
 garbage-first heap   total 260096K, used 23291K [0x0000000702800000, 0x0000000800000000)
  region size 2048K, 4 young (8192K), 4 survivors (8192K)
 Metaspace       used 10130K, committed 10304K, reserved 1114112K
  class space    used 1143K, committed 1216K, reserved 1048576K
}
Event: 2.075 GC heap before
{Heap before GC invocations=3 (full 0):
 garbage-first heap   total 260096K, used 49915K [0x0000000702800000, 0x0000000800000000)
  region size 2048K, 16 young (32768K), 4 survivors (8192K)
 Metaspace       used 10134K, committed 10304K, reserved 1114112K
  class space    used 1144K, committed 1216K, reserved 1048576K
}
Event: 2.094 GC heap after
{Heap after GC invocations=4 (full 0):
 garbage-first heap   total 260096K, used 31477K [0x0000000702800000, 0x0000000800000000)
  region size 2048K, 2 young (4096K), 2 survivors (4096K)
 Metaspace       used 10134K, committed 10304K, reserved 1114112K
  class space    used 1144K, committed 1216K, reserved 1048576K
}
Event: 2.308 GC heap before
{Heap before GC invocations=4 (full 0):
 garbage-first heap   total 260096K, used 72437K [0x0000000702800000, 0x0000000800000000)
  region size 2048K, 22 young (45056K), 2 survivors (4096K)
 Metaspace       used 10143K, committed 10304K, reserved 1114112K
  class space    used 1144K, committed 1216K, reserved 1048576K
}
Event: 2.329 GC heap after
{Heap after GC invocations=5 (full 0):
 garbage-first heap   total 260096K, used 42381K [0x0000000702800000, 0x0000000800000000)
  region size 2048K, 3 young (6144K), 3 survivors (6144K)
 Metaspace       used 10143K, committed 10304K, reserved 1114112K
  class space    used 1144K, committed 1216K, reserved 1048576K
}
Event: 2.620 GC heap before
{Heap before GC invocations=5 (full 0):
 garbage-first heap   total 260096K, used 83341K [0x0000000702800000, 0x0000000800000000)
  region size 2048K, 22 young (45056K), 3 survivors (6144K)
 Metaspace       used 10532K, committed 10752K, reserved 1114112K
  class space    used 1194K, committed 1280K, reserved 1048576K
}

Dll operation events (6 events):
Event: 0.007 Loaded shared library C:\Program Files\Java\jdk-21\bin\java.dll
Event: 0.037 Loaded shared library C:\Program Files\Java\jdk-21\bin\jsvml.dll
Event: 0.061 Loaded shared library C:\Program Files\Java\jdk-21\bin\net.dll
Event: 0.062 Loaded shared library C:\Program Files\Java\jdk-21\bin\nio.dll
Event: 0.065 Loaded shared library C:\Program Files\Java\jdk-21\bin\zip.dll
Event: 0.078 Loaded shared library C:\Program Files\Java\jdk-21\bin\jimage.dll

Deoptimization events (20 events):
Event: 2.552 Thread 0x00000152b87a0de0 Uncommon trap: trap_request=0xffffff6e fr.pc=0x00000152ca9bb524 relative=0x0000000000000164
Event: 2.552 Thread 0x00000152b87a0de0 Uncommon trap: reason=loop_limit_check action=maybe_recompile pc=0x00000152ca9bb524 method=java.lang.StringUTF16.indexOfLatin1Unsafe([BI[BII)I @ 120 c2
Event: 2.552 Thread 0x00000152b87a0de0 DEOPT PACKING pc=0x00000152ca9bb524 sp=0x0000000e031feb70
Event: 2.552 Thread 0x00000152b87a0de0 DEOPT UNPACKING pc=0x00000152ca3846a2 sp=0x0000000e031feaf8 mode 2
Event: 2.575 Thread 0x00000152b87a0de0 Uncommon trap: trap_request=0xffffffde fr.pc=0x00000152ca95cc68 relative=0x00000000000003e8
Event: 2.575 Thread 0x00000152b87a0de0 Uncommon trap: reason=class_check action=maybe_recompile pc=0x00000152ca95cc68 method=java.util.regex.Matcher.search(I)Z @ 121 c2
Event: 2.575 Thread 0x00000152b87a0de0 DEOPT PACKING pc=0x00000152ca95cc68 sp=0x0000000e031fedc0
Event: 2.575 Thread 0x00000152b87a0de0 DEOPT UNPACKING pc=0x00000152ca3846a2 sp=0x0000000e031fed80 mode 2
Event: 2.579 Thread 0x00000152b87a0de0 Uncommon trap: trap_request=0xffffffc6 fr.pc=0x00000152ca96300c relative=0x000000000000070c
Event: 2.579 Thread 0x00000152b87a0de0 Uncommon trap: reason=bimorphic_or_optimized_type_check action=maybe_recompile pc=0x00000152ca96300c method=java.util.regex.Pattern$BmpCharProperty.match(Ljava/util/regex/Matcher;ILjava/lang/CharSequence;)Z @ 19 c2
Event: 2.579 Thread 0x00000152b87a0de0 DEOPT PACKING pc=0x00000152ca96300c sp=0x0000000e031feb40
Event: 2.579 Thread 0x00000152b87a0de0 DEOPT UNPACKING pc=0x00000152ca3846a2 sp=0x0000000e031feb18 mode 2
Event: 2.579 Thread 0x00000152b87a0de0 Uncommon trap: trap_request=0xffffffc6 fr.pc=0x00000152ca96300c relative=0x000000000000070c
Event: 2.579 Thread 0x00000152b87a0de0 Uncommon trap: reason=bimorphic_or_optimized_type_check action=maybe_recompile pc=0x00000152ca96300c method=java.util.regex.Pattern$BmpCharProperty.match(Ljava/util/regex/Matcher;ILjava/lang/CharSequence;)Z @ 19 c2
Event: 2.579 Thread 0x00000152b87a0de0 DEOPT PACKING pc=0x00000152ca96300c sp=0x0000000e031feb40
Event: 2.579 Thread 0x00000152b87a0de0 DEOPT UNPACKING pc=0x00000152ca3846a2 sp=0x0000000e031feb18 mode 2
Event: 2.619 Thread 0x00000152b87a0de0 Uncommon trap: trap_request=0xffffffcc fr.pc=0x00000152ca9c666c relative=0x00000000000015cc
Event: 2.619 Thread 0x00000152b87a0de0 Uncommon trap: reason=intrinsic_or_type_checked_inlining action=make_not_entrant pc=0x00000152ca9c666c method=java.util.ArrayList$SubList.toArray([Ljava/lang/Object;)[Ljava/lang/Object; @ 58 c2
Event: 2.619 Thread 0x00000152b87a0de0 DEOPT PACKING pc=0x00000152ca9c666c sp=0x0000000e031fece0
Event: 2.619 Thread 0x00000152b87a0de0 DEOPT UNPACKING pc=0x00000152ca3846a2 sp=0x0000000e031fec18 mode 2

Classes loaded (20 events):
Event: 1.814 Loading class sun/text/resources/BreakIteratorResources_en
Event: 1.814 Loading class sun/text/resources/BreakIteratorResources_en done
Event: 1.814 Loading class sun/text/resources/BreakIteratorResources_en_US
Event: 1.814 Loading class sun/text/resources/BreakIteratorResources_en_US done
Event: 1.815 Loading class sun/text/RuleBasedBreakIterator
Event: 1.815 Loading class sun/text/RuleBasedBreakIterator done
Event: 1.817 Loading class sun/text/CompactByteArray
Event: 1.817 Loading class sun/text/CompactByteArray done
Event: 1.818 Loading class sun/text/SupplementaryCharacterData
Event: 1.818 Loading class sun/text/SupplementaryCharacterData done
Event: 1.819 Loading class java/text/BreakIterator$BreakIteratorCache
Event: 1.819 Loading class java/text/BreakIterator$BreakIteratorCache done
Event: 1.819 Loading class java/text/StringCharacterIterator
Event: 1.819 Loading class java/text/CharacterIterator
Event: 1.819 Loading class java/text/CharacterIterator done
Event: 1.820 Loading class java/text/StringCharacterIterator done
Event: 2.435 Loading class java/io/FileFilter
Event: 2.435 Loading class java/io/FileFilter done
Event: 2.498 Loading class java/util/NoSuchElementException
Event: 2.498 Loading class java/util/NoSuchElementException done

Classes unloaded (0 events):
No events

Classes redefined (0 events):
No events

Internal exceptions (10 events):
Event: 0.376 Thread 0x00000152b87a0de0 Exception <a 'java/lang/NoSuchMethodError'{0x0000000711af9fc8}: 'void java.lang.invoke.DirectMethodHandle$Holder.invokeStatic(java.lang.Object, java.lang.Object, java.lang.Object)'> (0x0000000711af9fc8) 
thrown [s\open\src\hotspot\share\interpreter\linkResolver.cpp, line 773]
Event: 0.507 Thread 0x00000152b87a0de0 Exception <a 'java/lang/NoSuchMethodError'{0x000000071184ba50}: 'void java.lang.invoke.DirectMethodHandle$Holder.invokeSpecialIFC(java.lang.Object, java.lang.Object, java.lang.Object, java.lang.Object, java.lang.Object)'> (0x000000071184ba50) 
thrown [s\open\src\hotspot\share\interpreter\linkResolver.cpp, line 773]
Event: 0.509 Thread 0x00000152b87a0de0 Exception <a 'java/lang/NoSuchMethodError'{0x0000000711853ac0}: 'void java.lang.invoke.DirectMethodHandle$Holder.invokeStatic(java.lang.Object, java.lang.Object, java.lang.Object, java.lang.Object)'> (0x0000000711853ac0) 
thrown [s\open\src\hotspot\share\interpreter\linkResolver.cpp, line 773]
Event: 0.511 Thread 0x00000152b87a0de0 Exception <a 'java/lang/NoSuchMethodError'{0x000000071185bf90}: 'int java.lang.invoke.DirectMethodHandle$Holder.invokeSpecial(java.lang.Object, java.lang.Object, java.lang.Object)'> (0x000000071185bf90) 
thrown [s\open\src\hotspot\share\interpreter\linkResolver.cpp, line 773]
Event: 0.543 Thread 0x00000152b87a0de0 Exception <a 'java/lang/NoSuchMethodError'{0x0000000711909f48}: 'java.lang.Object java.lang.invoke.DirectMethodHandle$Holder.invokeStaticInit(java.lang.Object, java.lang.Object, java.lang.Object)'> (0x0000000711909f48) 
thrown [s\open\src\hotspot\share\interpreter\linkResolver.cpp, line 773]
Event: 0.779 Thread 0x00000152b87a0de0 Exception <a 'java/lang/NoSuchMethodError'{0x00000007115abe40}: 'java.lang.Object java.lang.invoke.DirectMethodHandle$Holder.invokeSpecial(java.lang.Object, java.lang.Object, java.lang.Object, long, java.lang.Object)'> (0x00000007115abe40) 
thrown [s\open\src\hotspot\share\interpreter\linkResolver.cpp, line 773]
Event: 0.779 Thread 0x00000152b87a0de0 Exception <a 'java/lang/NoSuchMethodError'{0x00000007115af7a0}: 'java.lang.Object java.lang.invoke.Invokers$Holder.linkToTargetMethod(java.lang.Object, long, java.lang.Object, java.lang.Object)'> (0x00000007115af7a0) 
thrown [s\open\src\hotspot\share\interpreter\linkResolver.cpp, line 773]
Event: 1.166 Thread 0x00000152b87a0de0 Exception <a 'java/lang/ClassNotFoundException'{0x000000071236b2c8}: com/sun/org/apache/xerces/internal/impl/xpath/regex/spi/messageProvider> (0x000000071236b2c8) 
thrown [s\open\src\hotspot\share\classfile\systemDictionary.cpp, line 312]
Event: 1.408 Thread 0x00000152b87a0de0 Exception <a 'java/lang/NoSuchMethodError'{0x0000000711c74298}: 'java.lang.Object java.lang.invoke.DirectMethodHandle$Holder.invokeInterface(java.lang.Object, java.lang.Object)'> (0x0000000711c74298) 
thrown [s\open\src\hotspot\share\interpreter\linkResolver.cpp, line 773]
Event: 1.408 Thread 0x00000152b87a0de0 Exception <a 'java/lang/IncompatibleClassChangeError'{0x0000000711c77510}: Found class java.lang.Object, but interface was expected> (0x0000000711c77510) 
thrown [s\open\src\hotspot\share\interpreter\linkResolver.cpp, line 840]

ZGC Phase Switch (0 events):
No events

VM Operations (20 events):
Event: 1.047 Executing VM operation: ThreadDump done
Event: 1.073 Executing VM operation: HandshakeAllThreads (Deoptimize)
Event: 1.073 Executing VM operation: HandshakeAllThreads (Deoptimize) done
Event: 1.239 Executing VM operation: HandshakeAllThreads (Deoptimize)
Event: 1.239 Executing VM operation: HandshakeAllThreads (Deoptimize) done
Event: 1.239 Executing VM operation: HandshakeAllThreads (Deoptimize)
Event: 1.239 Executing VM operation: HandshakeAllThreads (Deoptimize) done
Event: 1.413 Executing VM operation: HandshakeAllThreads (Deoptimize)
Event: 1.413 Executing VM operation: HandshakeAllThreads (Deoptimize) done
Event: 1.604 Executing VM operation: G1CollectForAllocation (G1 Evacuation Pause)
Event: 1.614 Executing VM operation: G1CollectForAllocation (G1 Evacuation Pause) done
Event: 1.959 Executing VM operation: G1CollectForAllocation (G1 Evacuation Pause)
Event: 1.976 Executing VM operation: G1CollectForAllocation (G1 Evacuation Pause) done
Event: 2.048 Executing VM operation: ThreadDump
Event: 2.049 Executing VM operation: ThreadDump done
Event: 2.075 Executing VM operation: G1CollectForAllocation (G1 Evacuation Pause)
Event: 2.094 Executing VM operation: G1CollectForAllocation (G1 Evacuation Pause) done
Event: 2.308 Executing VM operation: G1CollectForAllocation (G1 Evacuation Pause)
Event: 2.330 Executing VM operation: G1CollectForAllocation (G1 Evacuation Pause) done
Event: 2.620 Executing VM operation: G1CollectForAllocation (G1 Evacuation Pause)

Events (15 events):
Event: 0.021 Thread 0x00000152b87a0de0 Thread added: 0x00000152b87a0de0
Event: 0.034 Thread 0x00000152d9aa0f10 Thread added: 0x00000152d9aa0f10
Event: 0.034 Thread 0x00000152d9aa1c20 Thread added: 0x00000152d9aa1c20
Event: 0.035 Thread 0x00000152d9aa3680 Thread added: 0x00000152d9aa3680
Event: 0.035 Thread 0x00000152d9aa4350 Thread added: 0x00000152d9aa4350
Event: 0.035 Thread 0x00000152d9aa4da0 Thread added: 0x00000152d9aa4da0
Event: 0.035 Thread 0x00000152d9aaf850 Thread added: 0x00000152d9aaf850
Event: 0.035 Thread 0x00000152d9ab2050 Thread added: 0x00000152d9ab2050
Event: 0.035 Thread 0x00000152d9ab8720 Thread added: 0x00000152d9ab8720
Event: 0.055 Thread 0x00000152d9d4ef40 Thread added: 0x00000152d9d4ef40
Event: 0.058 Thread 0x00000152d9d57ab0 Thread added: 0x00000152d9d57ab0
Event: 0.123 Thread 0x00000152d9f09d20 Thread added: 0x00000152d9f09d20
Event: 1.047 Thread 0x000001531f983f60 Thread added: 0x000001531f983f60
Event: 1.058 Thread 0x000001531f9de990 Thread added: 0x000001531f9de990
Event: 1.479 Thread 0x000001531fc195b0 Thread added: 0x000001531fc195b0


Dynamic libraries:
0x00007ff6c3b60000 - 0x00007ff6c3b70000 	C:\Program Files\Java\jdk-21\bin\java.EXE
0x00007ffcf0ad0000 - 0x00007ffcf0cc8000 	C:\Windows\SYSTEM32\ntdll.dll
0x00007ffceffc0000 - 0x00007ffcf0082000 	C:\Windows\System32\KERNEL32.DLL
0x00007ffcee5f0000 - 0x00007ffcee8e6000 	C:\Windows\System32\KERNELBASE.dll
0x00007ffcee300000 - 0x00007ffcee400000 	C:\Windows\System32\ucrtbase.dll
0x00007ffcaf6e0000 - 0x00007ffcaf6f9000 	C:\Program Files\Java\jdk-21\bin\jli.dll
0x00007ffcae720000 - 0x00007ffcae73b000 	C:\Program Files\Java\jdk-21\bin\VCRUNTIME140.dll
0x00007ffcf0340000 - 0x00007ffcf03f1000 	C:\Windows\System32\ADVAPI32.dll
0x00007ffcf0440000 - 0x00007ffcf04de000 	C:\Windows\System32\msvcrt.dll
0x00007ffceff20000 - 0x00007ffceffbf000 	C:\Windows\System32\sechost.dll
0x00007ffcf0910000 - 0x00007ffcf0a30000 	C:\Windows\System32\RPCRT4.dll
0x00007ffceea20000 - 0x00007ffceea47000 	C:\Windows\System32\bcrypt.dll
0x00007ffcf0180000 - 0x00007ffcf0321000 	C:\Windows\System32\USER32.dll
0x00007ffcd86b0000 - 0x00007ffcd894b000 	C:\Windows\WinSxS\amd64_microsoft.windows.common-controls_6595b64144ccf1df_6.0.19041.6456_none_60b8a6cb71f64256\COMCTL32.dll
0x00007ffcee940000 - 0x00007ffcee962000 	C:\Windows\System32\win32u.dll
0x00007ffcf0400000 - 0x00007ffcf042b000 	C:\Windows\System32\GDI32.dll
0x00007ffcee1e0000 - 0x00007ffcee2f9000 	C:\Windows\System32\gdi32full.dll
0x00007ffceea50000 - 0x00007ffceeaed000 	C:\Windows\System32\msvcp_win.dll
0x00007ffce5120000 - 0x00007ffce512a000 	C:\Windows\SYSTEM32\VERSION.dll
0x00007ffcefb90000 - 0x00007ffcefbbf000 	C:\Windows\System32\IMM32.DLL
0x00007ffcc8a30000 - 0x00007ffcc8a3c000 	C:\Program Files\Java\jdk-21\bin\vcruntime140_1.dll
0x00007ffca48c0000 - 0x00007ffca494e000 	C:\Program Files\Java\jdk-21\bin\msvcp140.dll
0x00007ffc68680000 - 0x00007ffc6939a000 	C:\Program Files\Java\jdk-21\bin\server\jvm.dll
0x00007ffcf00f0000 - 0x00007ffcf015b000 	C:\Windows\System32\WS2_32.dll
0x00007ffced6a0000 - 0x00007ffced6eb000 	C:\Windows\SYSTEM32\POWRPROF.dll
0x00007ffcd8a20000 - 0x00007ffcd8a47000 	C:\Windows\SYSTEM32\WINMM.dll
0x00007ffced560000 - 0x00007ffced572000 	C:\Windows\SYSTEM32\UMPDC.dll
0x00007ffcec970000 - 0x00007ffcec982000 	C:\Windows\SYSTEM32\kernel.appcore.dll
0x00007ffcc46c0000 - 0x00007ffcc46ca000 	C:\Program Files\Java\jdk-21\bin\jimage.dll
0x00007ffceb030000 - 0x00007ffceb231000 	C:\Windows\SYSTEM32\DBGHELP.DLL
0x00007ffcda540000 - 0x00007ffcda574000 	C:\Windows\SYSTEM32\dbgcore.DLL
0x00007ffcee400000 - 0x00007ffcee482000 	C:\Windows\System32\bcryptPrimitives.dll
0x00007ffca8890000 - 0x00007ffca88af000 	C:\Program Files\Java\jdk-21\bin\java.dll
0x00007ffceefc0000 - 0x00007ffcef730000 	C:\Windows\System32\SHELL32.dll
0x00007ffcec180000 - 0x00007ffcec925000 	C:\Windows\SYSTEM32\windows.storage.dll
0x00007ffcefbc0000 - 0x00007ffceff14000 	C:\Windows\System32\combase.dll
0x00007ffcedb90000 - 0x00007ffcedbbb000 	C:\Windows\SYSTEM32\Wldp.dll
0x00007ffcef730000 - 0x00007ffcef7fd000 	C:\Windows\System32\OLEAUT32.dll
0x00007ffcf0740000 - 0x00007ffcf07ed000 	C:\Windows\System32\SHCORE.dll
0x00007ffcf0090000 - 0x00007ffcf00eb000 	C:\Windows\System32\shlwapi.dll
0x00007ffcee090000 - 0x00007ffcee0b4000 	C:\Windows\SYSTEM32\profapi.dll
0x00007ffca2dd0000 - 0x00007ffca2ea7000 	C:\Program Files\Java\jdk-21\bin\jsvml.dll
0x00007ffcc4130000 - 0x00007ffcc4140000 	C:\Program Files\Java\jdk-21\bin\net.dll
0x00007ffceb6c0000 - 0x00007ffceb7ca000 	C:\Windows\SYSTEM32\WINHTTP.dll
0x00007ffced8f0000 - 0x00007ffced95a000 	C:\Windows\system32\mswsock.dll
0x00007ffca6ee0000 - 0x00007ffca6ef6000 	C:\Program Files\Java\jdk-21\bin\nio.dll
0x00007ffca5260000 - 0x00007ffca5278000 	C:\Program Files\Java\jdk-21\bin\zip.dll

dbghelp: loaded successfully - version: 4.0.5 - missing functions: none
symbol engine: initialized successfully - sym options: 0x614 - pdb path: .;C:\Program Files\Java\jdk-21\bin;C:\Windows\SYSTEM32;C:\Windows\WinSxS\amd64_microsoft.windows.common-controls_6595b64144ccf1df_6.0.19041.6456_none_60b8a6cb71f64256;C:\Program Files\Java\jdk-21\bin\server

VM Arguments:
java_command: org.languagetool.server.HTTPServer -p 8653
java_class_path (initial): C:\Users\AHSAN\.cache\language_tool_python\LanguageTool-6.8-SNAPSHOT\languagetool-server.jar
Launcher Type: SUN_STANDARD

[Global flags]
     intx CICompilerCount                          = 4                                         {product} {ergonomic}
     uint ConcGCThreads                            = 2                                         {product} {ergonomic}
     uint G1ConcRefinementThreads                  = 8                                         {product} {ergonomic}
   size_t G1HeapRegionSize                         = 2097152                                   {product} {ergonomic}
    uintx GCDrainStackTargetSize                   = 64                                        {product} {ergonomic}
   size_t InitialHeapSize                          = 266338304                                 {product} {ergonomic}
   size_t MarkStackSize                            = 4194304                                   {product} {ergonomic}
   size_t MaxHeapSize                              = 4253024256                                {product} {ergonomic}
   size_t MaxNewSize                               = 2550136832                                {product} {ergonomic}
   size_t MinHeapDeltaBytes                        = 2097152                                   {product} {ergonomic}
   size_t MinHeapSize                              = 8388608                                   {product} {ergonomic}
    uintx NonNMethodCodeHeapSize                   = 5839372                                {pd product} {ergonomic}
    uintx NonProfiledCodeHeapSize                  = 122909434                              {pd product} {ergonomic}
    uintx ProfiledCodeHeapSize                     = 122909434                              {pd product} {ergonomic}
    uintx ReservedCodeCacheSize                    = 251658240                              {pd product} {ergonomic}
     bool SegmentedCodeCache                       = true                                      {product} {ergonomic}
   size_t SoftMaxHeapSize                          = 4253024256                             {manageable} {ergonomic}
     bool UseCompressedOops                        = true                           {product lp64_product} {ergonomic}
     bool UseG1GC                                  = true                                      {product} {ergonomic}
     bool UseLargePagesIndividualAllocation        = false                                  {pd product} {ergonomic}

Logging:
Log output configuration:
 #0: stdout all=warning uptime,level,tags foldmultilines=false
 #1: stderr all=off uptime,level,tags foldmultilines=false

Environment Variables:
JAVA_HOME=C:\Program Files\Java\jdk-21
PATH=C:\Users\AHSAN\Desktop\digango\venv\Scripts;C:\Program Files\Common Files\Oracle\Java\javapath;C:\Windows\system32;C:\Windows;C:\Windows\System32\Wbem;C:\Windows\System32\WindowsPowerShell\v1.0\;C:\Windows\System32\OpenSSH\;C:\Program Files\nodejs\;C:\Program Files\Java\jdk-21\bin;C:\Program Files\Intel\WiFi\bin\;C:\Program Files\Common Files\Intel\WirelessCommon\;C:\Users\AHSAN\AppData\Local\Programs\Python\Python314\Scripts\;C:\Users\AHSAN\AppData\Local\Programs\Python\Python314\;C:\Users\AHSAN\AppData\Local\Microsoft\WindowsApps;C:\Users\AHSAN\AppData\Local\Programs\Microsoft VS Code\bin;C:\Users\AHSAN\AppData\Roaming\npm;C:\Users\AHSAN\AppData\Local\Programs\Windsurf\bin
USERNAME=AHSAN
LANG=en_US.UTF-8
OS=Windows_NT
PROCESSOR_IDENTIFIER=Intel64 Family 6 Model 142 Stepping 10, GenuineIntel
TMP=C:\Users\AHSAN\AppData\Local\Temp
TEMP=C:\Users\AHSAN\AppData\Local\Temp




Periodic native trim disabled

---------------  S Y S T E M  ---------------

OS:
 Windows 10 , 64 bit Build 19041 (10.0.19041.5915)
OS uptime: 17 days 21:44 hours

CPU: total 8 (initial active 8) (4 cores per cpu, 2 threads per core) family 6 model 142 stepping 10 microcode 0xf0, cx8, cmov, fxsr, ht, mmx, 3dnowpref, sse, sse2, sse3, ssse3, sse4.1, sse4.2, popcnt, lzcnt, tsc, tscinvbit, avx, avx2, aes, erms, clmul, bmi1, bmi2, rtm, adx, fma, vzeroupper, clflush, clflushopt, rdtscp, f16c
Processor Information for all 8 processors :
  Max Mhz: 2112, Current Mhz: 1910, Mhz Limit: 1900

Memory: 4k page, system-wide physical 16217M (1706M free)
TotalPageFile size 29014M (AvailPageFile size 161M)
current process WorkingSet (physical memory assigned to process): 179M, peak: 179M
current process commit charge ("private bytes"): 377M, peak: 601M

vm_info: Java HotSpot(TM) 64-Bit Server VM (21.0.7+8-LTS-245) for windows-amd64 JRE (21.0.7+8-LTS-245), built on 2025-02-21T05:11:27Z by "mach5one" with MS VC++ 17.6 (VS2022)

END.
