#
# There is insufficient memory for the Java Runtime Environment to continue.
# Native memory allocation (malloc) failed to allocate 320656 bytes for Chunk::new
# Possible reasons:
#   The system is out of physical RAM or swap space
#   The process is running with CompressedOops enabled, and the Java Heap may be blocking the growth of the native heap
# Possible solutions:
#   Reduce memory load on the system
#   Increase physical memory or swap space
#   Check if swap backing store is full
#   Decrease Java heap size (-Xmx/-Xms)
#   Decrease number of Java threads
#   Decrease Java thread stack sizes (-Xss)
#   Set larger code cache with -XX:ReservedCodeCacheSize=
#   JVM is running with Zero Based Compressed Oops mode in which the Java heap is
#     placed in the first 32GB address space. The Java Heap base address is the
#     maximum limit for the native heap growth. Please use -XX:HeapBaseMinAddress
#     to set the Java Heap base and to place the Java Heap above 32GB virtual address.
# This output file may be truncated or incomplete.
#
#  Out of Memory Error (arena.cpp:168), pid=15164, tid=24404
#
# JRE version: Java(TM) SE Runtime Environment (21.0.7+8) (build 21.0.7+8-LTS-245)
# Java VM: Java HotSpot(TM) 64-Bit Server VM (21.0.7+8-LTS-245, mixed mode, sharing, tiered, compressed oops, compressed class ptrs, g1 gc, windows-amd64)
# No core dump will be written. Minidumps are not enabled by default on client versions of Windows
#

---------------  S U M M A R Y ------------

Command Line: org.languagetool.server.HTTPServer -p 8272

Host: Intel(R) Core(TM) i7-8650U CPU @ 1.90GHz, 8 cores, 15G,  Windows 10 , 64 bit Build 19041 (10.0.19041.5915)
Time: Sat Jan 10 07:19:02 2026 Pakistan Standard Time elapsed time: 2.845949 seconds (0d 0h 0m 2s)

---------------  T H R E A D  ---------------

Current thread (0x0000015d7abafc60):  JavaThread "C2 CompilerThread2" daemon [_thread_in_native, id=24404, stack(0x0000002a43500000,0x0000002a43600000) (1024K)]


Current CompileTask:
C2:   2846 1589       4       java.util.regex.Matcher::toMatchResult (75 bytes)

Stack: [0x0000002a43500000,0x0000002a43600000]
Native frames: (J=compiled Java code, j=interpreted, Vv=VM code, C=native code)
V  [jvm.dll+0x6cae19]
V  [jvm.dll+0x855741]
V  [jvm.dll+0x857c6e]
V  [jvm.dll+0x858343]
V  [jvm.dll+0x27e0b6]
V  [jvm.dll+0xc4ecd]
V  [jvm.dll+0xc5403]
V  [jvm.dll+0x2f145d]
V  [jvm.dll+0x5f5a8a]
V  [jvm.dll+0x24fbc2]
V  [jvm.dll+0x24ff7f]
V  [jvm.dll+0x248a9c]
V  [jvm.dll+0x246004]
V  [jvm.dll+0x1c6efe]
V  [jvm.dll+0x255819]
V  [jvm.dll+0x253daa]
V  [jvm.dll+0x3eebb6]
V  [jvm.dll+0x7ffa1b]
V  [jvm.dll+0x6c94fd]
C  [ucrtbase.dll+0x21bb2]
C  [KERNEL32.DLL+0x17374]
C  [ntdll.dll+0x4cc91]


---------------  P R O C E S S  ---------------

Threads class SMR info:
_java_thread_list=0x0000015d7ab8c930, length=15, elements={
0x0000015d133c4f90, 0x0000015d347a1620, 0x0000015d347a2330, 0x0000015d347a3d90,
0x0000015d347a47e0, 0x0000015d347a54b0, 0x0000015d347a5f00, 0x0000015d347a6c80,
0x0000015d347a9720, 0x0000015d34a47930, 0x0000015d34a49fa0, 0x0000015d7a9c6f60,
0x0000015d7aac7ea0, 0x0000015d7aa68860, 0x0000015d7abafc60
}

Java Threads: ( => current thread )
  0x0000015d133c4f90 JavaThread "main"                              [_thread_in_native, id=20760, stack(0x0000002a41900000,0x0000002a41a00000) (1024K)]
  0x0000015d347a1620 JavaThread "Reference Handler"          daemon [_thread_blocked, id=7504, stack(0x0000002a42100000,0x0000002a42200000) (1024K)]
  0x0000015d347a2330 JavaThread "Finalizer"                  daemon [_thread_blocked, id=22576, stack(0x0000002a42200000,0x0000002a42300000) (1024K)]
  0x0000015d347a3d90 JavaThread "Signal Dispatcher"          daemon [_thread_blocked, id=17824, stack(0x0000002a42300000,0x0000002a42400000) (1024K)]
  0x0000015d347a47e0 JavaThread "Attach Listener"            daemon [_thread_blocked, id=16180, stack(0x0000002a42400000,0x0000002a42500000) (1024K)]
  0x0000015d347a54b0 JavaThread "Service Thread"             daemon [_thread_blocked, id=10348, stack(0x0000002a42500000,0x0000002a42600000) (1024K)]
  0x0000015d347a5f00 JavaThread "Monitor Deflation Thread"   daemon [_thread_blocked, id=24216, stack(0x0000002a42600000,0x0000002a42700000) (1024K)]
  0x0000015d347a6c80 JavaThread "C2 CompilerThread0"         daemon [_thread_in_native, id=19388, stack(0x0000002a42700000,0x0000002a42800000) (1024K)]
  0x0000015d347a9720 JavaThread "C1 CompilerThread0"         daemon [_thread_blocked, id=6616, stack(0x0000002a42800000,0x0000002a42900000) (1024K)]
  0x0000015d34a47930 JavaThread "Notification Thread"        daemon [_thread_blocked, id=8776, stack(0x0000002a42900000,0x0000002a42a00000) (1024K)]
  0x0000015d34a49fa0 JavaThread "Common-Cleaner"             daemon [_thread_blocked, id=9804, stack(0x0000002a42a00000,0x0000002a42b00000) (1024K)]
  0x0000015d7a9c6f60 JavaThread "LtThreadPoolMonitor"        daemon [_thread_blocked, id=11252, stack(0x0000002a43300000,0x0000002a43400000) (1024K)]
  0x0000015d7aac7ea0 JavaThread "LtThreadPoolExecutorMonitor" daemon [_thread_blocked, id=13972, stack(0x0000002a43400000,0x0000002a43500000) (1024K)]
  0x0000015d7aa68860 JavaThread "C2 CompilerThread1"         daemon [_thread_in_native, id=21716, stack(0x0000002a42b00000,0x0000002a42c00000) (1024K)]
=>0x0000015d7abafc60 JavaThread "C2 CompilerThread2"         daemon [_thread_in_native, id=24404, stack(0x0000002a43500000,0x0000002a43600000) (1024K)]
Total: 15

Other Threads:
  0x0000015d347800e0 VMThread "VM Thread"                           [id=4680, stack(0x0000002a42000000,0x0000002a42100000) (1024K)]
  0x0000015d34770d20 WatcherThread "VM Periodic Task Thread"        [id=23024, stack(0x0000002a41f00000,0x0000002a42000000) (1024K)]
  0x0000015d156c1d80 WorkerThread "GC Thread#0"                     [id=13552, stack(0x0000002a41a00000,0x0000002a41b00000) (1024K)]
  0x0000015d7a9c9970 WorkerThread "GC Thread#1"                     [id=19028, stack(0x0000002a42c00000,0x0000002a42d00000) (1024K)]
  0x0000015d7a9bb890 WorkerThread "GC Thread#2"                     [id=12300, stack(0x0000002a42d00000,0x0000002a42e00000) (1024K)]
  0x0000015d7a9bbc30 WorkerThread "GC Thread#3"                     [id=14784, stack(0x0000002a42e00000,0x0000002a42f00000) (1024K)]
  0x0000015d7a9bbfd0 WorkerThread "GC Thread#4"                     [id=6228, stack(0x0000002a42f00000,0x0000002a43000000) (1024K)]
  0x0000015d7a9bc370 WorkerThread "GC Thread#5"                     [id=8316, stack(0x0000002a43000000,0x0000002a43100000) (1024K)]
  0x0000015d7aac7760 WorkerThread "GC Thread#6"                     [id=4852, stack(0x0000002a43100000,0x0000002a43200000) (1024K)]
  0x0000015d7aac7b00 WorkerThread "GC Thread#7"                     [id=14000, stack(0x0000002a43200000,0x0000002a43300000) (1024K)]
  0x0000015d156d2b90 ConcurrentGCThread "G1 Main Marker"            [id=7624, stack(0x0000002a41b00000,0x0000002a41c00000) (1024K)]
  0x0000015d156d5140 WorkerThread "G1 Conc#0"                       [id=876, stack(0x0000002a41c00000,0x0000002a41d00000) (1024K)]
  0x0000015d1572e600 ConcurrentGCThread "G1 Refine#0"               [id=23424, stack(0x0000002a41d00000,0x0000002a41e00000) (1024K)]
  0x0000015d3463f2b0 ConcurrentGCThread "G1 Service"                [id=23712, stack(0x0000002a41e00000,0x0000002a41f00000) (1024K)]
Total: 14

Threads with active compile tasks:
C2 CompilerThread0     2890 1595       4       java.util.regex.Matcher::find (69 bytes)
C2 CompilerThread1     2890 1588       4       java.util.Scanner::hasNextLine (85 bytes)
C2 CompilerThread2     2890 1589       4       java.util.regex.Matcher::toMatchResult (75 bytes)
Total: 3

VM state: not at safepoint (normal execution)

VM Mutex/Monitor currently owned by a thread: None

Heap address: 0x0000000702800000, size: 4056 MB, Compressed Oops mode: Zero based, Oop shift amount: 3

CDS archive(s) mapped at: [0x0000015d35000000-0x0000015d35c90000-0x0000015d35c90000), size 13172736, SharedBaseAddress: 0x0000015d35000000, ArchiveRelocationMode: 1.
Compressed class space mapped at: 0x0000015d36000000-0x0000015d76000000, reserved size: 1073741824
Narrow klass base: 0x0000015d35000000, Narrow klass shift: 0, Narrow klass range: 0x100000000

GC Precious Log:
 CardTable entry size: 512
 Card Set container configuration: InlinePtr #cards 4 size 8 Array Of Cards #cards 16 size 48 Howl #buckets 8 coarsen threshold 3686 Howl Bitmap #cards 512 size 80 coarsen threshold 460 Card regions per heap region 1 cards per card region 4096
 CPUs: 8 total, 8 available
 Memory: 16217M
 Large Page Support: Disabled
 NUMA Support: Disabled
 Compressed Oops: Enabled (Zero based)
 Heap Region Size: 2M
 Heap Min Capacity: 8M
 Heap Initial Capacity: 254M
 Heap Max Capacity: 4056M
 Pre-touch: Disabled
 Parallel Workers: 8
 Concurrent Workers: 2
 Concurrent Refinement Workers: 8
 Periodic GC: Disabled

Heap:
 garbage-first heap   total 260096K, used 20281K [0x0000000702800000, 0x0000000800000000)
  region size 2048K, 9 young (18432K), 2 survivors (4096K)
 Metaspace       used 9994K, committed 10176K, reserved 1114112K
  class space    used 1133K, committed 1216K, reserved 1048576K

Heap Regions: E=young(eden), S=young(survivor), O=old, HS=humongous(starts), HC=humongous(continues), CS=collection set, F=free, TAMS=top-at-mark-start, PB=parsable bottom
|   0|0x0000000702800000, 0x0000000702a00000, 0x0000000702a00000|100%| O|  |TAMS 0x0000000702800000| PB 0x0000000702800000| Untracked 
|   1|0x0000000702a00000, 0x0000000702bce588, 0x0000000702c00000| 90%| O|  |TAMS 0x0000000702a00000| PB 0x0000000702a00000| Untracked 
|   2|0x0000000702c00000, 0x0000000702c00000, 0x0000000702e00000|  0%| F|  |TAMS 0x0000000702c00000| PB 0x0000000702c00000| Untracked 
|   3|0x0000000702e00000, 0x0000000702e00000, 0x0000000703000000|  0%| F|  |TAMS 0x0000000702e00000| PB 0x0000000702e00000| Untracked 
|   4|0x0000000703000000, 0x0000000703000000, 0x0000000703200000|  0%| F|  |TAMS 0x0000000703000000| PB 0x0000000703000000| Untracked 
|   5|0x0000000703200000, 0x0000000703200000, 0x0000000703400000|  0%| F|  |TAMS 0x0000000703200000| PB 0x0000000703200000| Untracked 
|   6|0x0000000703400000, 0x0000000703400000, 0x0000000703600000|  0%| F|  |TAMS 0x0000000703400000| PB 0x0000000703400000| Untracked 
|   7|0x0000000703600000, 0x0000000703600000, 0x0000000703800000|  0%| F|  |TAMS 0x0000000703600000| PB 0x0000000703600000| Untracked 
|   8|0x0000000703800000, 0x0000000703800000, 0x0000000703a00000|  0%| F|  |TAMS 0x0000000703800000| PB 0x0000000703800000| Untracked 
|   9|0x0000000703a00000, 0x0000000703a00000, 0x0000000703c00000|  0%| F|  |TAMS 0x0000000703a00000| PB 0x0000000703a00000| Untracked 
|  10|0x0000000703c00000, 0x0000000703c00000, 0x0000000703e00000|  0%| F|  |TAMS 0x0000000703c00000| PB 0x0000000703c00000| Untracked 
|  11|0x0000000703e00000, 0x0000000703e00000, 0x0000000704000000|  0%| F|  |TAMS 0x0000000703e00000| PB 0x0000000703e00000| Untracked 
|  12|0x0000000704000000, 0x0000000704000000, 0x0000000704200000|  0%| F|  |TAMS 0x0000000704000000| PB 0x0000000704000000| Untracked 
|  13|0x0000000704200000, 0x0000000704200000, 0x0000000704400000|  0%| F|  |TAMS 0x0000000704200000| PB 0x0000000704200000| Untracked 
|  14|0x0000000704400000, 0x0000000704400000, 0x0000000704600000|  0%| F|  |TAMS 0x0000000704400000| PB 0x0000000704400000| Untracked 
|  15|0x0000000704600000, 0x0000000704600000, 0x0000000704800000|  0%| F|  |TAMS 0x0000000704600000| PB 0x0000000704600000| Untracked 
|  16|0x0000000704800000, 0x0000000704800000, 0x0000000704a00000|  0%| F|  |TAMS 0x0000000704800000| PB 0x0000000704800000| Untracked 
|  17|0x0000000704a00000, 0x0000000704a00000, 0x0000000704c00000|  0%| F|  |TAMS 0x0000000704a00000| PB 0x0000000704a00000| Untracked 
|  18|0x0000000704c00000, 0x0000000704c00000, 0x0000000704e00000|  0%| F|  |TAMS 0x0000000704c00000| PB 0x0000000704c00000| Untracked 
|  19|0x0000000704e00000, 0x0000000704e00000, 0x0000000705000000|  0%| F|  |TAMS 0x0000000704e00000| PB 0x0000000704e00000| Untracked 
|  20|0x0000000705000000, 0x0000000705000000, 0x0000000705200000|  0%| F|  |TAMS 0x0000000705000000| PB 0x0000000705000000| Untracked 
|  21|0x0000000705200000, 0x0000000705200000, 0x0000000705400000|  0%| F|  |TAMS 0x0000000705200000| PB 0x0000000705200000| Untracked 
|  22|0x0000000705400000, 0x0000000705400000, 0x0000000705600000|  0%| F|  |TAMS 0x0000000705400000| PB 0x0000000705400000| Untracked 
|  23|0x0000000705600000, 0x0000000705600000, 0x0000000705800000|  0%| F|  |TAMS 0x0000000705600000| PB 0x0000000705600000| Untracked 
|  24|0x0000000705800000, 0x0000000705800000, 0x0000000705a00000|  0%| F|  |TAMS 0x0000000705800000| PB 0x0000000705800000| Untracked 
|  25|0x0000000705a00000, 0x0000000705a00000, 0x0000000705c00000|  0%| F|  |TAMS 0x0000000705a00000| PB 0x0000000705a00000| Untracked 
|  26|0x0000000705c00000, 0x0000000705c00000, 0x0000000705e00000|  0%| F|  |TAMS 0x0000000705c00000| PB 0x0000000705c00000| Untracked 
|  27|0x0000000705e00000, 0x0000000705e00000, 0x0000000706000000|  0%| F|  |TAMS 0x0000000705e00000| PB 0x0000000705e00000| Untracked 
|  28|0x0000000706000000, 0x0000000706000000, 0x0000000706200000|  0%| F|  |TAMS 0x0000000706000000| PB 0x0000000706000000| Untracked 
|  29|0x0000000706200000, 0x0000000706200000, 0x0000000706400000|  0%| F|  |TAMS 0x0000000706200000| PB 0x0000000706200000| Untracked 
|  30|0x0000000706400000, 0x0000000706400000, 0x0000000706600000|  0%| F|  |TAMS 0x0000000706400000| PB 0x0000000706400000| Untracked 
|  31|0x0000000706600000, 0x0000000706600000, 0x0000000706800000|  0%| F|  |TAMS 0x0000000706600000| PB 0x0000000706600000| Untracked 
|  32|0x0000000706800000, 0x0000000706800000, 0x0000000706a00000|  0%| F|  |TAMS 0x0000000706800000| PB 0x0000000706800000| Untracked 
|  33|0x0000000706a00000, 0x0000000706a00000, 0x0000000706c00000|  0%| F|  |TAMS 0x0000000706a00000| PB 0x0000000706a00000| Untracked 
|  34|0x0000000706c00000, 0x0000000706c00000, 0x0000000706e00000|  0%| F|  |TAMS 0x0000000706c00000| PB 0x0000000706c00000| Untracked 
|  35|0x0000000706e00000, 0x0000000706e00000, 0x0000000707000000|  0%| F|  |TAMS 0x0000000706e00000| PB 0x0000000706e00000| Untracked 
|  36|0x0000000707000000, 0x0000000707000000, 0x0000000707200000|  0%| F|  |TAMS 0x0000000707000000| PB 0x0000000707000000| Untracked 
|  37|0x0000000707200000, 0x0000000707200000, 0x0000000707400000|  0%| F|  |TAMS 0x0000000707200000| PB 0x0000000707200000| Untracked 
|  38|0x0000000707400000, 0x0000000707400000, 0x0000000707600000|  0%| F|  |TAMS 0x0000000707400000| PB 0x0000000707400000| Untracked 
|  39|0x0000000707600000, 0x0000000707600000, 0x0000000707800000|  0%| F|  |TAMS 0x0000000707600000| PB 0x0000000707600000| Untracked 
|  40|0x0000000707800000, 0x0000000707800000, 0x0000000707a00000|  0%| F|  |TAMS 0x0000000707800000| PB 0x0000000707800000| Untracked 
|  41|0x0000000707a00000, 0x0000000707a00000, 0x0000000707c00000|  0%| F|  |TAMS 0x0000000707a00000| PB 0x0000000707a00000| Untracked 
|  42|0x0000000707c00000, 0x0000000707c00000, 0x0000000707e00000|  0%| F|  |TAMS 0x0000000707c00000| PB 0x0000000707c00000| Untracked 
|  43|0x0000000707e00000, 0x0000000707e00000, 0x0000000708000000|  0%| F|  |TAMS 0x0000000707e00000| PB 0x0000000707e00000| Untracked 
|  44|0x0000000708000000, 0x0000000708000000, 0x0000000708200000|  0%| F|  |TAMS 0x0000000708000000| PB 0x0000000708000000| Untracked 
|  45|0x0000000708200000, 0x0000000708200000, 0x0000000708400000|  0%| F|  |TAMS 0x0000000708200000| PB 0x0000000708200000| Untracked 
|  46|0x0000000708400000, 0x0000000708400000, 0x0000000708600000|  0%| F|  |TAMS 0x0000000708400000| PB 0x0000000708400000| Untracked 
|  47|0x0000000708600000, 0x0000000708600000, 0x0000000708800000|  0%| F|  |TAMS 0x0000000708600000| PB 0x0000000708600000| Untracked 
|  48|0x0000000708800000, 0x0000000708800000, 0x0000000708a00000|  0%| F|  |TAMS 0x0000000708800000| PB 0x0000000708800000| Untracked 
|  49|0x0000000708a00000, 0x0000000708a00000, 0x0000000708c00000|  0%| F|  |TAMS 0x0000000708a00000| PB 0x0000000708a00000| Untracked 
|  50|0x0000000708c00000, 0x0000000708c00000, 0x0000000708e00000|  0%| F|  |TAMS 0x0000000708c00000| PB 0x0000000708c00000| Untracked 
|  51|0x0000000708e00000, 0x0000000708e00000, 0x0000000709000000|  0%| F|  |TAMS 0x0000000708e00000| PB 0x0000000708e00000| Untracked 
|  52|0x0000000709000000, 0x0000000709000000, 0x0000000709200000|  0%| F|  |TAMS 0x0000000709000000| PB 0x0000000709000000| Untracked 
|  53|0x0000000709200000, 0x0000000709200000, 0x0000000709400000|  0%| F|  |TAMS 0x0000000709200000| PB 0x0000000709200000| Untracked 
|  54|0x0000000709400000, 0x0000000709400000, 0x0000000709600000|  0%| F|  |TAMS 0x0000000709400000| PB 0x0000000709400000| Untracked 
|  55|0x0000000709600000, 0x0000000709600000, 0x0000000709800000|  0%| F|  |TAMS 0x0000000709600000| PB 0x0000000709600000| Untracked 
|  56|0x0000000709800000, 0x0000000709800000, 0x0000000709a00000|  0%| F|  |TAMS 0x0000000709800000| PB 0x0000000709800000| Untracked 
|  57|0x0000000709a00000, 0x0000000709a00000, 0x0000000709c00000|  0%| F|  |TAMS 0x0000000709a00000| PB 0x0000000709a00000| Untracked 
|  58|0x0000000709c00000, 0x0000000709c00000, 0x0000000709e00000|  0%| F|  |TAMS 0x0000000709c00000| PB 0x0000000709c00000| Untracked 
|  59|0x0000000709e00000, 0x0000000709e00000, 0x000000070a000000|  0%| F|  |TAMS 0x0000000709e00000| PB 0x0000000709e00000| Untracked 
|  60|0x000000070a000000, 0x000000070a000000, 0x000000070a200000|  0%| F|  |TAMS 0x000000070a000000| PB 0x000000070a000000| Untracked 
|  61|0x000000070a200000, 0x000000070a200000, 0x000000070a400000|  0%| F|  |TAMS 0x000000070a200000| PB 0x000000070a200000| Untracked 
|  62|0x000000070a400000, 0x000000070a400000, 0x000000070a600000|  0%| F|  |TAMS 0x000000070a400000| PB 0x000000070a400000| Untracked 
|  63|0x000000070a600000, 0x000000070a600000, 0x000000070a800000|  0%| F|  |TAMS 0x000000070a600000| PB 0x000000070a600000| Untracked 
|  64|0x000000070a800000, 0x000000070a800000, 0x000000070aa00000|  0%| F|  |TAMS 0x000000070a800000| PB 0x000000070a800000| Untracked 
|  65|0x000000070aa00000, 0x000000070aa00000, 0x000000070ac00000|  0%| F|  |TAMS 0x000000070aa00000| PB 0x000000070aa00000| Untracked 
|  66|0x000000070ac00000, 0x000000070ac00000, 0x000000070ae00000|  0%| F|  |TAMS 0x000000070ac00000| PB 0x000000070ac00000| Untracked 
|  67|0x000000070ae00000, 0x000000070ae00000, 0x000000070b000000|  0%| F|  |TAMS 0x000000070ae00000| PB 0x000000070ae00000| Untracked 
|  68|0x000000070b000000, 0x000000070b000000, 0x000000070b200000|  0%| F|  |TAMS 0x000000070b000000| PB 0x000000070b000000| Untracked 
|  69|0x000000070b200000, 0x000000070b200000, 0x000000070b400000|  0%| F|  |TAMS 0x000000070b200000| PB 0x000000070b200000| Untracked 
|  70|0x000000070b400000, 0x000000070b400000, 0x000000070b600000|  0%| F|  |TAMS 0x000000070b400000| PB 0x000000070b400000| Untracked 
|  71|0x000000070b600000, 0x000000070b600000, 0x000000070b800000|  0%| F|  |TAMS 0x000000070b600000| PB 0x000000070b600000| Untracked 
|  72|0x000000070b800000, 0x000000070b800000, 0x000000070ba00000|  0%| F|  |TAMS 0x000000070b800000| PB 0x000000070b800000| Untracked 
|  73|0x000000070ba00000, 0x000000070ba00000, 0x000000070bc00000|  0%| F|  |TAMS 0x000000070ba00000| PB 0x000000070ba00000| Untracked 
|  74|0x000000070bc00000, 0x000000070bc00000, 0x000000070be00000|  0%| F|  |TAMS 0x000000070bc00000| PB 0x000000070bc00000| Untracked 
|  75|0x000000070be00000, 0x000000070be00000, 0x000000070c000000|  0%| F|  |TAMS 0x000000070be00000| PB 0x000000070be00000| Untracked 
|  76|0x000000070c000000, 0x000000070c000000, 0x000000070c200000|  0%| F|  |TAMS 0x000000070c000000| PB 0x000000070c000000| Untracked 
|  77|0x000000070c200000, 0x000000070c200000, 0x000000070c400000|  0%| F|  |TAMS 0x000000070c200000| PB 0x000000070c200000| Untracked 
|  78|0x000000070c400000, 0x000000070c400000, 0x000000070c600000|  0%| F|  |TAMS 0x000000070c400000| PB 0x000000070c400000| Untracked 
|  79|0x000000070c600000, 0x000000070c600000, 0x000000070c800000|  0%| F|  |TAMS 0x000000070c600000| PB 0x000000070c600000| Untracked 
|  80|0x000000070c800000, 0x000000070c800000, 0x000000070ca00000|  0%| F|  |TAMS 0x000000070c800000| PB 0x000000070c800000| Untracked 
|  81|0x000000070ca00000, 0x000000070ca00000, 0x000000070cc00000|  0%| F|  |TAMS 0x000000070ca00000| PB 0x000000070ca00000| Untracked 
|  82|0x000000070cc00000, 0x000000070cc00000, 0x000000070ce00000|  0%| F|  |TAMS 0x000000070cc00000| PB 0x000000070cc00000| Untracked 
|  83|0x000000070ce00000, 0x000000070ce00000, 0x000000070d000000|  0%| F|  |TAMS 0x000000070ce00000| PB 0x000000070ce00000| Untracked 
|  84|0x000000070d000000, 0x000000070d000000, 0x000000070d200000|  0%| F|  |TAMS 0x000000070d000000| PB 0x000000070d000000| Untracked 
|  85|0x000000070d200000, 0x000000070d200000, 0x000000070d400000|  0%| F|  |TAMS 0x000000070d200000| PB 0x000000070d200000| Untracked 
|  86|0x000000070d400000, 0x000000070d400000, 0x000000070d600000|  0%| F|  |TAMS 0x000000070d400000| PB 0x000000070d400000| Untracked 
|  87|0x000000070d600000, 0x000000070d600000, 0x000000070d800000|  0%| F|  |TAMS 0x000000070d600000| PB 0x000000070d600000| Untracked 
|  88|0x000000070d800000, 0x000000070d800000, 0x000000070da00000|  0%| F|  |TAMS 0x000000070d800000| PB 0x000000070d800000| Untracked 
|  89|0x000000070da00000, 0x000000070da00000, 0x000000070dc00000|  0%| F|  |TAMS 0x000000070da00000| PB 0x000000070da00000| Untracked 
|  90|0x000000070dc00000, 0x000000070dc00000, 0x000000070de00000|  0%| F|  |TAMS 0x000000070dc00000| PB 0x000000070dc00000| Untracked 
|  91|0x000000070de00000, 0x000000070de00000, 0x000000070e000000|  0%| F|  |TAMS 0x000000070de00000| PB 0x000000070de00000| Untracked 
|  92|0x000000070e000000, 0x000000070e000000, 0x000000070e200000|  0%| F|  |TAMS 0x000000070e000000| PB 0x000000070e000000| Untracked 
|  93|0x000000070e200000, 0x000000070e200000, 0x000000070e400000|  0%| F|  |TAMS 0x000000070e200000| PB 0x000000070e200000| Untracked 
|  94|0x000000070e400000, 0x000000070e400000, 0x000000070e600000|  0%| F|  |TAMS 0x000000070e400000| PB 0x000000070e400000| Untracked 
|  95|0x000000070e600000, 0x000000070e600000, 0x000000070e800000|  0%| F|  |TAMS 0x000000070e600000| PB 0x000000070e600000| Untracked 
|  96|0x000000070e800000, 0x000000070e800000, 0x000000070ea00000|  0%| F|  |TAMS 0x000000070e800000| PB 0x000000070e800000| Untracked 
|  97|0x000000070ea00000, 0x000000070ea00000, 0x000000070ec00000|  0%| F|  |TAMS 0x000000070ea00000| PB 0x000000070ea00000| Untracked 
|  98|0x000000070ec00000, 0x000000070ec00000, 0x000000070ee00000|  0%| F|  |TAMS 0x000000070ec00000| PB 0x000000070ec00000| Untracked 
|  99|0x000000070ee00000, 0x000000070ee00000, 0x000000070f000000|  0%| F|  |TAMS 0x000000070ee00000| PB 0x000000070ee00000| Untracked 
| 100|0x000000070f000000, 0x000000070f000000, 0x000000070f200000|  0%| F|  |TAMS 0x000000070f000000| PB 0x000000070f000000| Untracked 
| 101|0x000000070f200000, 0x000000070f200000, 0x000000070f400000|  0%| F|  |TAMS 0x000000070f200000| PB 0x000000070f200000| Untracked 
| 102|0x000000070f400000, 0x000000070f400000, 0x000000070f600000|  0%| F|  |TAMS 0x000000070f400000| PB 0x000000070f400000| Untracked 
| 103|0x000000070f600000, 0x000000070f600000, 0x000000070f800000|  0%| F|  |TAMS 0x000000070f600000| PB 0x000000070f600000| Untracked 
| 104|0x000000070f800000, 0x000000070f800000, 0x000000070fa00000|  0%| F|  |TAMS 0x000000070f800000| PB 0x000000070f800000| Untracked 
| 105|0x000000070fa00000, 0x000000070fa00000, 0x000000070fc00000|  0%| F|  |TAMS 0x000000070fa00000| PB 0x000000070fa00000| Untracked 
| 106|0x000000070fc00000, 0x000000070fc00000, 0x000000070fe00000|  0%| F|  |TAMS 0x000000070fc00000| PB 0x000000070fc00000| Untracked 
| 107|0x000000070fe00000, 0x000000070fe00000, 0x0000000710000000|  0%| F|  |TAMS 0x000000070fe00000| PB 0x000000070fe00000| Untracked 
| 108|0x0000000710000000, 0x0000000710000000, 0x0000000710200000|  0%| F|  |TAMS 0x0000000710000000| PB 0x0000000710000000| Untracked 
| 109|0x0000000710200000, 0x0000000710200000, 0x0000000710400000|  0%| F|  |TAMS 0x0000000710200000| PB 0x0000000710200000| Untracked 
| 110|0x0000000710400000, 0x0000000710400000, 0x0000000710600000|  0%| F|  |TAMS 0x0000000710400000| PB 0x0000000710400000| Untracked 
| 111|0x0000000710600000, 0x0000000710600000, 0x0000000710800000|  0%| F|  |TAMS 0x0000000710600000| PB 0x0000000710600000| Untracked 
| 112|0x0000000710800000, 0x0000000710800000, 0x0000000710a00000|  0%| F|  |TAMS 0x0000000710800000| PB 0x0000000710800000| Untracked 
| 113|0x0000000710a00000, 0x0000000710a00000, 0x0000000710c00000|  0%| F|  |TAMS 0x0000000710a00000| PB 0x0000000710a00000| Untracked 
| 114|0x0000000710c00000, 0x0000000710e00000, 0x0000000710e00000|100%| S|CS|TAMS 0x0000000710c00000| PB 0x0000000710c00000| Complete 
| 115|0x0000000710e00000, 0x0000000711000000, 0x0000000711000000|100%| S|CS|TAMS 0x0000000710e00000| PB 0x0000000710e00000| Complete 
| 116|0x0000000711000000, 0x0000000711000000, 0x0000000711200000|  0%| F|  |TAMS 0x0000000711000000| PB 0x0000000711000000| Untracked 
| 117|0x0000000711200000, 0x0000000711200000, 0x0000000711400000|  0%| F|  |TAMS 0x0000000711200000| PB 0x0000000711200000| Untracked 
| 118|0x0000000711400000, 0x0000000711400000, 0x0000000711600000|  0%| F|  |TAMS 0x0000000711400000| PB 0x0000000711400000| Untracked 
| 119|0x0000000711600000, 0x0000000711600000, 0x0000000711800000|  0%| F|  |TAMS 0x0000000711600000| PB 0x0000000711600000| Untracked 
| 120|0x0000000711800000, 0x00000007119b2b50, 0x0000000711a00000| 84%| E|  |TAMS 0x0000000711800000| PB 0x0000000711800000| Complete 
| 121|0x0000000711a00000, 0x0000000711c00000, 0x0000000711c00000|100%| E|CS|TAMS 0x0000000711a00000| PB 0x0000000711a00000| Complete 
| 122|0x0000000711c00000, 0x0000000711e00000, 0x0000000711e00000|100%| E|CS|TAMS 0x0000000711c00000| PB 0x0000000711c00000| Complete 
| 123|0x0000000711e00000, 0x0000000712000000, 0x0000000712000000|100%| E|CS|TAMS 0x0000000711e00000| PB 0x0000000711e00000| Complete 
| 124|0x0000000712000000, 0x0000000712200000, 0x0000000712200000|100%| E|CS|TAMS 0x0000000712000000| PB 0x0000000712000000| Complete 
| 125|0x0000000712200000, 0x0000000712400000, 0x0000000712400000|100%| E|CS|TAMS 0x0000000712200000| PB 0x0000000712200000| Complete 
| 126|0x0000000712400000, 0x0000000712600000, 0x0000000712600000|100%| E|CS|TAMS 0x0000000712400000| PB 0x0000000712400000| Complete 

Card table byte_map: [0x0000015d2d620000,0x0000015d2de10000] _byte_map_base: 0x0000015d29e0c000

Marking Bits: (CMBitMap*) 0x0000015d156c2380
 Bits: [0x0000015d2de10000, 0x0000015d31d70000)

Polling page: 0x0000015d13630000

Metaspace:

Usage:
  Non-class:      8.65 MB used.
      Class:      1.11 MB used.
       Both:      9.76 MB used.

Virtual space:
  Non-class space:       64.00 MB reserved,       8.75 MB ( 14%) committed,  1 nodes.
      Class space:        1.00 GB reserved,       1.19 MB ( <1%) committed,  1 nodes.
             Both:        1.06 GB reserved,       9.94 MB ( <1%) committed. 

Chunk freelists:
   Non-Class:  6.33 MB
       Class:  14.84 MB
        Both:  21.17 MB

MaxMetaspaceSize: unlimited
CompressedClassSpaceSize: 1.00 GB
Initial GC threshold: 21.00 MB
Current GC threshold: 21.00 MB
CDS: on
 - commit_granule_bytes: 65536.
 - commit_granule_words: 8192.
 - virtual_space_node_default_size: 8388608.
 - enlarge_chunks_in_place: 1.
 - use_allocation_guard: 0.


Internal statistics:

num_allocs_failed_limit: 0.
num_arena_births: 134.
num_arena_deaths: 0.
num_vsnodes_births: 2.
num_vsnodes_deaths: 0.
num_space_committed: 158.
num_space_uncommitted: 0.
num_chunks_returned_to_freelist: 0.
num_chunks_taken_from_freelist: 332.
num_chunk_merges: 0.
num_chunk_splits: 222.
num_chunks_enlarged: 163.
num_inconsistent_stats: 0.

CodeHeap 'non-profiled nmethods': size=120000Kb used=630Kb max_used=630Kb free=119369Kb
 bounds [0x0000015d255d0000, 0x0000015d25840000, 0x0000015d2cb00000]
CodeHeap 'profiled nmethods': size=120000Kb used=3056Kb max_used=3056Kb free=116944Kb
 bounds [0x0000015d1db00000, 0x0000015d1de00000, 0x0000015d25030000]
CodeHeap 'non-nmethods': size=5760Kb used=1437Kb max_used=1468Kb free=4322Kb
 bounds [0x0000015d25030000, 0x0000015d252a0000, 0x0000015d255d0000]
 total_blobs=2118 nmethods=1592 adapters=431
 compilation: enabled
              stopped_count=0, restarted_count=0
 full_count=0

Compilation events (20 events):
Event: 2.788 Thread 0x0000015d347a6c80 nmethod 1581 0x0000015d25666c90 code [0x0000015d25666ee0, 0x0000015d25667ee8]
Event: 2.789 Thread 0x0000015d347a6c80 1576       4       java.lang.StringUTF16::compress (20 bytes)
Event: 2.790 Thread 0x0000015d7abafc60 nmethod 1586 0x0000015d25668810 code [0x0000015d256689e0, 0x0000015d25669138]
Event: 2.790 Thread 0x0000015d7abafc60 1577       4       java.lang.StringUTF16::newString (58 bytes)
Event: 2.791 Thread 0x0000015d347a6c80 nmethod 1576 0x0000015d25669510 code [0x0000015d256696a0, 0x0000015d25669920]
Event: 2.791 Thread 0x0000015d347a6c80 1580       4       java.nio.CharBuffer::limit (6 bytes)
Event: 2.793 Thread 0x0000015d347a6c80 nmethod 1580 0x0000015d25669a10 code [0x0000015d25669ba0, 0x0000015d25669cc8]
Event: 2.799 Thread 0x0000015d7aa68860 nmethod 1587 0x0000015d25669e10 code [0x0000015d25669fe0, 0x0000015d2566a738]
Event: 2.804 Thread 0x0000015d7abafc60 nmethod 1577 0x0000015d2566ab10 code [0x0000015d2566ace0, 0x0000015d2566b550]
Event: 2.819 Thread 0x0000015d7aa68860 1588       4       java.util.Scanner::hasNextLine (85 bytes)
Event: 2.819 Thread 0x0000015d7abafc60 1589       4       java.util.regex.Matcher::toMatchResult (75 bytes)
Event: 2.819 Thread 0x0000015d347a6c80 1590       4       java.util.Map::copyOf (44 bytes)
Event: 2.821 Thread 0x0000015d347a6c80 nmethod 1590 0x0000015d2566b890 code [0x0000015d2566ba20, 0x0000015d2566bb28]
Event: 2.821 Thread 0x0000015d347a6c80 1592       4       java.util.regex.Pattern$BmpCharProperty::match (55 bytes)
Event: 2.834 Thread 0x0000015d347a9720 1596       3       java.util.Collections$UnmodifiableCollection$1::hasNext (10 bytes)
Event: 2.834 Thread 0x0000015d347a9720 nmethod 1596 0x0000015d1ddfb710 code [0x0000015d1ddfb8c0, 0x0000015d1ddfbaa0]
Event: 2.834 Thread 0x0000015d347a9720 1597       3       java.util.Collections$UnmodifiableCollection$1::next (10 bytes)
Event: 2.834 Thread 0x0000015d347a9720 nmethod 1597 0x0000015d1ddfbb90 code [0x0000015d1ddfbd40, 0x0000015d1ddfbf20]
Event: 2.842 Thread 0x0000015d347a6c80 nmethod 1592 0x0000015d2566bc10 code [0x0000015d2566be80, 0x0000015d2566ca08]
Event: 2.842 Thread 0x0000015d347a6c80 1593       4       java.lang.String::startsWith (7 bytes)

GC Heap History (2 events):
Event: 1.006 GC heap before
{Heap before GC invocations=0 (full 0):
 garbage-first heap   total 260096K, used 20480K [0x0000000702800000, 0x0000000800000000)
  region size 2048K, 11 young (22528K), 0 survivors (0K)
 Metaspace       used 5697K, committed 5824K, reserved 1114112K
  class space    used 717K, committed 768K, reserved 1048576K
}
Event: 1.024 GC heap after
{Heap after GC invocations=1 (full 0):
 garbage-first heap   total 260096K, used 7993K [0x0000000702800000, 0x0000000800000000)
  region size 2048K, 2 young (4096K), 2 survivors (4096K)
 Metaspace       used 5697K, committed 5824K, reserved 1114112K
  class space    used 717K, committed 768K, reserved 1048576K
}

Dll operation events (6 events):
Event: 0.006 Loaded shared library C:\Program Files\Java\jdk-21\bin\java.dll
Event: 0.039 Loaded shared library C:\Program Files\Java\jdk-21\bin\jsvml.dll
Event: 0.056 Loaded shared library C:\Program Files\Java\jdk-21\bin\net.dll
Event: 0.058 Loaded shared library C:\Program Files\Java\jdk-21\bin\nio.dll
Event: 0.061 Loaded shared library C:\Program Files\Java\jdk-21\bin\zip.dll
Event: 0.071 Loaded shared library C:\Program Files\Java\jdk-21\bin\jimage.dll

Deoptimization events (20 events):
Event: 2.603 Thread 0x0000015d133c4f90 Uncommon trap: trap_request=0xffffff45 fr.pc=0x0000015d25614c78 relative=0x0000000000000238
Event: 2.603 Thread 0x0000015d133c4f90 Uncommon trap: reason=unstable_if action=reinterpret pc=0x0000015d25614c78 method=java.lang.String.startsWith(Ljava/lang/String;I)Z @ 50 c2
Event: 2.603 Thread 0x0000015d133c4f90 DEOPT PACKING pc=0x0000015d25614c78 sp=0x0000002a419fe620
Event: 2.603 Thread 0x0000015d133c4f90 DEOPT UNPACKING pc=0x0000015d250846a2 sp=0x0000002a419fe550 mode 2
Event: 2.604 Thread 0x0000015d133c4f90 Uncommon trap: trap_request=0xffffff45 fr.pc=0x0000015d255dad34 relative=0x0000000000000194
Event: 2.604 Thread 0x0000015d133c4f90 Uncommon trap: reason=unstable_if action=reinterpret pc=0x0000015d255dad34 method=jdk.internal.util.ArraysSupport.vectorizedHashCode(Ljava/lang/Object;IIII)I @ 2 c2
Event: 2.604 Thread 0x0000015d133c4f90 DEOPT PACKING pc=0x0000015d255dad34 sp=0x0000002a419fe450
Event: 2.604 Thread 0x0000015d133c4f90 DEOPT UNPACKING pc=0x0000015d250846a2 sp=0x0000002a419fe400 mode 2
Event: 2.605 Thread 0x0000015d133c4f90 Uncommon trap: trap_request=0xffffff45 fr.pc=0x0000015d2560d758 relative=0x0000000000000298
Event: 2.605 Thread 0x0000015d133c4f90 Uncommon trap: reason=unstable_if action=reinterpret pc=0x0000015d2560d758 method=java.lang.String.startsWith(Ljava/lang/String;I)Z @ 50 c2
Event: 2.605 Thread 0x0000015d133c4f90 DEOPT PACKING pc=0x0000015d2560d758 sp=0x0000002a419fe5b0
Event: 2.605 Thread 0x0000015d133c4f90 DEOPT UNPACKING pc=0x0000015d250846a2 sp=0x0000002a419fe550 mode 2
Event: 2.606 Thread 0x0000015d133c4f90 Uncommon trap: trap_request=0xffffff45 fr.pc=0x0000015d25651d28 relative=0x00000000000001e8
Event: 2.606 Thread 0x0000015d133c4f90 Uncommon trap: reason=unstable_if action=reinterpret pc=0x0000015d25651d28 method=java.util.HashMap.getNode(Ljava/lang/Object;)Ljava/util/HashMap$Node; @ 66 c2
Event: 2.606 Thread 0x0000015d133c4f90 DEOPT PACKING pc=0x0000015d25651d28 sp=0x0000002a419fe590
Event: 2.606 Thread 0x0000015d133c4f90 DEOPT UNPACKING pc=0x0000015d250846a2 sp=0x0000002a419fe500 mode 2
Event: 2.677 Thread 0x0000015d133c4f90 Uncommon trap: trap_request=0xffffff6e fr.pc=0x0000015d25659828 relative=0x0000000000000428
Event: 2.677 Thread 0x0000015d133c4f90 Uncommon trap: reason=loop_limit_check action=maybe_recompile pc=0x0000015d25659828 method=java.util.regex.Pattern$Start.match(Ljava/util/regex/Matcher;ILjava/lang/CharSequence;)Z @ 34 c2
Event: 2.677 Thread 0x0000015d133c4f90 DEOPT PACKING pc=0x0000015d25659828 sp=0x0000002a419fe3d0
Event: 2.678 Thread 0x0000015d133c4f90 DEOPT UNPACKING pc=0x0000015d250846a2 sp=0x0000002a419fe310 mode 2

Classes loaded (20 events):
Event: 1.433 Loading class java/util/Scanner$PatternLRUCache
Event: 1.433 Loading class java/util/Scanner$PatternLRUCache done
Event: 1.436 Loading class java/util/regex/Matcher$ImmutableMatchResult
Event: 1.436 Loading class java/util/regex/Matcher$ImmutableMatchResult done
Event: 1.524 Loading class java/util/regex/Pattern$SliceU
Event: 1.524 Loading class java/util/regex/Pattern$SliceU done
Event: 2.515 Loading class java/lang/Character$UnicodeBlock
Event: 2.516 Loading class java/lang/Character$Subset
Event: 2.516 Loading class java/lang/Character$Subset done
Event: 2.540 Loading class java/lang/Character$UnicodeBlock done
Event: 2.603 Loading class java/util/LinkedList
Event: 2.603 Loading class java/util/AbstractSequentialList
Event: 2.603 Loading class java/util/AbstractSequentialList done
Event: 2.603 Loading class java/util/LinkedList done
Event: 2.604 Loading class java/util/Collections$SynchronizedList
Event: 2.604 Loading class java/util/Collections$SynchronizedList done
Event: 2.604 Loading class java/util/LinkedList$Node
Event: 2.604 Loading class java/util/LinkedList$Node done
Event: 2.722 Loading class java/lang/foreign/MemorySegment
Event: 2.722 Loading class java/lang/foreign/MemorySegment done

Classes unloaded (0 events):
No events

Classes redefined (0 events):
No events

Internal exceptions (10 events):
Event: 0.298 Thread 0x0000015d133c4f90 Exception <a 'java/lang/NoSuchMethodError'{0x0000000711af9f40}: 'void java.lang.invoke.DirectMethodHandle$Holder.invokeStatic(java.lang.Object, java.lang.Object, java.lang.Object)'> (0x0000000711af9f40) 
thrown [s\open\src\hotspot\share\interpreter\linkResolver.cpp, line 773]
Event: 0.429 Thread 0x0000015d133c4f90 Exception <a 'java/lang/NoSuchMethodError'{0x000000071184b8f0}: 'void java.lang.invoke.DirectMethodHandle$Holder.invokeSpecialIFC(java.lang.Object, java.lang.Object, java.lang.Object, java.lang.Object, java.lang.Object)'> (0x000000071184b8f0) 
thrown [s\open\src\hotspot\share\interpreter\linkResolver.cpp, line 773]
Event: 0.431 Thread 0x0000015d133c4f90 Exception <a 'java/lang/NoSuchMethodError'{0x0000000711853960}: 'void java.lang.invoke.DirectMethodHandle$Holder.invokeStatic(java.lang.Object, java.lang.Object, java.lang.Object, java.lang.Object)'> (0x0000000711853960) 
thrown [s\open\src\hotspot\share\interpreter\linkResolver.cpp, line 773]
Event: 0.433 Thread 0x0000015d133c4f90 Exception <a 'java/lang/NoSuchMethodError'{0x000000071185be30}: 'int java.lang.invoke.DirectMethodHandle$Holder.invokeSpecial(java.lang.Object, java.lang.Object, java.lang.Object)'> (0x000000071185be30) 
thrown [s\open\src\hotspot\share\interpreter\linkResolver.cpp, line 773]
Event: 0.469 Thread 0x0000015d133c4f90 Exception <a 'java/lang/NoSuchMethodError'{0x0000000711909f68}: 'java.lang.Object java.lang.invoke.DirectMethodHandle$Holder.invokeStaticInit(java.lang.Object, java.lang.Object, java.lang.Object)'> (0x0000000711909f68) 
thrown [s\open\src\hotspot\share\interpreter\linkResolver.cpp, line 773]
Event: 0.748 Thread 0x0000015d133c4f90 Exception <a 'java/lang/NoSuchMethodError'{0x00000007115ad0f0}: 'java.lang.Object java.lang.invoke.DirectMethodHandle$Holder.invokeSpecial(java.lang.Object, java.lang.Object, java.lang.Object, long, java.lang.Object)'> (0x00000007115ad0f0) 
thrown [s\open\src\hotspot\share\interpreter\linkResolver.cpp, line 773]
Event: 0.748 Thread 0x0000015d133c4f90 Exception <a 'java/lang/NoSuchMethodError'{0x00000007115b0a50}: 'java.lang.Object java.lang.invoke.Invokers$Holder.linkToTargetMethod(java.lang.Object, long, java.lang.Object, java.lang.Object)'> (0x00000007115b0a50) 
thrown [s\open\src\hotspot\share\interpreter\linkResolver.cpp, line 773]
Event: 1.244 Thread 0x0000015d133c4f90 Exception <a 'java/lang/ClassNotFoundException'{0x0000000712367150}: com/sun/org/apache/xerces/internal/impl/xpath/regex/spi/messageProvider> (0x0000000712367150) 
thrown [s\open\src\hotspot\share\classfile\systemDictionary.cpp, line 312]
Event: 2.589 Thread 0x0000015d133c4f90 Exception <a 'java/lang/NoSuchMethodError'{0x0000000711c5d510}: 'java.lang.Object java.lang.invoke.DirectMethodHandle$Holder.invokeInterface(java.lang.Object, java.lang.Object)'> (0x0000000711c5d510) 
thrown [s\open\src\hotspot\share\interpreter\linkResolver.cpp, line 773]
Event: 2.590 Thread 0x0000015d133c4f90 Exception <a 'java/lang/IncompatibleClassChangeError'{0x0000000711c60788}: Found class java.lang.Object, but interface was expected> (0x0000000711c60788) 
thrown [s\open\src\hotspot\share\interpreter\linkResolver.cpp, line 840]

ZGC Phase Switch (0 events):
No events

VM Operations (20 events):
Event: 0.654 Executing VM operation: HandshakeAllThreads (Deoptimize)
Event: 0.654 Executing VM operation: HandshakeAllThreads (Deoptimize) done
Event: 0.659 Executing VM operation: HandshakeAllThreads (Deoptimize)
Event: 0.659 Executing VM operation: HandshakeAllThreads (Deoptimize) done
Event: 1.006 Executing VM operation: G1CollectForAllocation (G1 Evacuation Pause)
Event: 1.028 Executing VM operation: G1CollectForAllocation (G1 Evacuation Pause) done
Event: 1.090 Executing VM operation: ThreadDump
Event: 1.090 Executing VM operation: ThreadDump done
Event: 1.112 Executing VM operation: HandshakeAllThreads (Deoptimize)
Event: 1.121 Executing VM operation: HandshakeAllThreads (Deoptimize) done
Event: 1.306 Executing VM operation: HandshakeAllThreads (Deoptimize)
Event: 1.306 Executing VM operation: HandshakeAllThreads (Deoptimize) done
Event: 1.422 Executing VM operation: HandshakeAllThreads (Deoptimize)
Event: 1.423 Executing VM operation: HandshakeAllThreads (Deoptimize) done
Event: 1.423 Executing VM operation: HandshakeAllThreads (Deoptimize)
Event: 1.423 Executing VM operation: HandshakeAllThreads (Deoptimize) done
Event: 2.083 Executing VM operation: ThreadDump
Event: 2.083 Executing VM operation: ThreadDump done
Event: 2.604 Executing VM operation: HandshakeAllThreads (Deoptimize)
Event: 2.604 Executing VM operation: HandshakeAllThreads (Deoptimize) done

Events (17 events):
Event: 0.021 Thread 0x0000015d133c4f90 Thread added: 0x0000015d133c4f90
Event: 0.036 Thread 0x0000015d347a1620 Thread added: 0x0000015d347a1620
Event: 0.037 Thread 0x0000015d347a2330 Thread added: 0x0000015d347a2330
Event: 0.037 Thread 0x0000015d347a3d90 Thread added: 0x0000015d347a3d90
Event: 0.037 Thread 0x0000015d347a47e0 Thread added: 0x0000015d347a47e0
Event: 0.037 Thread 0x0000015d347a54b0 Thread added: 0x0000015d347a54b0
Event: 0.037 Thread 0x0000015d347a5f00 Thread added: 0x0000015d347a5f00
Event: 0.037 Thread 0x0000015d347a6c80 Thread added: 0x0000015d347a6c80
Event: 0.037 Thread 0x0000015d347a9720 Thread added: 0x0000015d347a9720
Event: 0.052 Thread 0x0000015d34a47930 Thread added: 0x0000015d34a47930
Event: 0.054 Thread 0x0000015d34a49fa0 Thread added: 0x0000015d34a49fa0
Event: 0.106 Thread 0x0000015d34b89f00 Thread added: 0x0000015d34b89f00
Event: 1.073 Thread 0x0000015d7a9c6f60 Thread added: 0x0000015d7a9c6f60
Event: 1.097 Thread 0x0000015d7aac7ea0 Thread added: 0x0000015d7aac7ea0
Event: 1.382 Thread 0x0000015d34b89f00 Thread exited: 0x0000015d34b89f00
Event: 2.677 Thread 0x0000015d7aa68860 Thread added: 0x0000015d7aa68860
Event: 2.677 Thread 0x0000015d7abafc60 Thread added: 0x0000015d7abafc60


Dynamic libraries:
0x00007ff6c3b60000 - 0x00007ff6c3b70000 	C:\Program Files\Java\jdk-21\bin\java.EXE
0x00007ffcf0ad0000 - 0x00007ffcf0cc8000 	C:\Windows\SYSTEM32\ntdll.dll
0x00007ffceffc0000 - 0x00007ffcf0082000 	C:\Windows\System32\KERNEL32.DLL
0x00007ffcee5f0000 - 0x00007ffcee8e6000 	C:\Windows\System32\KERNELBASE.dll
0x00007ffcee300000 - 0x00007ffcee400000 	C:\Windows\System32\ucrtbase.dll
0x00007ffcaf6e0000 - 0x00007ffcaf6f9000 	C:\Program Files\Java\jdk-21\bin\jli.dll
0x00007ffcae720000 - 0x00007ffcae73b000 	C:\Program Files\Java\jdk-21\bin\VCRUNTIME140.dll
0x00007ffcf0340000 - 0x00007ffcf03f1000 	C:\Windows\System32\ADVAPI32.dll
0x00007ffcf0440000 - 0x00007ffcf04de000 	C:\Windows\System32\msvcrt.dll
0x00007ffceff20000 - 0x00007ffceffbf000 	C:\Windows\System32\sechost.dll
0x00007ffcf0910000 - 0x00007ffcf0a30000 	C:\Windows\System32\RPCRT4.dll
0x00007ffceea20000 - 0x00007ffceea47000 	C:\Windows\System32\bcrypt.dll
0x00007ffcf0180000 - 0x00007ffcf0321000 	C:\Windows\System32\USER32.dll
0x00007ffcee940000 - 0x00007ffcee962000 	C:\Windows\System32\win32u.dll
0x00007ffcd86b0000 - 0x00007ffcd894b000 	C:\Windows\WinSxS\amd64_microsoft.windows.common-controls_6595b64144ccf1df_6.0.19041.6456_none_60b8a6cb71f64256\COMCTL32.dll
0x00007ffcf0400000 - 0x00007ffcf042b000 	C:\Windows\System32\GDI32.dll
0x00007ffcee1e0000 - 0x00007ffcee2f9000 	C:\Windows\System32\gdi32full.dll
0x00007ffceea50000 - 0x00007ffceeaed000 	C:\Windows\System32\msvcp_win.dll
0x00007ffce5120000 - 0x00007ffce512a000 	C:\Windows\SYSTEM32\VERSION.dll
0x00007ffcefb90000 - 0x00007ffcefbbf000 	C:\Windows\System32\IMM32.DLL
0x00007ffcc8a30000 - 0x00007ffcc8a3c000 	C:\Program Files\Java\jdk-21\bin\vcruntime140_1.dll
0x00007ffca48c0000 - 0x00007ffca494e000 	C:\Program Files\Java\jdk-21\bin\msvcp140.dll
0x00007ffc68680000 - 0x00007ffc6939a000 	C:\Program Files\Java\jdk-21\bin\server\jvm.dll
0x00007ffcf00f0000 - 0x00007ffcf015b000 	C:\Windows\System32\WS2_32.dll
0x00007ffced6a0000 - 0x00007ffced6eb000 	C:\Windows\SYSTEM32\POWRPROF.dll
0x00007ffcd8a20000 - 0x00007ffcd8a47000 	C:\Windows\SYSTEM32\WINMM.dll
0x00007ffced560000 - 0x00007ffced572000 	C:\Windows\SYSTEM32\UMPDC.dll
0x00007ffcec970000 - 0x00007ffcec982000 	C:\Windows\SYSTEM32\kernel.appcore.dll
0x00007ffcc46c0000 - 0x00007ffcc46ca000 	C:\Program Files\Java\jdk-21\bin\jimage.dll
0x00007ffceb030000 - 0x00007ffceb231000 	C:\Windows\SYSTEM32\DBGHELP.DLL
0x00007ffcda540000 - 0x00007ffcda574000 	C:\Windows\SYSTEM32\dbgcore.DLL
0x00007ffcee400000 - 0x00007ffcee482000 	C:\Windows\System32\bcryptPrimitives.dll
0x00007ffca8890000 - 0x00007ffca88af000 	C:\Program Files\Java\jdk-21\bin\java.dll
0x00007ffceefc0000 - 0x00007ffcef730000 	C:\Windows\System32\SHELL32.dll
0x00007ffcec180000 - 0x00007ffcec925000 	C:\Windows\SYSTEM32\windows.storage.dll
0x00007ffcefbc0000 - 0x00007ffceff14000 	C:\Windows\System32\combase.dll
0x00007ffcedb90000 - 0x00007ffcedbbb000 	C:\Windows\SYSTEM32\Wldp.dll
0x00007ffcef730000 - 0x00007ffcef7fd000 	C:\Windows\System32\OLEAUT32.dll
0x00007ffcf0740000 - 0x00007ffcf07ed000 	C:\Windows\System32\SHCORE.dll
0x00007ffcf0090000 - 0x00007ffcf00eb000 	C:\Windows\System32\shlwapi.dll
0x00007ffcee090000 - 0x00007ffcee0b4000 	C:\Windows\SYSTEM32\profapi.dll
0x00007ffca2dd0000 - 0x00007ffca2ea7000 	C:\Program Files\Java\jdk-21\bin\jsvml.dll
0x00007ffcc4130000 - 0x00007ffcc4140000 	C:\Program Files\Java\jdk-21\bin\net.dll
0x00007ffceb6c0000 - 0x00007ffceb7ca000 	C:\Windows\SYSTEM32\WINHTTP.dll
0x00007ffced8f0000 - 0x00007ffced95a000 	C:\Windows\system32\mswsock.dll
0x00007ffca6ee0000 - 0x00007ffca6ef6000 	C:\Program Files\Java\jdk-21\bin\nio.dll
0x00007ffca5260000 - 0x00007ffca5278000 	C:\Program Files\Java\jdk-21\bin\zip.dll

dbghelp: loaded successfully - version: 4.0.5 - missing functions: none
symbol engine: initialized successfully - sym options: 0x614 - pdb path: .;C:\Program Files\Java\jdk-21\bin;C:\Windows\SYSTEM32;C:\Windows\WinSxS\amd64_microsoft.windows.common-controls_6595b64144ccf1df_6.0.19041.6456_none_60b8a6cb71f64256;C:\Program Files\Java\jdk-21\bin\server

VM Arguments:
java_command: org.languagetool.server.HTTPServer -p 8272
java_class_path (initial): C:\Users\AHSAN\.cache\language_tool_python\LanguageTool-6.8-SNAPSHOT\languagetool-server.jar
Launcher Type: SUN_STANDARD

[Global flags]
     intx CICompilerCount                          = 4                                         {product} {ergonomic}
     uint ConcGCThreads                            = 2                                         {product} {ergonomic}
     uint G1ConcRefinementThreads                  = 8                                         {product} {ergonomic}
   size_t G1HeapRegionSize                         = 2097152                                   {product} {ergonomic}
    uintx GCDrainStackTargetSize                   = 64                                        {product} {ergonomic}
   size_t InitialHeapSize                          = 266338304                                 {product} {ergonomic}
   size_t MarkStackSize                            = 4194304                                   {product} {ergonomic}
   size_t MaxHeapSize                              = 4253024256                                {product} {ergonomic}
   size_t MaxNewSize                               = 2550136832                                {product} {ergonomic}
   size_t MinHeapDeltaBytes                        = 2097152                                   {product} {ergonomic}
   size_t MinHeapSize                              = 8388608                                   {product} {ergonomic}
    uintx NonNMethodCodeHeapSize                   = 5839372                                {pd product} {ergonomic}
    uintx NonProfiledCodeHeapSize                  = 122909434                              {pd product} {ergonomic}
    uintx ProfiledCodeHeapSize                     = 122909434                              {pd product} {ergonomic}
    uintx ReservedCodeCacheSize                    = 251658240                              {pd product} {ergonomic}
     bool SegmentedCodeCache                       = true                                      {product} {ergonomic}
   size_t SoftMaxHeapSize                          = 4253024256                             {manageable} {ergonomic}
     bool UseCompressedOops                        = true                           {product lp64_product} {ergonomic}
     bool UseG1GC                                  = true                                      {product} {ergonomic}
     bool UseLargePagesIndividualAllocation        = false                                  {pd product} {ergonomic}

Logging:
Log output configuration:
 #0: stdout all=warning uptime,level,tags foldmultilines=false
 #1: stderr all=off uptime,level,tags foldmultilines=false

Environment Variables:
JAVA_HOME=C:\Program Files\Java\jdk-21
PATH=C:\Users\AHSAN\Desktop\digango\venv\Scripts;C:\Users\AHSAN\Desktop\digango\venv\Scripts;C:\Program Files\Common Files\Oracle\Java\javapath;C:\Windows\system32;C:\Windows;C:\Windows\System32\Wbem;C:\Windows\System32\WindowsPowerShell\v1.0\;C:\Windows\System32\OpenSSH\;C:\Program Files\nodejs\;C:\Program Files\Java\jdk-21\bin;C:\Program Files\Intel\WiFi\bin\;C:\Program Files\Common Files\Intel\WirelessCommon\;C:\Users\AHSAN\AppData\Local\Programs\Python\Python314\Scripts\;C:\Users\AHSAN\AppData\Local\Programs\Python\Python314\;C:\Users\AHSAN\AppData\Local\Microsoft\WindowsApps;C:\Users\AHSAN\AppData\Local\Programs\Microsoft VS Code\bin;C:\Users\AHSAN\AppData\Roaming\npm;C:\Users\AHSAN\AppData\Local\Programs\Windsurf\bin
USERNAME=AHSAN
LANG=en_US.UTF-8
OS=Windows_NT
PROCESSOR_IDENTIFIER=Intel64 Family 6 Model 142 Stepping 10, GenuineIntel
TMP=C:\Users\AHSAN\AppData\Local\Temp
TEMP=C:\Users\AHSAN\AppData\Local\Temp




Periodic native trim disabled

---------------  S Y S T E M  ---------------

OS:
 Windows 10 , 64 bit Build 19041 (10.0.19041.5915)
OS uptime: 17 days 21:42 hours

CPU: total 8 (initial active 8) (4 cores per cpu, 2 threads per core) family 6 model 142 stepping 10 microcode 0xf0, cx8, cmov, fxsr, ht, mmx, 3dnowpref, sse, sse2, sse3, ssse3, sse4.1, sse4.2, popcnt, lzcnt, tsc, tscinvbit, avx, avx2, aes, erms, clmul, bmi1, bmi2, rtm, adx, fma, vzeroupper, clflush, clflushopt, rdtscp, f16c
Processor Information for all 8 processors :
  Max Mhz: 2112, Current Mhz: 1910, Mhz Limit: 1900

Memory: 4k page, system-wide physical 16217M (2235M free)
TotalPageFile size 29014M (AvailPageFile size 0M)
current process WorkingSet (physical memory assigned to process): 94M, peak: 94M
current process commit charge ("private bytes"): 365M, peak: 365M

vm_info: Java HotSpot(TM) 64-Bit Server VM (21.0.7+8-LTS-245) for windows-amd64 JRE (21.0.7+8-LTS-245), built on 2025-02-21T05:11:27Z by "mach5one" with MS VC++ 17.6 (VS2022)

END.
