#
# There is insufficient memory for the Java Runtime Environment to continue.
# Native memory allocation (mmap) failed to map 157286400 bytes for G1 virtual space
# Possible reasons:
#   The system is out of physical RAM or swap space
#   The process is running with CompressedOops enabled, and the Java Heap may be blocking the growth of the native heap
# Possible solutions:
#   Reduce memory load on the system
#   Increase physical memory or swap space
#   Check if swap backing store is full
#   Decrease Java heap size (-Xmx/-Xms)
#   Decrease number of Java threads
#   Decrease Java thread stack sizes (-Xss)
#   Set larger code cache with -XX:ReservedCodeCacheSize=
#   JVM is running with Zero Based Compressed Oops mode in which the Java heap is
#     placed in the first 32GB address space. The Java Heap base address is the
#     maximum limit for the native heap growth. Please use -XX:HeapBaseMinAddress
#     to set the Java Heap base and to place the Java Heap above 32GB virtual address.
# This output file may be truncated or incomplete.
#
#  Out of Memory Error (os_windows.cpp:3603), pid=23152, tid=1812
#
# JRE version: Java(TM) SE Runtime Environment (21.0.7+8) (build 21.0.7+8-LTS-245)
# Java VM: Java HotSpot(TM) 64-Bit Server VM (21.0.7+8-LTS-245, mixed mode, sharing, tiered, compressed oops, compressed class ptrs, g1 gc, windows-amd64)
# No core dump will be written. Minidumps are not enabled by default on client versions of Windows
#

---------------  S U M M A R Y ------------

Command Line: org.languagetool.server.HTTPServer -p 8791

Host: Intel(R) Core(TM) i7-8650U CPU @ 1.90GHz, 8 cores, 15G,  Windows 10 , 64 bit Build 19041 (10.0.19041.5915)
Time: Sat Jan 10 08:03:23 2026 Pakistan Standard Time elapsed time: 2537.525029 seconds (0d 0h 42m 17s)

---------------  T H R E A D  ---------------

Current thread (0x000002634505c6f0):  VMThread "VM Thread"          [id=1812, stack(0x000000ff09900000,0x000000ff09a00000) (1024K)]

Stack: [0x000000ff09900000,0x000000ff09a00000]
Native frames: (J=compiled Java code, j=interpreted, Vv=VM code, C=native code)
V  [jvm.dll+0x6cae19]
V  [jvm.dll+0x855741]
V  [jvm.dll+0x857c6e]
V  [jvm.dll+0x858343]
V  [jvm.dll+0x27e0b6]
V  [jvm.dll+0x6c7595]
V  [jvm.dll+0x6bc0fa]
V  [jvm.dll+0x353eaa]
V  [jvm.dll+0x35bb26]
V  [jvm.dll+0x3ae52e]
V  [jvm.dll+0x3ae7d8]
V  [jvm.dll+0x3281bc]
V  [jvm.dll+0x328247]
V  [jvm.dll+0x36cbcc]
V  [jvm.dll+0x36b41e]
V  [jvm.dll+0x327981]
V  [jvm.dll+0x36ab3a]
V  [jvm.dll+0x85e110]
V  [jvm.dll+0x85f494]
V  [jvm.dll+0x85f9d0]
V  [jvm.dll+0x85fc73]
V  [jvm.dll+0x7ffa1b]
V  [jvm.dll+0x6c94fd]
C  [ucrtbase.dll+0x21bb2]
C  [KERNEL32.DLL+0x17374]
C  [ntdll.dll+0x4cc91]

VM_Operation (0x000000ff0a5fea70): G1CollectForAllocation, mode: safepoint, requested by thread 0x000002638b23c150


---------------  P R O C E S S  ---------------

Threads class SMR info:
_java_thread_list=0x0000026345644be0, length=20, elements={
0x0000026345081d70, 0x0000026345084a90, 0x00000263450864f0, 0x0000026345086f40,
0x0000026345087990, 0x00000263450883e0, 0x0000026345089160, 0x000002634508bc00,
0x000002634529a860, 0x00000263452b6fb0, 0x000002638b11b880, 0x000002638b23c150,
0x000002638b3c6a50, 0x000002638c1b05b0, 0x000002638c1b1010, 0x0000026323d0dd20,
0x00000263452c7a20, 0x000002638bfb3b70, 0x000002638b422f20, 0x000002634551c4d0
}

Java Threads: ( => current thread )
  0x0000026345081d70 JavaThread "Reference Handler"          daemon [_thread_blocked, id=23868, stack(0x000000ff09a00000,0x000000ff09b00000) (1024K)]
  0x0000026345084a90 JavaThread "Finalizer"                  daemon [_thread_blocked, id=9996, stack(0x000000ff09b00000,0x000000ff09c00000) (1024K)]
  0x00000263450864f0 JavaThread "Signal Dispatcher"          daemon [_thread_blocked, id=21476, stack(0x000000ff09c00000,0x000000ff09d00000) (1024K)]
  0x0000026345086f40 JavaThread "Attach Listener"            daemon [_thread_blocked, id=9800, stack(0x000000ff09d00000,0x000000ff09e00000) (1024K)]
  0x0000026345087990 JavaThread "Service Thread"             daemon [_thread_blocked, id=7532, stack(0x000000ff09e00000,0x000000ff09f00000) (1024K)]
  0x00000263450883e0 JavaThread "Monitor Deflation Thread"   daemon [_thread_blocked, id=9180, stack(0x000000ff09f00000,0x000000ff0a000000) (1024K)]
  0x0000026345089160 JavaThread "C2 CompilerThread0"         daemon [_thread_blocked, id=4344, stack(0x000000ff0a000000,0x000000ff0a100000) (1024K)]
  0x000002634508bc00 JavaThread "C1 CompilerThread0"         daemon [_thread_blocked, id=24016, stack(0x000000ff0a100000,0x000000ff0a200000) (1024K)]
  0x000002634529a860 JavaThread "Notification Thread"        daemon [_thread_blocked, id=7316, stack(0x000000ff0a200000,0x000000ff0a300000) (1024K)]
  0x00000263452b6fb0 JavaThread "Common-Cleaner"             daemon [_thread_blocked, id=24244, stack(0x000000ff0a300000,0x000000ff0a400000) (1024K)]
  0x000002638b11b880 JavaThread "LtThreadPoolMonitor"        daemon [_thread_blocked, id=12404, stack(0x000000ff0a400000,0x000000ff0a500000) (1024K)]
  0x000002638b23c150 JavaThread "LtThreadPoolExecutorMonitor" daemon [_thread_blocked, id=19640, stack(0x000000ff0a500000,0x000000ff0a600000) (1024K)]
  0x000002638b3c6a50 JavaThread "LtThreadPoolExecutorMonitor" daemon [_thread_blocked, id=23788, stack(0x000000ff0ad00000,0x000000ff0ae00000) (1024K)]
  0x000002638c1b05b0 JavaThread "idle-timeout-task"          daemon [_thread_blocked, id=22236, stack(0x000000ff0af00000,0x000000ff0b000000) (1024K)]
  0x000002638c1b1010 JavaThread "HTTP-Dispatcher"                   [_thread_in_native, id=12092, stack(0x000000ff0b000000,0x000000ff0b100000) (1024K)]
  0x0000026323d0dd20 JavaThread "DestroyJavaVM"                     [_thread_blocked, id=14904, stack(0x000000ff09200000,0x000000ff09300000) (1024K)]
  0x00000263452c7a20 JavaThread "lt-server-thread-0"                [_thread_blocked, id=24232, stack(0x000000ff0b100000,0x000000ff0b200000) (1024K)]
  0x000002638bfb3b70 JavaThread "lt-server-thread-1"                [_thread_blocked, id=9024, stack(0x000000ff0b200000,0x000000ff0b300000) (1024K)]
  0x000002638b422f20 JavaThread "lt-server-thread-2"                [_thread_blocked, id=4292, stack(0x000000ff0ae00000,0x000000ff0af00000) (1024K)]
  0x000002634551c4d0 JavaThread "lt-server-thread-3"                [_thread_blocked, id=8120, stack(0x000000ff0b300000,0x000000ff0b400000) (1024K)]
Total: 20

Other Threads:
=>0x000002634505c6f0 VMThread "VM Thread"                           [id=1812, stack(0x000000ff09900000,0x000000ff09a00000) (1024K)]
  0x000002634504dd40 WatcherThread "VM Periodic Task Thread"        [id=6720, stack(0x000000ff09800000,0x000000ff09900000) (1024K)]
  0x0000026323fff500 WorkerThread "GC Thread#0"                     [id=17244, stack(0x000000ff09300000,0x000000ff09400000) (1024K)]
  0x000002638b11bee0 WorkerThread "GC Thread#1"                     [id=23660, stack(0x000000ff0a600000,0x000000ff0a700000) (1024K)]
  0x000002638b23c7b0 WorkerThread "GC Thread#2"                     [id=20428, stack(0x000000ff0a700000,0x000000ff0a800000) (1024K)]
  0x000002638b23cb50 WorkerThread "GC Thread#3"                     [id=5548, stack(0x000000ff0a800000,0x000000ff0a900000) (1024K)]
  0x000002638b23cef0 WorkerThread "GC Thread#4"                     [id=1160, stack(0x000000ff0a900000,0x000000ff0aa00000) (1024K)]
  0x000002638b23d290 WorkerThread "GC Thread#5"                     [id=928, stack(0x000000ff0aa00000,0x000000ff0ab00000) (1024K)]
  0x000002638b23f5f0 WorkerThread "GC Thread#6"                     [id=15640, stack(0x000000ff0ab00000,0x000000ff0ac00000) (1024K)]
  0x000002638b255f40 WorkerThread "GC Thread#7"                     [id=13092, stack(0x000000ff0ac00000,0x000000ff0ad00000) (1024K)]
  0x0000026324010a70 ConcurrentGCThread "G1 Main Marker"            [id=16696, stack(0x000000ff09400000,0x000000ff09500000) (1024K)]
  0x0000026324012ed0 WorkerThread "G1 Conc#0"                       [id=23280, stack(0x000000ff09500000,0x000000ff09600000) (1024K)]
  0x0000026344f1d130 ConcurrentGCThread "G1 Refine#0"               [id=25288, stack(0x000000ff09600000,0x000000ff09700000) (1024K)]
  0x0000026344f1dca0 ConcurrentGCThread "G1 Service"                [id=25300, stack(0x000000ff09700000,0x000000ff09800000) (1024K)]
Total: 14

Threads with active compile tasks:
Total: 0

VM state: at safepoint (normal execution)

VM Mutex/Monitor currently owned by a thread:  ([mutex/lock_event])
[0x00007ffc692bde50] Threads_lock - owner thread: 0x000002634505c6f0
[0x00007ffc692bdf50] Heap_lock - owner thread: 0x000002638b23c150

Heap address: 0x0000000702800000, size: 4056 MB, Compressed Oops mode: Zero based, Oop shift amount: 3

CDS archive(s) mapped at: [0x0000026346000000-0x0000026346c90000-0x0000026346c90000), size 13172736, SharedBaseAddress: 0x0000026346000000, ArchiveRelocationMode: 1.
Compressed class space mapped at: 0x0000026347000000-0x0000026387000000, reserved size: 1073741824
Narrow klass base: 0x0000026346000000, Narrow klass shift: 0, Narrow klass range: 0x100000000

GC Precious Log:
 CardTable entry size: 512
 Card Set container configuration: InlinePtr #cards 4 size 8 Array Of Cards #cards 16 size 48 Howl #buckets 8 coarsen threshold 3686 Howl Bitmap #cards 512 size 80 coarsen threshold 460 Card regions per heap region 1 cards per card region 4096
 CPUs: 8 total, 8 available
 Memory: 16217M
 Large Page Support: Disabled
 NUMA Support: Disabled
 Compressed Oops: Enabled (Zero based)
 Heap Region Size: 2M
 Heap Min Capacity: 8M
 Heap Initial Capacity: 254M
 Heap Max Capacity: 4056M
 Pre-touch: Disabled
 Parallel Workers: 8
 Concurrent Workers: 2
 Concurrent Refinement Workers: 8
 Periodic GC: Disabled

Heap:
 garbage-first heap   total 260096K, used 81053K [0x0000000702800000, 0x0000000800000000)
  region size 2048K, 8 young (16384K), 8 survivors (16384K)
 Metaspace       used 14176K, committed 14464K, reserved 1114112K
  class space    used 1581K, committed 1728K, reserved 1048576K

Heap Regions: E=young(eden), S=young(survivor), O=old, HS=humongous(starts), HC=humongous(continues), CS=collection set, F=free, TAMS=top-at-mark-start, PB=parsable bottom
|   0|0x0000000702800000, 0x0000000702a00000, 0x0000000702a00000|100%| O|  |TAMS 0x0000000702800000| PB 0x0000000702800000| Untracked 
|   1|0x0000000702a00000, 0x0000000702c00000, 0x0000000702c00000|100%| O|  |TAMS 0x0000000702a00000| PB 0x0000000702a00000| Untracked 
|   2|0x0000000702c00000, 0x0000000702e00000, 0x0000000702e00000|100%| O|  |TAMS 0x0000000702c00000| PB 0x0000000702c00000| Untracked 
|   3|0x0000000702e00000, 0x0000000703000000, 0x0000000703000000|100%| O|  |TAMS 0x0000000702e00000| PB 0x0000000702e00000| Untracked 
|   4|0x0000000703000000, 0x0000000703200000, 0x0000000703200000|100%| O|  |TAMS 0x0000000703000000| PB 0x0000000703000000| Untracked 
|   5|0x0000000703200000, 0x0000000703400000, 0x0000000703400000|100%| O|  |TAMS 0x0000000703200000| PB 0x0000000703200000| Untracked 
|   6|0x0000000703400000, 0x0000000703600000, 0x0000000703600000|100%| O|  |TAMS 0x0000000703400000| PB 0x0000000703400000| Untracked 
|   7|0x0000000703600000, 0x0000000703800000, 0x0000000703800000|100%| O|  |TAMS 0x0000000703600000| PB 0x0000000703600000| Untracked 
|   8|0x0000000703800000, 0x0000000703a00000, 0x0000000703a00000|100%| O|  |TAMS 0x0000000703800000| PB 0x0000000703800000| Untracked 
|   9|0x0000000703a00000, 0x0000000703c00000, 0x0000000703c00000|100%|HS|  |TAMS 0x0000000703a00000| PB 0x0000000703a00000| Complete 
|  10|0x0000000703c00000, 0x0000000703e00000, 0x0000000703e00000|100%| O|  |TAMS 0x0000000703c00000| PB 0x0000000703c00000| Untracked 
|  11|0x0000000703e00000, 0x0000000704000000, 0x0000000704000000|100%| O|  |TAMS 0x0000000703e00000| PB 0x0000000703e00000| Untracked 
|  12|0x0000000704000000, 0x0000000704200000, 0x0000000704200000|100%| O|  |TAMS 0x0000000704000000| PB 0x0000000704000000| Untracked 
|  13|0x0000000704200000, 0x0000000704400000, 0x0000000704400000|100%| O|  |TAMS 0x0000000704200000| PB 0x0000000704200000| Untracked 
|  14|0x0000000704400000, 0x0000000704600000, 0x0000000704600000|100%| O|  |TAMS 0x0000000704400000| PB 0x0000000704400000| Untracked 
|  15|0x0000000704600000, 0x0000000704800000, 0x0000000704800000|100%| O|  |TAMS 0x0000000704600000| PB 0x0000000704600000| Untracked 
|  16|0x0000000704800000, 0x0000000704a00000, 0x0000000704a00000|100%| O|  |TAMS 0x0000000704800000| PB 0x0000000704800000| Untracked 
|  17|0x0000000704a00000, 0x0000000704c00000, 0x0000000704c00000|100%| O|  |TAMS 0x0000000704a00000| PB 0x0000000704a00000| Untracked 
|  18|0x0000000704c00000, 0x0000000704e00000, 0x0000000704e00000|100%| O|  |TAMS 0x0000000704c00000| PB 0x0000000704c00000| Untracked 
|  19|0x0000000704e00000, 0x0000000705000000, 0x0000000705000000|100%|HS|  |TAMS 0x0000000704e00000| PB 0x0000000704e00000| Complete 
|  20|0x0000000705000000, 0x0000000705200000, 0x0000000705200000|100%|HC|  |TAMS 0x0000000705000000| PB 0x0000000705000000| Complete 
|  21|0x0000000705200000, 0x0000000705400000, 0x0000000705400000|100%| O|  |TAMS 0x0000000705200000| PB 0x0000000705200000| Untracked 
|  22|0x0000000705400000, 0x0000000705600000, 0x0000000705600000|100%| O|  |TAMS 0x0000000705400000| PB 0x0000000705400000| Untracked 
|  23|0x0000000705600000, 0x0000000705800000, 0x0000000705800000|100%| O|  |TAMS 0x0000000705600000| PB 0x0000000705600000| Untracked 
|  24|0x0000000705800000, 0x0000000705a00000, 0x0000000705a00000|100%| O|  |TAMS 0x0000000705800000| PB 0x0000000705800000| Untracked 
|  25|0x0000000705a00000, 0x0000000705c00000, 0x0000000705c00000|100%| O|  |TAMS 0x0000000705a00000| PB 0x0000000705a00000| Untracked 
|  26|0x0000000705c00000, 0x0000000705e00000, 0x0000000705e00000|100%| O|  |TAMS 0x0000000705c00000| PB 0x0000000705c00000| Untracked 
|  27|0x0000000705e00000, 0x0000000706000000, 0x0000000706000000|100%| O|  |TAMS 0x0000000705e00000| PB 0x0000000705e00000| Untracked 
|  28|0x0000000706000000, 0x0000000706200000, 0x0000000706200000|100%| O|  |TAMS 0x0000000706000000| PB 0x0000000706000000| Untracked 
|  29|0x0000000706200000, 0x0000000706400000, 0x0000000706400000|100%| O|  |TAMS 0x0000000706200000| PB 0x0000000706200000| Untracked 
|  30|0x0000000706400000, 0x0000000706600000, 0x0000000706600000|100%| O|  |TAMS 0x0000000706400000| PB 0x0000000706400000| Untracked 
|  31|0x0000000706600000, 0x00000007067275c0, 0x0000000706800000| 57%| O|  |TAMS 0x0000000706600000| PB 0x0000000706600000| Untracked 
|  32|0x0000000706800000, 0x0000000706800000, 0x0000000706a00000|  0%| F|  |TAMS 0x0000000706800000| PB 0x0000000706800000| Untracked 
|  33|0x0000000706a00000, 0x0000000706a00000, 0x0000000706c00000|  0%| F|  |TAMS 0x0000000706a00000| PB 0x0000000706a00000| Untracked 
|  34|0x0000000706c00000, 0x0000000706c00000, 0x0000000706e00000|  0%| F|  |TAMS 0x0000000706c00000| PB 0x0000000706c00000| Untracked 
|  35|0x0000000706e00000, 0x0000000706e00000, 0x0000000707000000|  0%| F|  |TAMS 0x0000000706e00000| PB 0x0000000706e00000| Untracked 
|  36|0x0000000707000000, 0x0000000707000000, 0x0000000707200000|  0%| F|  |TAMS 0x0000000707000000| PB 0x0000000707000000| Untracked 
|  37|0x0000000707200000, 0x0000000707200000, 0x0000000707400000|  0%| F|  |TAMS 0x0000000707200000| PB 0x0000000707200000| Untracked 
|  38|0x0000000707400000, 0x0000000707400000, 0x0000000707600000|  0%| F|  |TAMS 0x0000000707400000| PB 0x0000000707400000| Untracked 
|  39|0x0000000707600000, 0x0000000707600000, 0x0000000707800000|  0%| F|  |TAMS 0x0000000707600000| PB 0x0000000707600000| Untracked 
|  40|0x0000000707800000, 0x0000000707800000, 0x0000000707a00000|  0%| F|  |TAMS 0x0000000707800000| PB 0x0000000707800000| Untracked 
|  41|0x0000000707a00000, 0x0000000707a00000, 0x0000000707c00000|  0%| F|  |TAMS 0x0000000707a00000| PB 0x0000000707a00000| Untracked 
|  42|0x0000000707c00000, 0x0000000707c00000, 0x0000000707e00000|  0%| F|  |TAMS 0x0000000707c00000| PB 0x0000000707c00000| Untracked 
|  43|0x0000000707e00000, 0x0000000707e00000, 0x0000000708000000|  0%| F|  |TAMS 0x0000000707e00000| PB 0x0000000707e00000| Untracked 
|  44|0x0000000708000000, 0x0000000708000000, 0x0000000708200000|  0%| F|  |TAMS 0x0000000708000000| PB 0x0000000708000000| Untracked 
|  45|0x0000000708200000, 0x0000000708200000, 0x0000000708400000|  0%| F|  |TAMS 0x0000000708200000| PB 0x0000000708200000| Untracked 
|  46|0x0000000708400000, 0x0000000708400000, 0x0000000708600000|  0%| F|  |TAMS 0x0000000708400000| PB 0x0000000708400000| Untracked 
|  47|0x0000000708600000, 0x0000000708600000, 0x0000000708800000|  0%| F|  |TAMS 0x0000000708600000| PB 0x0000000708600000| Untracked 
|  48|0x0000000708800000, 0x0000000708800000, 0x0000000708a00000|  0%| F|  |TAMS 0x0000000708800000| PB 0x0000000708800000| Untracked 
|  49|0x0000000708a00000, 0x0000000708a00000, 0x0000000708c00000|  0%| F|  |TAMS 0x0000000708a00000| PB 0x0000000708a00000| Untracked 
|  50|0x0000000708c00000, 0x0000000708c00000, 0x0000000708e00000|  0%| F|  |TAMS 0x0000000708c00000| PB 0x0000000708c00000| Untracked 
|  51|0x0000000708e00000, 0x0000000708e00000, 0x0000000709000000|  0%| F|  |TAMS 0x0000000708e00000| PB 0x0000000708e00000| Untracked 
|  52|0x0000000709000000, 0x0000000709000000, 0x0000000709200000|  0%| F|  |TAMS 0x0000000709000000| PB 0x0000000709000000| Untracked 
|  53|0x0000000709200000, 0x0000000709200000, 0x0000000709400000|  0%| F|  |TAMS 0x0000000709200000| PB 0x0000000709200000| Untracked 
|  54|0x0000000709400000, 0x0000000709400000, 0x0000000709600000|  0%| F|  |TAMS 0x0000000709400000| PB 0x0000000709400000| Untracked 
|  55|0x0000000709600000, 0x0000000709600000, 0x0000000709800000|  0%| F|  |TAMS 0x0000000709600000| PB 0x0000000709600000| Untracked 
|  56|0x0000000709800000, 0x0000000709800000, 0x0000000709a00000|  0%| F|  |TAMS 0x0000000709800000| PB 0x0000000709800000| Untracked 
|  57|0x0000000709a00000, 0x0000000709a00000, 0x0000000709c00000|  0%| F|  |TAMS 0x0000000709a00000| PB 0x0000000709a00000| Untracked 
|  58|0x0000000709c00000, 0x0000000709e00000, 0x0000000709e00000|100%| S|CS|TAMS 0x0000000709c00000| PB 0x0000000709c00000| Complete 
|  59|0x0000000709e00000, 0x000000070a000000, 0x000000070a000000|100%| S|CS|TAMS 0x0000000709e00000| PB 0x0000000709e00000| Complete 
|  60|0x000000070a000000, 0x000000070a200000, 0x000000070a200000|100%| S|CS|TAMS 0x000000070a000000| PB 0x000000070a000000| Complete 
|  61|0x000000070a200000, 0x000000070a400000, 0x000000070a400000|100%| S|CS|TAMS 0x000000070a200000| PB 0x000000070a200000| Complete 
|  62|0x000000070a400000, 0x000000070a600000, 0x000000070a600000|100%| S|CS|TAMS 0x000000070a400000| PB 0x000000070a400000| Complete 
|  63|0x000000070a600000, 0x000000070a800000, 0x000000070a800000|100%| S|CS|TAMS 0x000000070a600000| PB 0x000000070a600000| Complete 
|  64|0x000000070a800000, 0x000000070aa00000, 0x000000070aa00000|100%| S|CS|TAMS 0x000000070a800000| PB 0x000000070a800000| Complete 
|  65|0x000000070aa00000, 0x000000070ac00000, 0x000000070ac00000|100%| S|CS|TAMS 0x000000070aa00000| PB 0x000000070aa00000| Complete 
|  66|0x000000070ac00000, 0x000000070ac00000, 0x000000070ae00000|  0%| F|  |TAMS 0x000000070ac00000| PB 0x000000070ac00000| Untracked 
|  67|0x000000070ae00000, 0x000000070ae00000, 0x000000070b000000|  0%| F|  |TAMS 0x000000070ae00000| PB 0x000000070ae00000| Untracked 
|  68|0x000000070b000000, 0x000000070b000000, 0x000000070b200000|  0%| F|  |TAMS 0x000000070b000000| PB 0x000000070b000000| Untracked 
|  69|0x000000070b200000, 0x000000070b200000, 0x000000070b400000|  0%| F|  |TAMS 0x000000070b200000| PB 0x000000070b200000| Untracked 
|  70|0x000000070b400000, 0x000000070b400000, 0x000000070b600000|  0%| F|  |TAMS 0x000000070b400000| PB 0x000000070b400000| Untracked 
|  71|0x000000070b600000, 0x000000070b600000, 0x000000070b800000|  0%| F|  |TAMS 0x000000070b600000| PB 0x000000070b600000| Untracked 
|  72|0x000000070b800000, 0x000000070b800000, 0x000000070ba00000|  0%| F|  |TAMS 0x000000070b800000| PB 0x000000070b800000| Untracked 
|  73|0x000000070ba00000, 0x000000070ba00000, 0x000000070bc00000|  0%| F|  |TAMS 0x000000070ba00000| PB 0x000000070ba00000| Untracked 
|  74|0x000000070bc00000, 0x000000070bc00000, 0x000000070be00000|  0%| F|  |TAMS 0x000000070bc00000| PB 0x000000070bc00000| Untracked 
|  75|0x000000070be00000, 0x000000070be00000, 0x000000070c000000|  0%| F|  |TAMS 0x000000070be00000| PB 0x000000070be00000| Untracked 
|  76|0x000000070c000000, 0x000000070c000000, 0x000000070c200000|  0%| F|  |TAMS 0x000000070c000000| PB 0x000000070c000000| Untracked 
|  77|0x000000070c200000, 0x000000070c200000, 0x000000070c400000|  0%| F|  |TAMS 0x000000070c200000| PB 0x000000070c200000| Untracked 
|  78|0x000000070c400000, 0x000000070c400000, 0x000000070c600000|  0%| F|  |TAMS 0x000000070c400000| PB 0x000000070c400000| Untracked 
|  79|0x000000070c600000, 0x000000070c600000, 0x000000070c800000|  0%| F|  |TAMS 0x000000070c600000| PB 0x000000070c600000| Untracked 
|  80|0x000000070c800000, 0x000000070c800000, 0x000000070ca00000|  0%| F|  |TAMS 0x000000070c800000| PB 0x000000070c800000| Untracked 
|  81|0x000000070ca00000, 0x000000070ca00000, 0x000000070cc00000|  0%| F|  |TAMS 0x000000070ca00000| PB 0x000000070ca00000| Untracked 
|  82|0x000000070cc00000, 0x000000070cc00000, 0x000000070ce00000|  0%| F|  |TAMS 0x000000070cc00000| PB 0x000000070cc00000| Untracked 
|  83|0x000000070ce00000, 0x000000070ce00000, 0x000000070d000000|  0%| F|  |TAMS 0x000000070ce00000| PB 0x000000070ce00000| Untracked 
|  84|0x000000070d000000, 0x000000070d000000, 0x000000070d200000|  0%| F|  |TAMS 0x000000070d000000| PB 0x000000070d000000| Untracked 
|  85|0x000000070d200000, 0x000000070d200000, 0x000000070d400000|  0%| F|  |TAMS 0x000000070d200000| PB 0x000000070d200000| Untracked 
|  86|0x000000070d400000, 0x000000070d400000, 0x000000070d600000|  0%| F|  |TAMS 0x000000070d400000| PB 0x000000070d400000| Untracked 
|  87|0x000000070d600000, 0x000000070d600000, 0x000000070d800000|  0%| F|  |TAMS 0x000000070d600000| PB 0x000000070d600000| Untracked 
|  88|0x000000070d800000, 0x000000070d800000, 0x000000070da00000|  0%| F|  |TAMS 0x000000070d800000| PB 0x000000070d800000| Untracked 
|  89|0x000000070da00000, 0x000000070da00000, 0x000000070dc00000|  0%| F|  |TAMS 0x000000070da00000| PB 0x000000070da00000| Untracked 
|  90|0x000000070dc00000, 0x000000070dc00000, 0x000000070de00000|  0%| F|  |TAMS 0x000000070dc00000| PB 0x000000070dc00000| Untracked 
|  91|0x000000070de00000, 0x000000070de00000, 0x000000070e000000|  0%| F|  |TAMS 0x000000070de00000| PB 0x000000070de00000| Untracked 
|  92|0x000000070e000000, 0x000000070e000000, 0x000000070e200000|  0%| F|  |TAMS 0x000000070e000000| PB 0x000000070e000000| Untracked 
|  93|0x000000070e200000, 0x000000070e200000, 0x000000070e400000|  0%| F|  |TAMS 0x000000070e200000| PB 0x000000070e200000| Untracked 
|  94|0x000000070e400000, 0x000000070e400000, 0x000000070e600000|  0%| F|  |TAMS 0x000000070e400000| PB 0x000000070e400000| Untracked 
|  95|0x000000070e600000, 0x000000070e600000, 0x000000070e800000|  0%| F|  |TAMS 0x000000070e600000| PB 0x000000070e600000| Untracked 
|  96|0x000000070e800000, 0x000000070e800000, 0x000000070ea00000|  0%| F|  |TAMS 0x000000070e800000| PB 0x000000070e800000| Untracked 
|  97|0x000000070ea00000, 0x000000070ea00000, 0x000000070ec00000|  0%| F|  |TAMS 0x000000070ea00000| PB 0x000000070ea00000| Untracked 
|  98|0x000000070ec00000, 0x000000070ec00000, 0x000000070ee00000|  0%| F|  |TAMS 0x000000070ec00000| PB 0x000000070ec00000| Untracked 
|  99|0x000000070ee00000, 0x000000070ee00000, 0x000000070f000000|  0%| F|  |TAMS 0x000000070ee00000| PB 0x000000070ee00000| Untracked 
| 100|0x000000070f000000, 0x000000070f000000, 0x000000070f200000|  0%| F|  |TAMS 0x000000070f000000| PB 0x000000070f000000| Untracked 
| 101|0x000000070f200000, 0x000000070f200000, 0x000000070f400000|  0%| F|  |TAMS 0x000000070f200000| PB 0x000000070f200000| Untracked 
| 102|0x000000070f400000, 0x000000070f400000, 0x000000070f600000|  0%| F|  |TAMS 0x000000070f400000| PB 0x000000070f400000| Untracked 
| 103|0x000000070f600000, 0x000000070f600000, 0x000000070f800000|  0%| F|  |TAMS 0x000000070f600000| PB 0x000000070f600000| Untracked 
| 104|0x000000070f800000, 0x000000070f800000, 0x000000070fa00000|  0%| F|  |TAMS 0x000000070f800000| PB 0x000000070f800000| Untracked 
| 105|0x000000070fa00000, 0x000000070fa00000, 0x000000070fc00000|  0%| F|  |TAMS 0x000000070fa00000| PB 0x000000070fa00000| Untracked 
| 106|0x000000070fc00000, 0x000000070fc00000, 0x000000070fe00000|  0%| F|  |TAMS 0x000000070fc00000| PB 0x000000070fc00000| Untracked 
| 107|0x000000070fe00000, 0x000000070fe00000, 0x0000000710000000|  0%| F|  |TAMS 0x000000070fe00000| PB 0x000000070fe00000| Untracked 
| 108|0x0000000710000000, 0x0000000710000000, 0x0000000710200000|  0%| F|  |TAMS 0x0000000710000000| PB 0x0000000710000000| Untracked 
| 109|0x0000000710200000, 0x0000000710200000, 0x0000000710400000|  0%| F|  |TAMS 0x0000000710200000| PB 0x0000000710200000| Untracked 
| 110|0x0000000710400000, 0x0000000710400000, 0x0000000710600000|  0%| F|  |TAMS 0x0000000710400000| PB 0x0000000710400000| Untracked 
| 111|0x0000000710600000, 0x0000000710600000, 0x0000000710800000|  0%| F|  |TAMS 0x0000000710600000| PB 0x0000000710600000| Untracked 
| 112|0x0000000710800000, 0x0000000710800000, 0x0000000710a00000|  0%| F|  |TAMS 0x0000000710800000| PB 0x0000000710800000| Untracked 
| 113|0x0000000710a00000, 0x0000000710a00000, 0x0000000710c00000|  0%| F|  |TAMS 0x0000000710a00000| PB 0x0000000710a00000| Untracked 
| 114|0x0000000710c00000, 0x0000000710c00000, 0x0000000710e00000|  0%| F|  |TAMS 0x0000000710c00000| PB 0x0000000710c00000| Untracked 
| 115|0x0000000710e00000, 0x0000000710e00000, 0x0000000711000000|  0%| F|  |TAMS 0x0000000710e00000| PB 0x0000000710e00000| Untracked 
| 116|0x0000000711000000, 0x0000000711000000, 0x0000000711200000|  0%| F|  |TAMS 0x0000000711000000| PB 0x0000000711000000| Untracked 
| 117|0x0000000711200000, 0x0000000711200000, 0x0000000711400000|  0%| F|  |TAMS 0x0000000711200000| PB 0x0000000711200000| Untracked 
| 118|0x0000000711400000, 0x0000000711400000, 0x0000000711600000|  0%| F|  |TAMS 0x0000000711400000| PB 0x0000000711400000| Untracked 
| 119|0x0000000711600000, 0x0000000711600000, 0x0000000711800000|  0%| F|  |TAMS 0x0000000711600000| PB 0x0000000711600000| Untracked 
| 120|0x0000000711800000, 0x0000000711800000, 0x0000000711a00000|  0%| F|  |TAMS 0x0000000711800000| PB 0x0000000711800000| Untracked 
| 121|0x0000000711a00000, 0x0000000711a00000, 0x0000000711c00000|  0%| F|  |TAMS 0x0000000711a00000| PB 0x0000000711a00000| Untracked 
| 122|0x0000000711c00000, 0x0000000711c00000, 0x0000000711e00000|  0%| F|  |TAMS 0x0000000711c00000| PB 0x0000000711c00000| Untracked 
| 123|0x0000000711e00000, 0x0000000711e00000, 0x0000000712000000|  0%| F|  |TAMS 0x0000000711e00000| PB 0x0000000711e00000| Untracked 
| 124|0x0000000712000000, 0x0000000712000000, 0x0000000712200000|  0%| F|  |TAMS 0x0000000712000000| PB 0x0000000712000000| Untracked 
| 125|0x0000000712200000, 0x0000000712200000, 0x0000000712400000|  0%| F|  |TAMS 0x0000000712200000| PB 0x0000000712200000| Untracked 
| 126|0x0000000712400000, 0x0000000712400000, 0x0000000712600000|  0%| F|  |TAMS 0x0000000712400000| PB 0x0000000712400000| Untracked 

Card table byte_map: [0x000002633de80000,0x000002633e670000] _byte_map_base: 0x000002633a66c000

Marking Bits: (CMBitMap*) 0x0000026324000410
 Bits: [0x000002633e670000, 0x00000263425d0000)

Polling page: 0x000002632dbf0000

Metaspace:

Usage:
  Non-class:     12.30 MB used.
      Class:      1.54 MB used.
       Both:     13.84 MB used.

Virtual space:
  Non-class space:       64.00 MB reserved,      12.44 MB ( 19%) committed,  1 nodes.
      Class space:        1.00 GB reserved,       1.69 MB ( <1%) committed,  1 nodes.
             Both:        1.06 GB reserved,      14.12 MB (  1%) committed. 

Chunk freelists:
   Non-Class:  3.41 MB
       Class:  14.31 MB
        Both:  17.72 MB

MaxMetaspaceSize: unlimited
CompressedClassSpaceSize: 1.00 GB
Initial GC threshold: 21.00 MB
Current GC threshold: 21.00 MB
CDS: on
 - commit_granule_bytes: 65536.
 - commit_granule_words: 8192.
 - virtual_space_node_default_size: 8388608.
 - enlarge_chunks_in_place: 1.
 - use_allocation_guard: 0.


Internal statistics:

num_allocs_failed_limit: 0.
num_arena_births: 226.
num_arena_deaths: 0.
num_vsnodes_births: 2.
num_vsnodes_deaths: 0.
num_space_committed: 225.
num_space_uncommitted: 0.
num_chunks_returned_to_freelist: 0.
num_chunks_taken_from_freelist: 539.
num_chunk_merges: 0.
num_chunk_splits: 359.
num_chunks_enlarged: 251.
num_inconsistent_stats: 0.

CodeHeap 'non-profiled nmethods': size=120000Kb used=1430Kb max_used=1430Kb free=118569Kb
 bounds [0x00000263356e0000, 0x0000026335950000, 0x000002633cc10000]
CodeHeap 'profiled nmethods': size=120000Kb used=4593Kb max_used=4593Kb free=115406Kb
 bounds [0x000002632dc10000, 0x000002632e090000, 0x0000026335140000]
CodeHeap 'non-nmethods': size=5760Kb used=1486Kb max_used=1526Kb free=4273Kb
 bounds [0x0000026335140000, 0x00000263353b0000, 0x00000263356e0000]
 total_blobs=3001 nmethods=2435 adapters=470
 compilation: enabled
              stopped_count=0, restarted_count=0
 full_count=0

Compilation events (20 events):
Event: 1276.823 Thread 0x000002634508bc00 2426       3       java.lang.Iterable::forEach (39 bytes)
Event: 1276.824 Thread 0x000002634508bc00 nmethod 2426 0x000002632e088e10 code [0x000002632e089020, 0x000002632e089658]
Event: 1286.823 Thread 0x000002634508bc00 2427       3       sun.net.httpserver.ServerImpl$IdleTimeoutTask::closeConnections (150 bytes)
Event: 1286.824 Thread 0x000002634508bc00 nmethod 2427 0x000002632e089890 code [0x000002632e089be0, 0x000002632e08b340]
Event: 1286.824 Thread 0x000002634508bc00 2428       3       java.lang.invoke.LambdaForm$MH/0x00000263471b0800::linkToTargetMethod (13 bytes)
Event: 1286.824 Thread 0x000002634508bc00 nmethod 2428 0x000002632e08ba90 code [0x000002632e08bc60, 0x000002632e08c050]
Event: 1345.032 Thread 0x0000026345089160 2429   !   4       sun.nio.ch.SelectorImpl::processDeregisterQueue (145 bytes)
Event: 1345.034 Thread 0x0000026345089160 nmethod 2429 0x000002633583df90 code [0x000002633583e140, 0x000002633583e528]
Event: 1347.479 Thread 0x0000026345089160 2430       4       ch.qos.logback.classic.Logger::trace (16 bytes)
Event: 1347.482 Thread 0x0000026345089160 nmethod 2430 0x000002633583e710 code [0x000002633583e8a0, 0x000002633583e9f8]
Event: 1736.917 Thread 0x0000026345089160 2431   !   4       java.lang.Object::wait (50 bytes)
Event: 1736.923 Thread 0x0000026345089160 nmethod 2431 0x000002633583ec10 code [0x000002633583ede0, 0x000002633583efb8]
Event: 1737.479 Thread 0x0000026345089160 2432       4       java.util.TaskQueue::rescheduleMin (16 bytes)
Event: 1737.482 Thread 0x0000026345089160 nmethod 2432 0x000002633583f210 code [0x000002633583f3a0, 0x000002633583f4b8]
Event: 1794.469 Thread 0x0000026345089160 2433       4       org.languagetool.tools.LtThreadPoolFactory$1$$Lambda/0x00000263470bef68::accept (12 bytes)
Event: 1794.472 Thread 0x0000026345089160 nmethod 2433 0x000002633583f610 code [0x000002633583f7a0, 0x000002633583f8a0]
Event: 1926.926 Thread 0x000002634508bc00 2434   !   3       java.util.Collections$SynchronizedCollection::forEach (28 bytes)
Event: 1926.927 Thread 0x000002634508bc00 nmethod 2434 0x000002632e08c190 code [0x000002632e08c340, 0x000002632e08c620]
Event: 2135.469 Thread 0x0000026345089160 2435       4       org.languagetool.tools.LtThreadPoolFactory$1::lambda$run$4 (373 bytes)
Event: 2135.720 Thread 0x0000026345089160 nmethod 2435 0x000002633583f990 code [0x000002633583ff20, 0x0000026335843800]

GC Heap History (13 events):
Event: 2.488 GC heap before
{Heap before GC invocations=0 (full 0):
 garbage-first heap   total 260096K, used 20480K [0x0000000702800000, 0x0000000800000000)
  region size 2048K, 11 young (22528K), 0 survivors (0K)
 Metaspace       used 5881K, committed 6080K, reserved 1114112K
  class space    used 736K, committed 832K, reserved 1048576K
}
Event: 2.502 GC heap after
{Heap after GC invocations=1 (full 0):
 garbage-first heap   total 260096K, used 8715K [0x0000000702800000, 0x0000000800000000)
  region size 2048K, 2 young (4096K), 2 survivors (4096K)
 Metaspace       used 5881K, committed 6080K, reserved 1114112K
  class space    used 736K, committed 832K, reserved 1048576K
}
Event: 3.643 GC heap before
{Heap before GC invocations=1 (full 0):
 garbage-first heap   total 260096K, used 31243K [0x0000000702800000, 0x0000000800000000)
  region size 2048K, 13 young (26624K), 2 survivors (4096K)
 Metaspace       used 10011K, committed 10176K, reserved 1114112K
  class space    used 1133K, committed 1216K, reserved 1048576K
}
Event: 3.651 GC heap after
{Heap after GC invocations=2 (full 0):
 garbage-first heap   total 260096K, used 12636K [0x0000000702800000, 0x0000000800000000)
  region size 2048K, 2 young (4096K), 2 survivors (4096K)
 Metaspace       used 10011K, committed 10176K, reserved 1114112K
  class space    used 1133K, committed 1216K, reserved 1048576K
}
Event: 4.355 GC heap before
{Heap before GC invocations=2 (full 0):
 garbage-first heap   total 260096K, used 59740K [0x0000000702800000, 0x0000000800000000)
  region size 2048K, 25 young (51200K), 2 survivors (4096K)
 Metaspace       used 10164K, committed 10304K, reserved 1114112K
  class space    used 1143K, committed 1216K, reserved 1048576K
}
Event: 4.374 GC heap after
{Heap after GC invocations=3 (full 0):
 garbage-first heap   total 260096K, used 25291K [0x0000000702800000, 0x0000000800000000)
  region size 2048K, 4 young (8192K), 4 survivors (8192K)
 Metaspace       used 10164K, committed 10304K, reserved 1114112K
  class space    used 1143K, committed 1216K, reserved 1048576K
}
Event: 4.535 GC heap before
{Heap before GC invocations=3 (full 0):
 garbage-first heap   total 260096K, used 49867K [0x0000000702800000, 0x0000000800000000)
  region size 2048K, 15 young (30720K), 4 survivors (8192K)
 Metaspace       used 10167K, committed 10304K, reserved 1114112K
  class space    used 1144K, committed 1216K, reserved 1048576K
}
Event: 4.554 GC heap after
{Heap after GC invocations=4 (full 0):
 garbage-first heap   total 260096K, used 33187K [0x0000000702800000, 0x0000000800000000)
  region size 2048K, 2 young (4096K), 2 survivors (4096K)
 Metaspace       used 10167K, committed 10304K, reserved 1114112K
  class space    used 1144K, committed 1216K, reserved 1048576K
}
Event: 5.176 GC heap before
{Heap before GC invocations=4 (full 0):
 garbage-first heap   total 260096K, used 72099K [0x0000000702800000, 0x0000000800000000)
  region size 2048K, 21 young (43008K), 2 survivors (4096K)
 Metaspace       used 10177K, committed 10304K, reserved 1114112K
  class space    used 1144K, committed 1216K, reserved 1048576K
}
Event: 5.195 GC heap after
{Heap after GC invocations=5 (full 0):
 garbage-first heap   total 260096K, used 43560K [0x0000000702800000, 0x0000000800000000)
  region size 2048K, 3 young (6144K), 3 survivors (6144K)
 Metaspace       used 10177K, committed 10304K, reserved 1114112K
  class space    used 1144K, committed 1216K, reserved 1048576K
}
Event: 5.561 GC heap before
{Heap before GC invocations=5 (full 0):
 garbage-first heap   total 260096K, used 84520K [0x0000000702800000, 0x0000000800000000)
  region size 2048K, 21 young (43008K), 3 survivors (6144K)
 Metaspace       used 10568K, committed 10752K, reserved 1114112K
  class space    used 1193K, committed 1280K, reserved 1048576K
}
Event: 5.584 GC heap after
{Heap after GC invocations=6 (full 0):
 garbage-first heap   total 260096K, used 56577K [0x0000000702800000, 0x0000000800000000)
  region size 2048K, 3 young (6144K), 3 survivors (6144K)
 Metaspace       used 10568K, committed 10752K, reserved 1114112K
  class space    used 1193K, committed 1280K, reserved 1048576K
}
Event: 2537.479 GC heap before
{Heap before GC invocations=6 (full 0):
 garbage-first heap   total 260096K, used 175361K [0x0000000702800000, 0x0000000800000000)
  region size 2048K, 61 young (124928K), 3 survivors (6144K)
 Metaspace       used 14176K, committed 14464K, reserved 1114112K
  class space    used 1581K, committed 1728K, reserved 1048576K
}

Dll operation events (8 events):
Event: 0.012 Loaded shared library C:\Program Files\Java\jdk-21\bin\java.dll
Event: 0.128 Loaded shared library C:\Program Files\Java\jdk-21\bin\jsvml.dll
Event: 0.138 Loaded shared library C:\Program Files\Java\jdk-21\bin\net.dll
Event: 0.143 Loaded shared library C:\Program Files\Java\jdk-21\bin\nio.dll
Event: 0.150 Loaded shared library C:\Program Files\Java\jdk-21\bin\zip.dll
Event: 0.185 Loaded shared library C:\Program Files\Java\jdk-21\bin\jimage.dll
Event: 6.440 Loaded shared library C:\Program Files\Java\jdk-21\bin\extnet.dll
Event: 6.572 Loaded shared library C:\Program Files\Java\jdk-21\bin\sunmscapi.dll

Deoptimization events (20 events):
Event: 6.746 Thread 0x00000263452c7a20 Uncommon trap: trap_request=0xffffffde fr.pc=0x00000263357fc6c0 relative=0x0000000000000ca0
Event: 6.746 Thread 0x00000263452c7a20 Uncommon trap: reason=class_check action=maybe_recompile pc=0x00000263357fc6c0 method=java.util.regex.Pattern$BnM.match(Ljava/util/regex/Matcher;ILjava/lang/CharSequence;)Z @ 111 c2
Event: 6.746 Thread 0x00000263452c7a20 DEOPT PACKING pc=0x00000263357fc6c0 sp=0x000000ff0b1fe160
Event: 6.746 Thread 0x00000263452c7a20 DEOPT UNPACKING pc=0x00000263351946a2 sp=0x000000ff0b1fe018 mode 2
Event: 6.746 Thread 0x00000263452c7a20 Uncommon trap: trap_request=0xffffffde fr.pc=0x00000263357c6ea0 relative=0x0000000000000300
Event: 6.746 Thread 0x00000263452c7a20 Uncommon trap: reason=class_check action=maybe_recompile pc=0x00000263357c6ea0 method=java.util.regex.Pattern$CharProperty.match(Ljava/util/regex/Matcher;ILjava/lang/CharSequence;)Z @ 52 c2
Event: 6.746 Thread 0x00000263452c7a20 DEOPT PACKING pc=0x00000263357c6ea0 sp=0x000000ff0b1fdfe0
Event: 6.746 Thread 0x00000263452c7a20 DEOPT UNPACKING pc=0x00000263351946a2 sp=0x000000ff0b1fdf90 mode 2
Event: 6.746 Thread 0x00000263452c7a20 Uncommon trap: trap_request=0xffffffde fr.pc=0x00000263357f9c9c relative=0x00000000000006fc
Event: 6.746 Thread 0x00000263452c7a20 Uncommon trap: reason=class_check action=maybe_recompile pc=0x00000263357f9c9c method=java.util.regex.Pattern$BnM.match(Ljava/util/regex/Matcher;ILjava/lang/CharSequence;)Z @ 111 c2
Event: 6.746 Thread 0x00000263452c7a20 DEOPT PACKING pc=0x00000263357f9c9c sp=0x000000ff0b1fe0b0
Event: 6.746 Thread 0x00000263452c7a20 DEOPT UNPACKING pc=0x00000263351946a2 sp=0x000000ff0b1fe030 mode 2
Event: 6.766 Thread 0x00000263452c7a20 Uncommon trap: trap_request=0xffffff45 fr.pc=0x00000263357e68b4 relative=0x00000000000001f4
Event: 6.766 Thread 0x00000263452c7a20 Uncommon trap: reason=unstable_if action=reinterpret pc=0x00000263357e68b4 method=java.lang.String.split(Ljava/lang/String;IZ)[Ljava/lang/String; @ 8 c2
Event: 6.766 Thread 0x00000263452c7a20 DEOPT PACKING pc=0x00000263357e68b4 sp=0x000000ff0b1fe3e0
Event: 6.766 Thread 0x00000263452c7a20 DEOPT UNPACKING pc=0x00000263351946a2 sp=0x000000ff0b1fe300 mode 2
Event: 6.770 Thread 0x00000263452c7a20 Uncommon trap: trap_request=0xffffff45 fr.pc=0x00000263357e9c58 relative=0x0000000000000218
Event: 6.770 Thread 0x00000263452c7a20 Uncommon trap: reason=unstable_if action=reinterpret pc=0x00000263357e9c58 method=java.lang.String.split(Ljava/lang/String;IZ)[Ljava/lang/String; @ 8 c2
Event: 6.770 Thread 0x00000263452c7a20 DEOPT PACKING pc=0x00000263357e9c58 sp=0x000000ff0b1fe370
Event: 6.770 Thread 0x00000263452c7a20 DEOPT UNPACKING pc=0x00000263351946a2 sp=0x000000ff0b1fe308 mode 2

Classes loaded (20 events):
Event: 6.782 Loading class sun/util/resources/cldr/TimeZoneNames_en
Event: 6.801 Loading class sun/util/resources/cldr/TimeZoneNames_en done
Event: 6.801 Loading class sun/util/resources/cldr/TimeZoneNames_en_US
Event: 6.801 Loading class sun/util/resources/cldr/TimeZoneNames_en_US done
Event: 6.803 Loading class sun/util/cldr/CLDRBaseLocaleDataMetaInfo$TZCanonicalIDMapHolder
Event: 6.804 Loading class sun/util/cldr/CLDRBaseLocaleDataMetaInfo$TZCanonicalIDMapHolder done
Event: 6.806 Loading class sun/util/resources/TimeZoneNames
Event: 6.807 Loading class sun/util/resources/TimeZoneNames done
Event: 6.807 Loading class sun/util/resources/TimeZoneNames_en
Event: 6.808 Loading class sun/util/resources/TimeZoneNames_en done
Event: 6.837 Loading class sun/nio/ch/SocketAdaptor
Event: 6.837 Loading class java/net/Socket
Event: 6.838 Loading class java/net/Socket done
Event: 6.838 Loading class sun/nio/ch/SocketAdaptor done
Event: 6.892 Loading class java/io/CharArrayReader
Event: 6.893 Loading class java/io/CharArrayReader done
Event: 6.893 Loading class java/io/StringReader
Event: 6.893 Loading class java/io/StringReader done
Event: 6.917 Loading class sun/invoke/util/VerifyAccess$1
Event: 6.917 Loading class sun/invoke/util/VerifyAccess$1 done

Classes unloaded (0 events):
No events

Classes redefined (0 events):
No events

Internal exceptions (19 events):
Event: 1.394 Thread 0x0000026323d0dd20 Exception <a 'java/lang/NoSuchMethodError'{0x0000000711a59348}: 'void java.lang.invoke.DirectMethodHandle$Holder.invokeStatic(java.lang.Object, java.lang.Object, java.lang.Object)'> (0x0000000711a59348) 
thrown [s\open\src\hotspot\share\interpreter\linkResolver.cpp, line 773]
Event: 1.622 Thread 0x0000026323d0dd20 Exception <a 'java/lang/NoSuchMethodError'{0x0000000711baacd8}: 'void java.lang.invoke.DirectMethodHandle$Holder.invokeSpecialIFC(java.lang.Object, java.lang.Object, java.lang.Object, java.lang.Object, java.lang.Object)'> (0x0000000711baacd8) 
thrown [s\open\src\hotspot\share\interpreter\linkResolver.cpp, line 773]
Event: 1.626 Thread 0x0000026323d0dd20 Exception <a 'java/lang/NoSuchMethodError'{0x0000000711bb2d48}: 'void java.lang.invoke.DirectMethodHandle$Holder.invokeStatic(java.lang.Object, java.lang.Object, java.lang.Object, java.lang.Object)'> (0x0000000711bb2d48) 
thrown [s\open\src\hotspot\share\interpreter\linkResolver.cpp, line 773]
Event: 1.628 Thread 0x0000026323d0dd20 Exception <a 'java/lang/NoSuchMethodError'{0x0000000711bbb218}: 'int java.lang.invoke.DirectMethodHandle$Holder.invokeSpecial(java.lang.Object, java.lang.Object, java.lang.Object)'> (0x0000000711bbb218) 
thrown [s\open\src\hotspot\share\interpreter\linkResolver.cpp, line 773]
Event: 1.671 Thread 0x0000026323d0dd20 Exception <a 'java/lang/NoSuchMethodError'{0x0000000711869778}: 'java.lang.Object java.lang.invoke.DirectMethodHandle$Holder.invokeStaticInit(java.lang.Object, java.lang.Object, java.lang.Object)'> (0x0000000711869778) 
thrown [s\open\src\hotspot\share\interpreter\linkResolver.cpp, line 773]
Event: 2.126 Thread 0x0000026323d0dd20 Exception <a 'java/lang/NoSuchMethodError'{0x0000000711508970}: 'java.lang.Object java.lang.invoke.DirectMethodHandle$Holder.invokeSpecial(java.lang.Object, java.lang.Object, java.lang.Object, long, java.lang.Object)'> (0x0000000711508970) 
thrown [s\open\src\hotspot\share\interpreter\linkResolver.cpp, line 773]
Event: 2.126 Thread 0x0000026323d0dd20 Exception <a 'java/lang/NoSuchMethodError'{0x000000071150c2d0}: 'java.lang.Object java.lang.invoke.Invokers$Holder.linkToTargetMethod(java.lang.Object, long, java.lang.Object, java.lang.Object)'> (0x000000071150c2d0) 
thrown [s\open\src\hotspot\share\interpreter\linkResolver.cpp, line 773]
Event: 2.644 Thread 0x0000026323d0dd20 Exception <a 'java/lang/ClassNotFoundException'{0x000000071234e3f8}: com/sun/org/apache/xerces/internal/impl/xpath/regex/spi/messageProvider> (0x000000071234e3f8) 
thrown [s\open\src\hotspot\share\classfile\systemDictionary.cpp, line 312]
Event: 3.302 Thread 0x0000026323d0dd20 Exception <a 'java/lang/NoSuchMethodError'{0x0000000711c425c8}: 'java.lang.Object java.lang.invoke.DirectMethodHandle$Holder.invokeInterface(java.lang.Object, java.lang.Object)'> (0x0000000711c425c8) 
thrown [s\open\src\hotspot\share\interpreter\linkResolver.cpp, line 773]
Event: 3.302 Thread 0x0000026323d0dd20 Exception <a 'java/lang/IncompatibleClassChangeError'{0x0000000711c45840}: Found class java.lang.Object, but interface was expected> (0x0000000711c45840) 
thrown [s\open\src\hotspot\share\interpreter\linkResolver.cpp, line 840]
Event: 6.529 Thread 0x0000026323d0dd20 Exception <a 'java/lang/NoSuchMethodError'{0x000000070d5e3640}: 'java.lang.Object java.lang.invoke.DirectMethodHandle$Holder.invokeStaticInit(java.lang.Object, int, int, int, int)'> (0x000000070d5e3640) 
thrown [s\open\src\hotspot\share\interpreter\linkResolver.cpp, line 773]
Event: 6.609 Thread 0x0000026323d0dd20 Exception <a 'java/lang/NoSuchMethodError'{0x000000070d33f210}: 'java.lang.Object java.lang.invoke.DirectMethodHandle$Holder.invokeStaticInit(java.lang.Object, java.lang.Object, int, int, int, int)'> (0x000000070d33f210) 
thrown [s\open\src\hotspot\share\interpreter\linkResolver.cpp, line 773]
Event: 6.642 Thread 0x0000026323d0dd20 Exception <a 'java/lang/NoSuchMethodError'{0x000000070d3973e0}: 'java.lang.Object java.lang.invoke.DirectMethodHandle$Holder.invokeSpecial(java.lang.Object, java.lang.Object, java.lang.Object, java.lang.Object, java.lang.Object, java.lang.Object, java.lang.Object, int)'> (0x000000070d3973e0) 
thrown [s\open\src\hotspot\share\interpreter\linkResolver.cpp, line 773]
Event: 6.667 Thread 0x00000263452c7a20 Exception <a 'java/lang/NoSuchMethodError'{0x000000070d0af778}: 'java.lang.Object java.lang.invoke.DirectMethodHandle$Holder.invokeSpecialIFC(java.lang.Object, java.lang.Object, java.lang.Object, java.lang.Object)'> (0x000000070d0af778) 
thrown [s\open\src\hotspot\share\interpreter\linkResolver.cpp, line 773]
Event: 6.668 Thread 0x00000263452c7a20 Exception <a 'java/lang/NoSuchMethodError'{0x000000070d0b5b80}: 'java.lang.Object java.lang.invoke.DirectMethodHandle$Holder.invokeVirtual(java.lang.Object, java.lang.Object, java.lang.Object, java.lang.Object)'> (0x000000070d0b5b80) 
thrown [s\open\src\hotspot\share\interpreter\linkResolver.cpp, line 773]
Event: 6.712 Thread 0x00000263452c7a20 Exception <a 'java/lang/NoSuchMethodError'{0x000000070d148348}: 'int java.lang.invoke.DirectMethodHandle$Holder.invokeStatic(java.lang.Object, java.lang.Object, java.lang.Object, java.lang.Object)'> (0x000000070d148348) 
thrown [s\open\src\hotspot\share\interpreter\linkResolver.cpp, line 773]
Event: 6.712 Thread 0x00000263452c7a20 Exception <a 'java/lang/NoSuchMethodError'{0x000000070d14b728}: 'java.lang.Object java.lang.invoke.Invokers$Holder.invokeExact_MT(java.lang.Object, java.lang.Object, java.lang.Object, java.lang.Object, java.lang.Object, java.lang.Object)'> (0x000000070d14b728) 
thrown [s\open\src\hotspot\share\interpreter\linkResolver.cpp, line 773]
Event: 6.919 Thread 0x000002638bfb3b70 Exception <a 'java/lang/NoSuchMethodError'{0x000000070cd18a40}: 'java.lang.Object java.lang.invoke.DirectMethodHandle$Holder.newInvokeSpecial(java.lang.Object, java.lang.Object, java.lang.Object, java.lang.Object, java.lang.Object, java.lang.Object, java.lang.Object)'> (0x000000070cd18a40) 
thrown [s\open\src\hotspot\share\interpreter\linkResolver.cpp, line 773]
Event: 6.921 Thread 0x000002638bfb3b70 Exception <a 'java/lang/NoSuchMethodError'{0x000000070cd1fa70}: 'void java.lang.invoke.DirectMethodHandle$Holder.invokeSpecial(java.lang.Object, java.lang.Object, java.lang.Object)'> (0x000000070cd1fa70) 
thrown [s\open\src\hotspot\share\interpreter\linkResolver.cpp, line 773]

ZGC Phase Switch (0 events):
No events

VM Operations (20 events):
Event: 2528.468 Executing VM operation: ThreadDump done
Event: 2529.468 Executing VM operation: ThreadDump
Event: 2529.469 Executing VM operation: ThreadDump done
Event: 2530.468 Executing VM operation: ThreadDump
Event: 2530.468 Executing VM operation: ThreadDump done
Event: 2531.469 Executing VM operation: ThreadDump
Event: 2531.469 Executing VM operation: ThreadDump done
Event: 2532.468 Executing VM operation: ThreadDump
Event: 2532.469 Executing VM operation: ThreadDump done
Event: 2533.470 Executing VM operation: ThreadDump
Event: 2533.471 Executing VM operation: ThreadDump done
Event: 2534.468 Executing VM operation: ThreadDump
Event: 2534.469 Executing VM operation: ThreadDump done
Event: 2535.468 Executing VM operation: ThreadDump
Event: 2535.469 Executing VM operation: ThreadDump done
Event: 2536.468 Executing VM operation: ThreadDump
Event: 2536.469 Executing VM operation: ThreadDump done
Event: 2537.468 Executing VM operation: ThreadDump
Event: 2537.469 Executing VM operation: ThreadDump done
Event: 2537.479 Executing VM operation: G1CollectForAllocation (G1 Evacuation Pause)

Events (20 events):
Event: 2.478 Thread 0x000002638b23c150 Thread added: 0x000002638b23c150
Event: 2.794 Thread 0x000002638b2778c0 Thread added: 0x000002638b2778c0
Event: 3.380 Thread 0x000002638b2cd6c0 Thread added: 0x000002638b2cd6c0
Event: 3.873 Thread 0x000002638b2cd6c0 Thread exited: 0x000002638b2cd6c0
Event: 4.111 Thread 0x000002638b2778c0 Thread exited: 0x000002638b2778c0
Event: 5.351 Thread 0x000002638b51cbe0 Thread added: 0x000002638b51cbe0
Event: 5.539 Thread 0x000002638b5ff3b0 Thread added: 0x000002638b5ff3b0
Event: 6.237 Thread 0x000002638b5ff3b0 Thread exited: 0x000002638b5ff3b0
Event: 6.387 Thread 0x000002638b51cbe0 Thread exited: 0x000002638b51cbe0
Event: 6.389 Thread 0x000002638b3c6a50 Thread added: 0x000002638b3c6a50
Event: 6.614 Thread 0x000002638b422f20 Thread added: 0x000002638b422f20
Event: 6.625 Thread 0x000002638c1b05b0 Thread added: 0x000002638c1b05b0
Event: 6.643 Thread 0x000002638c1b1010 Thread added: 0x000002638c1b1010
Event: 6.644 Thread 0x0000026323d0dd20 Thread exited: 0x0000026323d0dd20
Event: 6.644 Thread 0x0000026323d0dd20 Thread added: 0x0000026323d0dd20
Event: 6.653 Thread 0x00000263452c7a20 Thread added: 0x00000263452c7a20
Event: 6.816 Thread 0x000002638bfb3b70 Thread added: 0x000002638bfb3b70
Event: 6.939 Thread 0x000002638b422f20 Thread exited: 0x000002638b422f20
Event: 6.945 Thread 0x000002638b422f20 Thread added: 0x000002638b422f20
Event: 7.013 Thread 0x000002634551c4d0 Thread added: 0x000002634551c4d0


Dynamic libraries:
0x00007ff6c3b60000 - 0x00007ff6c3b70000 	C:\Program Files\Java\jdk-21\bin\java.EXE
0x00007ffcf0ad0000 - 0x00007ffcf0cc8000 	C:\Windows\SYSTEM32\ntdll.dll
0x00007ffceffc0000 - 0x00007ffcf0082000 	C:\Windows\System32\KERNEL32.DLL
0x00007ffcee5f0000 - 0x00007ffcee8e6000 	C:\Windows\System32\KERNELBASE.dll
0x00007ffcee300000 - 0x00007ffcee400000 	C:\Windows\System32\ucrtbase.dll
0x00007ffcae720000 - 0x00007ffcae73b000 	C:\Program Files\Java\jdk-21\bin\VCRUNTIME140.dll
0x00007ffcaf6e0000 - 0x00007ffcaf6f9000 	C:\Program Files\Java\jdk-21\bin\jli.dll
0x00007ffcf0340000 - 0x00007ffcf03f1000 	C:\Windows\System32\ADVAPI32.dll
0x00007ffcf0440000 - 0x00007ffcf04de000 	C:\Windows\System32\msvcrt.dll
0x00007ffceff20000 - 0x00007ffceffbf000 	C:\Windows\System32\sechost.dll
0x00007ffcf0910000 - 0x00007ffcf0a30000 	C:\Windows\System32\RPCRT4.dll
0x00007ffceea20000 - 0x00007ffceea47000 	C:\Windows\System32\bcrypt.dll
0x00007ffcf0180000 - 0x00007ffcf0321000 	C:\Windows\System32\USER32.dll
0x00007ffcee940000 - 0x00007ffcee962000 	C:\Windows\System32\win32u.dll
0x00007ffcd86b0000 - 0x00007ffcd894b000 	C:\Windows\WinSxS\amd64_microsoft.windows.common-controls_6595b64144ccf1df_6.0.19041.6456_none_60b8a6cb71f64256\COMCTL32.dll
0x00007ffcf0400000 - 0x00007ffcf042b000 	C:\Windows\System32\GDI32.dll
0x00007ffcee1e0000 - 0x00007ffcee2f9000 	C:\Windows\System32\gdi32full.dll
0x00007ffceea50000 - 0x00007ffceeaed000 	C:\Windows\System32\msvcp_win.dll
0x00007ffce5120000 - 0x00007ffce512a000 	C:\Windows\SYSTEM32\VERSION.dll
0x00007ffcefb90000 - 0x00007ffcefbbf000 	C:\Windows\System32\IMM32.DLL
0x00007ffcc8a30000 - 0x00007ffcc8a3c000 	C:\Program Files\Java\jdk-21\bin\vcruntime140_1.dll
0x00007ffca48c0000 - 0x00007ffca494e000 	C:\Program Files\Java\jdk-21\bin\msvcp140.dll
0x00007ffc68680000 - 0x00007ffc6939a000 	C:\Program Files\Java\jdk-21\bin\server\jvm.dll
0x00007ffcf00f0000 - 0x00007ffcf015b000 	C:\Windows\System32\WS2_32.dll
0x00007ffced6a0000 - 0x00007ffced6eb000 	C:\Windows\SYSTEM32\POWRPROF.dll
0x00007ffcd8a20000 - 0x00007ffcd8a47000 	C:\Windows\SYSTEM32\WINMM.dll
0x00007ffced560000 - 0x00007ffced572000 	C:\Windows\SYSTEM32\UMPDC.dll
0x00007ffcec970000 - 0x00007ffcec982000 	C:\Windows\SYSTEM32\kernel.appcore.dll
0x00007ffcc46c0000 - 0x00007ffcc46ca000 	C:\Program Files\Java\jdk-21\bin\jimage.dll
0x00007ffceb030000 - 0x00007ffceb231000 	C:\Windows\SYSTEM32\DBGHELP.DLL
0x00007ffcda540000 - 0x00007ffcda574000 	C:\Windows\SYSTEM32\dbgcore.DLL
0x00007ffcee400000 - 0x00007ffcee482000 	C:\Windows\System32\bcryptPrimitives.dll
0x00007ffca8890000 - 0x00007ffca88af000 	C:\Program Files\Java\jdk-21\bin\java.dll
0x00007ffceefc0000 - 0x00007ffcef730000 	C:\Windows\System32\SHELL32.dll
0x00007ffcec180000 - 0x00007ffcec925000 	C:\Windows\SYSTEM32\windows.storage.dll
0x00007ffcefbc0000 - 0x00007ffceff14000 	C:\Windows\System32\combase.dll
0x00007ffcedb90000 - 0x00007ffcedbbb000 	C:\Windows\SYSTEM32\Wldp.dll
0x00007ffcef730000 - 0x00007ffcef7fd000 	C:\Windows\System32\OLEAUT32.dll
0x00007ffcf0740000 - 0x00007ffcf07ed000 	C:\Windows\System32\SHCORE.dll
0x00007ffcf0090000 - 0x00007ffcf00eb000 	C:\Windows\System32\shlwapi.dll
0x00007ffcee090000 - 0x00007ffcee0b4000 	C:\Windows\SYSTEM32\profapi.dll
0x00007ffca2dd0000 - 0x00007ffca2ea7000 	C:\Program Files\Java\jdk-21\bin\jsvml.dll
0x00007ffcc4130000 - 0x00007ffcc4140000 	C:\Program Files\Java\jdk-21\bin\net.dll
0x00007ffceb6c0000 - 0x00007ffceb7ca000 	C:\Windows\SYSTEM32\WINHTTP.dll
0x00007ffced8f0000 - 0x00007ffced95a000 	C:\Windows\system32\mswsock.dll
0x00007ffca6ee0000 - 0x00007ffca6ef6000 	C:\Program Files\Java\jdk-21\bin\nio.dll
0x00007ffca5260000 - 0x00007ffca5278000 	C:\Program Files\Java\jdk-21\bin\zip.dll
0x00007ffced5d0000 - 0x00007ffced69a000 	C:\Windows\SYSTEM32\DNSAPI.dll
0x00007ffced580000 - 0x00007ffced5bb000 	C:\Windows\SYSTEM32\IPHLPAPI.DLL
0x00007ffcf0430000 - 0x00007ffcf0438000 	C:\Windows\System32\NSI.dll
0x00007ffce0790000 - 0x00007ffce079a000 	C:\Windows\System32\rasadhlp.dll
0x00007ffcdbb40000 - 0x00007ffcdbbc0000 	C:\Windows\System32\fwpuclnt.dll
0x00007ffcc3590000 - 0x00007ffcc3599000 	C:\Program Files\Java\jdk-21\bin\extnet.dll
0x00007ffcc2bd0000 - 0x00007ffcc2bde000 	C:\Program Files\Java\jdk-21\bin\sunmscapi.dll
0x00007ffcee490000 - 0x00007ffcee5ed000 	C:\Windows\System32\CRYPT32.dll
0x00007ffcedc00000 - 0x00007ffcedc27000 	C:\Windows\SYSTEM32\ncrypt.dll
0x00007ffcedbc0000 - 0x00007ffcedbfb000 	C:\Windows\SYSTEM32\NTASN1.dll
0x00007ffcc23b0000 - 0x00007ffcc23b7000 	C:\Windows\system32\wshunix.dll
0x00007ffcedaf0000 - 0x00007ffcedb08000 	C:\Windows\SYSTEM32\CRYPTSP.dll
0x00007ffced1a0000 - 0x00007ffced1d8000 	C:\Windows\system32\rsaenh.dll
0x00007ffcee050000 - 0x00007ffcee07e000 	C:\Windows\SYSTEM32\USERENV.dll
0x00007ffcedae0000 - 0x00007ffcedaec000 	C:\Windows\SYSTEM32\CRYPTBASE.dll

dbghelp: loaded successfully - version: 4.0.5 - missing functions: none
symbol engine: initialized successfully - sym options: 0x614 - pdb path: .;C:\Program Files\Java\jdk-21\bin;C:\Windows\SYSTEM32;C:\Windows\WinSxS\amd64_microsoft.windows.common-controls_6595b64144ccf1df_6.0.19041.6456_none_60b8a6cb71f64256;C:\Program Files\Java\jdk-21\bin\server

VM Arguments:
java_command: org.languagetool.server.HTTPServer -p 8791
java_class_path (initial): C:\Users\AHSAN\.cache\language_tool_python\LanguageTool-6.8-SNAPSHOT\languagetool-server.jar
Launcher Type: SUN_STANDARD

[Global flags]
     intx CICompilerCount                          = 4                                         {product} {ergonomic}
     uint ConcGCThreads                            = 2                                         {product} {ergonomic}
     uint G1ConcRefinementThreads                  = 8                                         {product} {ergonomic}
   size_t G1HeapRegionSize                         = 2097152                                   {product} {ergonomic}
    uintx GCDrainStackTargetSize                   = 64                                        {product} {ergonomic}
   size_t InitialHeapSize                          = 266338304                                 {product} {ergonomic}
   size_t MarkStackSize                            = 4194304                                   {product} {ergonomic}
   size_t MaxHeapSize                              = 4253024256                                {product} {ergonomic}
   size_t MaxNewSize                               = 2550136832                                {product} {ergonomic}
   size_t MinHeapDeltaBytes                        = 2097152                                   {product} {ergonomic}
   size_t MinHeapSize                              = 8388608                                   {product} {ergonomic}
    uintx NonNMethodCodeHeapSize                   = 5839372                                {pd product} {ergonomic}
    uintx NonProfiledCodeHeapSize                  = 122909434                              {pd product} {ergonomic}
    uintx ProfiledCodeHeapSize                     = 122909434                              {pd product} {ergonomic}
    uintx ReservedCodeCacheSize                    = 251658240                              {pd product} {ergonomic}
     bool SegmentedCodeCache                       = true                                      {product} {ergonomic}
   size_t SoftMaxHeapSize                          = 4253024256                             {manageable} {ergonomic}
     bool UseCompressedOops                        = true                           {product lp64_product} {ergonomic}
     bool UseG1GC                                  = true                                      {product} {ergonomic}
     bool UseLargePagesIndividualAllocation        = false                                  {pd product} {ergonomic}

Logging:
Log output configuration:
 #0: stdout all=warning uptime,level,tags foldmultilines=false
 #1: stderr all=off uptime,level,tags foldmultilines=false

Environment Variables:
JAVA_HOME=C:\Program Files\Java\jdk-21
PATH=C:\Users\AHSAN\Desktop\digango\venv\Scripts;C:\Program Files\Common Files\Oracle\Java\javapath;C:\Windows\system32;C:\Windows;C:\Windows\System32\Wbem;C:\Windows\System32\WindowsPowerShell\v1.0\;C:\Windows\System32\OpenSSH\;C:\Program Files\nodejs\;C:\Program Files\Java\jdk-21\bin;C:\Program Files\Intel\WiFi\bin\;C:\Program Files\Common Files\Intel\WirelessCommon\;C:\Users\AHSAN\AppData\Local\Programs\Python\Python314\Scripts\;C:\Users\AHSAN\AppData\Local\Programs\Python\Python314\;C:\Users\AHSAN\AppData\Local\Microsoft\WindowsApps;C:\Users\AHSAN\AppData\Local\Programs\Microsoft VS Code\bin;C:\Users\AHSAN\AppData\Roaming\npm;C:\Users\AHSAN\AppData\Local\Programs\Windsurf\bin
USERNAME=AHSAN
LANG=en_US.UTF-8
OS=Windows_NT
PROCESSOR_IDENTIFIER=Intel64 Family 6 Model 142 Stepping 10, GenuineIntel
TMP=C:\Users\AHSAN\AppData\Local\Temp
TEMP=C:\Users\AHSAN\AppData\Local\Temp




Periodic native trim disabled

---------------  S Y S T E M  ---------------

OS:
 Windows 10 , 64 bit Build 19041 (10.0.19041.5915)
OS uptime: 17 days 22:26 hours

CPU: total 8 (initial active 8) (4 cores per cpu, 2 threads per core) family 6 model 142 stepping 10 microcode 0xf0, cx8, cmov, fxsr, ht, mmx, 3dnowpref, sse, sse2, sse3, ssse3, sse4.1, sse4.2, popcnt, lzcnt, tsc, tscinvbit, avx, avx2, aes, erms, clmul, bmi1, bmi2, rtm, adx, fma, vzeroupper, clflush, clflushopt, rdtscp, f16c
Processor Information for all 8 processors :
  Max Mhz: 2112, Current Mhz: 1408, Mhz Limit: 1900

Memory: 4k page, system-wide physical 16217M (1918M free)
TotalPageFile size 29014M (AvailPageFile size 68M)
current process WorkingSet (physical memory assigned to process): 256M, peak: 256M
current process commit charge ("private bytes"): 368M, peak: 518M

vm_info: Java HotSpot(TM) 64-Bit Server VM (21.0.7+8-LTS-245) for windows-amd64 JRE (21.0.7+8-LTS-245), built on 2025-02-21T05:11:27Z by "mach5one" with MS VC++ 17.6 (VS2022)

END.
