#
# There is insufficient memory for the Java Runtime Environment to continue.
# Native memory allocation (mmap) failed to map 209715200 bytes for G1 virtual space
# Possible reasons:
#   The system is out of physical RAM or swap space
#   The process is running with CompressedOops enabled, and the Java Heap may be blocking the growth of the native heap
# Possible solutions:
#   Reduce memory load on the system
#   Increase physical memory or swap space
#   Check if swap backing store is full
#   Decrease Java heap size (-Xmx/-Xms)
#   Decrease number of Java threads
#   Decrease Java thread stack sizes (-Xss)
#   Set larger code cache with -XX:ReservedCodeCacheSize=
#   JVM is running with Zero Based Compressed Oops mode in which the Java heap is
#     placed in the first 32GB address space. The Java Heap base address is the
#     maximum limit for the native heap growth. Please use -XX:HeapBaseMinAddress
#     to set the Java Heap base and to place the Java Heap above 32GB virtual address.
# This output file may be truncated or incomplete.
#
#  Out of Memory Error (os_windows.cpp:3603), pid=24992, tid=19676
#
# JRE version: Java(TM) SE Runtime Environment (21.0.7+8) (build 21.0.7+8-LTS-245)
# Java VM: Java HotSpot(TM) 64-Bit Server VM (21.0.7+8-LTS-245, mixed mode, sharing, tiered, compressed oops, compressed class ptrs, g1 gc, windows-amd64)
# No core dump will be written. Minidumps are not enabled by default on client versions of Windows
#

---------------  S U M M A R Y ------------

Command Line: org.languagetool.server.HTTPServer -p 8747

Host: Intel(R) Core(TM) i7-8650U CPU @ 1.90GHz, 8 cores, 15G,  Windows 10 , 64 bit Build 19041 (10.0.19041.5915)
Time: Sat Jan 10 07:20:20 2026 Pakistan Standard Time elapsed time: 2.595549 seconds (0d 0h 0m 2s)

---------------  T H R E A D  ---------------

Current thread (0x000001edf9f50960):  VMThread "VM Thread"          [id=19676, stack(0x0000009887c00000,0x0000009887d00000) (1024K)]

Stack: [0x0000009887c00000,0x0000009887d00000]
Native frames: (J=compiled Java code, j=interpreted, Vv=VM code, C=native code)
V  [jvm.dll+0x6cae19]
V  [jvm.dll+0x855741]
V  [jvm.dll+0x857c6e]
V  [jvm.dll+0x858343]
V  [jvm.dll+0x27e0b6]
V  [jvm.dll+0x6c7595]
V  [jvm.dll+0x6bc0fa]
V  [jvm.dll+0x353eaa]
V  [jvm.dll+0x35bb26]
V  [jvm.dll+0x3ae52e]
V  [jvm.dll+0x3ae7d8]
V  [jvm.dll+0x3281bc]
V  [jvm.dll+0x328247]
V  [jvm.dll+0x36cbcc]
V  [jvm.dll+0x36b41e]
V  [jvm.dll+0x327981]
V  [jvm.dll+0x36ab3a]
V  [jvm.dll+0x85e110]
V  [jvm.dll+0x85f494]
V  [jvm.dll+0x85f9d0]
V  [jvm.dll+0x85fc73]
V  [jvm.dll+0x7ffa1b]
V  [jvm.dll+0x6c94fd]
C  [ucrtbase.dll+0x21bb2]
C  [KERNEL32.DLL+0x17374]
C  [ntdll.dll+0x4cc91]

VM_Operation (0x00000098875fe5f0): G1CollectForAllocation, mode: safepoint, requested by thread 0x000001ede7bd2f40


---------------  P R O C E S S  ---------------

Threads class SMR info:
_java_thread_list=0x000001edff0b8310, length=15, elements={
0x000001ede7bd2f40, 0x000001edf9f73190, 0x000001edf9f73ab0, 0x000001edf9f75120,
0x000001edf9f75780, 0x000001edf9f7ddf0, 0x000001edf9f826e0, 0x000001edf9f88580,
0x000001edf9f8ac30, 0x000001edfe20cf60, 0x000001edfe218930, 0x000001edfe29e2b0,
0x000001edfefc62b0, 0x000001edfefac850, 0x000001edff1887f0
}

Java Threads: ( => current thread )
  0x000001ede7bd2f40 JavaThread "main"                              [_thread_blocked, id=20288, stack(0x0000009887500000,0x0000009887600000) (1024K)]
  0x000001edf9f73190 JavaThread "Reference Handler"          daemon [_thread_blocked, id=6512, stack(0x0000009887d00000,0x0000009887e00000) (1024K)]
  0x000001edf9f73ab0 JavaThread "Finalizer"                  daemon [_thread_blocked, id=22456, stack(0x0000009887e00000,0x0000009887f00000) (1024K)]
  0x000001edf9f75120 JavaThread "Signal Dispatcher"          daemon [_thread_blocked, id=17096, stack(0x0000009887f00000,0x0000009888000000) (1024K)]
  0x000001edf9f75780 JavaThread "Attach Listener"            daemon [_thread_blocked, id=21004, stack(0x0000009888000000,0x0000009888100000) (1024K)]
  0x000001edf9f7ddf0 JavaThread "Service Thread"             daemon [_thread_blocked, id=7616, stack(0x0000009888100000,0x0000009888200000) (1024K)]
  0x000001edf9f826e0 JavaThread "Monitor Deflation Thread"   daemon [_thread_blocked, id=5968, stack(0x0000009888200000,0x0000009888300000) (1024K)]
  0x000001edf9f88580 JavaThread "C2 CompilerThread0"         daemon [_thread_blocked, id=14668, stack(0x0000009888300000,0x0000009888400000) (1024K)]
  0x000001edf9f8ac30 JavaThread "C1 CompilerThread0"         daemon [_thread_blocked, id=15496, stack(0x0000009888400000,0x0000009888500000) (1024K)]
  0x000001edfe20cf60 JavaThread "Notification Thread"        daemon [_thread_blocked, id=24876, stack(0x0000009888500000,0x0000009888600000) (1024K)]
  0x000001edfe218930 JavaThread "Common-Cleaner"             daemon [_thread_blocked, id=20880, stack(0x0000009888600000,0x0000009888700000) (1024K)]
  0x000001edfe29e2b0 JavaThread "C2 CompilerThread1"         daemon [_thread_blocked, id=24100, stack(0x0000009888700000,0x0000009888800000) (1024K)]
  0x000001edfefc62b0 JavaThread "LtThreadPoolMonitor"        daemon [_thread_blocked, id=21848, stack(0x0000009888800000,0x0000009888900000) (1024K)]
  0x000001edfefac850 JavaThread "LtThreadPoolExecutorMonitor" daemon [_thread_blocked, id=8908, stack(0x0000009889000000,0x0000009889100000) (1024K)]
  0x000001edff1887f0 JavaThread "C2 CompilerThread2"         daemon [_thread_blocked, id=2684, stack(0x0000009889100000,0x0000009889200000) (1024K)]
Total: 15

Other Threads:
=>0x000001edf9f50960 VMThread "VM Thread"                           [id=19676, stack(0x0000009887c00000,0x0000009887d00000) (1024K)]
  0x000001edf9f42600 WatcherThread "VM Periodic Task Thread"        [id=4432, stack(0x0000009887b00000,0x0000009887c00000) (1024K)]
  0x000001ede9ea1c80 WorkerThread "GC Thread#0"                     [id=22840, stack(0x0000009887600000,0x0000009887700000) (1024K)]
  0x000001edf9f50220 WorkerThread "GC Thread#1"                     [id=5632, stack(0x0000009888900000,0x0000009888a00000) (1024K)]
  0x000001edf9f50d00 WorkerThread "GC Thread#2"                     [id=9376, stack(0x0000009888a00000,0x0000009888b00000) (1024K)]
  0x000001edf9f51b80 WorkerThread "GC Thread#3"                     [id=18756, stack(0x0000009888b00000,0x0000009888c00000) (1024K)]
  0x000001edf9f505c0 WorkerThread "GC Thread#4"                     [id=8040, stack(0x0000009888c00000,0x0000009888d00000) (1024K)]
  0x000001edf9f510a0 WorkerThread "GC Thread#5"                     [id=5140, stack(0x0000009888d00000,0x0000009888e00000) (1024K)]
  0x000001edf9f517e0 WorkerThread "GC Thread#6"                     [id=20384, stack(0x0000009888e00000,0x0000009888f00000) (1024K)]
  0x000001edf9f51440 WorkerThread "GC Thread#7"                     [id=20356, stack(0x0000009888f00000,0x0000009889000000) (1024K)]
  0x000001ede9eb28e0 ConcurrentGCThread "G1 Main Marker"            [id=8632, stack(0x0000009887700000,0x0000009887800000) (1024K)]
  0x000001ede9eb48a0 WorkerThread "G1 Conc#0"                       [id=21196, stack(0x0000009887800000,0x0000009887900000) (1024K)]
  0x000001ede9f0eac0 ConcurrentGCThread "G1 Refine#0"               [id=14628, stack(0x0000009887900000,0x0000009887a00000) (1024K)]
  0x000001edf9e143d0 ConcurrentGCThread "G1 Service"                [id=20684, stack(0x0000009887a00000,0x0000009887b00000) (1024K)]
Total: 14

Threads with active compile tasks:
C2 CompilerThread0     2629 1916       4       java.lang.StringUTF16::indexOfLatin1 (24 bytes)
C2 CompilerThread1     2630 1912       4       java.util.regex.Pattern$BmpCharProperty::match (55 bytes)
C2 CompilerThread2     2630 1902   !   4       java.util.concurrent.ConcurrentHashMap::transfer (849 bytes)
Total: 3

VM state: at safepoint (normal execution)

VM Mutex/Monitor currently owned by a thread:  ([mutex/lock_event])
[0x00007ffc692bde50] Threads_lock - owner thread: 0x000001edf9f50960
[0x00007ffc692bdf50] Heap_lock - owner thread: 0x000001ede7bd2f40

Heap address: 0x0000000702800000, size: 4056 MB, Compressed Oops mode: Zero based, Oop shift amount: 3

CDS archive(s) mapped at: [0x000001ed8f000000-0x000001ed8fc90000-0x000001ed8fc90000), size 13172736, SharedBaseAddress: 0x000001ed8f000000, ArchiveRelocationMode: 1.
Compressed class space mapped at: 0x000001ed90000000-0x000001edd0000000, reserved size: 1073741824
Narrow klass base: 0x000001ed8f000000, Narrow klass shift: 0, Narrow klass range: 0x100000000

GC Precious Log:
 CardTable entry size: 512
 Card Set container configuration: InlinePtr #cards 4 size 8 Array Of Cards #cards 16 size 48 Howl #buckets 8 coarsen threshold 3686 Howl Bitmap #cards 512 size 80 coarsen threshold 460 Card regions per heap region 1 cards per card region 4096
 CPUs: 8 total, 8 available
 Memory: 16217M
 Large Page Support: Disabled
 NUMA Support: Disabled
 Compressed Oops: Enabled (Zero based)
 Heap Region Size: 2M
 Heap Min Capacity: 8M
 Heap Initial Capacity: 254M
 Heap Max Capacity: 4056M
 Pre-touch: Disabled
 Parallel Workers: 8
 Concurrent Workers: 2
 Concurrent Refinement Workers: 8
 Periodic GC: Disabled

Heap:
 garbage-first heap   total 260096K, used 56142K [0x0000000702800000, 0x0000000800000000)
  region size 2048K, 3 young (6144K), 3 survivors (6144K)
 Metaspace       used 10529K, committed 10688K, reserved 1114112K
  class space    used 1193K, committed 1280K, reserved 1048576K

Heap Regions: E=young(eden), S=young(survivor), O=old, HS=humongous(starts), HC=humongous(continues), CS=collection set, F=free, TAMS=top-at-mark-start, PB=parsable bottom
|   0|0x0000000702800000, 0x0000000702a00000, 0x0000000702a00000|100%| O|  |TAMS 0x0000000702800000| PB 0x0000000702800000| Untracked 
|   1|0x0000000702a00000, 0x0000000702c00000, 0x0000000702c00000|100%| O|  |TAMS 0x0000000702a00000| PB 0x0000000702a00000| Untracked 
|   2|0x0000000702c00000, 0x0000000702e00000, 0x0000000702e00000|100%| O|  |TAMS 0x0000000702c00000| PB 0x0000000702c00000| Untracked 
|   3|0x0000000702e00000, 0x0000000703000000, 0x0000000703000000|100%| O|  |TAMS 0x0000000702e00000| PB 0x0000000702e00000| Untracked 
|   4|0x0000000703000000, 0x0000000703200000, 0x0000000703200000|100%| O|  |TAMS 0x0000000703000000| PB 0x0000000703000000| Untracked 
|   5|0x0000000703200000, 0x0000000703400000, 0x0000000703400000|100%| O|  |TAMS 0x0000000703200000| PB 0x0000000703200000| Untracked 
|   6|0x0000000703400000, 0x0000000703600000, 0x0000000703600000|100%| O|  |TAMS 0x0000000703400000| PB 0x0000000703400000| Untracked 
|   7|0x0000000703600000, 0x0000000703800000, 0x0000000703800000|100%| O|  |TAMS 0x0000000703600000| PB 0x0000000703600000| Untracked 
|   8|0x0000000703800000, 0x0000000703a00000, 0x0000000703a00000|100%|HS|  |TAMS 0x0000000703800000| PB 0x0000000703800000| Complete 
|   9|0x0000000703a00000, 0x0000000703c00000, 0x0000000703c00000|100%| O|  |TAMS 0x0000000703a00000| PB 0x0000000703a00000| Untracked 
|  10|0x0000000703c00000, 0x0000000703e00000, 0x0000000703e00000|100%| O|  |TAMS 0x0000000703c00000| PB 0x0000000703c00000| Untracked 
|  11|0x0000000703e00000, 0x0000000704000000, 0x0000000704000000|100%| O|  |TAMS 0x0000000703e00000| PB 0x0000000703e00000| Untracked 
|  12|0x0000000704000000, 0x0000000704200000, 0x0000000704200000|100%| O|  |TAMS 0x0000000704000000| PB 0x0000000704000000| Untracked 
|  13|0x0000000704200000, 0x0000000704400000, 0x0000000704400000|100%| O|  |TAMS 0x0000000704200000| PB 0x0000000704200000| Untracked 
|  14|0x0000000704400000, 0x0000000704600000, 0x0000000704600000|100%| O|  |TAMS 0x0000000704400000| PB 0x0000000704400000| Untracked 
|  15|0x0000000704600000, 0x0000000704800000, 0x0000000704800000|100%| O|  |TAMS 0x0000000704600000| PB 0x0000000704600000| Untracked 
|  16|0x0000000704800000, 0x0000000704a00000, 0x0000000704a00000|100%| O|  |TAMS 0x0000000704800000| PB 0x0000000704800000| Untracked 
|  17|0x0000000704a00000, 0x0000000704c00000, 0x0000000704c00000|100%| O|  |TAMS 0x0000000704a00000| PB 0x0000000704a00000| Untracked 
|  18|0x0000000704c00000, 0x0000000704e00000, 0x0000000704e00000|100%|HS|  |TAMS 0x0000000704c00000| PB 0x0000000704c00000| Complete 
|  19|0x0000000704e00000, 0x0000000705000000, 0x0000000705000000|100%|HC|  |TAMS 0x0000000704e00000| PB 0x0000000704e00000| Complete 
|  20|0x0000000705000000, 0x0000000705200000, 0x0000000705200000|100%| O|  |TAMS 0x0000000705000000| PB 0x0000000705000000| Untracked 
|  21|0x0000000705200000, 0x0000000705400000, 0x0000000705400000|100%| O|  |TAMS 0x0000000705200000| PB 0x0000000705200000| Untracked 
|  22|0x0000000705400000, 0x0000000705600000, 0x0000000705600000|100%| O|  |TAMS 0x0000000705400000| PB 0x0000000705400000| Untracked 
|  23|0x0000000705600000, 0x0000000705800000, 0x0000000705800000|100%| O|  |TAMS 0x0000000705600000| PB 0x0000000705600000| Untracked 
|  24|0x0000000705800000, 0x00000007058d3b48, 0x0000000705a00000| 41%| O|  |TAMS 0x0000000705800000| PB 0x0000000705800000| Untracked 
|  25|0x0000000705a00000, 0x0000000705a00000, 0x0000000705c00000|  0%| F|  |TAMS 0x0000000705a00000| PB 0x0000000705a00000| Untracked 
|  26|0x0000000705c00000, 0x0000000705c00000, 0x0000000705e00000|  0%| F|  |TAMS 0x0000000705c00000| PB 0x0000000705c00000| Untracked 
|  27|0x0000000705e00000, 0x0000000705e00000, 0x0000000706000000|  0%| F|  |TAMS 0x0000000705e00000| PB 0x0000000705e00000| Untracked 
|  28|0x0000000706000000, 0x0000000706000000, 0x0000000706200000|  0%| F|  |TAMS 0x0000000706000000| PB 0x0000000706000000| Untracked 
|  29|0x0000000706200000, 0x0000000706200000, 0x0000000706400000|  0%| F|  |TAMS 0x0000000706200000| PB 0x0000000706200000| Untracked 
|  30|0x0000000706400000, 0x0000000706400000, 0x0000000706600000|  0%| F|  |TAMS 0x0000000706400000| PB 0x0000000706400000| Untracked 
|  31|0x0000000706600000, 0x0000000706600000, 0x0000000706800000|  0%| F|  |TAMS 0x0000000706600000| PB 0x0000000706600000| Untracked 
|  32|0x0000000706800000, 0x0000000706800000, 0x0000000706a00000|  0%| F|  |TAMS 0x0000000706800000| PB 0x0000000706800000| Untracked 
|  33|0x0000000706a00000, 0x0000000706a00000, 0x0000000706c00000|  0%| F|  |TAMS 0x0000000706a00000| PB 0x0000000706a00000| Untracked 
|  34|0x0000000706c00000, 0x0000000706c00000, 0x0000000706e00000|  0%| F|  |TAMS 0x0000000706c00000| PB 0x0000000706c00000| Untracked 
|  35|0x0000000706e00000, 0x0000000706e00000, 0x0000000707000000|  0%| F|  |TAMS 0x0000000706e00000| PB 0x0000000706e00000| Untracked 
|  36|0x0000000707000000, 0x0000000707000000, 0x0000000707200000|  0%| F|  |TAMS 0x0000000707000000| PB 0x0000000707000000| Untracked 
|  37|0x0000000707200000, 0x0000000707200000, 0x0000000707400000|  0%| F|  |TAMS 0x0000000707200000| PB 0x0000000707200000| Untracked 
|  38|0x0000000707400000, 0x0000000707400000, 0x0000000707600000|  0%| F|  |TAMS 0x0000000707400000| PB 0x0000000707400000| Untracked 
|  39|0x0000000707600000, 0x0000000707600000, 0x0000000707800000|  0%| F|  |TAMS 0x0000000707600000| PB 0x0000000707600000| Untracked 
|  40|0x0000000707800000, 0x0000000707800000, 0x0000000707a00000|  0%| F|  |TAMS 0x0000000707800000| PB 0x0000000707800000| Untracked 
|  41|0x0000000707a00000, 0x0000000707a00000, 0x0000000707c00000|  0%| F|  |TAMS 0x0000000707a00000| PB 0x0000000707a00000| Untracked 
|  42|0x0000000707c00000, 0x0000000707c00000, 0x0000000707e00000|  0%| F|  |TAMS 0x0000000707c00000| PB 0x0000000707c00000| Untracked 
|  43|0x0000000707e00000, 0x0000000707e00000, 0x0000000708000000|  0%| F|  |TAMS 0x0000000707e00000| PB 0x0000000707e00000| Untracked 
|  44|0x0000000708000000, 0x0000000708000000, 0x0000000708200000|  0%| F|  |TAMS 0x0000000708000000| PB 0x0000000708000000| Untracked 
|  45|0x0000000708200000, 0x0000000708200000, 0x0000000708400000|  0%| F|  |TAMS 0x0000000708200000| PB 0x0000000708200000| Untracked 
|  46|0x0000000708400000, 0x0000000708400000, 0x0000000708600000|  0%| F|  |TAMS 0x0000000708400000| PB 0x0000000708400000| Untracked 
|  47|0x0000000708600000, 0x0000000708600000, 0x0000000708800000|  0%| F|  |TAMS 0x0000000708600000| PB 0x0000000708600000| Untracked 
|  48|0x0000000708800000, 0x0000000708800000, 0x0000000708a00000|  0%| F|  |TAMS 0x0000000708800000| PB 0x0000000708800000| Untracked 
|  49|0x0000000708a00000, 0x0000000708a00000, 0x0000000708c00000|  0%| F|  |TAMS 0x0000000708a00000| PB 0x0000000708a00000| Untracked 
|  50|0x0000000708c00000, 0x0000000708c00000, 0x0000000708e00000|  0%| F|  |TAMS 0x0000000708c00000| PB 0x0000000708c00000| Untracked 
|  51|0x0000000708e00000, 0x0000000708e00000, 0x0000000709000000|  0%| F|  |TAMS 0x0000000708e00000| PB 0x0000000708e00000| Untracked 
|  52|0x0000000709000000, 0x0000000709000000, 0x0000000709200000|  0%| F|  |TAMS 0x0000000709000000| PB 0x0000000709000000| Untracked 
|  53|0x0000000709200000, 0x0000000709200000, 0x0000000709400000|  0%| F|  |TAMS 0x0000000709200000| PB 0x0000000709200000| Untracked 
|  54|0x0000000709400000, 0x0000000709400000, 0x0000000709600000|  0%| F|  |TAMS 0x0000000709400000| PB 0x0000000709400000| Untracked 
|  55|0x0000000709600000, 0x0000000709600000, 0x0000000709800000|  0%| F|  |TAMS 0x0000000709600000| PB 0x0000000709600000| Untracked 
|  56|0x0000000709800000, 0x0000000709800000, 0x0000000709a00000|  0%| F|  |TAMS 0x0000000709800000| PB 0x0000000709800000| Untracked 
|  57|0x0000000709a00000, 0x0000000709a00000, 0x0000000709c00000|  0%| F|  |TAMS 0x0000000709a00000| PB 0x0000000709a00000| Untracked 
|  58|0x0000000709c00000, 0x0000000709c00000, 0x0000000709e00000|  0%| F|  |TAMS 0x0000000709c00000| PB 0x0000000709c00000| Untracked 
|  59|0x0000000709e00000, 0x0000000709e00000, 0x000000070a000000|  0%| F|  |TAMS 0x0000000709e00000| PB 0x0000000709e00000| Untracked 
|  60|0x000000070a000000, 0x000000070a000000, 0x000000070a200000|  0%| F|  |TAMS 0x000000070a000000| PB 0x000000070a000000| Untracked 
|  61|0x000000070a200000, 0x000000070a200000, 0x000000070a400000|  0%| F|  |TAMS 0x000000070a200000| PB 0x000000070a200000| Untracked 
|  62|0x000000070a400000, 0x000000070a400000, 0x000000070a600000|  0%| F|  |TAMS 0x000000070a400000| PB 0x000000070a400000| Untracked 
|  63|0x000000070a600000, 0x000000070a600000, 0x000000070a800000|  0%| F|  |TAMS 0x000000070a600000| PB 0x000000070a600000| Untracked 
|  64|0x000000070a800000, 0x000000070a800000, 0x000000070aa00000|  0%| F|  |TAMS 0x000000070a800000| PB 0x000000070a800000| Untracked 
|  65|0x000000070aa00000, 0x000000070aa00000, 0x000000070ac00000|  0%| F|  |TAMS 0x000000070aa00000| PB 0x000000070aa00000| Untracked 
|  66|0x000000070ac00000, 0x000000070ac00000, 0x000000070ae00000|  0%| F|  |TAMS 0x000000070ac00000| PB 0x000000070ac00000| Untracked 
|  67|0x000000070ae00000, 0x000000070ae00000, 0x000000070b000000|  0%| F|  |TAMS 0x000000070ae00000| PB 0x000000070ae00000| Untracked 
|  68|0x000000070b000000, 0x000000070b000000, 0x000000070b200000|  0%| F|  |TAMS 0x000000070b000000| PB 0x000000070b000000| Untracked 
|  69|0x000000070b200000, 0x000000070b200000, 0x000000070b400000|  0%| F|  |TAMS 0x000000070b200000| PB 0x000000070b200000| Untracked 
|  70|0x000000070b400000, 0x000000070b400000, 0x000000070b600000|  0%| F|  |TAMS 0x000000070b400000| PB 0x000000070b400000| Untracked 
|  71|0x000000070b600000, 0x000000070b600000, 0x000000070b800000|  0%| F|  |TAMS 0x000000070b600000| PB 0x000000070b600000| Untracked 
|  72|0x000000070b800000, 0x000000070b800000, 0x000000070ba00000|  0%| F|  |TAMS 0x000000070b800000| PB 0x000000070b800000| Untracked 
|  73|0x000000070ba00000, 0x000000070ba00000, 0x000000070bc00000|  0%| F|  |TAMS 0x000000070ba00000| PB 0x000000070ba00000| Untracked 
|  74|0x000000070bc00000, 0x000000070bc00000, 0x000000070be00000|  0%| F|  |TAMS 0x000000070bc00000| PB 0x000000070bc00000| Untracked 
|  75|0x000000070be00000, 0x000000070be00000, 0x000000070c000000|  0%| F|  |TAMS 0x000000070be00000| PB 0x000000070be00000| Untracked 
|  76|0x000000070c000000, 0x000000070c000000, 0x000000070c200000|  0%| F|  |TAMS 0x000000070c000000| PB 0x000000070c000000| Untracked 
|  77|0x000000070c200000, 0x000000070c200000, 0x000000070c400000|  0%| F|  |TAMS 0x000000070c200000| PB 0x000000070c200000| Untracked 
|  78|0x000000070c400000, 0x000000070c400000, 0x000000070c600000|  0%| F|  |TAMS 0x000000070c400000| PB 0x000000070c400000| Untracked 
|  79|0x000000070c600000, 0x000000070c600000, 0x000000070c800000|  0%| F|  |TAMS 0x000000070c600000| PB 0x000000070c600000| Untracked 
|  80|0x000000070c800000, 0x000000070c800000, 0x000000070ca00000|  0%| F|  |TAMS 0x000000070c800000| PB 0x000000070c800000| Untracked 
|  81|0x000000070ca00000, 0x000000070ca00000, 0x000000070cc00000|  0%| F|  |TAMS 0x000000070ca00000| PB 0x000000070ca00000| Untracked 
|  82|0x000000070cc00000, 0x000000070cc00000, 0x000000070ce00000|  0%| F|  |TAMS 0x000000070cc00000| PB 0x000000070cc00000| Untracked 
|  83|0x000000070ce00000, 0x000000070ce00000, 0x000000070d000000|  0%| F|  |TAMS 0x000000070ce00000| PB 0x000000070ce00000| Untracked 
|  84|0x000000070d000000, 0x000000070d000000, 0x000000070d200000|  0%| F|  |TAMS 0x000000070d000000| PB 0x000000070d000000| Untracked 
|  85|0x000000070d200000, 0x000000070d200000, 0x000000070d400000|  0%| F|  |TAMS 0x000000070d200000| PB 0x000000070d200000| Untracked 
|  86|0x000000070d400000, 0x000000070d400000, 0x000000070d600000|  0%| F|  |TAMS 0x000000070d400000| PB 0x000000070d400000| Untracked 
|  87|0x000000070d600000, 0x000000070d600000, 0x000000070d800000|  0%| F|  |TAMS 0x000000070d600000| PB 0x000000070d600000| Untracked 
|  88|0x000000070d800000, 0x000000070d800000, 0x000000070da00000|  0%| F|  |TAMS 0x000000070d800000| PB 0x000000070d800000| Untracked 
|  89|0x000000070da00000, 0x000000070da00000, 0x000000070dc00000|  0%| F|  |TAMS 0x000000070da00000| PB 0x000000070da00000| Untracked 
|  90|0x000000070dc00000, 0x000000070dc00000, 0x000000070de00000|  0%| F|  |TAMS 0x000000070dc00000| PB 0x000000070dc00000| Untracked 
|  91|0x000000070de00000, 0x000000070de00000, 0x000000070e000000|  0%| F|  |TAMS 0x000000070de00000| PB 0x000000070de00000| Untracked 
|  92|0x000000070e000000, 0x000000070e000000, 0x000000070e200000|  0%| F|  |TAMS 0x000000070e000000| PB 0x000000070e000000| Untracked 
|  93|0x000000070e200000, 0x000000070e200000, 0x000000070e400000|  0%| F|  |TAMS 0x000000070e200000| PB 0x000000070e200000| Untracked 
|  94|0x000000070e400000, 0x000000070e400000, 0x000000070e600000|  0%| F|  |TAMS 0x000000070e400000| PB 0x000000070e400000| Untracked 
|  95|0x000000070e600000, 0x000000070e600000, 0x000000070e800000|  0%| F|  |TAMS 0x000000070e600000| PB 0x000000070e600000| Untracked 
|  96|0x000000070e800000, 0x000000070e800000, 0x000000070ea00000|  0%| F|  |TAMS 0x000000070e800000| PB 0x000000070e800000| Untracked 
|  97|0x000000070ea00000, 0x000000070ea00000, 0x000000070ec00000|  0%| F|  |TAMS 0x000000070ea00000| PB 0x000000070ea00000| Untracked 
|  98|0x000000070ec00000, 0x000000070ec00000, 0x000000070ee00000|  0%| F|  |TAMS 0x000000070ec00000| PB 0x000000070ec00000| Untracked 
|  99|0x000000070ee00000, 0x000000070ee00000, 0x000000070f000000|  0%| F|  |TAMS 0x000000070ee00000| PB 0x000000070ee00000| Untracked 
| 100|0x000000070f000000, 0x000000070f000000, 0x000000070f200000|  0%| F|  |TAMS 0x000000070f000000| PB 0x000000070f000000| Untracked 
| 101|0x000000070f200000, 0x000000070f200000, 0x000000070f400000|  0%| F|  |TAMS 0x000000070f200000| PB 0x000000070f200000| Untracked 
| 102|0x000000070f400000, 0x000000070f400000, 0x000000070f600000|  0%| F|  |TAMS 0x000000070f400000| PB 0x000000070f400000| Untracked 
| 103|0x000000070f600000, 0x000000070f600000, 0x000000070f800000|  0%| F|  |TAMS 0x000000070f600000| PB 0x000000070f600000| Untracked 
| 104|0x000000070f800000, 0x000000070f800000, 0x000000070fa00000|  0%| F|  |TAMS 0x000000070f800000| PB 0x000000070f800000| Untracked 
| 105|0x000000070fa00000, 0x000000070fa00000, 0x000000070fc00000|  0%| F|  |TAMS 0x000000070fa00000| PB 0x000000070fa00000| Untracked 
| 106|0x000000070fc00000, 0x000000070fe00000, 0x000000070fe00000|100%| S|CS|TAMS 0x000000070fc00000| PB 0x000000070fc00000| Complete 
| 107|0x000000070fe00000, 0x0000000710000000, 0x0000000710000000|100%| S|CS|TAMS 0x000000070fe00000| PB 0x000000070fe00000| Complete 
| 108|0x0000000710000000, 0x0000000710200000, 0x0000000710200000|100%| S|CS|TAMS 0x0000000710000000| PB 0x0000000710000000| Complete 
| 109|0x0000000710200000, 0x0000000710200000, 0x0000000710400000|  0%| F|  |TAMS 0x0000000710200000| PB 0x0000000710200000| Untracked 
| 110|0x0000000710400000, 0x0000000710400000, 0x0000000710600000|  0%| F|  |TAMS 0x0000000710400000| PB 0x0000000710400000| Untracked 
| 111|0x0000000710600000, 0x0000000710600000, 0x0000000710800000|  0%| F|  |TAMS 0x0000000710600000| PB 0x0000000710600000| Untracked 
| 112|0x0000000710800000, 0x0000000710800000, 0x0000000710a00000|  0%| F|  |TAMS 0x0000000710800000| PB 0x0000000710800000| Untracked 
| 113|0x0000000710a00000, 0x0000000710a00000, 0x0000000710c00000|  0%| F|  |TAMS 0x0000000710a00000| PB 0x0000000710a00000| Untracked 
| 114|0x0000000710c00000, 0x0000000710c00000, 0x0000000710e00000|  0%| F|  |TAMS 0x0000000710c00000| PB 0x0000000710c00000| Untracked 
| 115|0x0000000710e00000, 0x0000000710e00000, 0x0000000711000000|  0%| F|  |TAMS 0x0000000710e00000| PB 0x0000000710e00000| Untracked 
| 116|0x0000000711000000, 0x0000000711000000, 0x0000000711200000|  0%| F|  |TAMS 0x0000000711000000| PB 0x0000000711000000| Untracked 
| 117|0x0000000711200000, 0x0000000711200000, 0x0000000711400000|  0%| F|  |TAMS 0x0000000711200000| PB 0x0000000711200000| Untracked 
| 118|0x0000000711400000, 0x0000000711400000, 0x0000000711600000|  0%| F|  |TAMS 0x0000000711400000| PB 0x0000000711400000| Untracked 
| 119|0x0000000711600000, 0x0000000711600000, 0x0000000711800000|  0%| F|  |TAMS 0x0000000711600000| PB 0x0000000711600000| Untracked 
| 120|0x0000000711800000, 0x0000000711800000, 0x0000000711a00000|  0%| F|  |TAMS 0x0000000711800000| PB 0x0000000711800000| Untracked 
| 121|0x0000000711a00000, 0x0000000711a00000, 0x0000000711c00000|  0%| F|  |TAMS 0x0000000711a00000| PB 0x0000000711a00000| Untracked 
| 122|0x0000000711c00000, 0x0000000711c00000, 0x0000000711e00000|  0%| F|  |TAMS 0x0000000711c00000| PB 0x0000000711c00000| Untracked 
| 123|0x0000000711e00000, 0x0000000711e00000, 0x0000000712000000|  0%| F|  |TAMS 0x0000000711e00000| PB 0x0000000711e00000| Untracked 
| 124|0x0000000712000000, 0x0000000712000000, 0x0000000712200000|  0%| F|  |TAMS 0x0000000712000000| PB 0x0000000712000000| Untracked 
| 125|0x0000000712200000, 0x0000000712200000, 0x0000000712400000|  0%| F|  |TAMS 0x0000000712200000| PB 0x0000000712200000| Untracked 
| 126|0x0000000712400000, 0x0000000712400000, 0x0000000712600000|  0%| F|  |TAMS 0x0000000712400000| PB 0x0000000712400000| Untracked 

Card table byte_map: [0x000001edf2e00000,0x000001edf35f0000] _byte_map_base: 0x000001edef5ec000

Marking Bits: (CMBitMap*) 0x000001ede9ea2280
 Bits: [0x000001edf35f0000, 0x000001edf7550000)

Polling page: 0x000001ede7d80000

Metaspace:

Usage:
  Non-class:      9.12 MB used.
      Class:      1.17 MB used.
       Both:     10.28 MB used.

Virtual space:
  Non-class space:       64.00 MB reserved,       9.19 MB ( 14%) committed,  1 nodes.
      Class space:        1.00 GB reserved,       1.25 MB ( <1%) committed,  1 nodes.
             Both:        1.06 GB reserved,      10.44 MB ( <1%) committed. 

Chunk freelists:
   Non-Class:  6.02 MB
       Class:  14.80 MB
        Both:  20.81 MB

MaxMetaspaceSize: unlimited
CompressedClassSpaceSize: 1.00 GB
Initial GC threshold: 21.00 MB
Current GC threshold: 21.00 MB
CDS: on
 - commit_granule_bytes: 65536.
 - commit_granule_words: 8192.
 - virtual_space_node_default_size: 8388608.
 - enlarge_chunks_in_place: 1.
 - use_allocation_guard: 0.


Internal statistics:

num_allocs_failed_limit: 0.
num_arena_births: 134.
num_arena_deaths: 0.
num_vsnodes_births: 2.
num_vsnodes_deaths: 0.
num_space_committed: 166.
num_space_uncommitted: 0.
num_chunks_returned_to_freelist: 0.
num_chunks_taken_from_freelist: 351.
num_chunk_merges: 0.
num_chunk_splits: 233.
num_chunks_enlarged: 172.
num_inconsistent_stats: 0.

CodeHeap 'non-profiled nmethods': size=120000Kb used=1061Kb max_used=1061Kb free=118938Kb
 bounds [0x000001ed87ad0000, 0x000001ed87d40000, 0x000001ed8f000000]
CodeHeap 'profiled nmethods': size=120000Kb used=3523Kb max_used=3523Kb free=116477Kb
 bounds [0x000001ed80000000, 0x000001ed80380000, 0x000001ed87530000]
CodeHeap 'non-nmethods': size=5760Kb used=1441Kb max_used=1552Kb free=4318Kb
 bounds [0x000001ed87530000, 0x000001ed877a0000, 0x000001ed87ad0000]
 total_blobs=2442 nmethods=1913 adapters=434
 compilation: enabled
              stopped_count=0, restarted_count=0
 full_count=0

Compilation events (20 events):
Event: 2.533 Thread 0x000001edf9f8ac30 1908 %     3       java.io.BufferedReader::implReadLine @ 125 (301 bytes)
Event: 2.534 Thread 0x000001edfe29e2b0 nmethod 1903 0x000001ed87bd7990 code [0x000001ed87bd7b80, 0x000001ed87bd83f0]
Event: 2.535 Thread 0x000001edfe29e2b0 1906       4       java.util.HashMap$HashIterator::hasNext (13 bytes)
Event: 2.535 Thread 0x000001edf9f8ac30 nmethod 1908% 0x000001ed8036b990 code [0x000001ed8036bca0, 0x000001ed8036cea0]
Event: 2.535 Thread 0x000001edf9f8ac30 1909 %     3       java.lang.StringUTF16::putChars @ 0 (24 bytes)
Event: 2.535 Thread 0x000001edfe29e2b0 nmethod 1906 0x000001ed87bd8790 code [0x000001ed87bd8920, 0x000001ed87bd89b0]
Event: 2.536 Thread 0x000001edf9f8ac30 nmethod 1909% 0x000001ed8036d590 code [0x000001ed8036d740, 0x000001ed8036d9c0]
Event: 2.536 Thread 0x000001edf9f8ac30 1910       3       java.io.BufferedReader::implReadLine (301 bytes)
Event: 2.537 Thread 0x000001edfe29e2b0 1912       4       java.util.regex.Pattern$BmpCharProperty::match (55 bytes)
Event: 2.537 Thread 0x000001edf9f8ac30 nmethod 1910 0x000001ed8036db10 code [0x000001ed8036de00, 0x000001ed8036ee60]
Event: 2.538 Thread 0x000001edf9f8ac30 1911       3       java.lang.StringUTF16::putChars (24 bytes)
Event: 2.538 Thread 0x000001edf9f8ac30 nmethod 1911 0x000001ed8036f510 code [0x000001ed8036f6c0, 0x000001ed8036f890]
Event: 2.540 Thread 0x000001edf9f88580 nmethod 1907 0x000001ed87bd8a90 code [0x000001ed87bd8c40, 0x000001ed87bd90c0]
Event: 2.556 Thread 0x000001edf9f8ac30 1913 %     3       java.util.regex.Pattern$Curly::match1 @ 0 (63 bytes)
Event: 2.556 Thread 0x000001edf9f8ac30 nmethod 1913% 0x000001ed8036fa10 code [0x000001ed8036fc00, 0x000001ed803701b0]
Event: 2.557 Thread 0x000001edf9f8ac30 1914       3       java.util.regex.Pattern$Curly::match1 (63 bytes)
Event: 2.557 Thread 0x000001edf9f8ac30 nmethod 1914 0x000001ed80370390 code [0x000001ed80370580, 0x000001ed80370a78]
Event: 2.567 Thread 0x000001edf9f88580 1915       4       java.lang.StringUTF16::indexOfLatin1Unsafe (212 bytes)
Event: 2.570 Thread 0x000001edf9f88580 nmethod 1915 0x000001ed87bd9210 code [0x000001ed87bd93a0, 0x000001ed87bd95c8]
Event: 2.570 Thread 0x000001edf9f88580 1916       4       java.lang.StringUTF16::indexOfLatin1 (24 bytes)

GC Heap History (11 events):
Event: 0.983 GC heap before
{Heap before GC invocations=0 (full 0):
 garbage-first heap   total 260096K, used 20480K [0x0000000702800000, 0x0000000800000000)
  region size 2048K, 11 young (22528K), 0 survivors (0K)
 Metaspace       used 5808K, committed 6016K, reserved 1114112K
  class space    used 729K, committed 832K, reserved 1048576K
}
Event: 0.989 GC heap after
{Heap after GC invocations=1 (full 0):
 garbage-first heap   total 260096K, used 8068K [0x0000000702800000, 0x0000000800000000)
  region size 2048K, 2 young (4096K), 2 survivors (4096K)
 Metaspace       used 5808K, committed 6016K, reserved 1114112K
  class space    used 729K, committed 832K, reserved 1048576K
}
Event: 1.510 GC heap before
{Heap before GC invocations=1 (full 0):
 garbage-first heap   total 260096K, used 30596K [0x0000000702800000, 0x0000000800000000)
  region size 2048K, 13 young (26624K), 2 survivors (4096K)
 Metaspace       used 9979K, committed 10176K, reserved 1114112K
  class space    used 1133K, committed 1216K, reserved 1048576K
}
Event: 1.518 GC heap after
{Heap after GC invocations=2 (full 0):
 garbage-first heap   total 260096K, used 12023K [0x0000000702800000, 0x0000000800000000)
  region size 2048K, 2 young (4096K), 2 survivors (4096K)
 Metaspace       used 9979K, committed 10176K, reserved 1114112K
  class space    used 1133K, committed 1216K, reserved 1048576K
}
Event: 1.941 GC heap before
{Heap before GC invocations=2 (full 0):
 garbage-first heap   total 260096K, used 61175K [0x0000000702800000, 0x0000000800000000)
  region size 2048K, 26 young (53248K), 2 survivors (4096K)
 Metaspace       used 10128K, committed 10304K, reserved 1114112K
  class space    used 1143K, committed 1216K, reserved 1048576K
}
Event: 1.960 GC heap after
{Heap after GC invocations=3 (full 0):
 garbage-first heap   total 260096K, used 22797K [0x0000000702800000, 0x0000000800000000)
  region size 2048K, 4 young (8192K), 4 survivors (8192K)
 Metaspace       used 10128K, committed 10304K, reserved 1114112K
  class space    used 1143K, committed 1216K, reserved 1048576K
}
Event: 2.119 GC heap before
{Heap before GC invocations=3 (full 0):
 garbage-first heap   total 260096K, used 55565K [0x0000000702800000, 0x0000000800000000)
  region size 2048K, 19 young (38912K), 4 survivors (8192K)
 Metaspace       used 10132K, committed 10304K, reserved 1114112K
  class space    used 1143K, committed 1216K, reserved 1048576K
}
Event: 2.140 GC heap after
{Heap after GC invocations=4 (full 0):
 garbage-first heap   total 260096K, used 31903K [0x0000000702800000, 0x0000000800000000)
  region size 2048K, 3 young (6144K), 3 survivors (6144K)
 Metaspace       used 10132K, committed 10304K, reserved 1114112K
  class space    used 1143K, committed 1216K, reserved 1048576K
}
Event: 2.305 GC heap before
{Heap before GC invocations=4 (full 0):
 garbage-first heap   total 260096K, used 68767K [0x0000000702800000, 0x0000000800000000)
  region size 2048K, 21 young (43008K), 3 survivors (6144K)
 Metaspace       used 10139K, committed 10304K, reserved 1114112K
  class space    used 1144K, committed 1216K, reserved 1048576K
}
Event: 2.324 GC heap after
{Heap after GC invocations=5 (full 0):
 garbage-first heap   total 260096K, used 41980K [0x0000000702800000, 0x0000000800000000)
  region size 2048K, 3 young (6144K), 3 survivors (6144K)
 Metaspace       used 10139K, committed 10304K, reserved 1114112K
  class space    used 1144K, committed 1216K, reserved 1048576K
}
Event: 2.570 GC heap before
{Heap before GC invocations=5 (full 0):
 garbage-first heap   total 260096K, used 82940K [0x0000000702800000, 0x0000000800000000)
  region size 2048K, 21 young (43008K), 3 survivors (6144K)
 Metaspace       used 10529K, committed 10688K, reserved 1114112K
  class space    used 1193K, committed 1280K, reserved 1048576K
}

Dll operation events (6 events):
Event: 0.006 Loaded shared library C:\Program Files\Java\jdk-21\bin\java.dll
Event: 0.039 Loaded shared library C:\Program Files\Java\jdk-21\bin\jsvml.dll
Event: 0.064 Loaded shared library C:\Program Files\Java\jdk-21\bin\net.dll
Event: 0.065 Loaded shared library C:\Program Files\Java\jdk-21\bin\nio.dll
Event: 0.069 Loaded shared library C:\Program Files\Java\jdk-21\bin\zip.dll
Event: 0.082 Loaded shared library C:\Program Files\Java\jdk-21\bin\jimage.dll

Deoptimization events (20 events):
Event: 2.537 Thread 0x000001ede7bd2f40 Uncommon trap: trap_request=0xffffffde fr.pc=0x000001ed87b8e8a4 relative=0x0000000000000244
Event: 2.537 Thread 0x000001ede7bd2f40 Uncommon trap: reason=class_check action=maybe_recompile pc=0x000001ed87b8e8a4 method=java.util.regex.Matcher.search(I)Z @ 121 c2
Event: 2.537 Thread 0x000001ede7bd2f40 DEOPT PACKING pc=0x000001ed87b8e8a4 sp=0x00000098875fef20
Event: 2.537 Thread 0x000001ede7bd2f40 DEOPT UNPACKING pc=0x000001ed875846a2 sp=0x00000098875fee38 mode 2
Event: 2.537 Thread 0x000001ede7bd2f40 Uncommon trap: trap_request=0xffffffde fr.pc=0x000001ed87bc0a84 relative=0x0000000000000244
Event: 2.537 Thread 0x000001ede7bd2f40 Uncommon trap: reason=class_check action=maybe_recompile pc=0x000001ed87bc0a84 method=java.util.regex.Pattern$GroupHead.match(Ljava/util/regex/Matcher;ILjava/lang/CharSequence;)Z @ 28 c2
Event: 2.537 Thread 0x000001ede7bd2f40 DEOPT PACKING pc=0x000001ed87bc0a84 sp=0x00000098875feb80
Event: 2.537 Thread 0x000001ede7bd2f40 DEOPT UNPACKING pc=0x000001ed875846a2 sp=0x00000098875feb28 mode 2
Event: 2.566 Thread 0x000001ede7bd2f40 Uncommon trap: trap_request=0xffffffde fr.pc=0x000001ed87b95910 relative=0x0000000000000750
Event: 2.566 Thread 0x000001ede7bd2f40 Uncommon trap: reason=class_check action=maybe_recompile pc=0x000001ed87b95910 method=java.util.regex.Matcher.getSubSequence(II)Ljava/lang/CharSequence; @ 6 c2
Event: 2.566 Thread 0x000001ede7bd2f40 DEOPT PACKING pc=0x000001ed87b95910 sp=0x00000098875feed0
Event: 2.566 Thread 0x000001ede7bd2f40 DEOPT UNPACKING pc=0x000001ed875846a2 sp=0x00000098875fee40 mode 2
Event: 2.567 Thread 0x000001ede7bd2f40 Uncommon trap: trap_request=0xffffff6e fr.pc=0x000001ed87bd6254 relative=0x0000000000000294
Event: 2.567 Thread 0x000001ede7bd2f40 Uncommon trap: reason=loop_limit_check action=maybe_recompile pc=0x000001ed87bd6254 method=java.lang.StringUTF16.indexOfLatin1Unsafe([BI[BII)I @ 120 c2
Event: 2.567 Thread 0x000001ede7bd2f40 DEOPT PACKING pc=0x000001ed87bd6254 sp=0x00000098875fecd0
Event: 2.567 Thread 0x000001ede7bd2f40 DEOPT UNPACKING pc=0x000001ed875846a2 sp=0x00000098875febb0 mode 2
Event: 2.567 Thread 0x000001ede7bd2f40 Uncommon trap: trap_request=0xffffff6e fr.pc=0x000001ed87bd5aa4 relative=0x0000000000000164
Event: 2.567 Thread 0x000001ede7bd2f40 Uncommon trap: reason=loop_limit_check action=maybe_recompile pc=0x000001ed87bd5aa4 method=java.lang.StringUTF16.indexOfLatin1Unsafe([BI[BII)I @ 120 c2
Event: 2.567 Thread 0x000001ede7bd2f40 DEOPT PACKING pc=0x000001ed87bd5aa4 sp=0x00000098875fec20
Event: 2.567 Thread 0x000001ede7bd2f40 DEOPT UNPACKING pc=0x000001ed875846a2 sp=0x00000098875feba8 mode 2

Classes loaded (20 events):
Event: 1.762 Loading class sun/text/resources/BreakIteratorResources_en
Event: 1.762 Loading class sun/text/resources/BreakIteratorResources_en done
Event: 1.762 Loading class sun/text/resources/BreakIteratorResources_en_US
Event: 1.762 Loading class sun/text/resources/BreakIteratorResources_en_US done
Event: 1.763 Loading class sun/text/RuleBasedBreakIterator
Event: 1.763 Loading class sun/text/RuleBasedBreakIterator done
Event: 1.764 Loading class sun/text/CompactByteArray
Event: 1.764 Loading class sun/text/CompactByteArray done
Event: 1.765 Loading class sun/text/SupplementaryCharacterData
Event: 1.765 Loading class sun/text/SupplementaryCharacterData done
Event: 1.765 Loading class java/text/BreakIterator$BreakIteratorCache
Event: 1.765 Loading class java/text/BreakIterator$BreakIteratorCache done
Event: 1.765 Loading class java/text/StringCharacterIterator
Event: 1.765 Loading class java/text/CharacterIterator
Event: 1.765 Loading class java/text/CharacterIterator done
Event: 1.765 Loading class java/text/StringCharacterIterator done
Event: 2.450 Loading class java/io/FileFilter
Event: 2.450 Loading class java/io/FileFilter done
Event: 2.505 Loading class java/util/NoSuchElementException
Event: 2.505 Loading class java/util/NoSuchElementException done

Classes unloaded (0 events):
No events

Classes redefined (0 events):
No events

Internal exceptions (10 events):
Event: 0.359 Thread 0x000001ede7bd2f40 Exception <a 'java/lang/NoSuchMethodError'{0x0000000711af9fa8}: 'void java.lang.invoke.DirectMethodHandle$Holder.invokeStatic(java.lang.Object, java.lang.Object, java.lang.Object)'> (0x0000000711af9fa8) 
thrown [s\open\src\hotspot\share\interpreter\linkResolver.cpp, line 773]
Event: 0.476 Thread 0x000001ede7bd2f40 Exception <a 'java/lang/NoSuchMethodError'{0x000000071184bb48}: 'void java.lang.invoke.DirectMethodHandle$Holder.invokeSpecialIFC(java.lang.Object, java.lang.Object, java.lang.Object, java.lang.Object, java.lang.Object)'> (0x000000071184bb48) 
thrown [s\open\src\hotspot\share\interpreter\linkResolver.cpp, line 773]
Event: 0.478 Thread 0x000001ede7bd2f40 Exception <a 'java/lang/NoSuchMethodError'{0x0000000711853bb8}: 'void java.lang.invoke.DirectMethodHandle$Holder.invokeStatic(java.lang.Object, java.lang.Object, java.lang.Object, java.lang.Object)'> (0x0000000711853bb8) 
thrown [s\open\src\hotspot\share\interpreter\linkResolver.cpp, line 773]
Event: 0.480 Thread 0x000001ede7bd2f40 Exception <a 'java/lang/NoSuchMethodError'{0x000000071185c088}: 'int java.lang.invoke.DirectMethodHandle$Holder.invokeSpecial(java.lang.Object, java.lang.Object, java.lang.Object)'> (0x000000071185c088) 
thrown [s\open\src\hotspot\share\interpreter\linkResolver.cpp, line 773]
Event: 0.517 Thread 0x000001ede7bd2f40 Exception <a 'java/lang/NoSuchMethodError'{0x0000000711909f80}: 'java.lang.Object java.lang.invoke.DirectMethodHandle$Holder.invokeStaticInit(java.lang.Object, java.lang.Object, java.lang.Object)'> (0x0000000711909f80) 
thrown [s\open\src\hotspot\share\interpreter\linkResolver.cpp, line 773]
Event: 0.777 Thread 0x000001ede7bd2f40 Exception <a 'java/lang/NoSuchMethodError'{0x0000000711539d38}: 'java.lang.Object java.lang.invoke.DirectMethodHandle$Holder.invokeSpecial(java.lang.Object, java.lang.Object, java.lang.Object, long, java.lang.Object)'> (0x0000000711539d38) 
thrown [s\open\src\hotspot\share\interpreter\linkResolver.cpp, line 773]
Event: 0.777 Thread 0x000001ede7bd2f40 Exception <a 'java/lang/NoSuchMethodError'{0x000000071153d698}: 'java.lang.Object java.lang.invoke.Invokers$Holder.linkToTargetMethod(java.lang.Object, long, java.lang.Object, java.lang.Object)'> (0x000000071153d698) 
thrown [s\open\src\hotspot\share\interpreter\linkResolver.cpp, line 773]
Event: 1.087 Thread 0x000001ede7bd2f40 Exception <a 'java/lang/ClassNotFoundException'{0x0000000712359ba0}: com/sun/org/apache/xerces/internal/impl/xpath/regex/spi/messageProvider> (0x0000000712359ba0) 
thrown [s\open\src\hotspot\share\classfile\systemDictionary.cpp, line 312]
Event: 1.324 Thread 0x000001ede7bd2f40 Exception <a 'java/lang/NoSuchMethodError'{0x0000000711c62d28}: 'java.lang.Object java.lang.invoke.DirectMethodHandle$Holder.invokeInterface(java.lang.Object, java.lang.Object)'> (0x0000000711c62d28) 
thrown [s\open\src\hotspot\share\interpreter\linkResolver.cpp, line 773]
Event: 1.325 Thread 0x000001ede7bd2f40 Exception <a 'java/lang/IncompatibleClassChangeError'{0x0000000711c65fa0}: Found class java.lang.Object, but interface was expected> (0x0000000711c65fa0) 
thrown [s\open\src\hotspot\share\interpreter\linkResolver.cpp, line 840]

ZGC Phase Switch (0 events):
No events

VM Operations (20 events):
Event: 1.009 Executing VM operation: HandshakeAllThreads (Deoptimize) done
Event: 1.118 Executing VM operation: HandshakeAllThreads (Deoptimize)
Event: 1.118 Executing VM operation: HandshakeAllThreads (Deoptimize) done
Event: 1.148 Executing VM operation: HandshakeAllThreads (Deoptimize)
Event: 1.148 Executing VM operation: HandshakeAllThreads (Deoptimize) done
Event: 1.148 Executing VM operation: HandshakeAllThreads (Deoptimize)
Event: 1.148 Executing VM operation: HandshakeAllThreads (Deoptimize) done
Event: 1.330 Executing VM operation: HandshakeAllThreads (Deoptimize)
Event: 1.330 Executing VM operation: HandshakeAllThreads (Deoptimize) done
Event: 1.510 Executing VM operation: G1CollectForAllocation (G1 Evacuation Pause)
Event: 1.518 Executing VM operation: G1CollectForAllocation (G1 Evacuation Pause) done
Event: 1.941 Executing VM operation: G1CollectForAllocation (G1 Evacuation Pause)
Event: 1.960 Executing VM operation: G1CollectForAllocation (G1 Evacuation Pause) done
Event: 1.982 Executing VM operation: ThreadDump
Event: 1.982 Executing VM operation: ThreadDump done
Event: 2.119 Executing VM operation: G1CollectForAllocation (G1 Evacuation Pause)
Event: 2.140 Executing VM operation: G1CollectForAllocation (G1 Evacuation Pause) done
Event: 2.305 Executing VM operation: G1CollectForAllocation (G1 Evacuation Pause)
Event: 2.324 Executing VM operation: G1CollectForAllocation (G1 Evacuation Pause) done
Event: 2.570 Executing VM operation: G1CollectForAllocation (G1 Evacuation Pause)

Events (15 events):
Event: 0.022 Thread 0x000001ede7bd2f40 Thread added: 0x000001ede7bd2f40
Event: 0.037 Thread 0x000001edf9f73190 Thread added: 0x000001edf9f73190
Event: 0.037 Thread 0x000001edf9f73ab0 Thread added: 0x000001edf9f73ab0
Event: 0.037 Thread 0x000001edf9f75120 Thread added: 0x000001edf9f75120
Event: 0.037 Thread 0x000001edf9f75780 Thread added: 0x000001edf9f75780
Event: 0.037 Thread 0x000001edf9f7ddf0 Thread added: 0x000001edf9f7ddf0
Event: 0.037 Thread 0x000001edf9f826e0 Thread added: 0x000001edf9f826e0
Event: 0.037 Thread 0x000001edf9f88580 Thread added: 0x000001edf9f88580
Event: 0.038 Thread 0x000001edf9f8ac30 Thread added: 0x000001edf9f8ac30
Event: 0.057 Thread 0x000001edfe20cf60 Thread added: 0x000001edfe20cf60
Event: 0.061 Thread 0x000001edfe218930 Thread added: 0x000001edfe218930
Event: 0.124 Thread 0x000001edfe29e2b0 Thread added: 0x000001edfe29e2b0
Event: 0.982 Thread 0x000001edfefc62b0 Thread added: 0x000001edfefc62b0
Event: 0.999 Thread 0x000001edfefac850 Thread added: 0x000001edfefac850
Event: 1.388 Thread 0x000001edff1887f0 Thread added: 0x000001edff1887f0


Dynamic libraries:
0x00007ff6c3b60000 - 0x00007ff6c3b70000 	C:\Program Files\Java\jdk-21\bin\java.EXE
0x00007ffcf0ad0000 - 0x00007ffcf0cc8000 	C:\Windows\SYSTEM32\ntdll.dll
0x00007ffceffc0000 - 0x00007ffcf0082000 	C:\Windows\System32\KERNEL32.DLL
0x00007ffcee5f0000 - 0x00007ffcee8e6000 	C:\Windows\System32\KERNELBASE.dll
0x00007ffcee300000 - 0x00007ffcee400000 	C:\Windows\System32\ucrtbase.dll
0x00007ffcae720000 - 0x00007ffcae73b000 	C:\Program Files\Java\jdk-21\bin\VCRUNTIME140.dll
0x00007ffcaf6e0000 - 0x00007ffcaf6f9000 	C:\Program Files\Java\jdk-21\bin\jli.dll
0x00007ffcf0340000 - 0x00007ffcf03f1000 	C:\Windows\System32\ADVAPI32.dll
0x00007ffcf0440000 - 0x00007ffcf04de000 	C:\Windows\System32\msvcrt.dll
0x00007ffceff20000 - 0x00007ffceffbf000 	C:\Windows\System32\sechost.dll
0x00007ffcf0910000 - 0x00007ffcf0a30000 	C:\Windows\System32\RPCRT4.dll
0x00007ffceea20000 - 0x00007ffceea47000 	C:\Windows\System32\bcrypt.dll
0x00007ffcf0180000 - 0x00007ffcf0321000 	C:\Windows\System32\USER32.dll
0x00007ffcee940000 - 0x00007ffcee962000 	C:\Windows\System32\win32u.dll
0x00007ffcd86b0000 - 0x00007ffcd894b000 	C:\Windows\WinSxS\amd64_microsoft.windows.common-controls_6595b64144ccf1df_6.0.19041.6456_none_60b8a6cb71f64256\COMCTL32.dll
0x00007ffcf0400000 - 0x00007ffcf042b000 	C:\Windows\System32\GDI32.dll
0x00007ffcee1e0000 - 0x00007ffcee2f9000 	C:\Windows\System32\gdi32full.dll
0x00007ffceea50000 - 0x00007ffceeaed000 	C:\Windows\System32\msvcp_win.dll
0x00007ffce5120000 - 0x00007ffce512a000 	C:\Windows\SYSTEM32\VERSION.dll
0x00007ffcefb90000 - 0x00007ffcefbbf000 	C:\Windows\System32\IMM32.DLL
0x00007ffcc8a30000 - 0x00007ffcc8a3c000 	C:\Program Files\Java\jdk-21\bin\vcruntime140_1.dll
0x00007ffca48c0000 - 0x00007ffca494e000 	C:\Program Files\Java\jdk-21\bin\msvcp140.dll
0x00007ffc68680000 - 0x00007ffc6939a000 	C:\Program Files\Java\jdk-21\bin\server\jvm.dll
0x00007ffcf00f0000 - 0x00007ffcf015b000 	C:\Windows\System32\WS2_32.dll
0x00007ffced6a0000 - 0x00007ffced6eb000 	C:\Windows\SYSTEM32\POWRPROF.dll
0x00007ffcd8a20000 - 0x00007ffcd8a47000 	C:\Windows\SYSTEM32\WINMM.dll
0x00007ffced560000 - 0x00007ffced572000 	C:\Windows\SYSTEM32\UMPDC.dll
0x00007ffcec970000 - 0x00007ffcec982000 	C:\Windows\SYSTEM32\kernel.appcore.dll
0x00007ffcc46c0000 - 0x00007ffcc46ca000 	C:\Program Files\Java\jdk-21\bin\jimage.dll
0x00007ffceb030000 - 0x00007ffceb231000 	C:\Windows\SYSTEM32\DBGHELP.DLL
0x00007ffcda540000 - 0x00007ffcda574000 	C:\Windows\SYSTEM32\dbgcore.DLL
0x00007ffcee400000 - 0x00007ffcee482000 	C:\Windows\System32\bcryptPrimitives.dll
0x00007ffca8890000 - 0x00007ffca88af000 	C:\Program Files\Java\jdk-21\bin\java.dll
0x00007ffceefc0000 - 0x00007ffcef730000 	C:\Windows\System32\SHELL32.dll
0x00007ffcec180000 - 0x00007ffcec925000 	C:\Windows\SYSTEM32\windows.storage.dll
0x00007ffcefbc0000 - 0x00007ffceff14000 	C:\Windows\System32\combase.dll
0x00007ffcedb90000 - 0x00007ffcedbbb000 	C:\Windows\SYSTEM32\Wldp.dll
0x00007ffcef730000 - 0x00007ffcef7fd000 	C:\Windows\System32\OLEAUT32.dll
0x00007ffcf0740000 - 0x00007ffcf07ed000 	C:\Windows\System32\SHCORE.dll
0x00007ffcf0090000 - 0x00007ffcf00eb000 	C:\Windows\System32\shlwapi.dll
0x00007ffcee090000 - 0x00007ffcee0b4000 	C:\Windows\SYSTEM32\profapi.dll
0x00007ffca2dd0000 - 0x00007ffca2ea7000 	C:\Program Files\Java\jdk-21\bin\jsvml.dll
0x00007ffcc4130000 - 0x00007ffcc4140000 	C:\Program Files\Java\jdk-21\bin\net.dll
0x00007ffceb6c0000 - 0x00007ffceb7ca000 	C:\Windows\SYSTEM32\WINHTTP.dll
0x00007ffced8f0000 - 0x00007ffced95a000 	C:\Windows\system32\mswsock.dll
0x00007ffca6ee0000 - 0x00007ffca6ef6000 	C:\Program Files\Java\jdk-21\bin\nio.dll
0x00007ffca5260000 - 0x00007ffca5278000 	C:\Program Files\Java\jdk-21\bin\zip.dll

dbghelp: loaded successfully - version: 4.0.5 - missing functions: none
symbol engine: initialized successfully - sym options: 0x614 - pdb path: .;C:\Program Files\Java\jdk-21\bin;C:\Windows\SYSTEM32;C:\Windows\WinSxS\amd64_microsoft.windows.common-controls_6595b64144ccf1df_6.0.19041.6456_none_60b8a6cb71f64256;C:\Program Files\Java\jdk-21\bin\server

VM Arguments:
java_command: org.languagetool.server.HTTPServer -p 8747
java_class_path (initial): C:\Users\AHSAN\.cache\language_tool_python\LanguageTool-6.8-SNAPSHOT\languagetool-server.jar
Launcher Type: SUN_STANDARD

[Global flags]
     intx CICompilerCount                          = 4                                         {product} {ergonomic}
     uint ConcGCThreads                            = 2                                         {product} {ergonomic}
     uint G1ConcRefinementThreads                  = 8                                         {product} {ergonomic}
   size_t G1HeapRegionSize                         = 2097152                                   {product} {ergonomic}
    uintx GCDrainStackTargetSize                   = 64                                        {product} {ergonomic}
   size_t InitialHeapSize                          = 266338304                                 {product} {ergonomic}
   size_t MarkStackSize                            = 4194304                                   {product} {ergonomic}
   size_t MaxHeapSize                              = 4253024256                                {product} {ergonomic}
   size_t MaxNewSize                               = 2550136832                                {product} {ergonomic}
   size_t MinHeapDeltaBytes                        = 2097152                                   {product} {ergonomic}
   size_t MinHeapSize                              = 8388608                                   {product} {ergonomic}
    uintx NonNMethodCodeHeapSize                   = 5839372                                {pd product} {ergonomic}
    uintx NonProfiledCodeHeapSize                  = 122909434                              {pd product} {ergonomic}
    uintx ProfiledCodeHeapSize                     = 122909434                              {pd product} {ergonomic}
    uintx ReservedCodeCacheSize                    = 251658240                              {pd product} {ergonomic}
     bool SegmentedCodeCache                       = true                                      {product} {ergonomic}
   size_t SoftMaxHeapSize                          = 4253024256                             {manageable} {ergonomic}
     bool UseCompressedOops                        = true                           {product lp64_product} {ergonomic}
     bool UseG1GC                                  = true                                      {product} {ergonomic}
     bool UseLargePagesIndividualAllocation        = false                                  {pd product} {ergonomic}

Logging:
Log output configuration:
 #0: stdout all=warning uptime,level,tags foldmultilines=false
 #1: stderr all=off uptime,level,tags foldmultilines=false

Environment Variables:
JAVA_HOME=C:\Program Files\Java\jdk-21
PATH=C:\Users\AHSAN\Desktop\digango\venv\Scripts;C:\Users\AHSAN\Desktop\digango\venv\Scripts;C:\Program Files\Common Files\Oracle\Java\javapath;C:\Windows\system32;C:\Windows;C:\Windows\System32\Wbem;C:\Windows\System32\WindowsPowerShell\v1.0\;C:\Windows\System32\OpenSSH\;C:\Program Files\nodejs\;C:\Program Files\Java\jdk-21\bin;C:\Program Files\Intel\WiFi\bin\;C:\Program Files\Common Files\Intel\WirelessCommon\;C:\Users\AHSAN\AppData\Local\Programs\Python\Python314\Scripts\;C:\Users\AHSAN\AppData\Local\Programs\Python\Python314\;C:\Users\AHSAN\AppData\Local\Microsoft\WindowsApps;C:\Users\AHSAN\AppData\Local\Programs\Microsoft VS Code\bin;C:\Users\AHSAN\AppData\Roaming\npm;C:\Users\AHSAN\AppData\Local\Programs\Windsurf\bin
USERNAME=AHSAN
LANG=en_US.UTF-8
OS=Windows_NT
PROCESSOR_IDENTIFIER=Intel64 Family 6 Model 142 Stepping 10, GenuineIntel
TMP=C:\Users\AHSAN\AppData\Local\Temp
TEMP=C:\Users\AHSAN\AppData\Local\Temp




Periodic native trim disabled

---------------  S Y S T E M  ---------------

OS:
 Windows 10 , 64 bit Build 19041 (10.0.19041.5915)
OS uptime: 17 days 21:43 hours

CPU: total 8 (initial active 8) (4 cores per cpu, 2 threads per core) family 6 model 142 stepping 10 microcode 0xf0, cx8, cmov, fxsr, ht, mmx, 3dnowpref, sse, sse2, sse3, ssse3, sse4.1, sse4.2, popcnt, lzcnt, tsc, tscinvbit, avx, avx2, aes, erms, clmul, bmi1, bmi2, rtm, adx, fma, vzeroupper, clflush, clflushopt, rdtscp, f16c
Processor Information for all 8 processors :
  Max Mhz: 2112, Current Mhz: 1910, Mhz Limit: 1900

Memory: 4k page, system-wide physical 16217M (1900M free)
TotalPageFile size 29014M (AvailPageFile size 132M)
current process WorkingSet (physical memory assigned to process): 192M, peak: 192M
current process commit charge ("private bytes"): 389M, peak: 589M

vm_info: Java HotSpot(TM) 64-Bit Server VM (21.0.7+8-LTS-245) for windows-amd64 JRE (21.0.7+8-LTS-245), built on 2025-02-21T05:11:27Z by "mach5one" with MS VC++ 17.6 (VS2022)

END.
